Exception in thread "AWT-EventQueue-1" java.lang.IllegalArgumentException: New row height less than 1
	at javax.swing.JTable.setRowHeight(JTable.java:929)
	at org.jclarion.clarion.control.ListControl.handleAWTChange(ListControl.java:1045)
	at org.jclarion.clarion.control.AbstractControl.command(AbstractControl.java:897)
	at org.jclarion.clarion.control.AbstractListControl.command(AbstractListControl.java:311)
	at org.jclarion.clarion.control.ListControl.command(ListControl.java:432)
	at org.jclarion.clarion.swing.gui.LocalClient$1.run(LocalClient.java:18)
	at java.awt.event.InvocationEvent.dispatch(InvocationEvent.java:311)
	at java.awt.EventQueue.dispatchEventImpl(EventQueue.java:756)
	at java.awt.EventQueue.access$500(EventQueue.java:97)
	at java.awt.EventQueue$3.run(EventQueue.java:709)
	at java.awt.EventQueue$3.run(EventQueue.java:703)
	at java.security.AccessController.doPrivileged(Native Method)
	at java.security.ProtectionDomain$JavaSecurityAccessImpl.doIntersectionPrivilege(ProtectionDomain.java:76)
	at java.awt.EventQueue.dispatchEvent(EventQueue.java:726)
	at java.awt.EventDispatchThread.pumpOneEventForFilters(EventDispatchThread.java:201)
	at java.awt.EventDispatchThread.pumpEventsForFilter(EventDispatchThread.java:116)
	at java.awt.EventDispatchThread.pumpEventsForHierarchy(EventDispatchThread.java:105)
	at java.awt.EventDispatchThread.pumpEvents(EventDispatchThread.java:101)
	at java.awt.EventDispatchThread.pumpEvents(EventDispatchThread.java:93)
	at java.awt.EventDispatchThread.run(EventDispatchThread.java:82)
Exception in thread "main" java.lang.RuntimeException: Address invalid
	at org.jclarion.clarion.ClarionAny.deserialize(ClarionAny.java:250)
	at org.jclarion.clarion.ClarionQueue$QueueEntry.copyToGroup(ClarionQueue.java:98)
	at org.jclarion.clarion.ClarionQueue.restoreRecord(ClarionQueue.java:469)
	at org.jclarion.clarion.ClarionQueue.get(ClarionQueue.java:875)
	at clarion.Bufferedpairsclass.kill(Bufferedpairsclass.java:102)
	at clarion.Relationmanager.kill(Relationmanager.java:317)
	at clarion.HideRelateInvhist.kill(HideRelateInvhist.java:29)
	at clarion.Invoibc0.iNVOIBC0DctKill(Invoibc0.java:69)
	at clarion.Invoibc.dctKill(Invoibc.java:15)
	at clarion.Dictionary.destruct(Dictionary.java:33)
	at clarion.Main.destroy(Main.java:212)
	at clarion.Main.main(Main.java:216)
Exception in thread "AWT-EventQueue-1" java.lang.IllegalArgumentException: New row height less than 1
	at javax.swing.JTable.setRowHeight(JTable.java:929)
	at org.jclarion.clarion.control.ListControl.handleAWTChange(ListControl.java:1045)
	at org.jclarion.clarion.control.AbstractControl.command(AbstractControl.java:897)
	at org.jclarion.clarion.control.AbstractListControl.command(AbstractListControl.java:311)
	at org.jclarion.clarion.control.ListControl.command(ListControl.java:432)
	at org.jclarion.clarion.swing.gui.LocalClient$1.run(LocalClient.java:18)
	at java.awt.event.InvocationEvent.dispatch(InvocationEvent.java:311)
	at java.awt.EventQueue.dispatchEventImpl(EventQueue.java:756)
	at java.awt.EventQueue.access$500(EventQueue.java:97)
	at java.awt.EventQueue$3.run(EventQueue.java:709)
	at java.awt.EventQueue$3.run(EventQueue.java:703)
	at java.security.AccessController.doPrivileged(Native Method)
	at java.security.ProtectionDomain$JavaSecurityAccessImpl.doIntersectionPrivilege(ProtectionDomain.java:76)
	at java.awt.EventQueue.dispatchEvent(EventQueue.java:726)
	at java.awt.EventDispatchThread.pumpOneEventForFilters(EventDispatchThread.java:201)
	at java.awt.EventDispatchThread.pumpEventsForFilter(EventDispatchThread.java:116)
	at java.awt.EventDispatchThread.pumpEventsForHierarchy(EventDispatchThread.java:105)
	at java.awt.EventDispatchThread.pumpEvents(EventDispatchThread.java:101)
	at java.awt.EventDispatchThread.pumpEvents(EventDispatchThread.java:93)
	at java.awt.EventDispatchThread.run(EventDispatchThread.java:82)
Thread[AWT-Shutdown,5,system]
 java.lang.Object.wait(Native Method)
 java.lang.Object.wait(Object.java:502)
 sun.awt.AWTAutoShutdown.run(AWTAutoShutdown.java:295)
 java.lang.Thread.run(Thread.java:745)
Thread[AWT-EventQueue-0,6,main]
 sun.misc.Unsafe.park(Native Method)
 java.util.concurrent.locks.LockSupport.park(LockSupport.java:175)
 java.util.concurrent.locks.AbstractQueuedSynchronizer$ConditionObject.await(AbstractQueuedSynchronizer.java:2039)
 java.awt.EventQueue.getNextEvent(EventQueue.java:554)
 java.awt.EventDispatchThread.pumpOneEventForFilters(EventDispatchThread.java:170)
 java.awt.EventDispatchThread.pumpEventsForFilter(EventDispatchThread.java:116)
 java.awt.EventDispatchThread.pumpEventsForHierarchy(EventDispatchThread.java:105)
 java.awt.EventDispatchThread.pumpEvents(EventDispatchThread.java:101)
 java.awt.EventDispatchThread.pumpEvents(EventDispatchThread.java:93)
 java.awt.EventDispatchThread.run(EventDispatchThread.java:82)
Thread[AWT-XAWT,6,system]
 sun.awt.X11.XToolkit.waitForEvents(Native Method)
 sun.awt.X11.XToolkit.run(XToolkit.java:568)
 sun.awt.X11.XToolkit.run(XToolkit.java:532)
 java.lang.Thread.run(Thread.java:745)
Thread[main,5,main]
 java.lang.Object.wait(Native Method)
 org.jclarion.clarion.AbstractWindowTarget.getNextEvent(AbstractWindowTarget.java:622)
 org.jclarion.clarion.runtime.CWinImpl.accept(CWinImpl.java:647)
 org.jclarion.clarion.AbstractWindowTarget.accept(AbstractWindowTarget.java:165)
 clarion.Windowmanager.ask(Windowmanager.java:230)
 clarion.Thiswindow_6.ask(Thiswindow_6.java:41)
 clarion.Windowmanager.run(Windowmanager.java:467)
 clarion.Invoi001.main(Invoi001.java:79)
 clarion.Main.begin(Main.java:238)
 clarion.Main.main(Main.java:216)
Thread[AWT-EventQueue-1,6,main]
 java.lang.Thread.dumpThreads(Native Method)
 java.lang.Thread.getAllStackTraces(Thread.java:1603)
 org.jclarion.clarion.ClarionEvent.doGetConsumeResult(ClarionEvent.java:264)
 org.jclarion.clarion.ClarionEvent.getConsumeResult(ClarionEvent.java:187)
 org.jclarion.clarion.runtime.CWinImpl$2.handleEvent(CWinImpl.java:1293)
 org.jclarion.clarion.runtime.CWinImpl$2.keyPressed(CWinImpl.java:1406)
 java.awt.AWTEventMulticaster.keyPressed(AWTEventMulticaster.java:250)
 java.awt.Component.processKeyEvent(Component.java:6493)
 javax.swing.JComponent.processKeyEvent(JComponent.java:2832)
 java.awt.Component.processEvent(Component.java:6312)
 java.awt.Container.processEvent(Container.java:2236)
 java.awt.Component.dispatchEventImpl(Component.java:4891)
 java.awt.Container.dispatchEventImpl(Container.java:2294)
 java.awt.Component.dispatchEvent(Component.java:4713)
 java.awt.KeyboardFocusManager.redispatchEvent(KeyboardFocusManager.java:1954)
 java.awt.DefaultKeyboardFocusManager.dispatchKeyEvent(DefaultKeyboardFocusManager.java:806)
 java.awt.DefaultKeyboardFocusManager.preDispatchKeyEvent(DefaultKeyboardFocusManager.java:1074)
 java.awt.DefaultKeyboardFocusManager.typeAheadAssertions(DefaultKeyboardFocusManager.java:945)
 java.awt.DefaultKeyboardFocusManager.dispatchEvent(DefaultKeyboardFocusManager.java:771)
 java.awt.Component.dispatchEventImpl(Component.java:4762)
 java.awt.Container.dispatchEventImpl(Container.java:2294)
 java.awt.Window.dispatchEventImpl(Window.java:2750)
 java.awt.Component.dispatchEvent(Component.java:4713)
 java.awt.EventQueue.dispatchEventImpl(EventQueue.java:758)
 java.awt.EventQueue.access$500(EventQueue.java:97)
 java.awt.EventQueue$3.run(EventQueue.java:709)
 java.awt.EventQueue$3.run(EventQueue.java:703)
 java.security.AccessController.doPrivileged(Native Method)
 java.security.ProtectionDomain$JavaSecurityAccessImpl.doIntersectionPrivilege(ProtectionDomain.java:76)
 java.security.ProtectionDomain$JavaSecurityAccessImpl.doIntersectionPrivilege(ProtectionDomain.java:86)
 java.awt.EventQueue$4.run(EventQueue.java:731)
 java.awt.EventQueue$4.run(EventQueue.java:729)
 java.security.AccessController.doPrivileged(Native Method)
 java.security.ProtectionDomain$JavaSecurityAccessImpl.doIntersectionPrivilege(ProtectionDomain.java:76)
 java.awt.EventQueue.dispatchEvent(EventQueue.java:728)
 java.awt.EventDispatchThread.pumpOneEventForFilters(EventDispatchThread.java:201)
 java.awt.EventDispatchThread.pumpEventsForFilter(EventDispatchThread.java:116)
 java.awt.EventDispatchThread.pumpEventsForHierarchy(EventDispatchThread.java:105)
 java.awt.EventDispatchThread.pumpEvents(EventDispatchThread.java:101)
 java.awt.EventDispatchThread.pumpEvents(EventDispatchThread.java:93)
 java.awt.EventDispatchThread.run(EventDispatchThread.java:82)
Thread[Timer-0,5,main]
 java.lang.Object.wait(Native Method)
 java.util.TimerThread.mainLoop(Timer.java:552)
 java.util.TimerThread.run(Timer.java:505)
Thread[Java2D Disposer,10,system]
 java.lang.Object.wait(Native Method)
 java.lang.ref.ReferenceQueue.remove(ReferenceQueue.java:143)
 java.lang.ref.ReferenceQueue.remove(ReferenceQueue.java:164)
 sun.java2d.Disposer.run(Disposer.java:148)
 java.lang.Thread.run(Thread.java:745)
Thread[TimerQueue,5,system]
 sun.misc.Unsafe.park(Native Method)
 java.util.concurrent.locks.LockSupport.park(LockSupport.java:175)
 java.util.concurrent.locks.AbstractQueuedSynchronizer$ConditionObject.await(AbstractQueuedSynchronizer.java:2039)
 java.util.concurrent.DelayQueue.take(DelayQueue.java:211)
 javax.swing.TimerQueue.run(TimerQueue.java:171)
 java.lang.Thread.run(Thread.java:745)
Thread[Finalizer,8,system]
 java.lang.Object.wait(Native Method)
 java.lang.ref.ReferenceQueue.remove(ReferenceQueue.java:143)
 java.lang.ref.ReferenceQueue.remove(ReferenceQueue.java:164)
 java.lang.ref.Finalizer$FinalizerThread.run(Finalizer.java:209)
Thread[Signal Dispatcher,9,system]
Thread[Thread-2,5,main]
 clarion.Windowmanager.ask(Windowmanager.java:232)
 clarion.Windowmanager.run(Windowmanager.java:467)
 clarion.Invoi002.browseCustomers(Invoi002.java:152)
 clarion.Thiswindow_6$1.run(Thiswindow_6.java:149)
 org.jclarion.clarion.runtime.MonitoredRunnable.run(MonitoredRunnable.java:29)
 java.lang.Thread.run(Thread.java:745)
Thread[Reference Handler,10,system]
 java.lang.Object.wait(Native Method)
 java.lang.Object.wait(Object.java:502)
 java.lang.ref.Reference$ReferenceHandler.run(Reference.java:157)
Thread[AWT-Shutdown,5,system]
 java.lang.Object.wait(Native Method)
 java.lang.Object.wait(Object.java:502)
 sun.awt.AWTAutoShutdown.run(AWTAutoShutdown.java:295)
 java.lang.Thread.run(Thread.java:745)
Thread[AWT-EventQueue-0,6,main]
 sun.misc.Unsafe.park(Native Method)
 java.util.concurrent.locks.LockSupport.park(LockSupport.java:175)
 java.util.concurrent.locks.AbstractQueuedSynchronizer$ConditionObject.await(AbstractQueuedSynchronizer.java:2039)
 java.awt.EventQueue.getNextEvent(EventQueue.java:554)
 java.awt.EventDispatchThread.pumpOneEventForFilters(EventDispatchThread.java:170)
 java.awt.EventDispatchThread.pumpEventsForFilter(EventDispatchThread.java:116)
 java.awt.EventDispatchThread.pumpEventsForHierarchy(EventDispatchThread.java:105)
 java.awt.EventDispatchThread.pumpEvents(EventDispatchThread.java:101)
 java.awt.EventDispatchThread.pumpEvents(EventDispatchThread.java:93)
 java.awt.EventDispatchThread.run(EventDispatchThread.java:82)
Thread[AWT-XAWT,6,system]
 sun.awt.X11.XToolkit.waitForEvents(Native Method)
 sun.awt.X11.XToolkit.run(XToolkit.java:568)
 sun.awt.X11.XToolkit.run(XToolkit.java:532)
 java.lang.Thread.run(Thread.java:745)
Thread[main,5,main]
 java.lang.Object.wait(Native Method)
 org.jclarion.clarion.AbstractWindowTarget.getNextEvent(AbstractWindowTarget.java:622)
 org.jclarion.clarion.runtime.CWinImpl.accept(CWinImpl.java:647)
 org.jclarion.clarion.AbstractWindowTarget.accept(AbstractWindowTarget.java:165)
 clarion.Windowmanager.ask(Windowmanager.java:230)
 clarion.Thiswindow_6.ask(Thiswindow_6.java:41)
 clarion.Windowmanager.run(Windowmanager.java:467)
 clarion.Invoi001.main(Invoi001.java:79)
 clarion.Main.begin(Main.java:238)
 clarion.Main.main(Main.java:216)
Thread[AWT-EventQueue-1,6,main]
 java.lang.Thread.dumpThreads(Native Method)
 java.lang.Thread.getAllStackTraces(Thread.java:1603)
 org.jclarion.clarion.ClarionEvent.doGetConsumeResult(ClarionEvent.java:264)
 org.jclarion.clarion.ClarionEvent.getConsumeResult(ClarionEvent.java:187)
 org.jclarion.clarion.runtime.CWinImpl$2.handleEvent(CWinImpl.java:1293)
 org.jclarion.clarion.runtime.CWinImpl$2.keyPressed(CWinImpl.java:1406)
 java.awt.AWTEventMulticaster.keyPressed(AWTEventMulticaster.java:250)
 java.awt.Component.processKeyEvent(Component.java:6493)
 javax.swing.JComponent.processKeyEvent(JComponent.java:2832)
 java.awt.Component.processEvent(Component.java:6312)
 java.awt.Container.processEvent(Container.java:2236)
 java.awt.Component.dispatchEventImpl(Component.java:4891)
 java.awt.Container.dispatchEventImpl(Container.java:2294)
 java.awt.Component.dispatchEvent(Component.java:4713)
 java.awt.KeyboardFocusManager.redispatchEvent(KeyboardFocusManager.java:1954)
 java.awt.DefaultKeyboardFocusManager.dispatchKeyEvent(DefaultKeyboardFocusManager.java:806)
 java.awt.DefaultKeyboardFocusManager.preDispatchKeyEvent(DefaultKeyboardFocusManager.java:1074)
 java.awt.DefaultKeyboardFocusManager.typeAheadAssertions(DefaultKeyboardFocusManager.java:945)
 java.awt.DefaultKeyboardFocusManager.dispatchEvent(DefaultKeyboardFocusManager.java:771)
 java.awt.Component.dispatchEventImpl(Component.java:4762)
 java.awt.Container.dispatchEventImpl(Container.java:2294)
 java.awt.Window.dispatchEventImpl(Window.java:2750)
 java.awt.Component.dispatchEvent(Component.java:4713)
 java.awt.EventQueue.dispatchEventImpl(EventQueue.java:758)
 java.awt.EventQueue.access$500(EventQueue.java:97)
 java.awt.EventQueue$3.run(EventQueue.java:709)
 java.awt.EventQueue$3.run(EventQueue.java:703)
 java.security.AccessController.doPrivileged(Native Method)
 java.security.ProtectionDomain$JavaSecurityAccessImpl.doIntersectionPrivilege(ProtectionDomain.java:76)
 java.security.ProtectionDomain$JavaSecurityAccessImpl.doIntersectionPrivilege(ProtectionDomain.java:86)
 java.awt.EventQueue$4.run(EventQueue.java:731)
 java.awt.EventQueue$4.run(EventQueue.java:729)
 java.security.AccessController.doPrivileged(Native Method)
 java.security.ProtectionDomain$JavaSecurityAccessImpl.doIntersectionPrivilege(ProtectionDomain.java:76)
 java.awt.EventQueue.dispatchEvent(EventQueue.java:728)
 java.awt.EventDispatchThread.pumpOneEventForFilters(EventDispatchThread.java:201)
 java.awt.EventDispatchThread.pumpEventsForFilter(EventDispatchThread.java:116)
 java.awt.EventDispatchThread.pumpEventsForHierarchy(EventDispatchThread.java:105)
 java.awt.EventDispatchThread.pumpEvents(EventDispatchThread.java:101)
 java.awt.EventDispatchThread.pumpEvents(EventDispatchThread.java:93)
 java.awt.EventDispatchThread.run(EventDispatchThread.java:82)
Thread[Timer-0,5,main]
 java.lang.Object.wait(Native Method)
 java.util.TimerThread.mainLoop(Timer.java:552)
 java.util.TimerThread.run(Timer.java:505)
Thread[Java2D Disposer,10,system]
 java.lang.Object.wait(Native Method)
 java.lang.ref.ReferenceQueue.remove(ReferenceQueue.java:143)
 java.lang.ref.ReferenceQueue.remove(ReferenceQueue.java:164)
 sun.java2d.Disposer.run(Disposer.java:148)
 java.lang.Thread.run(Thread.java:745)
Thread[TimerQueue,5,system]
 sun.misc.Unsafe.park(Native Method)
 java.util.concurrent.locks.LockSupport.park(LockSupport.java:175)
 java.util.concurrent.locks.AbstractQueuedSynchronizer$ConditionObject.await(AbstractQueuedSynchronizer.java:2039)
 java.util.concurrent.DelayQueue.take(DelayQueue.java:211)
 javax.swing.TimerQueue.run(TimerQueue.java:171)
 java.lang.Thread.run(Thread.java:745)
Thread[Finalizer,8,system]
 java.lang.Object.wait(Native Method)
 java.lang.ref.ReferenceQueue.remove(ReferenceQueue.java:143)
 java.lang.ref.ReferenceQueue.remove(ReferenceQueue.java:164)
 java.lang.ref.Finalizer$FinalizerThread.run(Finalizer.java:209)
Thread[Signal Dispatcher,9,system]
Thread[Thread-2,5,main]
 clarion.Windowmanager.ask(Windowmanager.java:234)
 clarion.Windowmanager.run(Windowmanager.java:467)
 clarion.Invoi002.browseCustomers(Invoi002.java:152)
 clarion.Thiswindow_6$1.run(Thiswindow_6.java:149)
 org.jclarion.clarion.runtime.MonitoredRunnable.run(MonitoredRunnable.java:29)
 java.lang.Thread.run(Thread.java:745)
Thread[Reference Handler,10,system]
 java.lang.Object.wait(Native Method)
 java.lang.Object.wait(Object.java:502)
 java.lang.ref.Reference$ReferenceHandler.run(Reference.java:157)
Thread[AWT-Shutdown,5,system]
 java.lang.Object.wait(Native Method)
 java.lang.Object.wait(Object.java:502)
 sun.awt.AWTAutoShutdown.run(AWTAutoShutdown.java:295)
 java.lang.Thread.run(Thread.java:745)
Thread[AWT-EventQueue-0,6,main]
 sun.misc.Unsafe.park(Native Method)
 java.util.concurrent.locks.LockSupport.park(LockSupport.java:175)
 java.util.concurrent.locks.AbstractQueuedSynchronizer$ConditionObject.await(AbstractQueuedSynchronizer.java:2039)
 java.awt.EventQueue.getNextEvent(EventQueue.java:554)
 java.awt.EventDispatchThread.pumpOneEventForFilters(EventDispatchThread.java:170)
 java.awt.EventDispatchThread.pumpEventsForFilter(EventDispatchThread.java:116)
 java.awt.EventDispatchThread.pumpEventsForHierarchy(EventDispatchThread.java:105)
 java.awt.EventDispatchThread.pumpEvents(EventDispatchThread.java:101)
 java.awt.EventDispatchThread.pumpEvents(EventDispatchThread.java:93)
 java.awt.EventDispatchThread.run(EventDispatchThread.java:82)
Thread[AWT-XAWT,6,system]
 sun.awt.X11.XToolkit.waitForEvents(Native Method)
 sun.awt.X11.XToolkit.run(XToolkit.java:568)
 sun.awt.X11.XToolkit.run(XToolkit.java:532)
 java.lang.Thread.run(Thread.java:745)
Thread[main,5,main]
 java.lang.Object.wait(Native Method)
 org.jclarion.clarion.AbstractWindowTarget.getNextEvent(AbstractWindowTarget.java:622)
 org.jclarion.clarion.runtime.CWinImpl.accept(CWinImpl.java:647)
 org.jclarion.clarion.AbstractWindowTarget.accept(AbstractWindowTarget.java:165)
 clarion.Windowmanager.ask(Windowmanager.java:230)
 clarion.Thiswindow_6.ask(Thiswindow_6.java:41)
 clarion.Windowmanager.run(Windowmanager.java:467)
 clarion.Invoi001.main(Invoi001.java:79)
 clarion.Main.begin(Main.java:238)
 clarion.Main.main(Main.java:216)
Thread[AWT-EventQueue-1,6,main]
 java.lang.Thread.dumpThreads(Native Method)
 java.lang.Thread.getAllStackTraces(Thread.java:1603)
 org.jclarion.clarion.ClarionEvent.doGetConsumeResult(ClarionEvent.java:264)
 org.jclarion.clarion.ClarionEvent.getConsumeResult(ClarionEvent.java:187)
 org.jclarion.clarion.runtime.CWinImpl$2.handleEvent(CWinImpl.java:1293)
 org.jclarion.clarion.runtime.CWinImpl$2.keyPressed(CWinImpl.java:1406)
 java.awt.AWTEventMulticaster.keyPressed(AWTEventMulticaster.java:250)
 java.awt.Component.processKeyEvent(Component.java:6493)
 javax.swing.JComponent.processKeyEvent(JComponent.java:2832)
 java.awt.Component.processEvent(Component.java:6312)
 java.awt.Container.processEvent(Container.java:2236)
 java.awt.Component.dispatchEventImpl(Component.java:4891)
 java.awt.Container.dispatchEventImpl(Container.java:2294)
 java.awt.Component.dispatchEvent(Component.java:4713)
 java.awt.KeyboardFocusManager.redispatchEvent(KeyboardFocusManager.java:1954)
 java.awt.DefaultKeyboardFocusManager.dispatchKeyEvent(DefaultKeyboardFocusManager.java:806)
 java.awt.DefaultKeyboardFocusManager.preDispatchKeyEvent(DefaultKeyboardFocusManager.java:1074)
 java.awt.DefaultKeyboardFocusManager.typeAheadAssertions(DefaultKeyboardFocusManager.java:945)
 java.awt.DefaultKeyboardFocusManager.dispatchEvent(DefaultKeyboardFocusManager.java:771)
 java.awt.Component.dispatchEventImpl(Component.java:4762)
 java.awt.Container.dispatchEventImpl(Container.java:2294)
 java.awt.Window.dispatchEventImpl(Window.java:2750)
 java.awt.Component.dispatchEvent(Component.java:4713)
 java.awt.EventQueue.dispatchEventImpl(EventQueue.java:758)
 java.awt.EventQueue.access$500(EventQueue.java:97)
 java.awt.EventQueue$3.run(EventQueue.java:709)
 java.awt.EventQueue$3.run(EventQueue.java:703)
 java.security.AccessController.doPrivileged(Native Method)
 java.security.ProtectionDomain$JavaSecurityAccessImpl.doIntersectionPrivilege(ProtectionDomain.java:76)
 java.security.ProtectionDomain$JavaSecurityAccessImpl.doIntersectionPrivilege(ProtectionDomain.java:86)
 java.awt.EventQueue$4.run(EventQueue.java:731)
 java.awt.EventQueue$4.run(EventQueue.java:729)
 java.security.AccessController.doPrivileged(Native Method)
 java.security.ProtectionDomain$JavaSecurityAccessImpl.doIntersectionPrivilege(ProtectionDomain.java:76)
 java.awt.EventQueue.dispatchEvent(EventQueue.java:728)
 java.awt.EventDispatchThread.pumpOneEventForFilters(EventDispatchThread.java:201)
 java.awt.EventDispatchThread.pumpEventsForFilter(EventDispatchThread.java:116)
 java.awt.EventDispatchThread.pumpEventsForHierarchy(EventDispatchThread.java:105)
 java.awt.EventDispatchThread.pumpEvents(EventDispatchThread.java:101)
 java.awt.EventDispatchThread.pumpEvents(EventDispatchThread.java:93)
 java.awt.EventDispatchThread.run(EventDispatchThread.java:82)
Thread[Timer-0,5,main]
 java.lang.Object.wait(Native Method)
 java.util.TimerThread.mainLoop(Timer.java:552)
 java.util.TimerThread.run(Timer.java:505)
Thread[Java2D Disposer,10,system]
 java.lang.Object.wait(Native Method)
 java.lang.ref.ReferenceQueue.remove(ReferenceQueue.java:143)
 java.lang.ref.ReferenceQueue.remove(ReferenceQueue.java:164)
 sun.java2d.Disposer.run(Disposer.java:148)
 java.lang.Thread.run(Thread.java:745)
Thread[TimerQueue,5,system]
 sun.misc.Unsafe.park(Native Method)
 java.util.concurrent.locks.LockSupport.park(LockSupport.java:175)
 java.util.concurrent.locks.AbstractQueuedSynchronizer$ConditionObject.await(AbstractQueuedSynchronizer.java:2039)
 java.util.concurrent.DelayQueue.take(DelayQueue.java:211)
 javax.swing.TimerQueue.run(TimerQueue.java:171)
 java.lang.Thread.run(Thread.java:745)
Thread[Finalizer,8,system]
 java.lang.Object.wait(Native Method)
 java.lang.ref.ReferenceQueue.remove(ReferenceQueue.java:143)
 java.lang.ref.ReferenceQueue.remove(ReferenceQueue.java:164)
 java.lang.ref.Finalizer$FinalizerThread.run(Finalizer.java:209)
Thread[Signal Dispatcher,9,system]
Thread[Thread-2,5,main]
 clarion.Windowmanager.ask(Windowmanager.java:232)
 clarion.Windowmanager.run(Windowmanager.java:467)
 clarion.Invoi002.browseCustomers(Invoi002.java:152)
 clarion.Thiswindow_6$1.run(Thiswindow_6.java:149)
 org.jclarion.clarion.runtime.MonitoredRunnable.run(MonitoredRunnable.java:29)
 java.lang.Thread.run(Thread.java:745)
Thread[Reference Handler,10,system]
 java.lang.Object.wait(Native Method)
 java.lang.Object.wait(Object.java:502)
 java.lang.ref.Reference$ReferenceHandler.run(Reference.java:157)
Thread[AWT-Shutdown,5,system]
 java.lang.Object.wait(Native Method)
 java.lang.Object.wait(Object.java:502)
 sun.awt.AWTAutoShutdown.run(AWTAutoShutdown.java:295)
 java.lang.Thread.run(Thread.java:745)
Thread[AWT-EventQueue-0,6,main]
 sun.misc.Unsafe.park(Native Method)
 java.util.concurrent.locks.LockSupport.park(LockSupport.java:175)
 java.util.concurrent.locks.AbstractQueuedSynchronizer$ConditionObject.await(AbstractQueuedSynchronizer.java:2039)
 java.awt.EventQueue.getNextEvent(EventQueue.java:554)
 java.awt.EventDispatchThread.pumpOneEventForFilters(EventDispatchThread.java:170)
 java.awt.EventDispatchThread.pumpEventsForFilter(EventDispatchThread.java:116)
 java.awt.EventDispatchThread.pumpEventsForHierarchy(EventDispatchThread.java:105)
 java.awt.EventDispatchThread.pumpEvents(EventDispatchThread.java:101)
 java.awt.EventDispatchThread.pumpEvents(EventDispatchThread.java:93)
 java.awt.EventDispatchThread.run(EventDispatchThread.java:82)
Thread[AWT-XAWT,6,system]
 sun.awt.X11.XToolkit.waitForEvents(Native Method)
 sun.awt.X11.XToolkit.run(XToolkit.java:568)
 sun.awt.X11.XToolkit.run(XToolkit.java:532)
 java.lang.Thread.run(Thread.java:745)
Thread[main,5,main]
 java.lang.Object.wait(Native Method)
 org.jclarion.clarion.AbstractWindowTarget.getNextEvent(AbstractWindowTarget.java:622)
 org.jclarion.clarion.runtime.CWinImpl.accept(CWinImpl.java:647)
 org.jclarion.clarion.AbstractWindowTarget.accept(AbstractWindowTarget.java:165)
 clarion.Windowmanager.ask(Windowmanager.java:230)
 clarion.Thiswindow_6.ask(Thiswindow_6.java:41)
 clarion.Windowmanager.run(Windowmanager.java:467)
 clarion.Invoi001.main(Invoi001.java:79)
 clarion.Main.begin(Main.java:238)
 clarion.Main.main(Main.java:216)
Thread[AWT-EventQueue-1,6,main]
 java.lang.Thread.dumpThreads(Native Method)
 java.lang.Thread.getAllStackTraces(Thread.java:1603)
 org.jclarion.clarion.ClarionEvent.doGetConsumeResult(ClarionEvent.java:264)
 org.jclarion.clarion.ClarionEvent.getConsumeResult(ClarionEvent.java:187)
 org.jclarion.clarion.runtime.CWinImpl$2.handleEvent(CWinImpl.java:1293)
 org.jclarion.clarion.runtime.CWinImpl$2.keyPressed(CWinImpl.java:1406)
 java.awt.AWTEventMulticaster.keyPressed(AWTEventMulticaster.java:250)
 java.awt.Component.processKeyEvent(Component.java:6493)
 javax.swing.JComponent.processKeyEvent(JComponent.java:2832)
 java.awt.Component.processEvent(Component.java:6312)
 java.awt.Container.processEvent(Container.java:2236)
 java.awt.Component.dispatchEventImpl(Component.java:4891)
 java.awt.Container.dispatchEventImpl(Container.java:2294)
 java.awt.Component.dispatchEvent(Component.java:4713)
 java.awt.KeyboardFocusManager.redispatchEvent(KeyboardFocusManager.java:1954)
 java.awt.DefaultKeyboardFocusManager.dispatchKeyEvent(DefaultKeyboardFocusManager.java:806)
 java.awt.DefaultKeyboardFocusManager.preDispatchKeyEvent(DefaultKeyboardFocusManager.java:1074)
 java.awt.DefaultKeyboardFocusManager.typeAheadAssertions(DefaultKeyboardFocusManager.java:945)
 java.awt.DefaultKeyboardFocusManager.dispatchEvent(DefaultKeyboardFocusManager.java:771)
 java.awt.Component.dispatchEventImpl(Component.java:4762)
 java.awt.Container.dispatchEventImpl(Container.java:2294)
 java.awt.Window.dispatchEventImpl(Window.java:2750)
 java.awt.Component.dispatchEvent(Component.java:4713)
 java.awt.EventQueue.dispatchEventImpl(EventQueue.java:758)
 java.awt.EventQueue.access$500(EventQueue.java:97)
 java.awt.EventQueue$3.run(EventQueue.java:709)
 java.awt.EventQueue$3.run(EventQueue.java:703)
 java.security.AccessController.doPrivileged(Native Method)
 java.security.ProtectionDomain$JavaSecurityAccessImpl.doIntersectionPrivilege(ProtectionDomain.java:76)
 java.security.ProtectionDomain$JavaSecurityAccessImpl.doIntersectionPrivilege(ProtectionDomain.java:86)
 java.awt.EventQueue$4.run(EventQueue.java:731)
 java.awt.EventQueue$4.run(EventQueue.java:729)
 java.security.AccessController.doPrivileged(Native Method)
 java.security.ProtectionDomain$JavaSecurityAccessImpl.doIntersectionPrivilege(ProtectionDomain.java:76)
 java.awt.EventQueue.dispatchEvent(EventQueue.java:728)
 java.awt.EventDispatchThread.pumpOneEventForFilters(EventDispatchThread.java:201)
 java.awt.EventDispatchThread.pumpEventsForFilter(EventDispatchThread.java:116)
 java.awt.EventDispatchThread.pumpEventsForHierarchy(EventDispatchThread.java:105)
 java.awt.EventDispatchThread.pumpEvents(EventDispatchThread.java:101)
 java.awt.EventDispatchThread.pumpEvents(EventDispatchThread.java:93)
 java.awt.EventDispatchThread.run(EventDispatchThread.java:82)
Thread[Timer-0,5,main]
 java.lang.Object.wait(Native Method)
 java.util.TimerThread.mainLoop(Timer.java:552)
 java.util.TimerThread.run(Timer.java:505)
Thread[Java2D Disposer,10,system]
 java.lang.Object.wait(Native Method)
 java.lang.ref.ReferenceQueue.remove(ReferenceQueue.java:143)
 java.lang.ref.ReferenceQueue.remove(ReferenceQueue.java:164)
 sun.java2d.Disposer.run(Disposer.java:148)
 java.lang.Thread.run(Thread.java:745)
Thread[TimerQueue,5,system]
 sun.misc.Unsafe.park(Native Method)
 java.util.concurrent.locks.LockSupport.park(LockSupport.java:175)
 java.util.concurrent.locks.AbstractQueuedSynchronizer$ConditionObject.await(AbstractQueuedSynchronizer.java:2039)
 java.util.concurrent.DelayQueue.take(DelayQueue.java:211)
 javax.swing.TimerQueue.run(TimerQueue.java:171)
 java.lang.Thread.run(Thread.java:745)
Thread[Finalizer,8,system]
 java.lang.Object.wait(Native Method)
 java.lang.ref.ReferenceQueue.remove(ReferenceQueue.java:143)
 java.lang.ref.ReferenceQueue.remove(ReferenceQueue.java:164)
 java.lang.ref.Finalizer$FinalizerThread.run(Finalizer.java:209)
Thread[Signal Dispatcher,9,system]
Thread[Thread-2,5,main]
 clarion.Windowmanager.ask(Windowmanager.java:243)
 clarion.Windowmanager.run(Windowmanager.java:467)
 clarion.Invoi002.browseCustomers(Invoi002.java:152)
 clarion.Thiswindow_6$1.run(Thiswindow_6.java:149)
 org.jclarion.clarion.runtime.MonitoredRunnable.run(MonitoredRunnable.java:29)
 java.lang.Thread.run(Thread.java:745)
Thread[Reference Handler,10,system]
 java.lang.Object.wait(Native Method)
 java.lang.Object.wait(Object.java:502)
 java.lang.ref.Reference$ReferenceHandler.run(Reference.java:157)
java.net.MalformedURLException: no protocol: 
	at java.net.URL.<init>(URL.java:586)
	at java.net.URL.<init>(URL.java:483)
	at java.net.URL.<init>(URL.java:432)
	at org.jclarion.clarion.crash.Crash.run(Crash.java:280)
	at java.lang.Thread.run(Thread.java:745)
