#
# A fatal error has been detected by the Java Runtime Environment:
#
#  SIGSEGV (0xb) at pc=0x00007f24890696ba, pid=2946, tid=139793796003584
#
# JRE version: Java(TM) SE Runtime Environment (8.0_60-b27) (build 1.8.0_60-b27)
# Java VM: Java HotSpot(TM) 64-Bit Server VM (25.60-b23 mixed mode linux-amd64 compressed oops)
# Problematic frame:
# v  ~BufferBlob::jni_fast_GetLongField
#
# Failed to write core dump. Core dumps have been disabled. To enable core dumping, try "ulimit -c unlimited" before starting Java again
#
# If you would like to submit a bug report, please visit:
#   http://bugreport.java.com/bugreport/crash.jsp
# The crash happened outside the Java Virtual Machine in native code.
# See problematic frame for where to report the bug.
#

---------------  T H R E A D  ---------------

Current thread (0x00007f24983fa800):  JavaThread "AWT-XAWT" daemon [_thread_in_native, id=2962, stack(0x00007f24477d7000,0x00007f24478d8000)]

siginfo: si_signo: 11 (SIGSEGV), si_code: 1 (SEGV_MAPERR), si_addr: 0x0000000000000000

Registers:
RAX=0x00007f249f277da0, RBX=0x00007f24983fa9f8, RCX=0x00007f249fcda340, RDX=0x0000000000000042
RSP=0x00007f24478d6668, RBP=0x00007f24478d6690, RSI=0x0000000000000000, RDI=0x00007f24983fa9f8
R8 =0x0000000000000320, R9 =0x0000000000000000, R10=0x00000000000000e4, R11=0x00000000000001f4
R12=0x00007f24342438d0, R13=0x0000000000000000, R14=0x00007f24816187e0, R15=0x00007f24983fa800
RIP=0x00007f24890696ba, EFLAGS=0x0000000000010246, CSGSFS=0x0000000000000033, ERR=0x0000000000000004
  TRAPNO=0x000000000000000e

Top of Stack: (sp=0x00007f24478d6668)
0x00007f24478d6668:   00007f24813f6e61 00007f24478d6790
0x00007f24478d6678:   00007f24342438d0 00000006c6b67b40
0x00007f24478d6688:   00007f24478d6710 0000000000000000
0x00007f24478d6698:   00007f2480eb33c0 00007f24478d6790
0x00007f24478d66a8:   00007f24478d66d0 0000000000000000
0x00007f24478d66b8:   00007f2480eaaf93 00000006c6b67b40
0x00007f24478d66c8:   00007f24813f009f 00007f24478d6720
0x00007f24478d66d8:   00007f248965ef36 000000076dd1be08
0x00007f24478d66e8:   00007f24478d6710 00007f2483f4b7e0
0x00007f24478d66f8:   0000000000000001 0000000000000007
0x00007f24478d6708:   00007f24897951d8 00000006c6b67b98
0x00007f24478d6718:   0000000000000246 00000006c6fe4838
0x00007f24478d6728:   00007f24897ea020 00000006c6fe40e8
0x00007f24478d6738:   d8dfc81d00000000 00000006c6b67b40
0x00007f24478d6748:   00000006c6b67ea8 00007f24d8dfc81d
0x00007f24478d6758:   00000006d8d685bd 00000006c6fe5528
0x00007f24478d6768:   00000006c6bc77d8 00007f24478d6800
0x00007f24478d6778:   00007f2489007c4d 0000000000000001
0x00007f24478d6788:   0000000000000000 0000000000000009
0x00007f24478d6798:   0000000000000000 00007f24478d6800
0x00007f24478d67a8:   00007f2489007c4d deaddeaf00000000
0x00007f24478d67b8:   00000006c6b67ea8 00007f24478d67c0
0x00007f24478d67c8:   00007f2483f27bad 00007f24478d6810
0x00007f24478d67d8:   00007f2483f30c90 0000000000000000
0x00007f24478d67e8:   00007f2483f27bb8 00007f24478d67b0
0x00007f24478d67f8:   00007f24478d6810 00007f24478d6858
0x00007f24478d6808:   00007f2489007c92 00000006c6b67ea8
0x00007f24478d6818:   00007f24478d6818 00007f248382d9cb
0x00007f24478d6828:   00007f24478d6868 00007f24838b4480
0x00007f24478d6838:   0000000000000000 00007f248382d9d8
0x00007f24478d6848:   00007f24478d6810 00007f24478d6868
0x00007f24478d6858:   00007f24478d68d0 00007f24890007a7 

Instructions: (pc=0x00007f24890696ba)
0x00007f248906969a:   00 00 00 00 00 00 44 8b 15 81 8c 24 16 4c 8b ce
0x00007f24890696aa:   41 f6 c2 01 0f 85 2e 00 00 00 4d 33 ca 4d 33 ca
0x00007f24890696ba:   4d 8b 09 4c 8b da 49 c1 eb 02 4b 8b 04 19 49 bb
0x00007f24890696ca:   28 23 2b 9f 24 7f 00 00 4c 33 d8 4c 33 d8 45 3b 

Register to memory mapping:

RAX=0x00007f249f277da0: <offset 0xf74da0> in /opt/jdk1.8.0_60/jre/lib/amd64/server/libjvm.so at 0x00007f249e303000
RBX=0x00007f24983fa9f8 is an unknown value
RCX=0x00007f249fcda340: <offset 0x219340> in /lib/x86_64-linux-gnu/libpthread.so.0 at 0x00007f249fac1000
RDX=0x0000000000000042 is an unknown value
RSP=0x00007f24478d6668 is pointing into the stack for thread: 0x00007f24983fa800
RBP=0x00007f24478d6690 is pointing into the stack for thread: 0x00007f24983fa800
RSI=0x0000000000000000 is an unknown value
RDI=0x00007f24983fa9f8 is an unknown value
R8 =0x0000000000000320 is an unknown value
R9 =0x0000000000000000 is an unknown value
R10=0x00000000000000e4 is an unknown value
R11=0x00000000000001f4 is an unknown value
R12=0x00007f24342438d0 is an unknown value
R13=0x0000000000000000 is an unknown value
R14=0x00007f24816187e0: <offset 0x2587e0> in /opt/jdk1.8.0_60/jre/lib/amd64/libawt_xawt.so at 0x00007f24813c0000
R15=0x00007f24983fa800 is a thread


Stack: [0x00007f24477d7000,0x00007f24478d8000],  sp=0x00007f24478d6668,  free space=1021k
Native frames: (J=compiled Java code, j=interpreted, Vv=VM code, C=native code)
v  ~BufferBlob::jni_fast_GetLongField
C  [libX11.so.6+0x643c0]  _XimServerDestroy+0x70

Java frames: (J=compiled Java code, j=interpreted, Vv=VM code)
J 2190  sun.awt.X11.XlibWrapper.XFilterEvent(JJ)Z (0 bytes) @ 0x00007f248965eec4 [0x00007f248965ee80+0x44]
J 2708% C2 sun.awt.X11.XToolkit.run(Z)V (410 bytes) @ 0x00007f24897ea020 [0x00007f24897e9120+0xf00]
j  sun.awt.X11.XToolkit.run()V+5
j  java.lang.Thread.run()V+11
v  ~StubRoutines::call_stub

---------------  P R O C E S S  ---------------

Java Threads: ( => current thread )
  0x00007f2498009800 JavaThread "DestroyJavaVM" [_thread_blocked, id=2947, stack(0x00007f249fdd6000,0x00007f249fed7000)]
  0x00007f243427b000 JavaThread "TimerQueue" daemon [_thread_blocked, id=2968, stack(0x00007f244594b000,0x00007f2445a4c000)]
  0x00007f2498400000 JavaThread "AWT-EventQueue-0" [_thread_blocked, id=2964, stack(0x00007f24475d5000,0x00007f24476d6000)]
=>0x00007f24983fa800 JavaThread "AWT-XAWT" daemon [_thread_in_native, id=2962, stack(0x00007f24477d7000,0x00007f24478d8000)]
  0x00007f24983db800 JavaThread "Java2D Disposer" daemon [_thread_blocked, id=2961, stack(0x00007f2447ce8000,0x00007f2447de9000)]
  0x00007f249818b000 JavaThread "Service Thread" daemon [_thread_blocked, id=2959, stack(0x00007f24819ec000,0x00007f2481aed000)]
  0x00007f2498185800 JavaThread "C1 CompilerThread2" daemon [_thread_blocked, id=2958, stack(0x00007f2481aed000,0x00007f2481bee000)]
  0x00007f2498183800 JavaThread "C2 CompilerThread1" daemon [_thread_blocked, id=2957, stack(0x00007f2481bee000,0x00007f2481cef000)]
  0x00007f2498180800 JavaThread "C2 CompilerThread0" daemon [_thread_blocked, id=2956, stack(0x00007f2481cef000,0x00007f2481df0000)]
  0x00007f249817f000 JavaThread "Signal Dispatcher" daemon [_thread_in_vm, id=2955, stack(0x00007f2481df0000,0x00007f2481ef1000)]
  0x00007f2498146000 JavaThread "Finalizer" daemon [_thread_blocked, id=2954, stack(0x00007f24825ee000,0x00007f24826ef000)]
  0x00007f2498144000 JavaThread "Reference Handler" daemon [_thread_blocked, id=2953, stack(0x00007f24826ef000,0x00007f24827f0000)]

Other Threads:
  0x00007f249813f000 VMThread [stack: 0x00007f24827f0000,0x00007f24828f1000] [id=2952]
  0x00007f249818d800 WatcherThread [stack: 0x00007f24818eb000,0x00007f24819ec000] [id=2960]

VM state:not at safepoint (normal execution)

VM Mutex/Monitor currently owned by a thread:  ([mutex/lock_event])
[0x00007f2498005da0] Threads_lock - owner thread: 0x00007f249817f000

Heap:
 PSYoungGen      total 74752K, used 16968K [0x000000076ce00000, 0x0000000772100000, 0x00000007c0000000)
  eden space 64512K, 26% used [0x000000076ce00000,0x000000076de923b8,0x0000000770d00000)
  from space 10240K, 0% used [0x0000000770d00000,0x0000000770d00000,0x0000000771700000)
  to   space 10240K, 0% used [0x0000000771700000,0x0000000771700000,0x0000000772100000)
 ParOldGen       total 77312K, used 11367K [0x00000006c6a00000, 0x00000006cb580000, 0x000000076ce00000)
  object space 77312K, 14% used [0x00000006c6a00000,0x00000006c7519c28,0x00000006cb580000)
 Metaspace       used 21206K, capacity 21416K, committed 21760K, reserved 1069056K
  class space    used 2636K, capacity 2705K, committed 2816K, reserved 1048576K

Card table byte_map: [0x00007f249c3d5000,0x00007f249cba1000] byte_map_base: 0x00007f2498da0000

Marking Bits: (ParMarkBitMap*) 0x00007f249f2b1de0
 Begin Bits: [0x00007f246c350000, 0x00007f24701a8000)
 End Bits:   [0x00007f24701a8000, 0x00007f2474000000)

Polling page: 0x00007f249feff000

CodeCache: size=245760Kb used=8129Kb max_used=8140Kb free=237630Kb
 bounds [0x00007f2489000000, 0x00007f2489800000, 0x00007f2498000000]
 total_blobs=3110 nmethods=2481 adapters=541
 compilation: enabled

Compilation events (10 events):
Event: 49034,503 Thread 0x00007f2498185800 2713       3       sun.awt.X11.MotifDnDDropTargetProtocol::getMessageType (98 bytes)
Event: 49034,504 Thread 0x00007f2498185800 nmethod 2713 0x00007f24897e7a50 code [0x00007f24897e7c40, 0x00007f24897e8418]
Event: 49671,290 Thread 0x00007f2498180800 2714   !   4       java.util.Vector$Itr::next (63 bytes)
Event: 49671,292 Thread 0x00007f2498180800 nmethod 2714 0x00007f24897bb4d0 code [0x00007f24897bb620, 0x00007f24897bb978]
Event: 49736,499 Thread 0x00007f2498185800 2715       3       sun.awt.X11.XMSelection::processClientMessage (117 bytes)
Event: 49736,503 Thread 0x00007f2498185800 nmethod 2715 0x00007f24897e3750 code [0x00007f24897e3ba0, 0x00007f24897e6008]
Event: 57029,893 Thread 0x00007f2498183800 2716       4       java.util.Vector::<init> (53 bytes)
Event: 57029,917 Thread 0x00007f2498183800 nmethod 2716 0x00007f24897bd110 code [0x00007f24897bd280, 0x00007f24897bd7d8]
Event: 57060,576 Thread 0x00007f2498180800 2717       4       java.lang.Long::equals (30 bytes)
Event: 57060,577 Thread 0x00007f2498180800 nmethod 2717 0x00007f24897f75d0 code [0x00007f24897f7720, 0x00007f24897f77f8]

GC Heap History (4 events):
Event: 97,046 GC heap before
{Heap before GC invocations=1 (full 0):
 PSYoungGen      total 74752K, used 50627K [0x000000076ce00000, 0x0000000772100000, 0x00000007c0000000)
  eden space 64512K, 78% used [0x000000076ce00000,0x000000076ff70e88,0x0000000770d00000)
  from space 10240K, 0% used [0x0000000771700000,0x0000000771700000,0x0000000772100000)
  to   space 10240K, 0% used [0x0000000770d00000,0x0000000770d00000,0x0000000771700000)
 ParOldGen       total 171008K, used 0K [0x00000006c6a00000, 0x00000006d1100000, 0x000000076ce00000)
  object space 171008K, 0% used [0x00000006c6a00000,0x00000006c6a00000,0x00000006d1100000)
 Metaspace       used 20721K, capacity 20898K, committed 21248K, reserved 1067008K
  class space    used 2616K, capacity 2704K, committed 2816K, reserved 1048576K
Event: 97,075 GC heap after
Heap after GC invocations=1 (full 0):
 PSYoungGen      total 74752K, used 10230K [0x000000076ce00000, 0x0000000772100000, 0x00000007c0000000)
  eden space 64512K, 0% used [0x000000076ce00000,0x000000076ce00000,0x0000000770d00000)
  from space 10240K, 99% used [0x0000000770d00000,0x00000007716fd828,0x0000000771700000)
  to   space 10240K, 0% used [0x0000000771700000,0x0000000771700000,0x0000000772100000)
 ParOldGen       total 171008K, used 1327K [0x00000006c6a00000, 0x00000006d1100000, 0x000000076ce00000)
  object space 171008K, 0% used [0x00000006c6a00000,0x00000006c6b4bfe0,0x00000006d1100000)
 Metaspace       used 20721K, capacity 20898K, committed 21248K, reserved 1067008K
  class space    used 2616K, capacity 2704K, committed 2816K, reserved 1048576K
}
Event: 97,075 GC heap before
{Heap before GC invocations=2 (full 1):
 PSYoungGen      total 74752K, used 10230K [0x000000076ce00000, 0x0000000772100000, 0x00000007c0000000)
  eden space 64512K, 0% used [0x000000076ce00000,0x000000076ce00000,0x0000000770d00000)
  from space 10240K, 99% used [0x0000000770d00000,0x00000007716fd828,0x0000000771700000)
  to   space 10240K, 0% used [0x0000000771700000,0x0000000771700000,0x0000000772100000)
 ParOldGen       total 171008K, used 1327K [0x00000006c6a00000, 0x00000006d1100000, 0x000000076ce00000)
  object space 171008K, 0% used [0x00000006c6a00000,0x00000006c6b4bfe0,0x00000006d1100000)
 Metaspace       used 20721K, capacity 20898K, committed 21248K, reserved 1067008K
  class space    used 2616K, capacity 2704K, committed 2816K, reserved 1048576K
Event: 97,124 GC heap after
Heap after GC invocations=2 (full 1):
 PSYoungGen      total 74752K, used 0K [0x000000076ce00000, 0x0000000772100000, 0x00000007c0000000)
  eden space 64512K, 0% used [0x000000076ce00000,0x000000076ce00000,0x0000000770d00000)
  from space 10240K, 0% used [0x0000000770d00000,0x0000000770d00000,0x0000000771700000)
  to   space 10240K, 0% used [0x0000000771700000,0x0000000771700000,0x0000000772100000)
 ParOldGen       total 77312K, used 11367K [0x00000006c6a00000, 0x00000006cb580000, 0x000000076ce00000)
  object space 77312K, 14% used [0x00000006c6a00000,0x00000006c7519c28,0x00000006cb580000)
 Metaspace       used 20721K, capacity 20898K, committed 21248K, reserved 1067008K
  class space    used 2616K, capacity 2704K, committed 2816K, reserved 1048576K
}

Deoptimization events (10 events):
Event: 102,068 Thread 0x00007f24983fa800 Uncommon trap: reason=unstable_if action=reinterpret pc=0x00007f24893cf424 method=java.lang.ref.SoftReference.get()Ljava/lang/Object; @ 17
Event: 113,360 Thread 0x00007f2498009800 Uncommon trap: reason=unstable_if action=reinterpret pc=0x00007f24894ebdf8 method=java.lang.ref.SoftReference.get()Ljava/lang/Object; @ 17
Event: 2485,705 Thread 0x00007f2498400000 Uncommon trap: reason=unstable_if action=reinterpret pc=0x00007f248977382c method=java.awt.EventQueue.getPriority(Ljava/awt/AWTEvent;)I @ 4
Event: 2485,717 Thread 0x00007f249848f000 Uncommon trap: reason=unstable_if action=reinterpret pc=0x00007f24892f846c method=java.awt.EventQueue.eventToCacheIndex(Ljava/awt/AWTEvent;)I @ 71
Event: 2485,726 Thread 0x00007f2498009800 Uncommon trap: reason=class_check action=maybe_recompile pc=0x00007f24896240bc method=org.jclarion.clarion.ClarionString.setValue(Lorg/jclarion/clarion/ClarionObject;)V @ 18
Event: 2485,726 Thread 0x00007f2498009800 Uncommon trap: reason=class_check action=maybe_recompile pc=0x00007f24896240bc method=org.jclarion.clarion.ClarionString.setValue(Lorg/jclarion/clarion/ClarionObject;)V @ 18
Event: 2485,726 Thread 0x00007f2498009800 Uncommon trap: reason=class_check action=maybe_recompile pc=0x00007f24896240bc method=org.jclarion.clarion.ClarionString.setValue(Lorg/jclarion/clarion/ClarionObject;)V @ 18
Event: 2485,726 Thread 0x00007f2498009800 Uncommon trap: reason=class_check action=maybe_recompile pc=0x00007f24896240bc method=org.jclarion.clarion.ClarionString.setValue(Lorg/jclarion/clarion/ClarionObject;)V @ 18
Event: 2487,915 Thread 0x00007f249848f000 Uncommon trap: reason=unstable_if action=reinterpret pc=0x00007f2489325dbc method=java.awt.Container$MouseEventTargetFilter.accept(Ljava/awt/Component;)Z @ 23
Event: 2489,306 Thread 0x00007f2498009800 Uncommon trap: reason=unstable_if action=reinterpret pc=0x00007f24891472a8 method=java.security.AccessControlContext.optimize()Ljava/security/AccessControlContext; @ 49

Internal exceptions (10 events):
Event: 0,618 Thread 0x00007f2498009800 Exception <a 'java/lang/ClassNotFoundException': ToolTip> (0x000000076e2774f8) thrown at [/HUDSON/workspace/8-2-build-linux-amd64/jdk8u60/4407/hotspot/src/share/vm/classfile/systemDictionary.cpp, line 210]
Event: 0,618 Thread 0x00007f2498009800 Exception <a 'java/lang/ClassNotFoundException': Tree> (0x000000076e278150) thrown at [/HUDSON/workspace/8-2-build-linux-amd64/jdk8u60/4407/hotspot/src/share/vm/classfile/systemDictionary.cpp, line 210]
Event: 0,618 Thread 0x00007f2498009800 Exception <a 'java/lang/ClassNotFoundException': Tree> (0x000000076e278890) thrown at [/HUDSON/workspace/8-2-build-linux-amd64/jdk8u60/4407/hotspot/src/share/vm/classfile/systemDictionary.cpp, line 210]
Event: 0,618 Thread 0x00007f2498009800 Exception <a 'java/lang/ClassNotFoundException': javax/swing/JTreeCell> (0x000000076e278c10) thrown at [/HUDSON/workspace/8-2-build-linux-amd64/jdk8u60/4407/hotspot/src/share/vm/classfile/systemDictionary.cpp, line 210]
Event: 0,618 Thread 0x00007f2498009800 Exception <a 'java/lang/ClassNotFoundException': TreeCell> (0x000000076e279098) thrown at [/HUDSON/workspace/8-2-build-linux-amd64/jdk8u60/4407/hotspot/src/share/vm/classfile/systemDictionary.cpp, line 210]
Event: 0,619 Thread 0x00007f2498009800 Exception <a 'java/lang/ClassNotFoundException': RootPane> (0x000000076e279a50) thrown at [/HUDSON/workspace/8-2-build-linux-amd64/jdk8u60/4407/hotspot/src/share/vm/classfile/systemDictionary.cpp, line 210]
Event: 1,285 Thread 0x00007f249848f000 Exception <a 'java/lang/UnsupportedOperationException': > (0x000000076f71e900) thrown at [/HUDSON/workspace/8-2-build-linux-amd64/jdk8u60/4407/hotspot/src/share/vm/prims/jni.cpp, line 735]
Event: 6,066 Thread 0x00007f249848f000 Exception <a 'java/lang/RuntimeException'> (0x000000076f8cc988) thrown at [/HUDSON/workspace/8-2-build-linux-amd64/jdk8u60/4407/hotspot/src/share/vm/prims/jvm.cpp, line 1390]
Event: 6,166 Thread 0x00007f249848f000 Exception <a 'java/lang/UnsupportedOperationException': > (0x000000076f90ff48) thrown at [/HUDSON/workspace/8-2-build-linux-amd64/jdk8u60/4407/hotspot/src/share/vm/prims/jni.cpp, line 735]
Event: 2489,306 Thread 0x00007f2498009800 Implicit null exception at 0x00007f24891467e0 to 0x00007f2489147295

Events (10 events):
Event: 2490,308 loading class sun/awt/AWTAutoShutdown$1
Event: 2490,308 loading class sun/awt/AWTAutoShutdown$1 done
Event: 2490,308 Thread 0x00007f24983fe800 Thread exited: 0x00007f24983fe800
Event: 2490,309 Thread 0x00007f249848f000 Thread exited: 0x00007f249848f000
Event: 6585,585 loading class sun/awt/X11/XkbEvent
Event: 6585,586 loading class sun/awt/X11/XkbEvent done
Event: 6585,586 loading class sun/awt/X11/XkbAnyEvent
Event: 6585,586 loading class sun/awt/X11/XkbAnyEvent done
Event: 48515,477 Thread 0x00007f24983fa800 DEOPT PACKING pc=0x00007f24897a50fb sp=0x00007f24478d65d0
Event: 48515,477 Thread 0x00007f24983fa800 DEOPT UNPACKING pc=0x00007f2489047633 sp=0x00007f24478d6490 mode 0


Dynamic libraries:
00400000-00401000 r-xp 00000000 08:01 24774493                           /opt/jdk1.8.0_60/bin/java
00600000-00601000 rw-p 00000000 08:01 24774493                           /opt/jdk1.8.0_60/bin/java
025b8000-025d9000 rw-p 00000000 00:00 0                                  [heap]
6c6a00000-6cb580000 rw-p 00000000 00:00 0 
6cb580000-76ce00000 ---p 00000000 00:00 0 
76ce00000-772100000 rw-p 00000000 00:00 0 
772100000-7c0000000 ---p 00000000 00:00 0 
7c0000000-7c02c0000 rw-p 00000000 00:00 0 
7c02c0000-800000000 ---p 00000000 00:00 0 
7f2428000000-7f2428021000 rw-p 00000000 00:00 0 
7f2428021000-7f242c000000 ---p 00000000 00:00 0 
7f242c000000-7f242c021000 rw-p 00000000 00:00 0 
7f242c021000-7f2430000000 ---p 00000000 00:00 0 
7f2430000000-7f2430021000 rw-p 00000000 00:00 0 
7f2430021000-7f2434000000 ---p 00000000 00:00 0 
7f2434000000-7f24342a8000 rw-p 00000000 00:00 0 
7f24342a8000-7f2438000000 ---p 00000000 00:00 0 
7f2438000000-7f2438032000 rw-p 00000000 00:00 0 
7f2438032000-7f243c000000 ---p 00000000 00:00 0 
7f243c000000-7f243c021000 rw-p 00000000 00:00 0 
7f243c021000-7f2440000000 ---p 00000000 00:00 0 
7f2440000000-7f2440021000 rw-p 00000000 00:00 0 
7f2440021000-7f2444000000 ---p 00000000 00:00 0 
7f244574b000-7f24457cb000 rw-p 00000000 00:00 0 
7f24457cb000-7f244594b000 ---p 00000000 00:00 0 
7f244594b000-7f244594e000 ---p 00000000 00:00 0 
7f244594e000-7f2445c4c000 rw-p 00000000 00:00 0                          [stack:2968]
7f2445c4c000-7f2445c76000 r-xp 00000000 08:01 24774351                   /opt/jdk1.8.0_60/jre/lib/amd64/libdcpr.so
7f2445c76000-7f2445e76000 ---p 0002a000 08:01 24774351                   /opt/jdk1.8.0_60/jre/lib/amd64/libdcpr.so
7f2445e76000-7f2445e79000 rw-p 0002a000 08:01 24774351                   /opt/jdk1.8.0_60/jre/lib/amd64/libdcpr.so
7f2445e79000-7f2445e84000 r--s 00000000 08:01 12978793                   /var/cache/fontconfig/945677eb7aeaf62f1d50efc3fb3ec7d8-le64.cache-4
7f2445e84000-7f2445e86000 r--s 00000000 08:01 12978748                   /var/cache/fontconfig/99e8ed0e538f840c565b6ed5dad60d56-le64.cache-4
7f2445e86000-7f2445e8f000 r--s 00000000 08:01 12978955                   /var/cache/fontconfig/a6d8cf8e4ec09cdbc8633c31745a07dd-le64.cache-4
7f2445e8f000-7f2445e95000 r--s 00000000 08:01 12978778                   /var/cache/fontconfig/2cd17615ca594fa2959ae173292e504c-le64.cache-4
7f2445e95000-7f2445e96000 r--s 00000000 08:01 12978775                   /var/cache/fontconfig/0d8c3b2ac0904cb8a57a757ad11a4a08-le64.cache-4
7f2445e96000-7f2445e9d000 r--s 00000000 08:01 12978797                   /var/cache/fontconfig/a755afe4a08bf5b97852ceb7400b47bc-le64.cache-4
7f2445e9d000-7f2445e9e000 r--s 00000000 08:01 12978796                   /var/cache/fontconfig/a6354e3ac43af67bd8d7b8e43c34e49f-le64.cache-4
7f2445e9e000-7f2445eb4000 r--s 00000000 08:01 12978773                   /var/cache/fontconfig/04aabc0a78ac019cf9454389977116d2-le64.cache-4
7f2445eb4000-7f2445eb5000 r--s 00000000 08:01 12978777                   /var/cache/fontconfig/1ac9eb803944fde146138c791f5cc56a-le64.cache-4
7f2445eb5000-7f2445eb9000 r--s 00000000 08:01 12978781                   /var/cache/fontconfig/385c0604a188198f04d133e54aba7fe7-le64.cache-4
7f2445eb9000-7f2445eba000 r--s 00000000 08:01 12978807                   /var/cache/fontconfig/dc05db6664285cc2f12bf69c139ae4c3-le64.cache-4
7f2445eba000-7f2445ebc000 r--s 00000000 08:01 12978790                   /var/cache/fontconfig/767a8244fc0220cfb567a839d0392e0b-le64.cache-4
7f2445ebc000-7f2445ebd000 r--s 00000000 08:01 12976978                   /var/cache/fontconfig/4794a0821666d79190d59a36cb4f44b5-le64.cache-4
7f2445ebd000-7f2445ec2000 r--s 00000000 08:01 12978792                   /var/cache/fontconfig/8801497958630a81b71ace7c5f9b32a8-le64.cache-4
7f2445ec2000-7f2445efd000 r--s 00000000 08:01 12976989                   /var/cache/fontconfig/365b55f210c0a22e9a19e35191240f32-le64.cache-4
7f2445efd000-7f2445efe000 r--s 00000000 08:01 12978800                   /var/cache/fontconfig/bab58bb527bb656aaa9f116d68a48d89-le64.cache-4
7f2445efe000-7f2445f05000 r--s 00000000 08:01 12978779                   /var/cache/fontconfig/3047814df9a2f067bd2d96a2b9c36e5a-le64.cache-4
7f2445f05000-7f2445f06000 r--s 00000000 08:01 12978786                   /var/cache/fontconfig/56cf4f4769d0f4abc89a4895d7bd3ae1-le64.cache-4
7f2445f06000-7f2445f0c000 r--s 00000000 08:01 12978798                   /var/cache/fontconfig/b47c4e1ecd0709278f4910c18777a504-le64.cache-4
7f2445f0c000-7f2445f15000 r--s 00000000 08:01 12978791                   /var/cache/fontconfig/52f7bdb7ce746bfd7eaa1985bd9cfa93-le64.cache-4
7f2445f15000-7f2445f28000 r--s 00000000 08:01 12978804                   /var/cache/fontconfig/d52a8644073d54c13679302ca1180695-le64.cache-4
7f2445f28000-7f2445f32000 r--s 00000000 08:01 12978782                   /var/cache/fontconfig/3f7329c5293ffd510edef78f73874cfd-le64.cache-4
7f2445f32000-7f2445f3d000 r--s 00000000 08:01 12978743                   /var/cache/fontconfig/d589a48862398ed80a3d6066f4f56f4c-le64.cache-4
7f2445fdb000-7f2445fdf000 r--s 00095000 08:01 24774403                   /opt/jdk1.8.0_60/jre/lib/jsse.jar
7f2445fdf000-7f24461df000 rw-p 00000000 00:00 0 
7f24461df000-7f24461e2000 ---p 00000000 00:00 0 
7f24461e2000-7f24464e0000 rw-p 00000000 00:00 0 
7f24464e0000-7f2446549000 r-xp 00000000 08:01 24774358                   /opt/jdk1.8.0_60/jre/lib/amd64/libt2k.so
7f2446549000-7f2446749000 ---p 00069000 08:01 24774358                   /opt/jdk1.8.0_60/jre/lib/amd64/libt2k.so
7f2446749000-7f2446750000 rw-p 00069000 08:01 24774358                   /opt/jdk1.8.0_60/jre/lib/amd64/libt2k.so
7f2446750000-7f2446760000 rw-p 00000000 00:00 0 
7f2446a8a000-7f2446a8b000 r--s 00000000 08:01 12978799                   /var/cache/fontconfig/b9d506c9ac06c20b433354fa67a72993-le64.cache-4
7f2446a8b000-7f2446a8e000 r--s 00000000 08:01 12978959                   /var/cache/fontconfig/75114ca45c98e8a441da0ff356701271-le64.cache-4
7f2446a8e000-7f2446a99000 r--s 00000000 08:01 12978801                   /var/cache/fontconfig/83bf95040141907cd45bb53cf7c1c148-le64.cache-4
7f2446a99000-7f2446aa2000 r--s 00000000 08:01 12981218                   /var/cache/fontconfig/d0972c3d32f097851eb916381fc38920-le64.cache-4
7f2446aa2000-7f2446aaf000 r--s 00000000 08:01 12978751                   /var/cache/fontconfig/e13b20fdb08344e0e664864cc2ede53d-le64.cache-4
7f2446bab000-7f2446bae000 ---p 00000000 00:00 0 
7f2446bae000-7f2446eac000 rw-p 00000000 00:00 0                          [stack:20204]
7f2446eac000-7f2446ebd000 r-xp 00000000 08:01 24774382                   /opt/jdk1.8.0_60/jre/lib/amd64/libnio.so
7f2446ebd000-7f24470bc000 ---p 00011000 08:01 24774382                   /opt/jdk1.8.0_60/jre/lib/amd64/libnio.so
7f24470bc000-7f24470bd000 rw-p 00010000 08:01 24774382                   /opt/jdk1.8.0_60/jre/lib/amd64/libnio.so
7f24470bd000-7f24473be000 rw-p 00000000 00:00 0 
7f24473be000-7f24473d4000 r-xp 00000000 08:01 24774355                   /opt/jdk1.8.0_60/jre/lib/amd64/libnet.so
7f24473d4000-7f24475d4000 ---p 00016000 08:01 24774355                   /opt/jdk1.8.0_60/jre/lib/amd64/libnet.so
7f24475d4000-7f24475d5000 rw-p 00016000 08:01 24774355                   /opt/jdk1.8.0_60/jre/lib/amd64/libnet.so
7f24475d5000-7f24475d8000 ---p 00000000 00:00 0 
7f24475d8000-7f24476d6000 rw-p 00000000 00:00 0                          [stack:2964]
7f24476d6000-7f24476d9000 ---p 00000000 00:00 0 
7f24476d9000-7f24477d7000 rw-p 00000000 00:00 0                          [stack:20243]
7f24477d7000-7f24477da000 ---p 00000000 00:00 0 
7f24477da000-7f24478d8000 rw-p 00000000 00:00 0                          [stack:2962]
7f24478d8000-7f24478dd000 r-xp 00000000 08:01 27928400                   /usr/lib/x86_64-linux-gnu/libXfixes.so.3.1.0
7f24478dd000-7f2447adc000 ---p 00005000 08:01 27928400                   /usr/lib/x86_64-linux-gnu/libXfixes.so.3.1.0
7f2447adc000-7f2447add000 r--p 00004000 08:01 27928400                   /usr/lib/x86_64-linux-gnu/libXfixes.so.3.1.0
7f2447add000-7f2447ade000 rw-p 00005000 08:01 27928400                   /usr/lib/x86_64-linux-gnu/libXfixes.so.3.1.0
7f2447ade000-7f2447ae7000 r-xp 00000000 08:01 27928392                   /usr/lib/x86_64-linux-gnu/libXcursor.so.1.0.2
7f2447ae7000-7f2447ce6000 ---p 00009000 08:01 27928392                   /usr/lib/x86_64-linux-gnu/libXcursor.so.1.0.2
7f2447ce6000-7f2447ce7000 r--p 00008000 08:01 27928392                   /usr/lib/x86_64-linux-gnu/libXcursor.so.1.0.2
7f2447ce7000-7f2447ce8000 rw-p 00009000 08:01 27928392                   /usr/lib/x86_64-linux-gnu/libXcursor.so.1.0.2
7f2447ce8000-7f2447ceb000 ---p 00000000 00:00 0 
7f2447ceb000-7f2447de9000 rw-p 00000000 00:00 0                          [stack:2961]
7f2447de9000-7f2447dff000 r-xp 00000000 08:01 14291550                   /lib/x86_64-linux-gnu/libgcc_s.so.1
7f2447dff000-7f2447ffe000 ---p 00016000 08:01 14291550                   /lib/x86_64-linux-gnu/libgcc_s.so.1
7f2447ffe000-7f2447fff000 r--p 00015000 08:01 14291550                   /lib/x86_64-linux-gnu/libgcc_s.so.1
7f2447fff000-7f2448000000 rw-p 00016000 08:01 14291550                   /lib/x86_64-linux-gnu/libgcc_s.so.1
7f2448000000-7f2448021000 rw-p 00000000 00:00 0 
7f2448021000-7f244c000000 ---p 00000000 00:00 0 
7f244c000000-7f244c021000 rw-p 00000000 00:00 0 
7f244c021000-7f2450000000 ---p 00000000 00:00 0 
7f2450000000-7f245165f000 rw-p 00000000 00:00 0 
7f245165f000-7f2454000000 ---p 00000000 00:00 0 
7f2454000000-7f2454815000 rw-p 00000000 00:00 0 
7f2454815000-7f2458000000 ---p 00000000 00:00 0 
7f2458000000-7f2458021000 rw-p 00000000 00:00 0 
7f2458021000-7f245c000000 ---p 00000000 00:00 0 
7f245c000000-7f245c4fe000 rw-p 00000000 00:00 0 
7f245c4fe000-7f2460000000 ---p 00000000 00:00 0 
7f2460000000-7f2460021000 rw-p 00000000 00:00 0 
7f2460021000-7f2464000000 ---p 00000000 00:00 0 
7f2464000000-7f2464021000 rw-p 00000000 00:00 0 
7f2464021000-7f2468000000 ---p 00000000 00:00 0 
7f2468000000-7f2468021000 rw-p 00000000 00:00 0 
7f2468021000-7f246c000000 ---p 00000000 00:00 0 
7f246c000000-7f246c001000 r--s 00000000 08:01 12978785                   /var/cache/fontconfig/551ecf3b0e8b0bca0f25c0944f561853-le64.cache-4
7f246c001000-7f246c002000 r--s 00000000 08:01 12978774                   /var/cache/fontconfig/0c9eb80ebd1c36541ebe2852d3bb0c49-le64.cache-4
7f246c002000-7f246c006000 r--s 00000000 08:01 12978958                   /var/cache/fontconfig/7ef2298fde41cc6eeb7af42e48b7d293-le64.cache-4
7f246c017000-7f246c022000 r--s 00000000 08:01 12978793                   /var/cache/fontconfig/945677eb7aeaf62f1d50efc3fb3ec7d8-le64.cache-4
7f246c022000-7f246c024000 r--s 00000000 08:01 12978748                   /var/cache/fontconfig/99e8ed0e538f840c565b6ed5dad60d56-le64.cache-4
7f246c024000-7f246c02d000 r--s 00000000 08:01 12978955                   /var/cache/fontconfig/a6d8cf8e4ec09cdbc8633c31745a07dd-le64.cache-4
7f246c02d000-7f246c033000 r--s 00000000 08:01 12978778                   /var/cache/fontconfig/2cd17615ca594fa2959ae173292e504c-le64.cache-4
7f246c033000-7f246c034000 r--s 00000000 08:01 12978775                   /var/cache/fontconfig/0d8c3b2ac0904cb8a57a757ad11a4a08-le64.cache-4
7f246c034000-7f246c03b000 r--s 00000000 08:01 12978797                   /var/cache/fontconfig/a755afe4a08bf5b97852ceb7400b47bc-le64.cache-4
7f246c03b000-7f246c03c000 r--s 00000000 08:01 12978796                   /var/cache/fontconfig/a6354e3ac43af67bd8d7b8e43c34e49f-le64.cache-4
7f246c03c000-7f246c052000 r--s 00000000 08:01 12978773                   /var/cache/fontconfig/04aabc0a78ac019cf9454389977116d2-le64.cache-4
7f246c052000-7f246c053000 r--s 00000000 08:01 12978777                   /var/cache/fontconfig/1ac9eb803944fde146138c791f5cc56a-le64.cache-4
7f246c053000-7f246c057000 r--s 00000000 08:01 12978781                   /var/cache/fontconfig/385c0604a188198f04d133e54aba7fe7-le64.cache-4
7f246c057000-7f246c058000 r--s 00000000 08:01 12978807                   /var/cache/fontconfig/dc05db6664285cc2f12bf69c139ae4c3-le64.cache-4
7f246c058000-7f246c05d000 r--s 00000000 08:01 12978792                   /var/cache/fontconfig/8801497958630a81b71ace7c5f9b32a8-le64.cache-4
7f246c05d000-7f246c098000 r--s 00000000 08:01 12976989                   /var/cache/fontconfig/365b55f210c0a22e9a19e35191240f32-le64.cache-4
7f246c098000-7f246c09f000 r--s 00000000 08:01 12978779                   /var/cache/fontconfig/3047814df9a2f067bd2d96a2b9c36e5a-le64.cache-4
7f246c09f000-7f246c0a5000 r--s 00000000 08:01 12978798                   /var/cache/fontconfig/b47c4e1ecd0709278f4910c18777a504-le64.cache-4
7f246c0a5000-7f246c0ae000 r--s 00000000 08:01 12978791                   /var/cache/fontconfig/52f7bdb7ce746bfd7eaa1985bd9cfa93-le64.cache-4
7f246c0ae000-7f246c0c1000 r--s 00000000 08:01 12978804                   /var/cache/fontconfig/d52a8644073d54c13679302ca1180695-le64.cache-4
7f246c0c1000-7f246c0cb000 r--s 00000000 08:01 12978782                   /var/cache/fontconfig/3f7329c5293ffd510edef78f73874cfd-le64.cache-4
7f246c0cb000-7f246c0d6000 r--s 00000000 08:01 12978743                   /var/cache/fontconfig/d589a48862398ed80a3d6066f4f56f4c-le64.cache-4
7f246c0d6000-7f246c13c000 r-xp 00000000 08:01 24774359                   /opt/jdk1.8.0_60/jre/lib/amd64/libfontmanager.so
7f246c13c000-7f246c33b000 ---p 00066000 08:01 24774359                   /opt/jdk1.8.0_60/jre/lib/amd64/libfontmanager.so
7f246c33b000-7f246c33f000 rw-p 00065000 08:01 24774359                   /opt/jdk1.8.0_60/jre/lib/amd64/libfontmanager.so
7f246c33f000-7f2474000000 rw-p 00000000 00:00 0 
7f2474000000-7f2474021000 rw-p 00000000 00:00 0 
7f2474021000-7f2478000000 ---p 00000000 00:00 0 
7f2478000000-7f2478021000 rw-p 00000000 00:00 0 
7f2478021000-7f247c000000 ---p 00000000 00:00 0 
7f247c000000-7f247c021000 rw-p 00000000 00:00 0 
7f247c021000-7f2480000000 ---p 00000000 00:00 0 
7f2480000000-7f2480002000 r--s 00000000 08:01 12978790                   /var/cache/fontconfig/767a8244fc0220cfb567a839d0392e0b-le64.cache-4
7f2480002000-7f2480003000 r--s 00000000 08:01 12976978                   /var/cache/fontconfig/4794a0821666d79190d59a36cb4f44b5-le64.cache-4
7f2480003000-7f2480004000 r--s 00000000 08:01 12978800                   /var/cache/fontconfig/bab58bb527bb656aaa9f116d68a48d89-le64.cache-4
7f2480004000-7f2480204000 rw-p 00000000 00:00 0 
7f2480204000-7f2480209000 r-xp 00000000 08:01 27928396                   /usr/lib/x86_64-linux-gnu/libXdmcp.so.6.0.0
7f2480209000-7f2480408000 ---p 00005000 08:01 27928396                   /usr/lib/x86_64-linux-gnu/libXdmcp.so.6.0.0
7f2480408000-7f2480409000 r--p 00004000 08:01 27928396                   /usr/lib/x86_64-linux-gnu/libXdmcp.so.6.0.0
7f2480409000-7f248040a000 rw-p 00005000 08:01 27928396                   /usr/lib/x86_64-linux-gnu/libXdmcp.so.6.0.0
7f248040a000-7f248040c000 r-xp 00000000 08:01 27928385                   /usr/lib/x86_64-linux-gnu/libXau.so.6.0.0
7f248040c000-7f248060c000 ---p 00002000 08:01 27928385                   /usr/lib/x86_64-linux-gnu/libXau.so.6.0.0
7f248060c000-7f248060d000 r--p 00002000 08:01 27928385                   /usr/lib/x86_64-linux-gnu/libXau.so.6.0.0
7f248060d000-7f248060e000 rw-p 00003000 08:01 27928385                   /usr/lib/x86_64-linux-gnu/libXau.so.6.0.0
7f248060e000-7f248062e000 r-xp 00000000 08:01 27929579                   /usr/lib/x86_64-linux-gnu/libxcb.so.1.1.0
7f248062e000-7f248082d000 ---p 00020000 08:01 27929579                   /usr/lib/x86_64-linux-gnu/libxcb.so.1.1.0
7f248082d000-7f248082e000 r--p 0001f000 08:01 27929579                   /usr/lib/x86_64-linux-gnu/libxcb.so.1.1.0
7f248082e000-7f248082f000 rw-p 00020000 08:01 27929579                   /usr/lib/x86_64-linux-gnu/libxcb.so.1.1.0
7f248082f000-7f248083e000 r-xp 00000000 08:01 27928406                   /usr/lib/x86_64-linux-gnu/libXi.so.6.1.0
7f248083e000-7f2480a3d000 ---p 0000f000 08:01 27928406                   /usr/lib/x86_64-linux-gnu/libXi.so.6.1.0
7f2480a3d000-7f2480a3e000 r--p 0000e000 08:01 27928406                   /usr/lib/x86_64-linux-gnu/libXi.so.6.1.0
7f2480a3e000-7f2480a3f000 rw-p 0000f000 08:01 27928406                   /usr/lib/x86_64-linux-gnu/libXi.so.6.1.0
7f2480a3f000-7f2480a44000 r-xp 00000000 08:01 27928424                   /usr/lib/x86_64-linux-gnu/libXtst.so.6.1.0
7f2480a44000-7f2480c43000 ---p 00005000 08:01 27928424                   /usr/lib/x86_64-linux-gnu/libXtst.so.6.1.0
7f2480c43000-7f2480c44000 r--p 00004000 08:01 27928424                   /usr/lib/x86_64-linux-gnu/libXtst.so.6.1.0
7f2480c44000-7f2480c45000 rw-p 00005000 08:01 27928424                   /usr/lib/x86_64-linux-gnu/libXtst.so.6.1.0
7f2480c45000-7f2480c4e000 r-xp 00000000 08:01 27928418                   /usr/lib/x86_64-linux-gnu/libXrender.so.1.3.0
7f2480c4e000-7f2480e4d000 ---p 00009000 08:01 27928418                   /usr/lib/x86_64-linux-gnu/libXrender.so.1.3.0
7f2480e4d000-7f2480e4e000 r--p 00008000 08:01 27928418                   /usr/lib/x86_64-linux-gnu/libXrender.so.1.3.0
7f2480e4e000-7f2480e4f000 rw-p 00009000 08:01 27928418                   /usr/lib/x86_64-linux-gnu/libXrender.so.1.3.0
7f2480e4f000-7f2480f84000 r-xp 00000000 08:01 27928381                   /usr/lib/x86_64-linux-gnu/libX11.so.6.3.0
7f2480f84000-7f2481184000 ---p 00135000 08:01 27928381                   /usr/lib/x86_64-linux-gnu/libX11.so.6.3.0
7f2481184000-7f2481185000 r--p 00135000 08:01 27928381                   /usr/lib/x86_64-linux-gnu/libX11.so.6.3.0
7f2481185000-7f2481189000 rw-p 00136000 08:01 27928381                   /usr/lib/x86_64-linux-gnu/libX11.so.6.3.0
7f2481189000-7f248119a000 r-xp 00000000 08:01 27928398                   /usr/lib/x86_64-linux-gnu/libXext.so.6.4.0
7f248119a000-7f2481399000 ---p 00011000 08:01 27928398                   /usr/lib/x86_64-linux-gnu/libXext.so.6.4.0
7f2481399000-7f248139a000 r--p 00010000 08:01 27928398                   /usr/lib/x86_64-linux-gnu/libXext.so.6.4.0
7f248139a000-7f248139b000 rw-p 00011000 08:01 27928398                   /usr/lib/x86_64-linux-gnu/libXext.so.6.4.0
7f248139b000-7f248139c000 r--s 00000000 08:01 12978786                   /var/cache/fontconfig/56cf4f4769d0f4abc89a4895d7bd3ae1-le64.cache-4
7f248139c000-7f248139f000 r--s 00000000 08:01 12978959                   /var/cache/fontconfig/75114ca45c98e8a441da0ff356701271-le64.cache-4
7f248139f000-7f24813aa000 r--s 00000000 08:01 12978801                   /var/cache/fontconfig/83bf95040141907cd45bb53cf7c1c148-le64.cache-4
7f24813aa000-7f24813b3000 r--s 00000000 08:01 12981218                   /var/cache/fontconfig/d0972c3d32f097851eb916381fc38920-le64.cache-4
7f24813b3000-7f24813c0000 r--s 00000000 08:01 12978751                   /var/cache/fontconfig/e13b20fdb08344e0e664864cc2ede53d-le64.cache-4
7f24813c0000-7f2481414000 r-xp 00000000 08:01 24774369                   /opt/jdk1.8.0_60/jre/lib/amd64/libawt_xawt.so
7f2481414000-7f2481614000 ---p 00054000 08:01 24774369                   /opt/jdk1.8.0_60/jre/lib/amd64/libawt_xawt.so
7f2481614000-7f2481618000 rw-p 00054000 08:01 24774369                   /opt/jdk1.8.0_60/jre/lib/amd64/libawt_xawt.so
7f2481618000-7f2481619000 rw-p 00000000 00:00 0 
7f2481619000-7f24816bb000 r-xp 00000000 08:01 24774376                   /opt/jdk1.8.0_60/jre/lib/amd64/libawt.so
7f24816bb000-7f24818bb000 ---p 000a2000 08:01 24774376                   /opt/jdk1.8.0_60/jre/lib/amd64/libawt.so
7f24818bb000-7f24818c7000 rw-p 000a2000 08:01 24774376                   /opt/jdk1.8.0_60/jre/lib/amd64/libawt.so
7f24818c7000-7f24818eb000 rw-p 00000000 00:00 0 
7f24818eb000-7f24818ec000 ---p 00000000 00:00 0 
7f24818ec000-7f24819ec000 rw-p 00000000 00:00 0                          [stack:2960]
7f24819ec000-7f24819ef000 ---p 00000000 00:00 0 
7f24819ef000-7f2481aed000 rw-p 00000000 00:00 0                          [stack:2959]
7f2481aed000-7f2481af0000 ---p 00000000 00:00 0 
7f2481af0000-7f2481bee000 rw-p 00000000 00:00 0                          [stack:2958]
7f2481bee000-7f2481bf1000 ---p 00000000 00:00 0 
7f2481bf1000-7f2481cef000 rw-p 00000000 00:00 0                          [stack:2957]
7f2481cef000-7f2481cf2000 ---p 00000000 00:00 0 
7f2481cf2000-7f2481df0000 rw-p 00000000 00:00 0                          [stack:2956]
7f2481df0000-7f2481df3000 ---p 00000000 00:00 0 
7f2481df3000-7f2481ef1000 rw-p 00000000 00:00 0                          [stack:2955]
7f2481ef1000-7f24825ee000 r--p 00000000 08:01 27927258                   /usr/lib/locale/locale-archive
7f24825ee000-7f24825f1000 ---p 00000000 00:00 0 
7f24825f1000-7f24826ef000 rw-p 00000000 00:00 0                          [stack:2954]
7f24826ef000-7f24826f2000 ---p 00000000 00:00 0 
7f24826f2000-7f24827f0000 rw-p 00000000 00:00 0                          [stack:2953]
7f24827f0000-7f24827f1000 ---p 00000000 00:00 0 
7f24827f1000-7f2484000000 rw-p 00000000 00:00 0                          [stack:2952]
7f2484000000-7f2484021000 rw-p 00000000 00:00 0 
7f2484021000-7f2488000000 ---p 00000000 00:00 0 
7f2488000000-7f2488001000 r--s 00000000 08:01 12978799                   /var/cache/fontconfig/b9d506c9ac06c20b433354fa67a72993-le64.cache-4
7f2488001000-7f2488002000 r--s 00000000 08:01 12978785                   /var/cache/fontconfig/551ecf3b0e8b0bca0f25c0944f561853-le64.cache-4
7f2488002000-7f2488006000 r--s 00000000 08:01 12978958                   /var/cache/fontconfig/7ef2298fde41cc6eeb7af42e48b7d293-le64.cache-4
7f2488006000-7f248801e000 r--s 003cf000 08:01 13766720                   /home/robertsp/java/clarion2java/jclarion.netbeans.sf2/examples/execute.jar/pdfbox-1.8.11.jar
7f248801e000-7f248802a000 r--s 00108000 08:01 13765658                   /home/robertsp/java/clarion2java/jclarion.netbeans.sf2/examples/execute.jar/itext-2.1.7.jar
7f248802a000-7f2488202000 r--s 03d17000 08:01 24774400                   /opt/jdk1.8.0_60/jre/lib/rt.jar
7f2488202000-7f24889cd000 rw-p 00000000 00:00 0 
7f24889cd000-7f24889ce000 ---p 00000000 00:00 0 
7f24889ce000-7f2488af4000 rw-p 00000000 00:00 0                          [stack:2951]
7f2488af4000-7f2489000000 ---p 00000000 00:00 0 
7f2489000000-7f2489800000 rwxp 00000000 00:00 0 
7f2489800000-7f2498000000 ---p 00000000 00:00 0 
7f2498000000-7f2498577000 rw-p 00000000 00:00 0 
7f2498577000-7f249c000000 ---p 00000000 00:00 0 
7f249c000000-7f249c001000 r--s 00000000 08:01 12978774                   /var/cache/fontconfig/0c9eb80ebd1c36541ebe2852d3bb0c49-le64.cache-4
7f249c001000-7f249c003000 r--s 00005000 08:01 13765659                   /home/robertsp/java/clarion2java/jclarion.netbeans.sf2/examples/execute.jar/clarion-sysruntime-1.17.jar
7f249c003000-7f249c007000 r--s 00032000 08:01 13766726                   /home/robertsp/java/clarion2java/jclarion.netbeans.sf2/examples/execute.jar/fontbox-1.8.11.jar
7f249c007000-7f249c00d000 r--s 00077000 08:01 13765656                   /home/robertsp/java/clarion2java/jclarion.netbeans.sf2/examples/execute.jar/postgresql-8.4-701.jdbc4.jar
7f249c00d000-7f249c0d2000 rw-p 00000000 00:00 0 
7f249c0d2000-7f249c0d3000 ---p 00000000 00:00 0 
7f249c0d3000-7f249c1d3000 rw-p 00000000 00:00 0                          [stack:2950]
7f249c1d3000-7f249c1d4000 ---p 00000000 00:00 0 
7f249c1d4000-7f249c2d4000 rw-p 00000000 00:00 0                          [stack:2949]
7f249c2d4000-7f249c2d5000 ---p 00000000 00:00 0 
7f249c2d5000-7f249c3fb000 rw-p 00000000 00:00 0                          [stack:2948]
7f249c3fb000-7f249c907000 ---p 00000000 00:00 0 
7f249c907000-7f249c931000 rw-p 00000000 00:00 0 
7f249c931000-7f249cba0000 ---p 00000000 00:00 0 
7f249cba0000-7f249cbc1000 rw-p 00000000 00:00 0 
7f249cbc1000-7f249cf61000 ---p 00000000 00:00 0 
7f249cf61000-7f249cf7b000 r-xp 00000000 08:01 24774350                   /opt/jdk1.8.0_60/jre/lib/amd64/libzip.so
7f249cf7b000-7f249d17b000 ---p 0001a000 08:01 24774350                   /opt/jdk1.8.0_60/jre/lib/amd64/libzip.so
7f249d17b000-7f249d17c000 rw-p 0001a000 08:01 24774350                   /opt/jdk1.8.0_60/jre/lib/amd64/libzip.so
7f249d17c000-7f249d188000 r-xp 00000000 08:01 14292685                   /lib/x86_64-linux-gnu/libnss_files-2.21.so
7f249d188000-7f249d387000 ---p 0000c000 08:01 14292685                   /lib/x86_64-linux-gnu/libnss_files-2.21.so
7f249d387000-7f249d388000 r--p 0000b000 08:01 14292685                   /lib/x86_64-linux-gnu/libnss_files-2.21.so
7f249d388000-7f249d389000 rw-p 0000c000 08:01 14292685                   /lib/x86_64-linux-gnu/libnss_files-2.21.so
7f249d389000-7f249d394000 r-xp 00000000 08:01 14298672                   /lib/x86_64-linux-gnu/libnss_nis-2.21.so
7f249d394000-7f249d593000 ---p 0000b000 08:01 14298672                   /lib/x86_64-linux-gnu/libnss_nis-2.21.so
7f249d593000-7f249d594000 r--p 0000a000 08:01 14298672                   /lib/x86_64-linux-gnu/libnss_nis-2.21.so
7f249d594000-7f249d595000 rw-p 0000b000 08:01 14298672                   /lib/x86_64-linux-gnu/libnss_nis-2.21.so
7f249d595000-7f249d5ac000 r-xp 00000000 08:01 14292699                   /lib/x86_64-linux-gnu/libnsl-2.21.so
7f249d5ac000-7f249d7ab000 ---p 00017000 08:01 14292699                   /lib/x86_64-linux-gnu/libnsl-2.21.so
7f249d7ab000-7f249d7ac000 r--p 00016000 08:01 14292699                   /lib/x86_64-linux-gnu/libnsl-2.21.so
7f249d7ac000-7f249d7ad000 rw-p 00017000 08:01 14292699                   /lib/x86_64-linux-gnu/libnsl-2.21.so
7f249d7ad000-7f249d7af000 rw-p 00000000 00:00 0 
7f249d7af000-7f249d7b7000 r-xp 00000000 08:01 14292687                   /lib/x86_64-linux-gnu/libnss_compat-2.21.so
7f249d7b7000-7f249d9b6000 ---p 00008000 08:01 14292687                   /lib/x86_64-linux-gnu/libnss_compat-2.21.so
7f249d9b6000-7f249d9b7000 r--p 00007000 08:01 14292687                   /lib/x86_64-linux-gnu/libnss_compat-2.21.so
7f249d9b7000-7f249d9b8000 rw-p 00008000 08:01 14292687                   /lib/x86_64-linux-gnu/libnss_compat-2.21.so
7f249d9b8000-7f249d9e2000 r-xp 00000000 08:01 24774328                   /opt/jdk1.8.0_60/jre/lib/amd64/libjava.so
7f249d9e2000-7f249dbe2000 ---p 0002a000 08:01 24774328                   /opt/jdk1.8.0_60/jre/lib/amd64/libjava.so
7f249dbe2000-7f249dbe4000 rw-p 0002a000 08:01 24774328                   /opt/jdk1.8.0_60/jre/lib/amd64/libjava.so
7f249dbe4000-7f249dbf1000 r-xp 00000000 08:01 24774344                   /opt/jdk1.8.0_60/jre/lib/amd64/libverify.so
7f249dbf1000-7f249ddf1000 ---p 0000d000 08:01 24774344                   /opt/jdk1.8.0_60/jre/lib/amd64/libverify.so
7f249ddf1000-7f249ddf3000 rw-p 0000d000 08:01 24774344                   /opt/jdk1.8.0_60/jre/lib/amd64/libverify.so
7f249ddf3000-7f249ddfa000 r-xp 00000000 08:01 14291565                   /lib/x86_64-linux-gnu/librt-2.21.so
7f249ddfa000-7f249dff9000 ---p 00007000 08:01 14291565                   /lib/x86_64-linux-gnu/librt-2.21.so
7f249dff9000-7f249dffa000 r--p 00006000 08:01 14291565                   /lib/x86_64-linux-gnu/librt-2.21.so
7f249dffa000-7f249dffb000 rw-p 00007000 08:01 14291565                   /lib/x86_64-linux-gnu/librt-2.21.so
7f249dffb000-7f249e102000 r-xp 00000000 08:01 14298674                   /lib/x86_64-linux-gnu/libm-2.21.so
7f249e102000-7f249e301000 ---p 00107000 08:01 14298674                   /lib/x86_64-linux-gnu/libm-2.21.so
7f249e301000-7f249e302000 r--p 00106000 08:01 14298674                   /lib/x86_64-linux-gnu/libm-2.21.so
7f249e302000-7f249e303000 rw-p 00107000 08:01 14298674                   /lib/x86_64-linux-gnu/libm-2.21.so
7f249e303000-7f249efc1000 r-xp 00000000 08:01 24774366                   /opt/jdk1.8.0_60/jre/lib/amd64/server/libjvm.so
7f249efc1000-7f249f1c0000 ---p 00cbe000 08:01 24774366                   /opt/jdk1.8.0_60/jre/lib/amd64/server/libjvm.so
7f249f1c0000-7f249f298000 rw-p 00cbd000 08:01 24774366                   /opt/jdk1.8.0_60/jre/lib/amd64/server/libjvm.so
7f249f298000-7f249f2dd000 rw-p 00000000 00:00 0 
7f249f2dd000-7f249f49d000 r-xp 00000000 08:01 14298675                   /lib/x86_64-linux-gnu/libc-2.21.so
7f249f49d000-7f249f69d000 ---p 001c0000 08:01 14298675                   /lib/x86_64-linux-gnu/libc-2.21.so
7f249f69d000-7f249f6a1000 r--p 001c0000 08:01 14298675                   /lib/x86_64-linux-gnu/libc-2.21.so
7f249f6a1000-7f249f6a3000 rw-p 001c4000 08:01 14298675                   /lib/x86_64-linux-gnu/libc-2.21.so
7f249f6a3000-7f249f6a7000 rw-p 00000000 00:00 0 
7f249f6a7000-7f249f6aa000 r-xp 00000000 08:01 14298671                   /lib/x86_64-linux-gnu/libdl-2.21.so
7f249f6aa000-7f249f8a9000 ---p 00003000 08:01 14298671                   /lib/x86_64-linux-gnu/libdl-2.21.so
7f249f8a9000-7f249f8aa000 r--p 00002000 08:01 14298671                   /lib/x86_64-linux-gnu/libdl-2.21.so
7f249f8aa000-7f249f8ab000 rw-p 00003000 08:01 14298671                   /lib/x86_64-linux-gnu/libdl-2.21.so
7f249f8ab000-7f249f8c0000 r-xp 00000000 08:01 24773411                   /opt/jdk1.8.0_60/lib/amd64/jli/libjli.so
7f249f8c0000-7f249fac0000 ---p 00015000 08:01 24773411                   /opt/jdk1.8.0_60/lib/amd64/jli/libjli.so
7f249fac0000-7f249fac1000 rw-p 00015000 08:01 24773411                   /opt/jdk1.8.0_60/lib/amd64/jli/libjli.so
7f249fac1000-7f249fad9000 r-xp 00000000 08:01 14292683                   /lib/x86_64-linux-gnu/libpthread-2.21.so
7f249fad9000-7f249fcd9000 ---p 00018000 08:01 14292683                   /lib/x86_64-linux-gnu/libpthread-2.21.so
7f249fcd9000-7f249fcda000 r--p 00018000 08:01 14292683                   /lib/x86_64-linux-gnu/libpthread-2.21.so
7f249fcda000-7f249fcdb000 rw-p 00019000 08:01 14292683                   /lib/x86_64-linux-gnu/libpthread-2.21.so
7f249fcdb000-7f249fcdf000 rw-p 00000000 00:00 0 
7f249fcdf000-7f249fd03000 r-xp 00000000 08:01 14298646                   /lib/x86_64-linux-gnu/ld-2.21.so
7f249fd03000-7f249fd05000 r--s 0000d000 08:01 13766721                   /home/robertsp/java/clarion2java/jclarion.netbeans.sf2/examples/execute.jar/commons-logging-1.1.1.jar
7f249fd05000-7f249fd07000 r--s 0000e000 08:01 13765660                   /home/robertsp/java/clarion2java/jclarion.netbeans.sf2/examples/execute.jar/jazzy-0.5.2-rtext-1.4.1-2.jar
7f249fd07000-7f249fd11000 r--s 00116000 08:01 24774409                   /opt/jdk1.8.0_60/jre/lib/ext/localedata.jar
7f249fd11000-7f249fd2d000 r--s 00393000 08:01 24774416                   /opt/jdk1.8.0_60/jre/lib/ext/cldrdata.jar
7f249fd2d000-7f249fdd6000 rw-p 00000000 00:00 0 
7f249fdd6000-7f249fdd9000 ---p 00000000 00:00 0 
7f249fdd9000-7f249fedb000 rw-p 00000000 00:00 0                          [stack:2947]
7f249fedb000-7f249fedc000 r--s 00007000 08:01 13765657                   /home/robertsp/java/clarion2java/jclarion.netbeans.sf2/examples/execute.jar/image4j-0.7.jar
7f249fedc000-7f249fedf000 r--s 0001b000 08:01 13765655                   /home/robertsp/java/clarion2java/jclarion.netbeans.sf2/examples/execute.jar/junit-3.8.1.jar
7f249fedf000-7f249fef0000 r--s 00105000 08:01 13765666                   /home/robertsp/java/clarion2java/jclarion.netbeans.sf2/examples/execute.jar/clarion-runtime-1.122-SNAPSHOT.jar
7f249fef0000-7f249fef6000 r--s 00058000 08:01 13766754                   /home/robertsp/java/clarion2java/jclarion.netbeans.sf2/examples/execute.jar/winlats55-1.0.jar
7f249fef6000-7f249fefe000 rw-s 00000000 08:01 30015548                   /tmp/hsperfdata_robertsp/2946
7f249fefe000-7f249feff000 rw-p 00000000 00:00 0 
7f249feff000-7f249ff00000 r--p 00000000 00:00 0 
7f249ff00000-7f249ff02000 rw-p 00000000 00:00 0 
7f249ff02000-7f249ff03000 r--p 00023000 08:01 14298646                   /lib/x86_64-linux-gnu/ld-2.21.so
7f249ff03000-7f249ff04000 rw-p 00024000 08:01 14298646                   /lib/x86_64-linux-gnu/ld-2.21.so
7f249ff04000-7f249ff05000 rw-p 00000000 00:00 0 
7ffda4a85000-7ffda4aa6000 rw-p 00000000 00:00 0                          [stack]
7ffda4b18000-7ffda4b1a000 r--p 00000000 00:00 0                          [vvar]
7ffda4b1a000-7ffda4b1c000 r-xp 00000000 00:00 0                          [vdso]
ffffffffff600000-ffffffffff601000 r-xp 00000000 00:00 0                  [vsyscall]

VM Arguments:
jvm_args: -Dclarion.debug=true 
java_command: winlats55-1.0.jar
java_class_path (initial): winlats55-1.0.jar
Launcher Type: SUN_STANDARD

Environment Variables:
JAVA_HOME=/opt/jdk1.8.0_60
PATH=/opt/jdk1.8.0_60/bin:/opt/apache-ant-1.9.6/bin:/opt/jdk1.8.0_60/bin:/opt/apache-ant-1.9.6/bin:/usr/local/sbin:/usr/local/bin:/usr/sbin:/usr/bin:/sbin:/bin:/usr/games:/usr/local/games
SHELL=/bin/bash
DISPLAY=:0

Signal Handlers:
SIGSEGV: [libjvm.so+0xaba070], sa_mask[0]=11111111011111111101111111111110, sa_flags=SA_RESTART|SA_SIGINFO
SIGBUS: [libjvm.so+0xaba070], sa_mask[0]=11111111011111111101111111111110, sa_flags=SA_RESTART|SA_SIGINFO
SIGFPE: [libjvm.so+0x917630], sa_mask[0]=11111111011111111101111111111110, sa_flags=SA_RESTART|SA_SIGINFO
SIGPIPE: [libjvm.so+0x917630], sa_mask[0]=11111111011111111101111111111110, sa_flags=SA_RESTART|SA_SIGINFO
SIGXFSZ: [libjvm.so+0x917630], sa_mask[0]=11111111011111111101111111111110, sa_flags=SA_RESTART|SA_SIGINFO
SIGILL: [libjvm.so+0x917630], sa_mask[0]=11111111011111111101111111111110, sa_flags=SA_RESTART|SA_SIGINFO
SIGUSR1: SIG_DFL, sa_mask[0]=00000000000000000000000000000000, sa_flags=none
SIGUSR2: [libjvm.so+0x918c60], sa_mask[0]=00100000000000000000000000000000, sa_flags=SA_RESTART|SA_SIGINFO
SIGHUP: [libjvm.so+0x91a060], sa_mask[0]=11111111011111111101111111111110, sa_flags=SA_RESTART|SA_SIGINFO
SIGINT: [libjvm.so+0x91a060], sa_mask[0]=11111111011111111101111111111110, sa_flags=SA_RESTART|SA_SIGINFO
SIGTERM: [libjvm.so+0x91a060], sa_mask[0]=11111111011111111101111111111110, sa_flags=SA_RESTART|SA_SIGINFO
SIGQUIT: [libjvm.so+0x91a060], sa_mask[0]=11111111011111111101111111111110, sa_flags=SA_RESTART|SA_SIGINFO


---------------  S Y S T E M  ---------------

OS:DISTRIB_ID=Ubuntu
DISTRIB_RELEASE=15.10
DISTRIB_CODENAME=wily
DISTRIB_DESCRIPTION="Ubuntu 15.10"

uname:Linux 4.2.0-27-generic #32-Ubuntu SMP Fri Jan 22 04:49:08 UTC 2016 x86_64
libc:glibc 2.21 NPTL 2.21 
rlimit: STACK 8192k, CORE 0k, NPROC 63700, NOFILE 65536, AS infinity
load average:0,82 0,77 0,81

/proc/meminfo:
MemTotal:       16341916 kB
MemFree:         6523476 kB
MemAvailable:   12030736 kB
Buffers:          613936 kB
Cached:          5423292 kB
SwapCached:            0 kB
Active:          5642540 kB
Inactive:        3579728 kB
Active(anon):    3201872 kB
Inactive(anon):   855820 kB
Active(file):    2440668 kB
Inactive(file):  2723908 kB
Unevictable:         220 kB
Mlocked:             220 kB
SwapTotal:             0 kB
SwapFree:              0 kB
Dirty:               612 kB
Writeback:           292 kB
AnonPages:       3182272 kB
Mapped:           547584 kB
Shmem:            872116 kB
Slab:             465544 kB
SReclaimable:     403068 kB
SUnreclaim:        62476 kB
KernelStack:        8064 kB
PageTables:        27844 kB
NFS_Unstable:          0 kB
Bounce:                0 kB
WritebackTmp:          0 kB
CommitLimit:     8170956 kB
Committed_AS:    9432016 kB
VmallocTotal:   34359738367 kB
VmallocUsed:      401904 kB
VmallocChunk:   34358947836 kB
HardwareCorrupted:     0 kB
AnonHugePages:   2801664 kB
CmaTotal:              0 kB
CmaFree:               0 kB
HugePages_Total:       0
HugePages_Free:        0
HugePages_Rsvd:        0
HugePages_Surp:        0
Hugepagesize:       2048 kB
DirectMap4k:      232320 kB
DirectMap2M:    12259328 kB
DirectMap1G:     4194304 kB


CPU:total 4 (2 cores per cpu, 2 threads per core) family 6 model 61 stepping 4, cmov, cx8, fxsr, mmx, sse, sse2, sse3, ssse3, sse4.1, sse4.2, popcnt, avx, avx2, aes, clmul, erms, 3dnowpref, lzcnt, ht, tsc, tscinvbit, bmi1, bmi2, adx

/proc/cpuinfo:
processor	: 0
vendor_id	: GenuineIntel
cpu family	: 6
model		: 61
model name	: Intel(R) Core(TM) i7-5500U CPU @ 2.40GHz
stepping	: 4
microcode	: 0x21
cpu MHz		: 2658.000
cache size	: 4096 KB
physical id	: 0
siblings	: 4
core id		: 0
cpu cores	: 2
apicid		: 0
initial apicid	: 0
fpu		: yes
fpu_exception	: yes
cpuid level	: 20
wp		: yes
flags		: fpu vme de pse tsc msr pae mce cx8 apic sep mtrr pge mca cmov pat pse36 clflush dts acpi mmx fxsr sse sse2 ss ht tm pbe syscall nx pdpe1gb rdtscp lm constant_tsc arch_perfmon pebs bts rep_good nopl xtopology nonstop_tsc aperfmperf eagerfpu pni pclmulqdq dtes64 monitor ds_cpl vmx est tm2 ssse3 fma cx16 xtpr pdcm pcid sse4_1 sse4_2 x2apic movbe popcnt tsc_deadline_timer aes xsave avx f16c rdrand lahf_lm abm 3dnowprefetch ida arat epb pln pts dtherm intel_pt tpr_shadow vnmi flexpriority ept vpid fsgsbase tsc_adjust bmi1 avx2 smep bmi2 erms invpcid rdseed adx smap xsaveopt
bugs		:
bogomips	: 4788.69
clflush size	: 64
cache_alignment	: 64
address sizes	: 39 bits physical, 48 bits virtual
power management:

processor	: 1
vendor_id	: GenuineIntel
cpu family	: 6
model		: 61
model name	: Intel(R) Core(TM) i7-5500U CPU @ 2.40GHz
stepping	: 4
microcode	: 0x21
cpu MHz		: 2658.000
cache size	: 4096 KB
physical id	: 0
siblings	: 4
core id		: 1
cpu cores	: 2
apicid		: 2
initial apicid	: 2
fpu		: yes
fpu_exception	: yes
cpuid level	: 20
wp		: yes
flags		: fpu vme de pse tsc msr pae mce cx8 apic sep mtrr pge mca cmov pat pse36 clflush dts acpi mmx fxsr sse sse2 ss ht tm pbe syscall nx pdpe1gb rdtscp lm constant_tsc arch_perfmon pebs bts rep_good nopl xtopology nonstop_tsc aperfmperf eagerfpu pni pclmulqdq dtes64 monitor ds_cpl vmx est tm2 ssse3 fma cx16 xtpr pdcm pcid sse4_1 sse4_2 x2apic movbe popcnt tsc_deadline_timer aes xsave avx f16c rdrand lahf_lm abm 3dnowprefetch ida arat epb pln pts dtherm intel_pt tpr_shadow vnmi flexpriority ept vpid fsgsbase tsc_adjust bmi1 avx2 smep bmi2 erms invpcid rdseed adx smap xsaveopt
bugs		:
bogomips	: 4788.69
clflush size	: 64
cache_alignment	: 64
address sizes	: 39 bits physical, 48 bits virtual
power management:

processor	: 2
vendor_id	: GenuineIntel
cpu family	: 6
model		: 61
model name	: Intel(R) Core(TM) i7-5500U CPU @ 2.40GHz
stepping	: 4
microcode	: 0x21
cpu MHz		: 2633.812
cache size	: 4096 KB
physical id	: 0
siblings	: 4
core id		: 0
cpu cores	: 2
apicid		: 1
initial apicid	: 1
fpu		: yes
fpu_exception	: yes
cpuid level	: 20
wp		: yes
flags		: fpu vme de pse tsc msr pae mce cx8 apic sep mtrr pge mca cmov pat pse36 clflush dts acpi mmx fxsr sse sse2 ss ht tm pbe syscall nx pdpe1gb rdtscp lm constant_tsc arch_perfmon pebs bts rep_good nopl xtopology nonstop_tsc aperfmperf eagerfpu pni pclmulqdq dtes64 monitor ds_cpl vmx est tm2 ssse3 fma cx16 xtpr pdcm pcid sse4_1 sse4_2 x2apic movbe popcnt tsc_deadline_timer aes xsave avx f16c rdrand lahf_lm abm 3dnowprefetch ida arat epb pln pts dtherm intel_pt tpr_shadow vnmi flexpriority ept vpid fsgsbase tsc_adjust bmi1 avx2 smep bmi2 erms invpcid rdseed adx smap xsaveopt
bugs		:
bogomips	: 4788.69
clflush size	: 64
cache_alignment	: 64
address sizes	: 39 bits physical, 48 bits virtual
power management:

processor	: 3
vendor_id	: GenuineIntel
cpu family	: 6
model		: 61
model name	: Intel(R) Core(TM) i7-5500U CPU @ 2.40GHz
stepping	: 4
microcode	: 0x21
cpu MHz		: 2624.062
cache size	: 4096 KB
physical id	: 0
siblings	: 4
core id		: 1
cpu cores	: 2
apicid		: 3
initial apicid	: 3
fpu		: yes
fpu_exception	: yes
cpuid level	: 20
wp		: yes
flags		: fpu vme de pse tsc msr pae mce cx8 apic sep mtrr pge mca cmov pat pse36 clflush dts acpi mmx fxsr sse sse2 ss ht tm pbe syscall nx pdpe1gb rdtscp lm constant_tsc arch_perfmon pebs bts rep_good nopl xtopology nonstop_tsc aperfmperf eagerfpu pni pclmulqdq dtes64 monitor ds_cpl vmx est tm2 ssse3 fma cx16 xtpr pdcm pcid sse4_1 sse4_2 x2apic movbe popcnt tsc_deadline_timer aes xsave avx f16c rdrand lahf_lm abm 3dnowprefetch ida arat epb pln pts dtherm intel_pt tpr_shadow vnmi flexpriority ept vpid fsgsbase tsc_adjust bmi1 avx2 smep bmi2 erms invpcid rdseed adx smap xsaveopt
bugs		:
bogomips	: 4788.69
clflush size	: 64
cache_alignment	: 64
address sizes	: 39 bits physical, 48 bits virtual
power management:



Memory: 4k page, physical 16341916k(6524948k free), swap 0k(0k free)

vm_info: Java HotSpot(TM) 64-Bit Server VM (25.60-b23) for linux-amd64 JRE (1.8.0_60-b27), built on Aug  4 2015 12:19:40 by "java_re" with gcc 4.3.0 20080428 (Red Hat 4.3.0-8)

time: Tue Feb 23 10:22:43 2016
elapsed time: 57088 seconds (0d 15h 51m 28s)

