#
# A fatal error has been detected by the Java Runtime Environment:
#
#  SIGSEGV (0xb) at pc=0x00007f54450696ba, pid=16774, tid=139999766435584
#
# JRE version: Java(TM) SE Runtime Environment (8.0_60-b27) (build 1.8.0_60-b27)
# Java VM: Java HotSpot(TM) 64-Bit Server VM (25.60-b23 mixed mode linux-amd64 compressed oops)
# Problematic frame:
# v  ~BufferBlob::jni_fast_GetLongField
#
# Failed to write core dump. Core dumps have been disabled. To enable core dumping, try "ulimit -c unlimited" before starting Java again
#
# If you would like to submit a bug report, please visit:
#   http://bugreport.java.com/bugreport/crash.jsp
# The crash happened outside the Java Virtual Machine in native code.
# See problematic frame for where to report the bug.
#

---------------  T H R E A D  ---------------

Current thread (0x00007f545445a000):  JavaThread "AWT-XAWT" daemon [_thread_in_native, id=16790, stack(0x00007f543c48d000,0x00007f543c58e000)]

siginfo: si_signo: 11 (SIGSEGV), si_code: 1 (SEGV_MAPERR), si_addr: 0x0000000000000000

Registers:
RAX=0x00007f545c2ecda0, RBX=0x00007f545445a1f8, RCX=0x00007f545cd4f340, RDX=0x0000000000000042
RSP=0x00007f543c58c838, RBP=0x00007f543c58c860, RSI=0x0000000000000000, RDI=0x00007f545445a1f8
R8 =0x00000000000001f4, R9 =0x0000000000000000, R10=0x00000000000000b2, R11=0x00007f544564c498
R12=0x00007f53ec24dbb0, R13=0x0000000000000000, R14=0x00007f543e51f7e0, R15=0x00007f545445a000
RIP=0x00007f54450696ba, EFLAGS=0x0000000000010246, CSGSFS=0x0000000000000033, ERR=0x0000000000000004
  TRAPNO=0x000000000000000e

Top of Stack: (sp=0x00007f543c58c838)
0x00007f543c58c838:   00007f543e2fde61 00007f5444f47ec0
0x00007f543c58c848:   00007f53ec24dbb0 00007f543c58c910
0x00007f543c58c858:   00007f543c58c8e0 0000000000000000
0x00007f543c58c868:   00007f543dddf3c0 00007f5444f47ec0
0x00007f543c58c878:   00007f543c58c8a0 0000000000000000
0x00007f543c58c888:   00007f543ddd6f93 00007f543c58c910
0x00007f543c58c898:   00007f543e2f709f 00007f543c58c8f0
0x00007f543c58c8a8:   00007f544564c536 0000000000000000
0x00007f543c58c8b8:   00007f5445530876 00007f543c58c910
0x00007f543c58c8c8:   00007f544514ce6c 00000006c6d20c30
0x00007f543c58c8d8:   00000006c6f60930 00000006c6a00170
0x00007f543c58c8e8:   00000006c6f60930 00007f543c58c970
0x00007f543c58c8f8:   00007f5445007420 00007f543c58c970
0x00007f543c58c908:   00007f5445007420 0000000000000000
0x00007f543c58c918:   00007f5445007760 00007f5400000ea0
0x00007f543c58c928:   00000006c6d20c30 00007f543c58c930
0x00007f543c58c938:   00007f5444f27d6c 00007f543c58c9b8
0x00007f543c58c948:   00007f5444f30c90 0000000000000000
0x00007f543c58c958:   00007f5444f27ea8 00007f543c58c910
0x00007f543c58c968:   00007f543c58c9b0 00007f543c58ca00
0x00007f543c58c978:   00007f5445007c4d 0000000000000000
0x00007f543c58c988:   00000006c6bc8df0 0000000000000000
0x00007f543c58c998:   0000000000000000 0000000000000000
0x00007f543c58c9a8:   00000006c6d20c30 0000000000000000
0x00007f543c58c9b8:   00000006c6bb4798 00007f543c58c9c0
0x00007f543c58c9c8:   00007f5444f27bad 00007f543c58ca10
0x00007f543c58c9d8:   00007f5444f30c90 0000000000000000
0x00007f543c58c9e8:   00007f5444f27bb8 00007f543c58c9b0
0x00007f543c58c9f8:   00007f543c58ca10 00007f543c58ca58
0x00007f543c58ca08:   00007f5445007c92 00000006c6bb4798
0x00007f543c58ca18:   00007f543c58ca18 00007f544482d9cb
0x00007f543c58ca28:   00007f543c58ca68 00007f54448b4480 

Instructions: (pc=0x00007f54450696ba)
0x00007f544506969a:   00 00 00 00 00 00 44 8b 15 81 dc 2b 17 4c 8b ce
0x00007f54450696aa:   41 f6 c2 01 0f 85 2e 00 00 00 4d 33 ca 4d 33 ca
0x00007f54450696ba:   4d 8b 09 4c 8b da 49 c1 eb 02 4b 8b 04 19 49 bb
0x00007f54450696ca:   28 73 32 5c 54 7f 00 00 4c 33 d8 4c 33 d8 45 3b 

Register to memory mapping:

RAX=0x00007f545c2ecda0: <offset 0xf74da0> in /opt/jdk1.8.0_60/jre/lib/amd64/server/libjvm.so at 0x00007f545b378000
RBX=0x00007f545445a1f8 is an unknown value
RCX=0x00007f545cd4f340: <offset 0x219340> in /lib/x86_64-linux-gnu/libpthread.so.0 at 0x00007f545cb36000
RDX=0x0000000000000042 is an unknown value
RSP=0x00007f543c58c838 is pointing into the stack for thread: 0x00007f545445a000
RBP=0x00007f543c58c860 is pointing into the stack for thread: 0x00007f545445a000
RSI=0x0000000000000000 is an unknown value
RDI=0x00007f545445a1f8 is an unknown value
R8 =0x00000000000001f4 is an unknown value
R9 =0x0000000000000000 is an unknown value
R10=0x00000000000000b2 is an unknown value
R11=0x00007f544564c498 is at entry_point+24 in (nmethod*)0x00007f544564c310
R12=0x00007f53ec24dbb0 is an unknown value
R13=0x0000000000000000 is an unknown value
R14=0x00007f543e51f7e0: <offset 0x2587e0> in /opt/jdk1.8.0_60/jre/lib/amd64/libawt_xawt.so at 0x00007f543e2c7000
R15=0x00007f545445a000 is a thread


Stack: [0x00007f543c48d000,0x00007f543c58e000],  sp=0x00007f543c58c838,  free space=1022k
Native frames: (J=compiled Java code, j=interpreted, Vv=VM code, C=native code)
v  ~BufferBlob::jni_fast_GetLongField
C  [libX11.so.6+0x643c0]  _XimServerDestroy+0x70

Java frames: (J=compiled Java code, j=interpreted, Vv=VM code)
J 2067  sun.awt.X11.XlibWrapper.XFilterEvent(JJ)Z (0 bytes) @ 0x00007f544564c4c4 [0x00007f544564c480+0x44]
j  sun.awt.X11.XToolkit.run(Z)V+300
j  sun.awt.X11.XToolkit.run()V+5
j  java.lang.Thread.run()V+11
v  ~StubRoutines::call_stub

---------------  P R O C E S S  ---------------

Java Threads: ( => current thread )
  0x00007f5454009800 JavaThread "DestroyJavaVM" [_thread_blocked, id=16775, stack(0x00007f545ce4b000,0x00007f545cf4c000)]
  0x00007f53ec264000 JavaThread "TimerQueue" daemon [_thread_blocked, id=16796, stack(0x00007f53f29c1000,0x00007f53f2ac2000)]
  0x00007f5454460000 JavaThread "AWT-EventQueue-0" [_thread_blocked, id=16792, stack(0x00007f543c28b000,0x00007f543c38c000)]
=>0x00007f545445a000 JavaThread "AWT-XAWT" daemon [_thread_in_native, id=16790, stack(0x00007f543c48d000,0x00007f543c58e000)]
  0x00007f545443b800 JavaThread "Java2D Disposer" daemon [_thread_blocked, id=16789, stack(0x00007f543c99e000,0x00007f543ca9f000)]
  0x00007f5454192800 JavaThread "Service Thread" daemon [_thread_blocked, id=16787, stack(0x00007f543e8f3000,0x00007f543e9f4000)]
  0x00007f5454185000 JavaThread "C1 CompilerThread2" daemon [_thread_blocked, id=16786, stack(0x00007f543e9f4000,0x00007f543eaf5000)]
  0x00007f5454183800 JavaThread "C2 CompilerThread1" daemon [_thread_blocked, id=16785, stack(0x00007f543eaf5000,0x00007f543ebf6000)]
  0x00007f5454180800 JavaThread "C2 CompilerThread0" daemon [_thread_blocked, id=16784, stack(0x00007f543ebf6000,0x00007f543ecf7000)]
  0x00007f545417f000 JavaThread "Signal Dispatcher" daemon [_thread_blocked, id=16783, stack(0x00007f543ecf7000,0x00007f543edf8000)]
  0x00007f5454146000 JavaThread "Finalizer" daemon [_thread_blocked, id=16782, stack(0x00007f543f4f5000,0x00007f543f5f6000)]
  0x00007f5454144000 JavaThread "Reference Handler" daemon [_thread_blocked, id=16781, stack(0x00007f543f5f6000,0x00007f543f6f7000)]

Other Threads:
  0x00007f545413f000 VMThread [stack: 0x00007f543f6f7000,0x00007f543f7f8000] [id=16780]
  0x00007f5454195800 WatcherThread [stack: 0x00007f543e7f2000,0x00007f543e8f3000] [id=16788]

VM state:not at safepoint (normal execution)

VM Mutex/Monitor currently owned by a thread: None

Heap:
 PSYoungGen      total 74752K, used 16284K [0x000000076ce00000, 0x0000000772100000, 0x00000007c0000000)
  eden space 64512K, 25% used [0x000000076ce00000,0x000000076dde73c0,0x0000000770d00000)
  from space 10240K, 0% used [0x0000000770d00000,0x0000000770d00000,0x0000000771700000)
  to   space 10240K, 0% used [0x0000000771700000,0x0000000771700000,0x0000000772100000)
 ParOldGen       total 77312K, used 11379K [0x00000006c6a00000, 0x00000006cb580000, 0x000000076ce00000)
  object space 77312K, 14% used [0x00000006c6a00000,0x00000006c751cd08,0x00000006cb580000)
 Metaspace       used 21226K, capacity 21416K, committed 21936K, reserved 1069056K
  class space    used 2629K, capacity 2705K, committed 2816K, reserved 1048576K

Card table byte_map: [0x00007f545944a000,0x00007f5459c16000] byte_map_base: 0x00007f5455e15000

Marking Bits: (ParMarkBitMap*) 0x00007f545c326de0
 Begin Bits: [0x00007f5428350000, 0x00007f542c1a8000)
 End Bits:   [0x00007f542c1a8000, 0x00007f5430000000)

Polling page: 0x00007f545cf74000

CodeCache: size=245760Kb used=8152Kb max_used=8453Kb free=237607Kb
 bounds [0x00007f5445000000, 0x00007f5445850000, 0x00007f5454000000]
 total_blobs=3211 nmethods=2581 adapters=541
 compilation: enabled

Compilation events (10 events):
Event: 1427,342 Thread 0x00007f5454185000 2741       3       sun.awt.X11.XMSelection::processRootEvent (32 bytes)
Event: 1427,343 Thread 0x00007f5454185000 nmethod 2741 0x00007f544510f150 code [0x00007f544510f300, 0x00007f544510f6d8]
Event: 1852,803 Thread 0x00007f5454180800 2742       4       java.util.Arrays::copyOf (46 bytes)
Event: 1852,807 Thread 0x00007f5454180800 nmethod 2742 0x00007f54451627d0 code [0x00007f5445162940, 0x00007f5445162c98]
Event: 3195,737 Thread 0x00007f5454183800 2743       4       sun.awt.X11.XEvent::get_xany (22 bytes)
Event: 3195,750 Thread 0x00007f5454183800 nmethod 2743 0x00007f5445144550 code [0x00007f5445144780, 0x00007f5445144f70]
Event: 4923,976 Thread 0x00007f5454180800 2744       4       java.lang.Long::hashCode (8 bytes)
Event: 4923,977 Thread 0x00007f5454180800 nmethod 2744 0x00007f54451001d0 code [0x00007f5445100320, 0x00007f5445100398]
Event: 5656,894 Thread 0x00007f5454183800 2745       4       java.util.Vector$Itr::hasNext (20 bytes)
Event: 5656,894 Thread 0x00007f5454183800 nmethod 2745 0x00007f544515f090 code [0x00007f544515f1e0, 0x00007f544515f278]

GC Heap History (4 events):
Event: 8,336 GC heap before
{Heap before GC invocations=1 (full 0):
 PSYoungGen      total 74752K, used 49356K [0x000000076ce00000, 0x0000000772100000, 0x00000007c0000000)
  eden space 64512K, 76% used [0x000000076ce00000,0x000000076fe331f8,0x0000000770d00000)
  from space 10240K, 0% used [0x0000000771700000,0x0000000771700000,0x0000000772100000)
  to   space 10240K, 0% used [0x0000000770d00000,0x0000000770d00000,0x0000000771700000)
 ParOldGen       total 171008K, used 0K [0x00000006c6a00000, 0x00000006d1100000, 0x000000076ce00000)
  object space 171008K, 0% used [0x00000006c6a00000,0x00000006c6a00000,0x00000006d1100000)
 Metaspace       used 20842K, capacity 20994K, committed 21296K, reserved 1069056K
  class space    used 2607K, capacity 2672K, committed 2688K, reserved 1048576K
Event: 8,352 GC heap after
Heap after GC invocations=1 (full 0):
 PSYoungGen      total 74752K, used 10217K [0x000000076ce00000, 0x0000000772100000, 0x00000007c0000000)
  eden space 64512K, 0% used [0x000000076ce00000,0x000000076ce00000,0x0000000770d00000)
  from space 10240K, 99% used [0x0000000770d00000,0x00000007716fa530,0x0000000771700000)
  to   space 10240K, 0% used [0x0000000771700000,0x0000000771700000,0x0000000772100000)
 ParOldGen       total 171008K, used 1387K [0x00000006c6a00000, 0x00000006d1100000, 0x000000076ce00000)
  object space 171008K, 0% used [0x00000006c6a00000,0x00000006c6b5af60,0x00000006d1100000)
 Metaspace       used 20842K, capacity 20994K, committed 21296K, reserved 1069056K
  class space    used 2607K, capacity 2672K, committed 2688K, reserved 1048576K
}
Event: 8,352 GC heap before
{Heap before GC invocations=2 (full 1):
 PSYoungGen      total 74752K, used 10217K [0x000000076ce00000, 0x0000000772100000, 0x00000007c0000000)
  eden space 64512K, 0% used [0x000000076ce00000,0x000000076ce00000,0x0000000770d00000)
  from space 10240K, 99% used [0x0000000770d00000,0x00000007716fa530,0x0000000771700000)
  to   space 10240K, 0% used [0x0000000771700000,0x0000000771700000,0x0000000772100000)
 ParOldGen       total 171008K, used 1387K [0x00000006c6a00000, 0x00000006d1100000, 0x000000076ce00000)
  object space 171008K, 0% used [0x00000006c6a00000,0x00000006c6b5af60,0x00000006d1100000)
 Metaspace       used 20842K, capacity 20994K, committed 21296K, reserved 1069056K
  class space    used 2607K, capacity 2672K, committed 2688K, reserved 1048576K
Event: 8,397 GC heap after
Heap after GC invocations=2 (full 1):
 PSYoungGen      total 74752K, used 0K [0x000000076ce00000, 0x0000000772100000, 0x00000007c0000000)
  eden space 64512K, 0% used [0x000000076ce00000,0x000000076ce00000,0x0000000770d00000)
  from space 10240K, 0% used [0x0000000770d00000,0x0000000770d00000,0x0000000771700000)
  to   space 10240K, 0% used [0x0000000771700000,0x0000000771700000,0x0000000772100000)
 ParOldGen       total 77312K, used 11379K [0x00000006c6a00000, 0x00000006cb580000, 0x000000076ce00000)
  object space 77312K, 14% used [0x00000006c6a00000,0x00000006c751cd08,0x00000006cb580000)
 Metaspace       used 20842K, capacity 20994K, committed 21296K, reserved 1069056K
  class space    used 2607K, capacity 2672K, committed 2688K, reserved 1048576K
}

Deoptimization events (10 events):
Event: 8,440 Thread 0x00007f54544ef000 Uncommon trap: reason=bimorphic action=maybe_recompile pc=0x00007f544571a14c method=org.jclarion.clarion.ClarionString.charAt(I)C @ 4
Event: 8,440 Thread 0x00007f54544ef000 Uncommon trap: reason=bimorphic action=maybe_recompile pc=0x00007f544571a14c method=org.jclarion.clarion.ClarionString.charAt(I)C @ 4
Event: 8,440 Thread 0x00007f54544ef000 Uncommon trap: reason=bimorphic action=maybe_recompile pc=0x00007f544571a14c method=org.jclarion.clarion.ClarionString.charAt(I)C @ 4
Event: 8,442 Thread 0x00007f54544ef000 Uncommon trap: reason=bimorphic action=maybe_recompile pc=0x00007f544571bf10 method=org.jclarion.clarion.ClarionString.getLength()I @ 4
Event: 8,493 Thread 0x00007f54544ef000 Uncommon trap: reason=bimorphic action=maybe_recompile pc=0x00007f544571bf10 method=org.jclarion.clarion.ClarionString.getLength()I @ 4
Event: 1361,676 Thread 0x00007f5454009800 Uncommon trap: reason=class_check action=maybe_recompile pc=0x00007f54457b076c method=org.jclarion.clarion.ClarionString.setValue(Lorg/jclarion/clarion/ClarionObject;)V @ 18
Event: 1361,676 Thread 0x00007f5454009800 Uncommon trap: reason=class_check action=maybe_recompile pc=0x00007f54457b076c method=org.jclarion.clarion.ClarionString.setValue(Lorg/jclarion/clarion/ClarionObject;)V @ 18
Event: 1361,676 Thread 0x00007f5454009800 Uncommon trap: reason=class_check action=maybe_recompile pc=0x00007f54457b076c method=org.jclarion.clarion.ClarionString.setValue(Lorg/jclarion/clarion/ClarionObject;)V @ 18
Event: 1361,676 Thread 0x00007f5454009800 Uncommon trap: reason=class_check action=maybe_recompile pc=0x00007f54457b076c method=org.jclarion.clarion.ClarionString.setValue(Lorg/jclarion/clarion/ClarionObject;)V @ 18
Event: 1363,847 Thread 0x00007f5454009800 Uncommon trap: reason=unstable_if action=reinterpret pc=0x00007f54457e837c method=java.security.AccessControlContext.optimize()Ljava/security/AccessControlContext; @ 49

Internal exceptions (10 events):
Event: 0,581 Thread 0x00007f5454009800 Exception <a 'java/lang/ClassNotFoundException': ToolBarSeparator> (0x000000076e271e00) thrown at [/HUDSON/workspace/8-2-build-linux-amd64/jdk8u60/4407/hotspot/src/share/vm/classfile/systemDictionary.cpp, line 210]
Event: 0,582 Thread 0x00007f5454009800 Exception <a 'java/lang/ClassNotFoundException': ToolTip> (0x000000076e272580) thrown at [/HUDSON/workspace/8-2-build-linux-amd64/jdk8u60/4407/hotspot/src/share/vm/classfile/systemDictionary.cpp, line 210]
Event: 0,582 Thread 0x00007f5454009800 Exception <a 'java/lang/ClassNotFoundException': Tree> (0x000000076e2731d8) thrown at [/HUDSON/workspace/8-2-build-linux-amd64/jdk8u60/4407/hotspot/src/share/vm/classfile/systemDictionary.cpp, line 210]
Event: 0,582 Thread 0x00007f5454009800 Exception <a 'java/lang/ClassNotFoundException': Tree> (0x000000076e273918) thrown at [/HUDSON/workspace/8-2-build-linux-amd64/jdk8u60/4407/hotspot/src/share/vm/classfile/systemDictionary.cpp, line 210]
Event: 0,582 Thread 0x00007f5454009800 Exception <a 'java/lang/ClassNotFoundException': javax/swing/JTreeCell> (0x000000076e273c98) thrown at [/HUDSON/workspace/8-2-build-linux-amd64/jdk8u60/4407/hotspot/src/share/vm/classfile/systemDictionary.cpp, line 210]
Event: 0,582 Thread 0x00007f5454009800 Exception <a 'java/lang/ClassNotFoundException': TreeCell> (0x000000076e274120) thrown at [/HUDSON/workspace/8-2-build-linux-amd64/jdk8u60/4407/hotspot/src/share/vm/classfile/systemDictionary.cpp, line 210]
Event: 0,583 Thread 0x00007f5454009800 Exception <a 'java/lang/ClassNotFoundException': RootPane> (0x000000076e274ad8) thrown at [/HUDSON/workspace/8-2-build-linux-amd64/jdk8u60/4407/hotspot/src/share/vm/classfile/systemDictionary.cpp, line 210]
Event: 1,217 Thread 0x00007f54544ef000 Exception <a 'java/lang/UnsupportedOperationException': > (0x000000076f71a280) thrown at [/HUDSON/workspace/8-2-build-linux-amd64/jdk8u60/4407/hotspot/src/share/vm/prims/jni.cpp, line 735]
Event: 8,313 Thread 0x00007f54544ef000 Exception <a 'java/lang/UnsupportedOperationException': > (0x000000076fb17ea0) thrown at [/HUDSON/workspace/8-2-build-linux-amd64/jdk8u60/4407/hotspot/src/share/vm/prims/jni.cpp, line 735]
Event: 1363,846 Thread 0x00007f5454009800 Implicit null exception at 0x00007f54457e7860 to 0x00007f54457e8369

Events (10 events):
Event: 5656,894 Thread 0x00007f5454183800 flushing nmethod 0x00007f5445328950
Event: 5656,894 Thread 0x00007f5454183800 flushing nmethod 0x00007f5445329590
Event: 5656,894 Thread 0x00007f5454183800 flushing nmethod 0x00007f544532b650
Event: 5656,894 Thread 0x00007f5454183800 flushing nmethod 0x00007f544532c210
Event: 5656,894 Thread 0x00007f5454183800 flushing nmethod 0x00007f544532c990
Event: 5656,894 Thread 0x00007f5454183800 flushing nmethod 0x00007f544532ee90
Event: 5656,894 Thread 0x00007f5454183800 flushing nmethod 0x00007f5445330ed0
Event: 5656,894 Thread 0x00007f5454183800 flushing nmethod 0x00007f5445332750
Event: 5656,894 Thread 0x00007f5454183800 flushing nmethod 0x00007f5445333950
Event: 5656,894 Thread 0x00007f5454183800 flushing nmethod 0x00007f5445338b90


Dynamic libraries:
00400000-00401000 r-xp 00000000 08:01 24774493                           /opt/jdk1.8.0_60/bin/java
00600000-00601000 rw-p 00000000 08:01 24774493                           /opt/jdk1.8.0_60/bin/java
02316000-02337000 rw-p 00000000 00:00 0                                  [heap]
6c6a00000-6cb580000 rw-p 00000000 00:00 0 
6cb580000-76ce00000 ---p 00000000 00:00 0 
76ce00000-772100000 rw-p 00000000 00:00 0 
772100000-7c0000000 ---p 00000000 00:00 0 
7c0000000-7c02c0000 rw-p 00000000 00:00 0 
7c02c0000-800000000 ---p 00000000 00:00 0 
7f53e4000000-7f53e4021000 rw-p 00000000 00:00 0 
7f53e4021000-7f53e8000000 ---p 00000000 00:00 0 
7f53e8000000-7f53e8021000 rw-p 00000000 00:00 0 
7f53e8021000-7f53ec000000 ---p 00000000 00:00 0 
7f53ec000000-7f53ec2a3000 rw-p 00000000 00:00 0 
7f53ec2a3000-7f53f0000000 ---p 00000000 00:00 0 
7f53f27c1000-7f53f286d000 rw-p 00000000 00:00 0 
7f53f286d000-7f53f29c1000 ---p 00000000 00:00 0 
7f53f29c1000-7f53f29c4000 ---p 00000000 00:00 0 
7f53f29c4000-7f53f2cc2000 rw-p 00000000 00:00 0                          [stack:16796]
7f53f2cc2000-7f53f2cec000 r-xp 00000000 08:01 24774351                   /opt/jdk1.8.0_60/jre/lib/amd64/libdcpr.so
7f53f2cec000-7f53f2eec000 ---p 0002a000 08:01 24774351                   /opt/jdk1.8.0_60/jre/lib/amd64/libdcpr.so
7f53f2eec000-7f53f2eef000 rw-p 0002a000 08:01 24774351                   /opt/jdk1.8.0_60/jre/lib/amd64/libdcpr.so
7f53f2eef000-7f53f2efa000 r--s 00000000 08:01 12978793                   /var/cache/fontconfig/945677eb7aeaf62f1d50efc3fb3ec7d8-le64.cache-4
7f53f2efa000-7f53f2efc000 r--s 00000000 08:01 12978748                   /var/cache/fontconfig/99e8ed0e538f840c565b6ed5dad60d56-le64.cache-4
7f53f2efc000-7f53f2f05000 r--s 00000000 08:01 12978955                   /var/cache/fontconfig/a6d8cf8e4ec09cdbc8633c31745a07dd-le64.cache-4
7f53f2f05000-7f53f2f0b000 r--s 00000000 08:01 12978778                   /var/cache/fontconfig/2cd17615ca594fa2959ae173292e504c-le64.cache-4
7f53f2f0b000-7f53f2f0c000 r--s 00000000 08:01 12978775                   /var/cache/fontconfig/0d8c3b2ac0904cb8a57a757ad11a4a08-le64.cache-4
7f53f2f0c000-7f53f2f13000 r--s 00000000 08:01 12978797                   /var/cache/fontconfig/a755afe4a08bf5b97852ceb7400b47bc-le64.cache-4
7f53f2f13000-7f53f2f14000 r--s 00000000 08:01 12978796                   /var/cache/fontconfig/a6354e3ac43af67bd8d7b8e43c34e49f-le64.cache-4
7f53f2f14000-7f53f2f2a000 r--s 00000000 08:01 12978773                   /var/cache/fontconfig/04aabc0a78ac019cf9454389977116d2-le64.cache-4
7f53f2f2a000-7f53f2f2b000 r--s 00000000 08:01 12978777                   /var/cache/fontconfig/1ac9eb803944fde146138c791f5cc56a-le64.cache-4
7f53f2f2b000-7f53f2f2f000 r--s 00000000 08:01 12978781                   /var/cache/fontconfig/385c0604a188198f04d133e54aba7fe7-le64.cache-4
7f53f2f2f000-7f53f2f30000 r--s 00000000 08:01 12978807                   /var/cache/fontconfig/dc05db6664285cc2f12bf69c139ae4c3-le64.cache-4
7f53f2f30000-7f53f2f32000 r--s 00000000 08:01 12978790                   /var/cache/fontconfig/767a8244fc0220cfb567a839d0392e0b-le64.cache-4
7f53f2f32000-7f53f2f33000 r--s 00000000 08:01 12976978                   /var/cache/fontconfig/4794a0821666d79190d59a36cb4f44b5-le64.cache-4
7f53f2f33000-7f53f2f38000 r--s 00000000 08:01 12978792                   /var/cache/fontconfig/8801497958630a81b71ace7c5f9b32a8-le64.cache-4
7f53f2f38000-7f53f2f73000 r--s 00000000 08:01 12976989                   /var/cache/fontconfig/365b55f210c0a22e9a19e35191240f32-le64.cache-4
7f53f2f73000-7f53f2f74000 r--s 00000000 08:01 12978800                   /var/cache/fontconfig/bab58bb527bb656aaa9f116d68a48d89-le64.cache-4
7f53f2f74000-7f53f2f7b000 r--s 00000000 08:01 12978779                   /var/cache/fontconfig/3047814df9a2f067bd2d96a2b9c36e5a-le64.cache-4
7f53f2f7b000-7f53f2f84000 r--s 00000000 08:01 12978791                   /var/cache/fontconfig/52f7bdb7ce746bfd7eaa1985bd9cfa93-le64.cache-4
7f53f2f84000-7f53f2f97000 r--s 00000000 08:01 12978804                   /var/cache/fontconfig/d52a8644073d54c13679302ca1180695-le64.cache-4
7f53f2f97000-7f53f2fa1000 r--s 00000000 08:01 12978782                   /var/cache/fontconfig/3f7329c5293ffd510edef78f73874cfd-le64.cache-4
7f53f303f000-7f53f3043000 r--s 00095000 08:01 24774403                   /opt/jdk1.8.0_60/jre/lib/jsse.jar
7f53f3043000-7f53f3243000 rw-p 00000000 00:00 0 
7f53f3243000-7f53f3246000 ---p 00000000 00:00 0 
7f53f3246000-7f53f3544000 rw-p 00000000 00:00 0 
7f53f3544000-7f53f35ad000 r-xp 00000000 08:01 24774358                   /opt/jdk1.8.0_60/jre/lib/amd64/libt2k.so
7f53f35ad000-7f53f37ad000 ---p 00069000 08:01 24774358                   /opt/jdk1.8.0_60/jre/lib/amd64/libt2k.so
7f53f37ad000-7f53f37b4000 rw-p 00069000 08:01 24774358                   /opt/jdk1.8.0_60/jre/lib/amd64/libt2k.so
7f53f37b4000-7f53f37c4000 rw-p 00000000 00:00 0 
7f53f3aee000-7f53f3af1000 ---p 00000000 00:00 0 
7f53f3af1000-7f53f3def000 rw-p 00000000 00:00 0 
7f53f3def000-7f53f3e00000 r-xp 00000000 08:01 24774382                   /opt/jdk1.8.0_60/jre/lib/amd64/libnio.so
7f53f3e00000-7f53f3fff000 ---p 00011000 08:01 24774382                   /opt/jdk1.8.0_60/jre/lib/amd64/libnio.so
7f53f3fff000-7f53f4000000 rw-p 00010000 08:01 24774382                   /opt/jdk1.8.0_60/jre/lib/amd64/libnio.so
7f53f4000000-7f53f4021000 rw-p 00000000 00:00 0 
7f53f4021000-7f53f8000000 ---p 00000000 00:00 0 
7f53f8000000-7f53f8021000 rw-p 00000000 00:00 0 
7f53f8021000-7f53fc000000 ---p 00000000 00:00 0 
7f53fc000000-7f53fc021000 rw-p 00000000 00:00 0 
7f53fc021000-7f5400000000 ---p 00000000 00:00 0 
7f5400000000-7f5400023000 rw-p 00000000 00:00 0 
7f5400023000-7f5404000000 ---p 00000000 00:00 0 
7f5404000000-7f5404021000 rw-p 00000000 00:00 0 
7f5404021000-7f5408000000 ---p 00000000 00:00 0 
7f5408000000-7f5408021000 rw-p 00000000 00:00 0 
7f5408021000-7f540c000000 ---p 00000000 00:00 0 
7f540c000000-7f540c37d000 rw-p 00000000 00:00 0 
7f540c37d000-7f5410000000 ---p 00000000 00:00 0 
7f5410000000-7f5410858000 rw-p 00000000 00:00 0 
7f5410858000-7f5414000000 ---p 00000000 00:00 0 
7f5414000000-7f5414021000 rw-p 00000000 00:00 0 
7f5414021000-7f5418000000 ---p 00000000 00:00 0 
7f5418000000-7f5419866000 rw-p 00000000 00:00 0 
7f5419866000-7f541c000000 ---p 00000000 00:00 0 
7f541c000000-7f541c021000 rw-p 00000000 00:00 0 
7f541c021000-7f5420000000 ---p 00000000 00:00 0 
7f5420000000-7f5420021000 rw-p 00000000 00:00 0 
7f5420021000-7f5424000000 ---p 00000000 00:00 0 
7f5424000000-7f5424021000 rw-p 00000000 00:00 0 
7f5424021000-7f5428000000 ---p 00000000 00:00 0 
7f5428000000-7f5428006000 r--s 00000000 08:01 12978798                   /var/cache/fontconfig/b47c4e1ecd0709278f4910c18777a504-le64.cache-4
7f5428006000-7f5428011000 r--s 00000000 08:01 12978743                   /var/cache/fontconfig/d589a48862398ed80a3d6066f4f56f4c-le64.cache-4
7f5428011000-7f5428014000 r--s 00000000 08:01 12978959                   /var/cache/fontconfig/75114ca45c98e8a441da0ff356701271-le64.cache-4
7f5428014000-7f542801f000 r--s 00000000 08:01 12978801                   /var/cache/fontconfig/83bf95040141907cd45bb53cf7c1c148-le64.cache-4
7f542801f000-7f5428028000 r--s 00000000 08:01 12981218                   /var/cache/fontconfig/d0972c3d32f097851eb916381fc38920-le64.cache-4
7f5428028000-7f5428035000 r--s 00000000 08:01 12978751                   /var/cache/fontconfig/e13b20fdb08344e0e664864cc2ede53d-le64.cache-4
7f5428035000-7f5428039000 r--s 00000000 08:01 12978958                   /var/cache/fontconfig/7ef2298fde41cc6eeb7af42e48b7d293-le64.cache-4
7f542804f000-7f5430000000 rw-p 00000000 00:00 0 
7f5430000000-7f5430021000 rw-p 00000000 00:00 0 
7f5430021000-7f5434000000 ---p 00000000 00:00 0 
7f5434000000-7f5434021000 rw-p 00000000 00:00 0 
7f5434021000-7f5438000000 ---p 00000000 00:00 0 
7f5438000000-7f5438021000 rw-p 00000000 00:00 0 
7f5438021000-7f543c000000 ---p 00000000 00:00 0 
7f543c000000-7f543c001000 r--s 00000000 08:01 12978786                   /var/cache/fontconfig/56cf4f4769d0f4abc89a4895d7bd3ae1-le64.cache-4
7f543c001000-7f543c002000 r--s 00000000 08:01 12978799                   /var/cache/fontconfig/b9d506c9ac06c20b433354fa67a72993-le64.cache-4
7f543c074000-7f543c08a000 r-xp 00000000 08:01 24774355                   /opt/jdk1.8.0_60/jre/lib/amd64/libnet.so
7f543c08a000-7f543c28a000 ---p 00016000 08:01 24774355                   /opt/jdk1.8.0_60/jre/lib/amd64/libnet.so
7f543c28a000-7f543c28b000 rw-p 00016000 08:01 24774355                   /opt/jdk1.8.0_60/jre/lib/amd64/libnet.so
7f543c28b000-7f543c28e000 ---p 00000000 00:00 0 
7f543c28e000-7f543c38c000 rw-p 00000000 00:00 0                          [stack:16792]
7f543c38c000-7f543c38f000 ---p 00000000 00:00 0 
7f543c38f000-7f543c48d000 rw-p 00000000 00:00 0 
7f543c48d000-7f543c490000 ---p 00000000 00:00 0 
7f543c490000-7f543c58e000 rw-p 00000000 00:00 0                          [stack:16790]
7f543c58e000-7f543c593000 r-xp 00000000 08:01 27928400                   /usr/lib/x86_64-linux-gnu/libXfixes.so.3.1.0
7f543c593000-7f543c792000 ---p 00005000 08:01 27928400                   /usr/lib/x86_64-linux-gnu/libXfixes.so.3.1.0
7f543c792000-7f543c793000 r--p 00004000 08:01 27928400                   /usr/lib/x86_64-linux-gnu/libXfixes.so.3.1.0
7f543c793000-7f543c794000 rw-p 00005000 08:01 27928400                   /usr/lib/x86_64-linux-gnu/libXfixes.so.3.1.0
7f543c794000-7f543c79d000 r-xp 00000000 08:01 27928392                   /usr/lib/x86_64-linux-gnu/libXcursor.so.1.0.2
7f543c79d000-7f543c99c000 ---p 00009000 08:01 27928392                   /usr/lib/x86_64-linux-gnu/libXcursor.so.1.0.2
7f543c99c000-7f543c99d000 r--p 00008000 08:01 27928392                   /usr/lib/x86_64-linux-gnu/libXcursor.so.1.0.2
7f543c99d000-7f543c99e000 rw-p 00009000 08:01 27928392                   /usr/lib/x86_64-linux-gnu/libXcursor.so.1.0.2
7f543c99e000-7f543c9a1000 ---p 00000000 00:00 0 
7f543c9a1000-7f543cc9f000 rw-p 00000000 00:00 0                          [stack:16789]
7f543cc9f000-7f543ccb5000 r-xp 00000000 08:01 14291550                   /lib/x86_64-linux-gnu/libgcc_s.so.1
7f543ccb5000-7f543ceb4000 ---p 00016000 08:01 14291550                   /lib/x86_64-linux-gnu/libgcc_s.so.1
7f543ceb4000-7f543ceb5000 r--p 00015000 08:01 14291550                   /lib/x86_64-linux-gnu/libgcc_s.so.1
7f543ceb5000-7f543ceb6000 rw-p 00016000 08:01 14291550                   /lib/x86_64-linux-gnu/libgcc_s.so.1
7f543ceb6000-7f543cf1c000 r-xp 00000000 08:01 24774359                   /opt/jdk1.8.0_60/jre/lib/amd64/libfontmanager.so
7f543cf1c000-7f543d11b000 ---p 00066000 08:01 24774359                   /opt/jdk1.8.0_60/jre/lib/amd64/libfontmanager.so
7f543d11b000-7f543d11f000 rw-p 00065000 08:01 24774359                   /opt/jdk1.8.0_60/jre/lib/amd64/libfontmanager.so
7f543d11f000-7f543d130000 rw-p 00000000 00:00 0 
7f543d130000-7f543d135000 r-xp 00000000 08:01 27928396                   /usr/lib/x86_64-linux-gnu/libXdmcp.so.6.0.0
7f543d135000-7f543d334000 ---p 00005000 08:01 27928396                   /usr/lib/x86_64-linux-gnu/libXdmcp.so.6.0.0
7f543d334000-7f543d335000 r--p 00004000 08:01 27928396                   /usr/lib/x86_64-linux-gnu/libXdmcp.so.6.0.0
7f543d335000-7f543d336000 rw-p 00005000 08:01 27928396                   /usr/lib/x86_64-linux-gnu/libXdmcp.so.6.0.0
7f543d336000-7f543d338000 r-xp 00000000 08:01 27928385                   /usr/lib/x86_64-linux-gnu/libXau.so.6.0.0
7f543d338000-7f543d538000 ---p 00002000 08:01 27928385                   /usr/lib/x86_64-linux-gnu/libXau.so.6.0.0
7f543d538000-7f543d539000 r--p 00002000 08:01 27928385                   /usr/lib/x86_64-linux-gnu/libXau.so.6.0.0
7f543d539000-7f543d53a000 rw-p 00003000 08:01 27928385                   /usr/lib/x86_64-linux-gnu/libXau.so.6.0.0
7f543d53a000-7f543d55a000 r-xp 00000000 08:01 27929579                   /usr/lib/x86_64-linux-gnu/libxcb.so.1.1.0
7f543d55a000-7f543d759000 ---p 00020000 08:01 27929579                   /usr/lib/x86_64-linux-gnu/libxcb.so.1.1.0
7f543d759000-7f543d75a000 r--p 0001f000 08:01 27929579                   /usr/lib/x86_64-linux-gnu/libxcb.so.1.1.0
7f543d75a000-7f543d75b000 rw-p 00020000 08:01 27929579                   /usr/lib/x86_64-linux-gnu/libxcb.so.1.1.0
7f543d75b000-7f543d76a000 r-xp 00000000 08:01 27928406                   /usr/lib/x86_64-linux-gnu/libXi.so.6.1.0
7f543d76a000-7f543d969000 ---p 0000f000 08:01 27928406                   /usr/lib/x86_64-linux-gnu/libXi.so.6.1.0
7f543d969000-7f543d96a000 r--p 0000e000 08:01 27928406                   /usr/lib/x86_64-linux-gnu/libXi.so.6.1.0
7f543d96a000-7f543d96b000 rw-p 0000f000 08:01 27928406                   /usr/lib/x86_64-linux-gnu/libXi.so.6.1.0
7f543d96b000-7f543d970000 r-xp 00000000 08:01 27928424                   /usr/lib/x86_64-linux-gnu/libXtst.so.6.1.0
7f543d970000-7f543db6f000 ---p 00005000 08:01 27928424                   /usr/lib/x86_64-linux-gnu/libXtst.so.6.1.0
7f543db6f000-7f543db70000 r--p 00004000 08:01 27928424                   /usr/lib/x86_64-linux-gnu/libXtst.so.6.1.0
7f543db70000-7f543db71000 rw-p 00005000 08:01 27928424                   /usr/lib/x86_64-linux-gnu/libXtst.so.6.1.0
7f543db71000-7f543db7a000 r-xp 00000000 08:01 27928418                   /usr/lib/x86_64-linux-gnu/libXrender.so.1.3.0
7f543db7a000-7f543dd79000 ---p 00009000 08:01 27928418                   /usr/lib/x86_64-linux-gnu/libXrender.so.1.3.0
7f543dd79000-7f543dd7a000 r--p 00008000 08:01 27928418                   /usr/lib/x86_64-linux-gnu/libXrender.so.1.3.0
7f543dd7a000-7f543dd7b000 rw-p 00009000 08:01 27928418                   /usr/lib/x86_64-linux-gnu/libXrender.so.1.3.0
7f543dd7b000-7f543deb0000 r-xp 00000000 08:01 27928381                   /usr/lib/x86_64-linux-gnu/libX11.so.6.3.0
7f543deb0000-7f543e0b0000 ---p 00135000 08:01 27928381                   /usr/lib/x86_64-linux-gnu/libX11.so.6.3.0
7f543e0b0000-7f543e0b1000 r--p 00135000 08:01 27928381                   /usr/lib/x86_64-linux-gnu/libX11.so.6.3.0
7f543e0b1000-7f543e0b5000 rw-p 00136000 08:01 27928381                   /usr/lib/x86_64-linux-gnu/libX11.so.6.3.0
7f543e0b5000-7f543e0c6000 r-xp 00000000 08:01 27928398                   /usr/lib/x86_64-linux-gnu/libXext.so.6.4.0
7f543e0c6000-7f543e2c5000 ---p 00011000 08:01 27928398                   /usr/lib/x86_64-linux-gnu/libXext.so.6.4.0
7f543e2c5000-7f543e2c6000 r--p 00010000 08:01 27928398                   /usr/lib/x86_64-linux-gnu/libXext.so.6.4.0
7f543e2c6000-7f543e2c7000 rw-p 00011000 08:01 27928398                   /usr/lib/x86_64-linux-gnu/libXext.so.6.4.0
7f543e2c7000-7f543e31b000 r-xp 00000000 08:01 24774369                   /opt/jdk1.8.0_60/jre/lib/amd64/libawt_xawt.so
7f543e31b000-7f543e51b000 ---p 00054000 08:01 24774369                   /opt/jdk1.8.0_60/jre/lib/amd64/libawt_xawt.so
7f543e51b000-7f543e51f000 rw-p 00054000 08:01 24774369                   /opt/jdk1.8.0_60/jre/lib/amd64/libawt_xawt.so
7f543e51f000-7f543e520000 rw-p 00000000 00:00 0 
7f543e520000-7f543e5c2000 r-xp 00000000 08:01 24774376                   /opt/jdk1.8.0_60/jre/lib/amd64/libawt.so
7f543e5c2000-7f543e7c2000 ---p 000a2000 08:01 24774376                   /opt/jdk1.8.0_60/jre/lib/amd64/libawt.so
7f543e7c2000-7f543e7ce000 rw-p 000a2000 08:01 24774376                   /opt/jdk1.8.0_60/jre/lib/amd64/libawt.so
7f543e7ce000-7f543e7f2000 rw-p 00000000 00:00 0 
7f543e7f2000-7f543e7f3000 ---p 00000000 00:00 0 
7f543e7f3000-7f543e8f3000 rw-p 00000000 00:00 0                          [stack:16788]
7f543e8f3000-7f543e8f6000 ---p 00000000 00:00 0 
7f543e8f6000-7f543e9f4000 rw-p 00000000 00:00 0                          [stack:16787]
7f543e9f4000-7f543e9f7000 ---p 00000000 00:00 0 
7f543e9f7000-7f543eaf5000 rw-p 00000000 00:00 0                          [stack:16786]
7f543eaf5000-7f543eaf8000 ---p 00000000 00:00 0 
7f543eaf8000-7f543ebf6000 rw-p 00000000 00:00 0                          [stack:16785]
7f543ebf6000-7f543ebf9000 ---p 00000000 00:00 0 
7f543ebf9000-7f543ecf7000 rw-p 00000000 00:00 0                          [stack:16784]
7f543ecf7000-7f543ecfa000 ---p 00000000 00:00 0 
7f543ecfa000-7f543edf8000 rw-p 00000000 00:00 0                          [stack:16783]
7f543edf8000-7f543f4f5000 r--p 00000000 08:01 27927258                   /usr/lib/locale/locale-archive
7f543f4f5000-7f543f4f8000 ---p 00000000 00:00 0 
7f543f4f8000-7f543f5f6000 rw-p 00000000 00:00 0                          [stack:16782]
7f543f5f6000-7f543f5f9000 ---p 00000000 00:00 0 
7f543f5f9000-7f543f6f7000 rw-p 00000000 00:00 0                          [stack:16781]
7f543f6f7000-7f543f6f8000 ---p 00000000 00:00 0 
7f543f6f8000-7f5440000000 rw-p 00000000 00:00 0                          [stack:16780]
7f5440000000-7f5440021000 rw-p 00000000 00:00 0 
7f5440021000-7f5444000000 ---p 00000000 00:00 0 
7f5444000000-7f5444001000 r--s 00000000 08:01 12978785                   /var/cache/fontconfig/551ecf3b0e8b0bca0f25c0944f561853-le64.cache-4
7f5444001000-7f5444002000 r--s 00000000 08:01 12978774                   /var/cache/fontconfig/0c9eb80ebd1c36541ebe2852d3bb0c49-le64.cache-4
7f5444087000-7f5444092000 r--s 00000000 08:01 12978793                   /var/cache/fontconfig/945677eb7aeaf62f1d50efc3fb3ec7d8-le64.cache-4
7f5444092000-7f544409b000 r--s 00000000 08:01 12978955                   /var/cache/fontconfig/a6d8cf8e4ec09cdbc8633c31745a07dd-le64.cache-4
7f544409b000-7f54440a1000 r--s 00000000 08:01 12978778                   /var/cache/fontconfig/2cd17615ca594fa2959ae173292e504c-le64.cache-4
7f54440a1000-7f54440a8000 r--s 00000000 08:01 12978797                   /var/cache/fontconfig/a755afe4a08bf5b97852ceb7400b47bc-le64.cache-4
7f54440a8000-7f54440be000 r--s 00000000 08:01 12978773                   /var/cache/fontconfig/04aabc0a78ac019cf9454389977116d2-le64.cache-4
7f54440be000-7f54440f9000 r--s 00000000 08:01 12976989                   /var/cache/fontconfig/365b55f210c0a22e9a19e35191240f32-le64.cache-4
7f54440f9000-7f5445000000 rw-p 00000000 00:00 0 
7f5445000000-7f5445850000 rwxp 00000000 00:00 0 
7f5445850000-7f5454000000 ---p 00000000 00:00 0 
7f5454000000-7f545459b000 rw-p 00000000 00:00 0 
7f545459b000-7f5458000000 ---p 00000000 00:00 0 
7f5458000000-7f5458002000 r--s 00000000 08:01 12978748                   /var/cache/fontconfig/99e8ed0e538f840c565b6ed5dad60d56-le64.cache-4
7f5458002000-7f5458003000 r--s 00000000 08:01 12978775                   /var/cache/fontconfig/0d8c3b2ac0904cb8a57a757ad11a4a08-le64.cache-4
7f5458003000-7f5458004000 r--s 00000000 08:01 12978796                   /var/cache/fontconfig/a6354e3ac43af67bd8d7b8e43c34e49f-le64.cache-4
7f5458004000-7f5458005000 r--s 00000000 08:01 12978777                   /var/cache/fontconfig/1ac9eb803944fde146138c791f5cc56a-le64.cache-4
7f5458005000-7f5458009000 r--s 00000000 08:01 12978781                   /var/cache/fontconfig/385c0604a188198f04d133e54aba7fe7-le64.cache-4
7f5458009000-7f545800a000 r--s 00000000 08:01 12978807                   /var/cache/fontconfig/dc05db6664285cc2f12bf69c139ae4c3-le64.cache-4
7f545800a000-7f545800c000 r--s 00000000 08:01 12978790                   /var/cache/fontconfig/767a8244fc0220cfb567a839d0392e0b-le64.cache-4
7f545800c000-7f545800d000 r--s 00000000 08:01 12976978                   /var/cache/fontconfig/4794a0821666d79190d59a36cb4f44b5-le64.cache-4
7f545800d000-7f5458012000 r--s 00000000 08:01 12978792                   /var/cache/fontconfig/8801497958630a81b71ace7c5f9b32a8-le64.cache-4
7f5458012000-7f5458013000 r--s 00000000 08:01 12978800                   /var/cache/fontconfig/bab58bb527bb656aaa9f116d68a48d89-le64.cache-4
7f5458013000-7f545801a000 r--s 00000000 08:01 12978779                   /var/cache/fontconfig/3047814df9a2f067bd2d96a2b9c36e5a-le64.cache-4
7f545801a000-7f545801b000 r--s 00000000 08:01 12978786                   /var/cache/fontconfig/56cf4f4769d0f4abc89a4895d7bd3ae1-le64.cache-4
7f545801b000-7f545801c000 r--s 00000000 08:01 12978799                   /var/cache/fontconfig/b9d506c9ac06c20b433354fa67a72993-le64.cache-4
7f545801c000-7f5458022000 r--s 00000000 08:01 12978798                   /var/cache/fontconfig/b47c4e1ecd0709278f4910c18777a504-le64.cache-4
7f5458022000-7f545802b000 r--s 00000000 08:01 12978791                   /var/cache/fontconfig/52f7bdb7ce746bfd7eaa1985bd9cfa93-le64.cache-4
7f545802b000-7f545803e000 r--s 00000000 08:01 12978804                   /var/cache/fontconfig/d52a8644073d54c13679302ca1180695-le64.cache-4
7f545803e000-7f545803f000 r--s 00000000 08:01 12978785                   /var/cache/fontconfig/551ecf3b0e8b0bca0f25c0944f561853-le64.cache-4
7f545803f000-7f5458049000 r--s 00000000 08:01 12978782                   /var/cache/fontconfig/3f7329c5293ffd510edef78f73874cfd-le64.cache-4
7f5458049000-7f5458054000 r--s 00000000 08:01 12978743                   /var/cache/fontconfig/d589a48862398ed80a3d6066f4f56f4c-le64.cache-4
7f5458054000-7f5458057000 r--s 00000000 08:01 12978959                   /var/cache/fontconfig/75114ca45c98e8a441da0ff356701271-le64.cache-4
7f5458057000-7f5458062000 r--s 00000000 08:01 12978801                   /var/cache/fontconfig/83bf95040141907cd45bb53cf7c1c148-le64.cache-4
7f5458062000-7f545806b000 r--s 00000000 08:01 12981218                   /var/cache/fontconfig/d0972c3d32f097851eb916381fc38920-le64.cache-4
7f545806b000-7f5458078000 r--s 00000000 08:01 12978751                   /var/cache/fontconfig/e13b20fdb08344e0e664864cc2ede53d-le64.cache-4
7f5458078000-7f545807c000 r--s 00000000 08:01 12978958                   /var/cache/fontconfig/7ef2298fde41cc6eeb7af42e48b7d293-le64.cache-4
7f545807c000-7f545807e000 r--s 00005000 08:01 13765659                   /home/robertsp/java/clarion2java/jclarion.netbeans.sf2/examples/execute.jar/clarion-sysruntime-1.17.jar
7f545807e000-7f5458082000 r--s 00032000 08:01 13766726                   /home/robertsp/java/clarion2java/jclarion.netbeans.sf2/examples/execute.jar/fontbox-1.8.11.jar
7f5458082000-7f545809a000 r--s 003cf000 08:01 13766720                   /home/robertsp/java/clarion2java/jclarion.netbeans.sf2/examples/execute.jar/pdfbox-1.8.11.jar
7f545809a000-7f54580a6000 r--s 00108000 08:01 13765658                   /home/robertsp/java/clarion2java/jclarion.netbeans.sf2/examples/execute.jar/itext-2.1.7.jar
7f54580a6000-7f54580ac000 r--s 00077000 08:01 13765656                   /home/robertsp/java/clarion2java/jclarion.netbeans.sf2/examples/execute.jar/postgresql-8.4-701.jdbc4.jar
7f54580ac000-7f54580fb000 rw-p 00000000 00:00 0 
7f54580fb000-7f54582d3000 r--s 03d17000 08:01 24774400                   /opt/jdk1.8.0_60/jre/lib/rt.jar
7f54582d3000-7f5458b14000 rw-p 00000000 00:00 0 
7f5458b14000-7f5458b15000 ---p 00000000 00:00 0 
7f5458b15000-7f5458c15000 rw-p 00000000 00:00 0                          [stack:16779]
7f5458c15000-7f5458c16000 ---p 00000000 00:00 0 
7f5458c16000-7f5458d16000 rw-p 00000000 00:00 0                          [stack:16778]
7f5458d16000-7f5458d17000 ---p 00000000 00:00 0 
7f5458d17000-7f5458e17000 rw-p 00000000 00:00 0                          [stack:16777]
7f5458e17000-7f5458e18000 ---p 00000000 00:00 0 
7f5458e18000-7f5458f3e000 rw-p 00000000 00:00 0                          [stack:16776]
7f5458f3e000-7f545944a000 ---p 00000000 00:00 0 
7f545944a000-7f5459470000 rw-p 00000000 00:00 0 
7f5459470000-7f545997c000 ---p 00000000 00:00 0 
7f545997c000-7f54599a6000 rw-p 00000000 00:00 0 
7f54599a6000-7f5459c15000 ---p 00000000 00:00 0 
7f5459c15000-7f5459c38000 rw-p 00000000 00:00 0 
7f5459c38000-7f5459fd6000 ---p 00000000 00:00 0 
7f5459fd6000-7f5459ff0000 r-xp 00000000 08:01 24774350                   /opt/jdk1.8.0_60/jre/lib/amd64/libzip.so
7f5459ff0000-7f545a1f0000 ---p 0001a000 08:01 24774350                   /opt/jdk1.8.0_60/jre/lib/amd64/libzip.so
7f545a1f0000-7f545a1f1000 rw-p 0001a000 08:01 24774350                   /opt/jdk1.8.0_60/jre/lib/amd64/libzip.so
7f545a1f1000-7f545a1fd000 r-xp 00000000 08:01 14292685                   /lib/x86_64-linux-gnu/libnss_files-2.21.so
7f545a1fd000-7f545a3fc000 ---p 0000c000 08:01 14292685                   /lib/x86_64-linux-gnu/libnss_files-2.21.so
7f545a3fc000-7f545a3fd000 r--p 0000b000 08:01 14292685                   /lib/x86_64-linux-gnu/libnss_files-2.21.so
7f545a3fd000-7f545a3fe000 rw-p 0000c000 08:01 14292685                   /lib/x86_64-linux-gnu/libnss_files-2.21.so
7f545a3fe000-7f545a409000 r-xp 00000000 08:01 14298672                   /lib/x86_64-linux-gnu/libnss_nis-2.21.so
7f545a409000-7f545a608000 ---p 0000b000 08:01 14298672                   /lib/x86_64-linux-gnu/libnss_nis-2.21.so
7f545a608000-7f545a609000 r--p 0000a000 08:01 14298672                   /lib/x86_64-linux-gnu/libnss_nis-2.21.so
7f545a609000-7f545a60a000 rw-p 0000b000 08:01 14298672                   /lib/x86_64-linux-gnu/libnss_nis-2.21.so
7f545a60a000-7f545a621000 r-xp 00000000 08:01 14292699                   /lib/x86_64-linux-gnu/libnsl-2.21.so
7f545a621000-7f545a820000 ---p 00017000 08:01 14292699                   /lib/x86_64-linux-gnu/libnsl-2.21.so
7f545a820000-7f545a821000 r--p 00016000 08:01 14292699                   /lib/x86_64-linux-gnu/libnsl-2.21.so
7f545a821000-7f545a822000 rw-p 00017000 08:01 14292699                   /lib/x86_64-linux-gnu/libnsl-2.21.so
7f545a822000-7f545a824000 rw-p 00000000 00:00 0 
7f545a824000-7f545a82c000 r-xp 00000000 08:01 14292687                   /lib/x86_64-linux-gnu/libnss_compat-2.21.so
7f545a82c000-7f545aa2b000 ---p 00008000 08:01 14292687                   /lib/x86_64-linux-gnu/libnss_compat-2.21.so
7f545aa2b000-7f545aa2c000 r--p 00007000 08:01 14292687                   /lib/x86_64-linux-gnu/libnss_compat-2.21.so
7f545aa2c000-7f545aa2d000 rw-p 00008000 08:01 14292687                   /lib/x86_64-linux-gnu/libnss_compat-2.21.so
7f545aa2d000-7f545aa57000 r-xp 00000000 08:01 24774328                   /opt/jdk1.8.0_60/jre/lib/amd64/libjava.so
7f545aa57000-7f545ac57000 ---p 0002a000 08:01 24774328                   /opt/jdk1.8.0_60/jre/lib/amd64/libjava.so
7f545ac57000-7f545ac59000 rw-p 0002a000 08:01 24774328                   /opt/jdk1.8.0_60/jre/lib/amd64/libjava.so
7f545ac59000-7f545ac66000 r-xp 00000000 08:01 24774344                   /opt/jdk1.8.0_60/jre/lib/amd64/libverify.so
7f545ac66000-7f545ae66000 ---p 0000d000 08:01 24774344                   /opt/jdk1.8.0_60/jre/lib/amd64/libverify.so
7f545ae66000-7f545ae68000 rw-p 0000d000 08:01 24774344                   /opt/jdk1.8.0_60/jre/lib/amd64/libverify.so
7f545ae68000-7f545ae6f000 r-xp 00000000 08:01 14291565                   /lib/x86_64-linux-gnu/librt-2.21.so
7f545ae6f000-7f545b06e000 ---p 00007000 08:01 14291565                   /lib/x86_64-linux-gnu/librt-2.21.so
7f545b06e000-7f545b06f000 r--p 00006000 08:01 14291565                   /lib/x86_64-linux-gnu/librt-2.21.so
7f545b06f000-7f545b070000 rw-p 00007000 08:01 14291565                   /lib/x86_64-linux-gnu/librt-2.21.so
7f545b070000-7f545b177000 r-xp 00000000 08:01 14298674                   /lib/x86_64-linux-gnu/libm-2.21.so
7f545b177000-7f545b376000 ---p 00107000 08:01 14298674                   /lib/x86_64-linux-gnu/libm-2.21.so
7f545b376000-7f545b377000 r--p 00106000 08:01 14298674                   /lib/x86_64-linux-gnu/libm-2.21.so
7f545b377000-7f545b378000 rw-p 00107000 08:01 14298674                   /lib/x86_64-linux-gnu/libm-2.21.so
7f545b378000-7f545c036000 r-xp 00000000 08:01 24774366                   /opt/jdk1.8.0_60/jre/lib/amd64/server/libjvm.so
7f545c036000-7f545c235000 ---p 00cbe000 08:01 24774366                   /opt/jdk1.8.0_60/jre/lib/amd64/server/libjvm.so
7f545c235000-7f545c30d000 rw-p 00cbd000 08:01 24774366                   /opt/jdk1.8.0_60/jre/lib/amd64/server/libjvm.so
7f545c30d000-7f545c352000 rw-p 00000000 00:00 0 
7f545c352000-7f545c512000 r-xp 00000000 08:01 14298675                   /lib/x86_64-linux-gnu/libc-2.21.so
7f545c512000-7f545c712000 ---p 001c0000 08:01 14298675                   /lib/x86_64-linux-gnu/libc-2.21.so
7f545c712000-7f545c716000 r--p 001c0000 08:01 14298675                   /lib/x86_64-linux-gnu/libc-2.21.so
7f545c716000-7f545c718000 rw-p 001c4000 08:01 14298675                   /lib/x86_64-linux-gnu/libc-2.21.so
7f545c718000-7f545c71c000 rw-p 00000000 00:00 0 
7f545c71c000-7f545c71f000 r-xp 00000000 08:01 14298671                   /lib/x86_64-linux-gnu/libdl-2.21.so
7f545c71f000-7f545c91e000 ---p 00003000 08:01 14298671                   /lib/x86_64-linux-gnu/libdl-2.21.so
7f545c91e000-7f545c91f000 r--p 00002000 08:01 14298671                   /lib/x86_64-linux-gnu/libdl-2.21.so
7f545c91f000-7f545c920000 rw-p 00003000 08:01 14298671                   /lib/x86_64-linux-gnu/libdl-2.21.so
7f545c920000-7f545c935000 r-xp 00000000 08:01 24773411                   /opt/jdk1.8.0_60/lib/amd64/jli/libjli.so
7f545c935000-7f545cb35000 ---p 00015000 08:01 24773411                   /opt/jdk1.8.0_60/lib/amd64/jli/libjli.so
7f545cb35000-7f545cb36000 rw-p 00015000 08:01 24773411                   /opt/jdk1.8.0_60/lib/amd64/jli/libjli.so
7f545cb36000-7f545cb4e000 r-xp 00000000 08:01 14292683                   /lib/x86_64-linux-gnu/libpthread-2.21.so
7f545cb4e000-7f545cd4e000 ---p 00018000 08:01 14292683                   /lib/x86_64-linux-gnu/libpthread-2.21.so
7f545cd4e000-7f545cd4f000 r--p 00018000 08:01 14292683                   /lib/x86_64-linux-gnu/libpthread-2.21.so
7f545cd4f000-7f545cd50000 rw-p 00019000 08:01 14292683                   /lib/x86_64-linux-gnu/libpthread-2.21.so
7f545cd50000-7f545cd54000 rw-p 00000000 00:00 0 
7f545cd54000-7f545cd78000 r-xp 00000000 08:01 14298646                   /lib/x86_64-linux-gnu/ld-2.21.so
7f545cd78000-7f545cd7a000 r--s 0000d000 08:01 13766721                   /home/robertsp/java/clarion2java/jclarion.netbeans.sf2/examples/execute.jar/commons-logging-1.1.1.jar
7f545cd7a000-7f545cd7c000 r--s 0000e000 08:01 13765660                   /home/robertsp/java/clarion2java/jclarion.netbeans.sf2/examples/execute.jar/jazzy-0.5.2-rtext-1.4.1-2.jar
7f545cd7c000-7f545cd86000 r--s 00116000 08:01 24774409                   /opt/jdk1.8.0_60/jre/lib/ext/localedata.jar
7f545cd86000-7f545cda2000 r--s 00393000 08:01 24774416                   /opt/jdk1.8.0_60/jre/lib/ext/cldrdata.jar
7f545cda2000-7f545ce4b000 rw-p 00000000 00:00 0 
7f545ce4b000-7f545ce4e000 ---p 00000000 00:00 0 
7f545ce4e000-7f545cf50000 rw-p 00000000 00:00 0                          [stack:16775]
7f545cf50000-7f545cf51000 r--s 00000000 08:01 12978774                   /var/cache/fontconfig/0c9eb80ebd1c36541ebe2852d3bb0c49-le64.cache-4
7f545cf51000-7f545cf52000 r--s 00007000 08:01 13765657                   /home/robertsp/java/clarion2java/jclarion.netbeans.sf2/examples/execute.jar/image4j-0.7.jar
7f545cf52000-7f545cf55000 r--s 0001b000 08:01 13765655                   /home/robertsp/java/clarion2java/jclarion.netbeans.sf2/examples/execute.jar/junit-3.8.1.jar
7f545cf55000-7f545cf66000 r--s 00105000 08:01 13765666                   /home/robertsp/java/clarion2java/jclarion.netbeans.sf2/examples/execute.jar/clarion-runtime-1.122-SNAPSHOT.jar
7f545cf66000-7f545cf6b000 r--s 00059000 08:01 13766754                   /home/robertsp/java/clarion2java/jclarion.netbeans.sf2/examples/execute.jar/winlats55-1.0.jar
7f545cf6b000-7f545cf73000 rw-s 00000000 08:01 30016213                   /tmp/hsperfdata_robertsp/16774
7f545cf73000-7f545cf74000 rw-p 00000000 00:00 0 
7f545cf74000-7f545cf75000 r--p 00000000 00:00 0 
7f545cf75000-7f545cf77000 rw-p 00000000 00:00 0 
7f545cf77000-7f545cf78000 r--p 00023000 08:01 14298646                   /lib/x86_64-linux-gnu/ld-2.21.so
7f545cf78000-7f545cf79000 rw-p 00024000 08:01 14298646                   /lib/x86_64-linux-gnu/ld-2.21.so
7f545cf79000-7f545cf7a000 rw-p 00000000 00:00 0 
7ffd4dab9000-7ffd4dada000 rw-p 00000000 00:00 0                          [stack]
7ffd4db25000-7ffd4db27000 r--p 00000000 00:00 0                          [vvar]
7ffd4db27000-7ffd4db29000 r-xp 00000000 00:00 0                          [vdso]
ffffffffff600000-ffffffffff601000 r-xp 00000000 00:00 0                  [vsyscall]

VM Arguments:
jvm_args: -Dclarion.debug=true 
java_command: winlats55-1.0.jar
java_class_path (initial): winlats55-1.0.jar
Launcher Type: SUN_STANDARD

Environment Variables:
JAVA_HOME=/opt/jdk1.8.0_60
PATH=/opt/jdk1.8.0_60/bin:/opt/apache-ant-1.9.6/bin:/opt/jdk1.8.0_60/bin:/opt/apache-ant-1.9.6/bin:/usr/local/sbin:/usr/local/bin:/usr/sbin:/usr/bin:/sbin:/bin:/usr/games:/usr/local/games
SHELL=/bin/bash
DISPLAY=:0

Signal Handlers:
SIGSEGV: [libjvm.so+0xaba070], sa_mask[0]=11111111011111111101111111111110, sa_flags=SA_RESTART|SA_SIGINFO
SIGBUS: [libjvm.so+0xaba070], sa_mask[0]=11111111011111111101111111111110, sa_flags=SA_RESTART|SA_SIGINFO
SIGFPE: [libjvm.so+0x917630], sa_mask[0]=11111111011111111101111111111110, sa_flags=SA_RESTART|SA_SIGINFO
SIGPIPE: [libjvm.so+0x917630], sa_mask[0]=11111111011111111101111111111110, sa_flags=SA_RESTART|SA_SIGINFO
SIGXFSZ: [libjvm.so+0x917630], sa_mask[0]=11111111011111111101111111111110, sa_flags=SA_RESTART|SA_SIGINFO
SIGILL: [libjvm.so+0x917630], sa_mask[0]=11111111011111111101111111111110, sa_flags=SA_RESTART|SA_SIGINFO
SIGUSR1: SIG_DFL, sa_mask[0]=00000000000000000000000000000000, sa_flags=none
SIGUSR2: [libjvm.so+0x918c60], sa_mask[0]=00100000000000000000000000000000, sa_flags=SA_RESTART|SA_SIGINFO
SIGHUP: [libjvm.so+0x91a060], sa_mask[0]=11111111011111111101111111111110, sa_flags=SA_RESTART|SA_SIGINFO
SIGINT: [libjvm.so+0x91a060], sa_mask[0]=11111111011111111101111111111110, sa_flags=SA_RESTART|SA_SIGINFO
SIGTERM: [libjvm.so+0x91a060], sa_mask[0]=11111111011111111101111111111110, sa_flags=SA_RESTART|SA_SIGINFO
SIGQUIT: [libjvm.so+0x91a060], sa_mask[0]=11111111011111111101111111111110, sa_flags=SA_RESTART|SA_SIGINFO


---------------  S Y S T E M  ---------------

OS:DISTRIB_ID=Ubuntu
DISTRIB_RELEASE=15.10
DISTRIB_CODENAME=wily
DISTRIB_DESCRIPTION="Ubuntu 15.10"

uname:Linux 4.2.0-27-generic #32-Ubuntu SMP Fri Jan 22 04:49:08 UTC 2016 x86_64
libc:glibc 2.21 NPTL 2.21 
rlimit: STACK 8192k, CORE 0k, NPROC 63700, NOFILE 65536, AS infinity
load average:0,82 0,77 0,81

/proc/meminfo:
MemTotal:       16341916 kB
MemFree:         6614592 kB
MemAvailable:   12122048 kB
Buffers:          613936 kB
Cached:          5423292 kB
SwapCached:            0 kB
Active:          5562084 kB
Inactive:        3572172 kB
Active(anon):    3116656 kB
Inactive(anon):   852828 kB
Active(file):    2445428 kB
Inactive(file):  2719344 kB
Unevictable:         220 kB
Mlocked:             220 kB
SwapTotal:             0 kB
SwapFree:              0 kB
Dirty:               904 kB
Writeback:           292 kB
AnonPages:       3094604 kB
Mapped:           510612 kB
Shmem:            872116 kB
Slab:             465544 kB
SReclaimable:     403068 kB
SUnreclaim:        62476 kB
KernelStack:        8064 kB
PageTables:        26164 kB
NFS_Unstable:          0 kB
Bounce:                0 kB
WritebackTmp:          0 kB
CommitLimit:     8170956 kB
Committed_AS:    9033232 kB
VmallocTotal:   34359738367 kB
VmallocUsed:      401872 kB
VmallocChunk:   34358947836 kB
HardwareCorrupted:     0 kB
AnonHugePages:   2801664 kB
CmaTotal:              0 kB
CmaFree:               0 kB
HugePages_Total:       0
HugePages_Free:        0
HugePages_Rsvd:        0
HugePages_Surp:        0
Hugepagesize:       2048 kB
DirectMap4k:      232320 kB
DirectMap2M:    12259328 kB
DirectMap1G:     4194304 kB


CPU:total 4 (2 cores per cpu, 2 threads per core) family 6 model 61 stepping 4, cmov, cx8, fxsr, mmx, sse, sse2, sse3, ssse3, sse4.1, sse4.2, popcnt, avx, avx2, aes, clmul, erms, 3dnowpref, lzcnt, ht, tsc, tscinvbit, bmi1, bmi2, adx

/proc/cpuinfo:
processor	: 0
vendor_id	: GenuineIntel
cpu family	: 6
model		: 61
model name	: Intel(R) Core(TM) i7-5500U CPU @ 2.40GHz
stepping	: 4
microcode	: 0x21
cpu MHz		: 2658.000
cache size	: 4096 KB
physical id	: 0
siblings	: 4
core id		: 0
cpu cores	: 2
apicid		: 0
initial apicid	: 0
fpu		: yes
fpu_exception	: yes
cpuid level	: 20
wp		: yes
flags		: fpu vme de pse tsc msr pae mce cx8 apic sep mtrr pge mca cmov pat pse36 clflush dts acpi mmx fxsr sse sse2 ss ht tm pbe syscall nx pdpe1gb rdtscp lm constant_tsc arch_perfmon pebs bts rep_good nopl xtopology nonstop_tsc aperfmperf eagerfpu pni pclmulqdq dtes64 monitor ds_cpl vmx est tm2 ssse3 fma cx16 xtpr pdcm pcid sse4_1 sse4_2 x2apic movbe popcnt tsc_deadline_timer aes xsave avx f16c rdrand lahf_lm abm 3dnowprefetch ida arat epb pln pts dtherm intel_pt tpr_shadow vnmi flexpriority ept vpid fsgsbase tsc_adjust bmi1 avx2 smep bmi2 erms invpcid rdseed adx smap xsaveopt
bugs		:
bogomips	: 4788.69
clflush size	: 64
cache_alignment	: 64
address sizes	: 39 bits physical, 48 bits virtual
power management:

processor	: 1
vendor_id	: GenuineIntel
cpu family	: 6
model		: 61
model name	: Intel(R) Core(TM) i7-5500U CPU @ 2.40GHz
stepping	: 4
microcode	: 0x21
cpu MHz		: 2658.000
cache size	: 4096 KB
physical id	: 0
siblings	: 4
core id		: 1
cpu cores	: 2
apicid		: 2
initial apicid	: 2
fpu		: yes
fpu_exception	: yes
cpuid level	: 20
wp		: yes
flags		: fpu vme de pse tsc msr pae mce cx8 apic sep mtrr pge mca cmov pat pse36 clflush dts acpi mmx fxsr sse sse2 ss ht tm pbe syscall nx pdpe1gb rdtscp lm constant_tsc arch_perfmon pebs bts rep_good nopl xtopology nonstop_tsc aperfmperf eagerfpu pni pclmulqdq dtes64 monitor ds_cpl vmx est tm2 ssse3 fma cx16 xtpr pdcm pcid sse4_1 sse4_2 x2apic movbe popcnt tsc_deadline_timer aes xsave avx f16c rdrand lahf_lm abm 3dnowprefetch ida arat epb pln pts dtherm intel_pt tpr_shadow vnmi flexpriority ept vpid fsgsbase tsc_adjust bmi1 avx2 smep bmi2 erms invpcid rdseed adx smap xsaveopt
bugs		:
bogomips	: 4788.69
clflush size	: 64
cache_alignment	: 64
address sizes	: 39 bits physical, 48 bits virtual
power management:

processor	: 2
vendor_id	: GenuineIntel
cpu family	: 6
model		: 61
model name	: Intel(R) Core(TM) i7-5500U CPU @ 2.40GHz
stepping	: 4
microcode	: 0x21
cpu MHz		: 2658.093
cache size	: 4096 KB
physical id	: 0
siblings	: 4
core id		: 0
cpu cores	: 2
apicid		: 1
initial apicid	: 1
fpu		: yes
fpu_exception	: yes
cpuid level	: 20
wp		: yes
flags		: fpu vme de pse tsc msr pae mce cx8 apic sep mtrr pge mca cmov pat pse36 clflush dts acpi mmx fxsr sse sse2 ss ht tm pbe syscall nx pdpe1gb rdtscp lm constant_tsc arch_perfmon pebs bts rep_good nopl xtopology nonstop_tsc aperfmperf eagerfpu pni pclmulqdq dtes64 monitor ds_cpl vmx est tm2 ssse3 fma cx16 xtpr pdcm pcid sse4_1 sse4_2 x2apic movbe popcnt tsc_deadline_timer aes xsave avx f16c rdrand lahf_lm abm 3dnowprefetch ida arat epb pln pts dtherm intel_pt tpr_shadow vnmi flexpriority ept vpid fsgsbase tsc_adjust bmi1 avx2 smep bmi2 erms invpcid rdseed adx smap xsaveopt
bugs		:
bogomips	: 4788.69
clflush size	: 64
cache_alignment	: 64
address sizes	: 39 bits physical, 48 bits virtual
power management:

processor	: 3
vendor_id	: GenuineIntel
cpu family	: 6
model		: 61
model name	: Intel(R) Core(TM) i7-5500U CPU @ 2.40GHz
stepping	: 4
microcode	: 0x21
cpu MHz		: 2666.812
cache size	: 4096 KB
physical id	: 0
siblings	: 4
core id		: 1
cpu cores	: 2
apicid		: 3
initial apicid	: 3
fpu		: yes
fpu_exception	: yes
cpuid level	: 20
wp		: yes
flags		: fpu vme de pse tsc msr pae mce cx8 apic sep mtrr pge mca cmov pat pse36 clflush dts acpi mmx fxsr sse sse2 ss ht tm pbe syscall nx pdpe1gb rdtscp lm constant_tsc arch_perfmon pebs bts rep_good nopl xtopology nonstop_tsc aperfmperf eagerfpu pni pclmulqdq dtes64 monitor ds_cpl vmx est tm2 ssse3 fma cx16 xtpr pdcm pcid sse4_1 sse4_2 x2apic movbe popcnt tsc_deadline_timer aes xsave avx f16c rdrand lahf_lm abm 3dnowprefetch ida arat epb pln pts dtherm intel_pt tpr_shadow vnmi flexpriority ept vpid fsgsbase tsc_adjust bmi1 avx2 smep bmi2 erms invpcid rdseed adx smap xsaveopt
bugs		:
bogomips	: 4788.69
clflush size	: 64
cache_alignment	: 64
address sizes	: 39 bits physical, 48 bits virtual
power management:



Memory: 4k page, physical 16341916k(6614740k free), swap 0k(0k free)

vm_info: Java HotSpot(TM) 64-Bit Server VM (25.60-b23) for linux-amd64 JRE (1.8.0_60-b27), built on Aug  4 2015 12:19:40 by "java_re" with gcc 4.3.0 20080428 (Red Hat 4.3.0-8)

time: Tue Feb 23 10:22:43 2016
elapsed time: 6255 seconds (0d 1h 44m 15s)

