#
# A fatal error has been detected by the Java Runtime Environment:
#
#  SIGSEGV (0xb) at pc=0x00007f0ccd0696ba, pid=15851, tid=139691849762560
#
# JRE version: Java(TM) SE Runtime Environment (8.0_60-b27) (build 1.8.0_60-b27)
# Java VM: Java HotSpot(TM) 64-Bit Server VM (25.60-b23 mixed mode linux-amd64 compressed oops)
# Problematic frame:
# v  ~BufferBlob::jni_fast_GetLongField
#
# Failed to write core dump. Core dumps have been disabled. To enable core dumping, try "ulimit -c unlimited" before starting Java again
#
# If you would like to submit a bug report, please visit:
#   http://bugreport.java.com/bugreport/crash.jsp
# The crash happened outside the Java Virtual Machine in native code.
# See problematic frame for where to report the bug.
#

---------------  T H R E A D  ---------------

Current thread (0x00007f0cdc3f5000):  JavaThread "AWT-XAWT" daemon [_thread_in_native, id=15867, stack(0x00007f0c8b054000,0x00007f0c8b155000)]

siginfo: si_signo: 11 (SIGSEGV), si_code: 1 (SEGV_MAPERR), si_addr: 0x0000000000000000

Registers:
RAX=0x00007f0ce2ad0da0, RBX=0x00007f0cdc3f51f8, RCX=0x00007f0ce3533340, RDX=0x0000000000000042
RSP=0x00007f0c8b1535b8, RBP=0x00007f0c8b1535e0, RSI=0x0000000000000000, RDI=0x00007f0cdc3f51f8
R8 =0x00000000000001f4, R9 =0x0000000000000000, R10=0x000000000000006a, R11=0x00007f0ccd628798
R12=0x00007f0c7823b7b0, R13=0x0000000000000000, R14=0x00007f0cb119d7e0, R15=0x00007f0cdc3f5000
RIP=0x00007f0ccd0696ba, EFLAGS=0x0000000000010246, CSGSFS=0x0000000000000033, ERR=0x0000000000000004
  TRAPNO=0x000000000000000e

Top of Stack: (sp=0x00007f0c8b1535b8)
0x00007f0c8b1535b8:   00007f0cb0f7be61 00007f0cb3accdf8
0x00007f0c8b1535c8:   00007f0c7823b7b0 00007f0c8b153690
0x00007f0c8b1535d8:   00007f0c8b153660 0000000000000000
0x00007f0c8b1535e8:   00007f0cb0a5d3c0 00007f0cb3accdf8
0x00007f0c8b1535f8:   00007f0c8b153620 0000000000000000
0x00007f0c8b153608:   00007f0cb0a54f93 00007f0c8b153690
0x00007f0c8b153618:   00007f0cb0f7509f 00007f0c8b153670
0x00007f0c8b153628:   00007f0ccd628836 0000000000000000
0x00007f0c8b153638:   00007f0ccd507e76 00007f0c8b153690
0x00007f0c8b153648:   00007f0ccd14e62c 00000006c6d449c0
0x00007f0c8b153658:   000000076d6743a8 00000006c6d44ae0
0x00007f0c8b153668:   00000006c6ff7970 00007f0c8b1536f0
0x00007f0c8b153678:   00007f0ccd007420 00007f0c8b1536f0
0x00007f0c8b153688:   00007f0ccd007420 0000000000000000
0x00007f0c8b153698:   00007f0ccd007760 00007f0c7c000ea0
0x00007f0c8b1536a8:   00000006c6d449c0 00007f0c8b1536b0
0x00007f0c8b1536b8:   00007f0cb3aac44c 00007f0c8b153738
0x00007f0c8b1536c8:   00007f0cb3ab5630 0000000000000000
0x00007f0c8b1536d8:   00007f0cb3aac588 00007f0c8b153690
0x00007f0c8b1536e8:   00007f0c8b153730 00007f0c8b153780
0x00007f0c8b1536f8:   00007f0ccd007c4d 0000000000000000
0x00007f0c8b153708:   00000006c6d44838 0000000000000000
0x00007f0c8b153718:   0000000000000000 0000000000000000
0x00007f0c8b153728:   00000006c6d449c0 0000000000000000
0x00007f0c8b153738:   00000006c6d44d78 00007f0c8b153740
0x00007f0c8b153748:   00007f0cb3aac28d 00007f0c8b153790
0x00007f0c8b153758:   00007f0cb3ab5630 0000000000000000
0x00007f0c8b153768:   00007f0cb3aac298 00007f0c8b153730
0x00007f0c8b153778:   00007f0c8b153790 00007f0c8b1537d8
0x00007f0c8b153788:   00007f0ccd007c92 00000006c6d44d78
0x00007f0c8b153798:   00007f0c8b153798 00007f0cb33b29cb
0x00007f0c8b1537a8:   00007f0c8b1537e8 00007f0cb3439480 

Instructions: (pc=0x00007f0ccd0696ba)
0x00007f0ccd06969a:   00 00 00 00 00 00 44 8b 15 81 1c aa 15 4c 8b ce
0x00007f0ccd0696aa:   41 f6 c2 01 0f 85 2e 00 00 00 4d 33 ca 4d 33 ca
0x00007f0ccd0696ba:   4d 8b 09 4c 8b da 49 c1 eb 02 4b 8b 04 19 49 bb
0x00007f0ccd0696ca:   28 b3 b0 e2 0c 7f 00 00 4c 33 d8 4c 33 d8 45 3b 

Register to memory mapping:

RAX=0x00007f0ce2ad0da0: <offset 0xf74da0> in /opt/jdk1.8.0_60/jre/lib/amd64/server/libjvm.so at 0x00007f0ce1b5c000
RBX=0x00007f0cdc3f51f8 is an unknown value
RCX=0x00007f0ce3533340: <offset 0x219340> in /lib/x86_64-linux-gnu/libpthread.so.0 at 0x00007f0ce331a000
RDX=0x0000000000000042 is an unknown value
RSP=0x00007f0c8b1535b8 is pointing into the stack for thread: 0x00007f0cdc3f5000
RBP=0x00007f0c8b1535e0 is pointing into the stack for thread: 0x00007f0cdc3f5000
RSI=0x0000000000000000 is an unknown value
RDI=0x00007f0cdc3f51f8 is an unknown value
R8 =0x00000000000001f4 is an unknown value
R9 =0x0000000000000000 is an unknown value
R10=0x000000000000006a is an unknown value
R11=0x00007f0ccd628798 is at entry_point+24 in (nmethod*)0x00007f0ccd628610
R12=0x00007f0c7823b7b0 is an unknown value
R13=0x0000000000000000 is an unknown value
R14=0x00007f0cb119d7e0: <offset 0x2587e0> in /opt/jdk1.8.0_60/jre/lib/amd64/libawt_xawt.so at 0x00007f0cb0f45000
R15=0x00007f0cdc3f5000 is a thread


Stack: [0x00007f0c8b054000,0x00007f0c8b155000],  sp=0x00007f0c8b1535b8,  free space=1021k
Native frames: (J=compiled Java code, j=interpreted, Vv=VM code, C=native code)
v  ~BufferBlob::jni_fast_GetLongField
C  [libX11.so.6+0x643c0]  _XimServerDestroy+0x70

Java frames: (J=compiled Java code, j=interpreted, Vv=VM code)
J 2027  sun.awt.X11.XlibWrapper.XFilterEvent(JJ)Z (0 bytes) @ 0x00007f0ccd6287c4 [0x00007f0ccd628780+0x44]
j  sun.awt.X11.XToolkit.run(Z)V+300
j  sun.awt.X11.XToolkit.run()V+5
j  java.lang.Thread.run()V+11
v  ~StubRoutines::call_stub

---------------  P R O C E S S  ---------------

Java Threads: ( => current thread )
  0x00007f0cdc492800 JavaThread "DestroyJavaVM" [_thread_blocked, id=15852, stack(0x00007f0ce362f000,0x00007f0ce3730000)]
  0x00007f0c78251000 JavaThread "TimerQueue" daemon [_thread_blocked, id=15875, stack(0x00007f0c891df000,0x00007f0c892e0000)]
  0x00007f0cdc3fb000 JavaThread "AWT-EventQueue-0" [_thread_blocked, id=15869, stack(0x00007f0c8ae52000,0x00007f0c8af53000)]
=>0x00007f0cdc3f5000 JavaThread "AWT-XAWT" daemon [_thread_in_native, id=15867, stack(0x00007f0c8b054000,0x00007f0c8b155000)]
  0x00007f0cdc3d6800 JavaThread "Java2D Disposer" daemon [_thread_blocked, id=15866, stack(0x00007f0cb00b7000,0x00007f0cb01b8000)]
  0x00007f0cdc190800 JavaThread "Service Thread" daemon [_thread_blocked, id=15864, stack(0x00007f0cb1571000,0x00007f0cb1672000)]
  0x00007f0cdc183800 JavaThread "C1 CompilerThread2" daemon [_thread_blocked, id=15863, stack(0x00007f0cb1672000,0x00007f0cb1773000)]
  0x00007f0cdc181800 JavaThread "C2 CompilerThread1" daemon [_thread_blocked, id=15862, stack(0x00007f0cb1773000,0x00007f0cb1874000)]
  0x00007f0cdc17e800 JavaThread "C2 CompilerThread0" daemon [_thread_blocked, id=15861, stack(0x00007f0cb1874000,0x00007f0cb1975000)]
  0x00007f0cdc17d000 JavaThread "Signal Dispatcher" daemon [_thread_blocked, id=15860, stack(0x00007f0cb1975000,0x00007f0cb1a76000)]
  0x00007f0cdc146000 JavaThread "Finalizer" daemon [_thread_blocked, id=15859, stack(0x00007f0cb2173000,0x00007f0cb2274000)]
  0x00007f0cdc144000 JavaThread "Reference Handler" daemon [_thread_blocked, id=15858, stack(0x00007f0cb2274000,0x00007f0cb2375000)]

Other Threads:
  0x00007f0cdc13f000 VMThread [stack: 0x00007f0cb2375000,0x00007f0cb2476000] [id=15857]
  0x00007f0cdc193800 WatcherThread [stack: 0x00007f0cb1470000,0x00007f0cb1571000] [id=15865]

VM state:not at safepoint (normal execution)

VM Mutex/Monitor currently owned by a thread: None

Heap:
 PSYoungGen      total 74752K, used 9015K [0x000000076ce00000, 0x0000000772100000, 0x00000007c0000000)
  eden space 64512K, 13% used [0x000000076ce00000,0x000000076d6cdd78,0x0000000770d00000)
  from space 10240K, 0% used [0x0000000770d00000,0x0000000770d00000,0x0000000771700000)
  to   space 10240K, 0% used [0x0000000771700000,0x0000000771700000,0x0000000772100000)
 ParOldGen       total 81920K, used 13466K [0x00000006c6a00000, 0x00000006cba00000, 0x000000076ce00000)
  object space 81920K, 16% used [0x00000006c6a00000,0x00000006c7726bb0,0x00000006cba00000)
 Metaspace       used 20940K, capacity 21100K, committed 21552K, reserved 1069056K
  class space    used 2526K, capacity 2597K, committed 2688K, reserved 1048576K

Card table byte_map: [0x00007f0ccc834000,0x00007f0ccd000000] byte_map_base: 0x00007f0cc91ff000

Marking Bits: (ParMarkBitMap*) 0x00007f0ce2b0ade0
 Begin Bits: [0x00007f0cb4350000, 0x00007f0cb81a8000)
 End Bits:   [0x00007f0cb81a8000, 0x00007f0cbc000000)

Polling page: 0x00007f0ce3758000

CodeCache: size=245760Kb used=7365Kb max_used=7410Kb free=238394Kb
 bounds [0x00007f0ccd000000, 0x00007f0ccd750000, 0x00007f0cdc000000]
 total_blobs=2992 nmethods=2333 adapters=571
 compilation: enabled

Compilation events (10 events):
Event: 2800,871 Thread 0x00007f0cdc183800 2367       3       sun.awt.X11.Native::getUByte (8 bytes)
Event: 2800,871 Thread 0x00007f0cdc183800 nmethod 2367 0x00007f0ccd168b90 code [0x00007f0ccd168d00, 0x00007f0ccd168eb0]
Event: 2800,871 Thread 0x00007f0cdc183800 2368       3       sun.awt.X11.Native::getUByte (13 bytes)
Event: 2800,871 Thread 0x00007f0cdc183800 nmethod 2368 0x00007f0ccd168810 code [0x00007f0ccd168980, 0x00007f0ccd168ad0]
Event: 2958,162 Thread 0x00007f0cdc17e800 2370       4       sun.awt.X11.XEvent::get_xany (22 bytes)
Event: 2958,168 Thread 0x00007f0cdc17e800 nmethod 2370 0x00007f0ccd73e910 code [0x00007f0ccd73eb40, 0x00007f0ccd73f250]
Event: 3032,489 Thread 0x00007f0cdc181800 2371   !   4       sun.awt.X11.XToolkit::windowToXWindow (27 bytes)
Event: 3032,494 Thread 0x00007f0cdc181800 nmethod 2371 0x00007f0ccd167b10 code [0x00007f0ccd167c80, 0x00007f0ccd168178]
Event: 3949,019 Thread 0x00007f0cdc17e800 2372       4       sun.awt.X11.Native::getLong (25 bytes)
Event: 3949,024 Thread 0x00007f0cdc17e800 nmethod 2372 0x00007f0ccd0fe950 code [0x00007f0ccd0feaa0, 0x00007f0ccd0feb38]

GC Heap History (4 events):
Event: 9,844 GC heap before
{Heap before GC invocations=1 (full 0):
 PSYoungGen      total 74752K, used 58926K [0x000000076ce00000, 0x0000000772100000, 0x00000007c0000000)
  eden space 64512K, 91% used [0x000000076ce00000,0x000000077078bab0,0x0000000770d00000)
  from space 10240K, 0% used [0x0000000771700000,0x0000000771700000,0x0000000772100000)
  to   space 10240K, 0% used [0x0000000770d00000,0x0000000770d00000,0x0000000771700000)
 ParOldGen       total 171008K, used 0K [0x00000006c6a00000, 0x00000006d1100000, 0x000000076ce00000)
  object space 171008K, 0% used [0x00000006c6a00000,0x00000006c6a00000,0x00000006d1100000)
 Metaspace       used 20789K, capacity 20972K, committed 21296K, reserved 1069056K
  class space    used 2518K, capacity 2597K, committed 2688K, reserved 1048576K
Event: 9,859 GC heap after
Heap after GC invocations=1 (full 0):
 PSYoungGen      total 74752K, used 10211K [0x000000076ce00000, 0x0000000772100000, 0x00000007c0000000)
  eden space 64512K, 0% used [0x000000076ce00000,0x000000076ce00000,0x0000000770d00000)
  from space 10240K, 99% used [0x0000000770d00000,0x00000007716f8d68,0x0000000771700000)
  to   space 10240K, 0% used [0x0000000771700000,0x0000000771700000,0x0000000772100000)
 ParOldGen       total 171008K, used 3494K [0x00000006c6a00000, 0x00000006d1100000, 0x000000076ce00000)
  object space 171008K, 2% used [0x00000006c6a00000,0x00000006c6d69b28,0x00000006d1100000)
 Metaspace       used 20789K, capacity 20972K, committed 21296K, reserved 1069056K
  class space    used 2518K, capacity 2597K, committed 2688K, reserved 1048576K
}
Event: 9,859 GC heap before
{Heap before GC invocations=2 (full 1):
 PSYoungGen      total 74752K, used 10211K [0x000000076ce00000, 0x0000000772100000, 0x00000007c0000000)
  eden space 64512K, 0% used [0x000000076ce00000,0x000000076ce00000,0x0000000770d00000)
  from space 10240K, 99% used [0x0000000770d00000,0x00000007716f8d68,0x0000000771700000)
  to   space 10240K, 0% used [0x0000000771700000,0x0000000771700000,0x0000000772100000)
 ParOldGen       total 171008K, used 3494K [0x00000006c6a00000, 0x00000006d1100000, 0x000000076ce00000)
  object space 171008K, 2% used [0x00000006c6a00000,0x00000006c6d69b28,0x00000006d1100000)
 Metaspace       used 20789K, capacity 20972K, committed 21296K, reserved 1069056K
  class space    used 2518K, capacity 2597K, committed 2688K, reserved 1048576K
Event: 9,911 GC heap after
Heap after GC invocations=2 (full 1):
 PSYoungGen      total 74752K, used 0K [0x000000076ce00000, 0x0000000772100000, 0x00000007c0000000)
  eden space 64512K, 0% used [0x000000076ce00000,0x000000076ce00000,0x0000000770d00000)
  from space 10240K, 0% used [0x0000000770d00000,0x0000000770d00000,0x0000000771700000)
  to   space 10240K, 0% used [0x0000000771700000,0x0000000771700000,0x0000000772100000)
 ParOldGen       total 81920K, used 13466K [0x00000006c6a00000, 0x00000006cba00000, 0x000000076ce00000)
  object space 81920K, 16% used [0x00000006c6a00000,0x00000006c7726bb0,0x00000006cba00000)
 Metaspace       used 20789K, capacity 20972K, committed 21296K, reserved 1069056K
  class space    used 2518K, capacity 2597K, committed 2688K, reserved 1048576K
}

Deoptimization events (10 events):
Event: 0,794 Thread 0x00007f0cdc488000 Uncommon trap: reason=unstable_if action=reinterpret pc=0x00007f0ccd3cc9f8 method=java.util.HashMap.putVal(ILjava/lang/Object;Ljava/lang/Object;ZZ)Ljava/lang/Object; @ 109
Event: 0,847 Thread 0x00007f0cdc488000 Uncommon trap: reason=class_check action=maybe_recompile pc=0x00007f0ccd2564e4 method=java.lang.String.equals(Ljava/lang/Object;)Z @ 8
Event: 0,848 Thread 0x00007f0cdc488000 Uncommon trap: reason=class_check action=maybe_recompile pc=0x00007f0ccd2564e4 method=java.lang.String.equals(Ljava/lang/Object;)Z @ 8
Event: 0,848 Thread 0x00007f0cdc488000 Uncommon trap: reason=class_check action=maybe_recompile pc=0x00007f0ccd2564e4 method=java.lang.String.equals(Ljava/lang/Object;)Z @ 8
Event: 0,848 Thread 0x00007f0cdc488000 Uncommon trap: reason=class_check action=maybe_recompile pc=0x00007f0ccd2564e4 method=java.lang.String.equals(Ljava/lang/Object;)Z @ 8
Event: 0,869 Thread 0x00007f0cdc009800 Uncommon trap: reason=unstable_if action=reinterpret pc=0x00007f0ccd464628 method=java.util.zip.InflaterInputStream.read([BII)I @ 69
Event: 0,887 Thread 0x00007f0cdc009800 Uncommon trap: reason=class_check action=maybe_recompile pc=0x00007f0ccd2bb06c method=java.util.Properties$LineReader.readLine()I @ 62
Event: 0,887 Thread 0x00007f0cdc009800 Uncommon trap: reason=unstable_if action=reinterpret pc=0x00007f0ccd2bad48 method=java.util.Properties$LineReader.readLine()I @ 206
Event: 0,966 Thread 0x00007f0cdc009800 Uncommon trap: reason=unstable_if action=reinterpret pc=0x00007f0ccd1a5e74 method=java.math.BigDecimal.precision()I @ 6
Event: 8,146 Thread 0x00007f0cdc3df000 Uncommon trap: reason=unstable_if action=reinterpret pc=0x00007f0ccd35a690 method=sun.nio.cs.UTF_8$Decoder.decode([BII[C)I @ 30

Internal exceptions (10 events):
Event: 0,540 Thread 0x00007f0cdc009800 Exception <a 'java/lang/ClassNotFoundException': javax/swing/JToolBarSeparator> (0x000000076e263df8) thrown at [/HUDSON/workspace/8-2-build-linux-amd64/jdk8u60/4407/hotspot/src/share/vm/classfile/systemDictionary.cpp, line 210]
Event: 0,540 Thread 0x00007f0cdc009800 Exception <a 'java/lang/ClassNotFoundException': ToolBarSeparator> (0x000000076e264290) thrown at [/HUDSON/workspace/8-2-build-linux-amd64/jdk8u60/4407/hotspot/src/share/vm/classfile/systemDictionary.cpp, line 210]
Event: 0,540 Thread 0x00007f0cdc009800 Exception <a 'java/lang/ClassNotFoundException': ToolTip> (0x000000076e264a10) thrown at [/HUDSON/workspace/8-2-build-linux-amd64/jdk8u60/4407/hotspot/src/share/vm/classfile/systemDictionary.cpp, line 210]
Event: 0,541 Thread 0x00007f0cdc009800 Exception <a 'java/lang/ClassNotFoundException': Tree> (0x000000076e265668) thrown at [/HUDSON/workspace/8-2-build-linux-amd64/jdk8u60/4407/hotspot/src/share/vm/classfile/systemDictionary.cpp, line 210]
Event: 0,541 Thread 0x00007f0cdc009800 Exception <a 'java/lang/ClassNotFoundException': Tree> (0x000000076e265da8) thrown at [/HUDSON/workspace/8-2-build-linux-amd64/jdk8u60/4407/hotspot/src/share/vm/classfile/systemDictionary.cpp, line 210]
Event: 0,541 Thread 0x00007f0cdc009800 Exception <a 'java/lang/ClassNotFoundException': javax/swing/JTreeCell> (0x000000076e266128) thrown at [/HUDSON/workspace/8-2-build-linux-amd64/jdk8u60/4407/hotspot/src/share/vm/classfile/systemDictionary.cpp, line 210]
Event: 0,541 Thread 0x00007f0cdc009800 Exception <a 'java/lang/ClassNotFoundException': TreeCell> (0x000000076e2665b0) thrown at [/HUDSON/workspace/8-2-build-linux-amd64/jdk8u60/4407/hotspot/src/share/vm/classfile/systemDictionary.cpp, line 210]
Event: 0,541 Thread 0x00007f0cdc009800 Exception <a 'java/lang/ClassNotFoundException': RootPane> (0x000000076e266f68) thrown at [/HUDSON/workspace/8-2-build-linux-amd64/jdk8u60/4407/hotspot/src/share/vm/classfile/systemDictionary.cpp, line 210]
Event: 1,217 Thread 0x00007f0cdc488000 Exception <a 'java/lang/UnsupportedOperationException': > (0x000000076f5e59d0) thrown at [/HUDSON/workspace/8-2-build-linux-amd64/jdk8u60/4407/hotspot/src/share/vm/prims/jni.cpp, line 735]
Event: 8,223 Thread 0x00007f0cdc488000 Exception <a 'java/lang/UnsupportedOperationException': > (0x000000076f86c9b8) thrown at [/HUDSON/workspace/8-2-build-linux-amd64/jdk8u60/4407/hotspot/src/share/vm/prims/jni.cpp, line 735]

Events (10 events):
Event: 388,650 Thread 0x00007f0cdc183800 flushing nmethod 0x00007f0ccd167990
Event: 388,650 Thread 0x00007f0cdc183800 flushing nmethod 0x00007f0ccd16e0d0
Event: 388,650 Thread 0x00007f0cdc183800 flushing nmethod 0x00007f0ccd174610
Event: 388,650 Thread 0x00007f0cdc183800 flushing nmethod 0x00007f0ccd175d10
Event: 1845,727 loading class sun/awt/X11/XkbEvent
Event: 1845,727 loading class sun/awt/X11/XkbEvent done
Event: 1845,727 loading class sun/awt/X11/XkbAnyEvent
Event: 1845,727 loading class sun/awt/X11/XkbAnyEvent done
Event: 4417,312 loading class sun/awt/X11/XDestroyWindowEvent
Event: 4417,312 loading class sun/awt/X11/XDestroyWindowEvent done


Dynamic libraries:
00400000-00401000 r-xp 00000000 08:01 24774493                           /opt/jdk1.8.0_60/bin/java
00600000-00601000 rw-p 00000000 08:01 24774493                           /opt/jdk1.8.0_60/bin/java
01bc7000-01be8000 rw-p 00000000 00:00 0                                  [heap]
6c6a00000-6cba00000 rw-p 00000000 00:00 0 
6cba00000-76ce00000 ---p 00000000 00:00 0 
76ce00000-772100000 rw-p 00000000 00:00 0 
772100000-7c0000000 ---p 00000000 00:00 0 
7c0000000-7c02a0000 rw-p 00000000 00:00 0 
7c02a0000-800000000 ---p 00000000 00:00 0 
7f0c64000000-7f0c64123000 rw-p 00000000 00:00 0 
7f0c64123000-7f0c68000000 ---p 00000000 00:00 0 
7f0c6c000000-7f0c6c021000 rw-p 00000000 00:00 0 
7f0c6c021000-7f0c70000000 ---p 00000000 00:00 0 
7f0c70000000-7f0c70021000 rw-p 00000000 00:00 0 
7f0c70021000-7f0c74000000 ---p 00000000 00:00 0 
7f0c74000000-7f0c74021000 rw-p 00000000 00:00 0 
7f0c74021000-7f0c78000000 ---p 00000000 00:00 0 
7f0c78000000-7f0c7828d000 rw-p 00000000 00:00 0 
7f0c7828d000-7f0c7c000000 ---p 00000000 00:00 0 
7f0c7c000000-7f0c7c02b000 rw-p 00000000 00:00 0 
7f0c7c02b000-7f0c80000000 ---p 00000000 00:00 0 
7f0c80000000-7f0c80021000 rw-p 00000000 00:00 0 
7f0c80021000-7f0c84000000 ---p 00000000 00:00 0 
7f0c84000000-7f0c84021000 rw-p 00000000 00:00 0 
7f0c84021000-7f0c88000000 ---p 00000000 00:00 0 
7f0c88ede000-7f0c88f4a000 rw-p 00000000 00:00 0 
7f0c88f4a000-7f0c890e1000 ---p 00000000 00:00 0 
7f0c890e1000-7f0c891df000 rw-p 00000000 00:00 0 
7f0c891df000-7f0c891e2000 ---p 00000000 00:00 0 
7f0c891e2000-7f0c894e0000 rw-p 00000000 00:00 0                          [stack:15875]
7f0c894e0000-7f0c8950a000 r-xp 00000000 08:01 24774351                   /opt/jdk1.8.0_60/jre/lib/amd64/libdcpr.so
7f0c8950a000-7f0c8970a000 ---p 0002a000 08:01 24774351                   /opt/jdk1.8.0_60/jre/lib/amd64/libdcpr.so
7f0c8970a000-7f0c8970d000 rw-p 0002a000 08:01 24774351                   /opt/jdk1.8.0_60/jre/lib/amd64/libdcpr.so
7f0c8970d000-7f0c89718000 r--s 00000000 08:01 12978793                   /var/cache/fontconfig/945677eb7aeaf62f1d50efc3fb3ec7d8-le64.cache-4
7f0c89718000-7f0c8971a000 r--s 00000000 08:01 12978748                   /var/cache/fontconfig/99e8ed0e538f840c565b6ed5dad60d56-le64.cache-4
7f0c8971a000-7f0c89723000 r--s 00000000 08:01 12978955                   /var/cache/fontconfig/a6d8cf8e4ec09cdbc8633c31745a07dd-le64.cache-4
7f0c89723000-7f0c89729000 r--s 00000000 08:01 12978778                   /var/cache/fontconfig/2cd17615ca594fa2959ae173292e504c-le64.cache-4
7f0c89729000-7f0c8972a000 r--s 00000000 08:01 12978775                   /var/cache/fontconfig/0d8c3b2ac0904cb8a57a757ad11a4a08-le64.cache-4
7f0c8972a000-7f0c89731000 r--s 00000000 08:01 12978797                   /var/cache/fontconfig/a755afe4a08bf5b97852ceb7400b47bc-le64.cache-4
7f0c89731000-7f0c89732000 r--s 00000000 08:01 12978796                   /var/cache/fontconfig/a6354e3ac43af67bd8d7b8e43c34e49f-le64.cache-4
7f0c89732000-7f0c89748000 r--s 00000000 08:01 12978773                   /var/cache/fontconfig/04aabc0a78ac019cf9454389977116d2-le64.cache-4
7f0c89748000-7f0c89749000 r--s 00000000 08:01 12978777                   /var/cache/fontconfig/1ac9eb803944fde146138c791f5cc56a-le64.cache-4
7f0c89749000-7f0c8974d000 r--s 00000000 08:01 12978781                   /var/cache/fontconfig/385c0604a188198f04d133e54aba7fe7-le64.cache-4
7f0c8974d000-7f0c8974f000 r--s 00000000 08:01 12978790                   /var/cache/fontconfig/767a8244fc0220cfb567a839d0392e0b-le64.cache-4
7f0c8974f000-7f0c89754000 r--s 00000000 08:01 12978792                   /var/cache/fontconfig/8801497958630a81b71ace7c5f9b32a8-le64.cache-4
7f0c89754000-7f0c8978f000 r--s 00000000 08:01 12976989                   /var/cache/fontconfig/365b55f210c0a22e9a19e35191240f32-le64.cache-4
7f0c8978f000-7f0c89796000 r--s 00000000 08:01 12978779                   /var/cache/fontconfig/3047814df9a2f067bd2d96a2b9c36e5a-le64.cache-4
7f0c89796000-7f0c8979c000 r--s 00000000 08:01 12978798                   /var/cache/fontconfig/b47c4e1ecd0709278f4910c18777a504-le64.cache-4
7f0c8979c000-7f0c897a5000 r--s 00000000 08:01 12978791                   /var/cache/fontconfig/52f7bdb7ce746bfd7eaa1985bd9cfa93-le64.cache-4
7f0c897a5000-7f0c897b8000 r--s 00000000 08:01 12978804                   /var/cache/fontconfig/d52a8644073d54c13679302ca1180695-le64.cache-4
7f0c897b8000-7f0c897c2000 r--s 00000000 08:01 12978782                   /var/cache/fontconfig/3f7329c5293ffd510edef78f73874cfd-le64.cache-4
7f0c89860000-7f0c89864000 r--s 00095000 08:01 24774403                   /opt/jdk1.8.0_60/jre/lib/jsse.jar
7f0c89864000-7f0c89a64000 rw-p 00000000 00:00 0 
7f0c89a64000-7f0c89a67000 ---p 00000000 00:00 0 
7f0c89a67000-7f0c89d65000 rw-p 00000000 00:00 0 
7f0c89d65000-7f0c89dce000 r-xp 00000000 08:01 24774358                   /opt/jdk1.8.0_60/jre/lib/amd64/libt2k.so
7f0c89dce000-7f0c89fce000 ---p 00069000 08:01 24774358                   /opt/jdk1.8.0_60/jre/lib/amd64/libt2k.so
7f0c89fce000-7f0c89fd5000 rw-p 00069000 08:01 24774358                   /opt/jdk1.8.0_60/jre/lib/amd64/libt2k.so
7f0c89fd5000-7f0c89fe5000 rw-p 00000000 00:00 0 
7f0c8a30f000-7f0c8a310000 r--s 00000000 08:01 12978807                   /var/cache/fontconfig/dc05db6664285cc2f12bf69c139ae4c3-le64.cache-4
7f0c8a310000-7f0c8a311000 r--s 00000000 08:01 12978783                   /var/cache/fontconfig/4794a0821666d79190d59a36cb4f44b5-le64.cache-4
7f0c8a311000-7f0c8a312000 r--s 00000000 08:01 12978800                   /var/cache/fontconfig/bab58bb527bb656aaa9f116d68a48d89-le64.cache-4
7f0c8a312000-7f0c8a313000 r--s 00000000 08:01 12978786                   /var/cache/fontconfig/56cf4f4769d0f4abc89a4895d7bd3ae1-le64.cache-4
7f0c8a313000-7f0c8a31e000 r--s 00000000 08:01 12978743                   /var/cache/fontconfig/d589a48862398ed80a3d6066f4f56f4c-le64.cache-4
7f0c8a31e000-7f0c8a327000 r--s 00000000 08:01 12981218                   /var/cache/fontconfig/d0972c3d32f097851eb916381fc38920-le64.cache-4
7f0c8a327000-7f0c8a334000 r--s 00000000 08:01 12978751                   /var/cache/fontconfig/e13b20fdb08344e0e664864cc2ede53d-le64.cache-4
7f0c8a428000-7f0c8a42b000 ---p 00000000 00:00 0 
7f0c8a42b000-7f0c8a729000 rw-p 00000000 00:00 0                          [stack:18078]
7f0c8a729000-7f0c8a73a000 r-xp 00000000 08:01 24774382                   /opt/jdk1.8.0_60/jre/lib/amd64/libnio.so
7f0c8a73a000-7f0c8a939000 ---p 00011000 08:01 24774382                   /opt/jdk1.8.0_60/jre/lib/amd64/libnio.so
7f0c8a939000-7f0c8a93a000 rw-p 00010000 08:01 24774382                   /opt/jdk1.8.0_60/jre/lib/amd64/libnio.so
7f0c8a93a000-7f0c8ac3b000 rw-p 00000000 00:00 0 
7f0c8ac3b000-7f0c8ac51000 r-xp 00000000 08:01 24774355                   /opt/jdk1.8.0_60/jre/lib/amd64/libnet.so
7f0c8ac51000-7f0c8ae51000 ---p 00016000 08:01 24774355                   /opt/jdk1.8.0_60/jre/lib/amd64/libnet.so
7f0c8ae51000-7f0c8ae52000 rw-p 00016000 08:01 24774355                   /opt/jdk1.8.0_60/jre/lib/amd64/libnet.so
7f0c8ae52000-7f0c8ae55000 ---p 00000000 00:00 0 
7f0c8ae55000-7f0c8af53000 rw-p 00000000 00:00 0                          [stack:15869]
7f0c8af53000-7f0c8af56000 ---p 00000000 00:00 0 
7f0c8af56000-7f0c8b054000 rw-p 00000000 00:00 0 
7f0c8b054000-7f0c8b057000 ---p 00000000 00:00 0 
7f0c8b057000-7f0c8b155000 rw-p 00000000 00:00 0                          [stack:15867]
7f0c8b155000-7f0c8b15a000 r-xp 00000000 08:01 27928400                   /usr/lib/x86_64-linux-gnu/libXfixes.so.3.1.0
7f0c8b15a000-7f0c8b359000 ---p 00005000 08:01 27928400                   /usr/lib/x86_64-linux-gnu/libXfixes.so.3.1.0
7f0c8b359000-7f0c8b35a000 r--p 00004000 08:01 27928400                   /usr/lib/x86_64-linux-gnu/libXfixes.so.3.1.0
7f0c8b35a000-7f0c8b35b000 rw-p 00005000 08:01 27928400                   /usr/lib/x86_64-linux-gnu/libXfixes.so.3.1.0
7f0c8b35b000-7f0c8b364000 r-xp 00000000 08:01 27928392                   /usr/lib/x86_64-linux-gnu/libXcursor.so.1.0.2
7f0c8b364000-7f0c8b563000 ---p 00009000 08:01 27928392                   /usr/lib/x86_64-linux-gnu/libXcursor.so.1.0.2
7f0c8b563000-7f0c8b564000 r--p 00008000 08:01 27928392                   /usr/lib/x86_64-linux-gnu/libXcursor.so.1.0.2
7f0c8b564000-7f0c8b565000 rw-p 00009000 08:01 27928392                   /usr/lib/x86_64-linux-gnu/libXcursor.so.1.0.2
7f0c8b565000-7f0c8b765000 rw-p 00000000 00:00 0 
7f0c8b765000-7f0c8b77b000 r-xp 00000000 08:01 14291550                   /lib/x86_64-linux-gnu/libgcc_s.so.1
7f0c8b77b000-7f0c8b97a000 ---p 00016000 08:01 14291550                   /lib/x86_64-linux-gnu/libgcc_s.so.1
7f0c8b97a000-7f0c8b97b000 r--p 00015000 08:01 14291550                   /lib/x86_64-linux-gnu/libgcc_s.so.1
7f0c8b97b000-7f0c8b97c000 rw-p 00016000 08:01 14291550                   /lib/x86_64-linux-gnu/libgcc_s.so.1
7f0c8b97c000-7f0c8b9e2000 r-xp 00000000 08:01 24774359                   /opt/jdk1.8.0_60/jre/lib/amd64/libfontmanager.so
7f0c8b9e2000-7f0c8bbe1000 ---p 00066000 08:01 24774359                   /opt/jdk1.8.0_60/jre/lib/amd64/libfontmanager.so
7f0c8bbe1000-7f0c8bbe5000 rw-p 00065000 08:01 24774359                   /opt/jdk1.8.0_60/jre/lib/amd64/libfontmanager.so
7f0c8bbe5000-7f0c8bbf6000 rw-p 00000000 00:00 0 
7f0c8bbf6000-7f0c8bbfb000 r-xp 00000000 08:01 27928396                   /usr/lib/x86_64-linux-gnu/libXdmcp.so.6.0.0
7f0c8bbfb000-7f0c8bdfa000 ---p 00005000 08:01 27928396                   /usr/lib/x86_64-linux-gnu/libXdmcp.so.6.0.0
7f0c8bdfa000-7f0c8bdfb000 r--p 00004000 08:01 27928396                   /usr/lib/x86_64-linux-gnu/libXdmcp.so.6.0.0
7f0c8bdfb000-7f0c8bdfc000 rw-p 00005000 08:01 27928396                   /usr/lib/x86_64-linux-gnu/libXdmcp.so.6.0.0
7f0c8bdfc000-7f0c8bdfe000 r-xp 00000000 08:01 27928385                   /usr/lib/x86_64-linux-gnu/libXau.so.6.0.0
7f0c8bdfe000-7f0c8bffe000 ---p 00002000 08:01 27928385                   /usr/lib/x86_64-linux-gnu/libXau.so.6.0.0
7f0c8bffe000-7f0c8bfff000 r--p 00002000 08:01 27928385                   /usr/lib/x86_64-linux-gnu/libXau.so.6.0.0
7f0c8bfff000-7f0c8c000000 rw-p 00003000 08:01 27928385                   /usr/lib/x86_64-linux-gnu/libXau.so.6.0.0
7f0c8c000000-7f0c8c021000 rw-p 00000000 00:00 0 
7f0c8c021000-7f0c90000000 ---p 00000000 00:00 0 
7f0c90000000-7f0c90021000 rw-p 00000000 00:00 0 
7f0c90021000-7f0c94000000 ---p 00000000 00:00 0 
7f0c94000000-7f0c94206000 rw-p 00000000 00:00 0 
7f0c94206000-7f0c98000000 ---p 00000000 00:00 0 
7f0c98000000-7f0c98800000 rw-p 00000000 00:00 0 
7f0c98800000-7f0c9c000000 ---p 00000000 00:00 0 
7f0c9c000000-7f0c9c021000 rw-p 00000000 00:00 0 
7f0c9c021000-7f0ca0000000 ---p 00000000 00:00 0 
7f0ca0000000-7f0ca0344000 rw-p 00000000 00:00 0 
7f0ca0344000-7f0ca4000000 ---p 00000000 00:00 0 
7f0ca4000000-7f0ca4021000 rw-p 00000000 00:00 0 
7f0ca4021000-7f0ca8000000 ---p 00000000 00:00 0 
7f0ca8000000-7f0ca8021000 rw-p 00000000 00:00 0 
7f0ca8021000-7f0cac000000 ---p 00000000 00:00 0 
7f0cac000000-7f0cac021000 rw-p 00000000 00:00 0 
7f0cac021000-7f0cb0000000 ---p 00000000 00:00 0 
7f0cb0000000-7f0cb0001000 r--s 00000000 08:01 12978799                   /var/cache/fontconfig/b9d506c9ac06c20b433354fa67a72993-le64.cache-4
7f0cb0001000-7f0cb0002000 r--s 00000000 08:01 12978785                   /var/cache/fontconfig/551ecf3b0e8b0bca0f25c0944f561853-le64.cache-4
7f0cb0002000-7f0cb0003000 r--s 00000000 08:01 12978774                   /var/cache/fontconfig/0c9eb80ebd1c36541ebe2852d3bb0c49-le64.cache-4
7f0cb0003000-7f0cb0007000 r--s 00000000 08:01 12979344                   /var/cache/fontconfig/7ef2298fde41cc6eeb7af42e48b7d293-le64.cache-4
7f0cb0020000-7f0cb002b000 r--s 00000000 08:01 12978793                   /var/cache/fontconfig/945677eb7aeaf62f1d50efc3fb3ec7d8-le64.cache-4
7f0cb002b000-7f0cb002d000 r--s 00000000 08:01 12978748                   /var/cache/fontconfig/99e8ed0e538f840c565b6ed5dad60d56-le64.cache-4
7f0cb002d000-7f0cb0036000 r--s 00000000 08:01 12978955                   /var/cache/fontconfig/a6d8cf8e4ec09cdbc8633c31745a07dd-le64.cache-4
7f0cb0036000-7f0cb003c000 r--s 00000000 08:01 12978778                   /var/cache/fontconfig/2cd17615ca594fa2959ae173292e504c-le64.cache-4
7f0cb003c000-7f0cb003d000 r--s 00000000 08:01 12978775                   /var/cache/fontconfig/0d8c3b2ac0904cb8a57a757ad11a4a08-le64.cache-4
7f0cb003d000-7f0cb0044000 r--s 00000000 08:01 12978797                   /var/cache/fontconfig/a755afe4a08bf5b97852ceb7400b47bc-le64.cache-4
7f0cb0044000-7f0cb0045000 r--s 00000000 08:01 12978796                   /var/cache/fontconfig/a6354e3ac43af67bd8d7b8e43c34e49f-le64.cache-4
7f0cb0045000-7f0cb005b000 r--s 00000000 08:01 12978773                   /var/cache/fontconfig/04aabc0a78ac019cf9454389977116d2-le64.cache-4
7f0cb005b000-7f0cb005f000 r--s 00000000 08:01 12978781                   /var/cache/fontconfig/385c0604a188198f04d133e54aba7fe7-le64.cache-4
7f0cb005f000-7f0cb0061000 r--s 00000000 08:01 12978790                   /var/cache/fontconfig/767a8244fc0220cfb567a839d0392e0b-le64.cache-4
7f0cb0061000-7f0cb0066000 r--s 00000000 08:01 12978792                   /var/cache/fontconfig/8801497958630a81b71ace7c5f9b32a8-le64.cache-4
7f0cb0066000-7f0cb00a1000 r--s 00000000 08:01 12976989                   /var/cache/fontconfig/365b55f210c0a22e9a19e35191240f32-le64.cache-4
7f0cb00a1000-7f0cb00a8000 r--s 00000000 08:01 12978779                   /var/cache/fontconfig/3047814df9a2f067bd2d96a2b9c36e5a-le64.cache-4
7f0cb00a8000-7f0cb00ae000 r--s 00000000 08:01 12978798                   /var/cache/fontconfig/b47c4e1ecd0709278f4910c18777a504-le64.cache-4
7f0cb00ae000-7f0cb00b7000 r--s 00000000 08:01 12978791                   /var/cache/fontconfig/52f7bdb7ce746bfd7eaa1985bd9cfa93-le64.cache-4
7f0cb00b7000-7f0cb00ba000 ---p 00000000 00:00 0 
7f0cb00ba000-7f0cb01b8000 rw-p 00000000 00:00 0                          [stack:15866]
7f0cb01b8000-7f0cb01d8000 r-xp 00000000 08:01 27929579                   /usr/lib/x86_64-linux-gnu/libxcb.so.1.1.0
7f0cb01d8000-7f0cb03d7000 ---p 00020000 08:01 27929579                   /usr/lib/x86_64-linux-gnu/libxcb.so.1.1.0
7f0cb03d7000-7f0cb03d8000 r--p 0001f000 08:01 27929579                   /usr/lib/x86_64-linux-gnu/libxcb.so.1.1.0
7f0cb03d8000-7f0cb03d9000 rw-p 00020000 08:01 27929579                   /usr/lib/x86_64-linux-gnu/libxcb.so.1.1.0
7f0cb03d9000-7f0cb03e8000 r-xp 00000000 08:01 27928406                   /usr/lib/x86_64-linux-gnu/libXi.so.6.1.0
7f0cb03e8000-7f0cb05e7000 ---p 0000f000 08:01 27928406                   /usr/lib/x86_64-linux-gnu/libXi.so.6.1.0
7f0cb05e7000-7f0cb05e8000 r--p 0000e000 08:01 27928406                   /usr/lib/x86_64-linux-gnu/libXi.so.6.1.0
7f0cb05e8000-7f0cb05e9000 rw-p 0000f000 08:01 27928406                   /usr/lib/x86_64-linux-gnu/libXi.so.6.1.0
7f0cb05e9000-7f0cb05ee000 r-xp 00000000 08:01 27928424                   /usr/lib/x86_64-linux-gnu/libXtst.so.6.1.0
7f0cb05ee000-7f0cb07ed000 ---p 00005000 08:01 27928424                   /usr/lib/x86_64-linux-gnu/libXtst.so.6.1.0
7f0cb07ed000-7f0cb07ee000 r--p 00004000 08:01 27928424                   /usr/lib/x86_64-linux-gnu/libXtst.so.6.1.0
7f0cb07ee000-7f0cb07ef000 rw-p 00005000 08:01 27928424                   /usr/lib/x86_64-linux-gnu/libXtst.so.6.1.0
7f0cb07ef000-7f0cb07f8000 r-xp 00000000 08:01 27928418                   /usr/lib/x86_64-linux-gnu/libXrender.so.1.3.0
7f0cb07f8000-7f0cb09f7000 ---p 00009000 08:01 27928418                   /usr/lib/x86_64-linux-gnu/libXrender.so.1.3.0
7f0cb09f7000-7f0cb09f8000 r--p 00008000 08:01 27928418                   /usr/lib/x86_64-linux-gnu/libXrender.so.1.3.0
7f0cb09f8000-7f0cb09f9000 rw-p 00009000 08:01 27928418                   /usr/lib/x86_64-linux-gnu/libXrender.so.1.3.0
7f0cb09f9000-7f0cb0b2e000 r-xp 00000000 08:01 27928381                   /usr/lib/x86_64-linux-gnu/libX11.so.6.3.0
7f0cb0b2e000-7f0cb0d2e000 ---p 00135000 08:01 27928381                   /usr/lib/x86_64-linux-gnu/libX11.so.6.3.0
7f0cb0d2e000-7f0cb0d2f000 r--p 00135000 08:01 27928381                   /usr/lib/x86_64-linux-gnu/libX11.so.6.3.0
7f0cb0d2f000-7f0cb0d33000 rw-p 00136000 08:01 27928381                   /usr/lib/x86_64-linux-gnu/libX11.so.6.3.0
7f0cb0d33000-7f0cb0d44000 r-xp 00000000 08:01 27928398                   /usr/lib/x86_64-linux-gnu/libXext.so.6.4.0
7f0cb0d44000-7f0cb0f43000 ---p 00011000 08:01 27928398                   /usr/lib/x86_64-linux-gnu/libXext.so.6.4.0
7f0cb0f43000-7f0cb0f44000 r--p 00010000 08:01 27928398                   /usr/lib/x86_64-linux-gnu/libXext.so.6.4.0
7f0cb0f44000-7f0cb0f45000 rw-p 00011000 08:01 27928398                   /usr/lib/x86_64-linux-gnu/libXext.so.6.4.0
7f0cb0f45000-7f0cb0f99000 r-xp 00000000 08:01 24774369                   /opt/jdk1.8.0_60/jre/lib/amd64/libawt_xawt.so
7f0cb0f99000-7f0cb1199000 ---p 00054000 08:01 24774369                   /opt/jdk1.8.0_60/jre/lib/amd64/libawt_xawt.so
7f0cb1199000-7f0cb119d000 rw-p 00054000 08:01 24774369                   /opt/jdk1.8.0_60/jre/lib/amd64/libawt_xawt.so
7f0cb119d000-7f0cb119e000 rw-p 00000000 00:00 0 
7f0cb119e000-7f0cb1240000 r-xp 00000000 08:01 24774376                   /opt/jdk1.8.0_60/jre/lib/amd64/libawt.so
7f0cb1240000-7f0cb1440000 ---p 000a2000 08:01 24774376                   /opt/jdk1.8.0_60/jre/lib/amd64/libawt.so
7f0cb1440000-7f0cb144c000 rw-p 000a2000 08:01 24774376                   /opt/jdk1.8.0_60/jre/lib/amd64/libawt.so
7f0cb144c000-7f0cb1470000 rw-p 00000000 00:00 0 
7f0cb1470000-7f0cb1471000 ---p 00000000 00:00 0 
7f0cb1471000-7f0cb1571000 rw-p 00000000 00:00 0                          [stack:15865]
7f0cb1571000-7f0cb1574000 ---p 00000000 00:00 0 
7f0cb1574000-7f0cb1672000 rw-p 00000000 00:00 0                          [stack:15864]
7f0cb1672000-7f0cb1675000 ---p 00000000 00:00 0 
7f0cb1675000-7f0cb1773000 rw-p 00000000 00:00 0                          [stack:15863]
7f0cb1773000-7f0cb1776000 ---p 00000000 00:00 0 
7f0cb1776000-7f0cb1874000 rw-p 00000000 00:00 0                          [stack:15862]
7f0cb1874000-7f0cb1877000 ---p 00000000 00:00 0 
7f0cb1877000-7f0cb1975000 rw-p 00000000 00:00 0                          [stack:15861]
7f0cb1975000-7f0cb1978000 ---p 00000000 00:00 0 
7f0cb1978000-7f0cb1a76000 rw-p 00000000 00:00 0                          [stack:15860]
7f0cb1a76000-7f0cb2173000 r--p 00000000 08:01 27927258                   /usr/lib/locale/locale-archive
7f0cb2173000-7f0cb2176000 ---p 00000000 00:00 0 
7f0cb2176000-7f0cb2274000 rw-p 00000000 00:00 0                          [stack:15859]
7f0cb2274000-7f0cb2277000 ---p 00000000 00:00 0 
7f0cb2277000-7f0cb2375000 rw-p 00000000 00:00 0                          [stack:15858]
7f0cb2375000-7f0cb2376000 ---p 00000000 00:00 0 
7f0cb2376000-7f0cbc000000 rw-p 00000000 00:00 0                          [stack:15857]
7f0cbc000000-7f0cbc021000 rw-p 00000000 00:00 0 
7f0cbc021000-7f0cc0000000 ---p 00000000 00:00 0 
7f0cc0000000-7f0cc0021000 rw-p 00000000 00:00 0 
7f0cc0021000-7f0cc4000000 ---p 00000000 00:00 0 
7f0cc4000000-7f0cc4021000 rw-p 00000000 00:00 0 
7f0cc4021000-7f0cc8000000 ---p 00000000 00:00 0 
7f0cc8000000-7f0cc8021000 rw-p 00000000 00:00 0 
7f0cc8021000-7f0ccc000000 ---p 00000000 00:00 0 
7f0ccc000000-7f0ccc001000 r--s 00000000 08:01 12978777                   /var/cache/fontconfig/1ac9eb803944fde146138c791f5cc56a-le64.cache-4
7f0ccc001000-7f0ccc014000 r--s 00000000 08:01 12978804                   /var/cache/fontconfig/d52a8644073d54c13679302ca1180695-le64.cache-4
7f0ccc014000-7f0ccc01e000 r--s 00000000 08:01 12978782                   /var/cache/fontconfig/3f7329c5293ffd510edef78f73874cfd-le64.cache-4
7f0ccc01e000-7f0ccc029000 r--s 00000000 08:01 12978743                   /var/cache/fontconfig/d589a48862398ed80a3d6066f4f56f4c-le64.cache-4
7f0ccc029000-7f0ccc201000 r--s 03d17000 08:01 24774400                   /opt/jdk1.8.0_60/jre/lib/rt.jar
7f0ccc201000-7f0ccc202000 ---p 00000000 00:00 0 
7f0ccc202000-7f0ccc32a000 rw-p 00000000 00:00 0                          [stack:15856]
7f0ccc32a000-7f0ccc834000 ---p 00000000 00:00 0 
7f0ccc834000-7f0ccc85c000 rw-p 00000000 00:00 0 
7f0ccc85c000-7f0cccd66000 ---p 00000000 00:00 0 
7f0cccd66000-7f0cccd90000 rw-p 00000000 00:00 0 
7f0cccd90000-7f0cccfff000 ---p 00000000 00:00 0 
7f0cccfff000-7f0ccd000000 rw-p 00000000 00:00 0 
7f0ccd000000-7f0ccd750000 rwxp 00000000 00:00 0 
7f0ccd750000-7f0cdc000000 ---p 00000000 00:00 0 
7f0cdc000000-7f0cdc5c4000 rw-p 00000000 00:00 0 
7f0cdc5c4000-7f0ce0000000 ---p 00000000 00:00 0 
7f0ce0000000-7f0ce0001000 r--s 00000000 08:01 12978807                   /var/cache/fontconfig/dc05db6664285cc2f12bf69c139ae4c3-le64.cache-4
7f0ce0001000-7f0ce0002000 r--s 00000000 08:01 12978783                   /var/cache/fontconfig/4794a0821666d79190d59a36cb4f44b5-le64.cache-4
7f0ce0002000-7f0ce0003000 r--s 00000000 08:01 12978800                   /var/cache/fontconfig/bab58bb527bb656aaa9f116d68a48d89-le64.cache-4
7f0ce0003000-7f0ce0004000 r--s 00000000 08:01 12978786                   /var/cache/fontconfig/56cf4f4769d0f4abc89a4895d7bd3ae1-le64.cache-4
7f0ce0004000-7f0ce0005000 r--s 00000000 08:01 12978799                   /var/cache/fontconfig/b9d506c9ac06c20b433354fa67a72993-le64.cache-4
7f0ce0005000-7f0ce0006000 r--s 00000000 08:01 12978785                   /var/cache/fontconfig/551ecf3b0e8b0bca0f25c0944f561853-le64.cache-4
7f0ce0006000-7f0ce000f000 r--s 00000000 08:01 12981218                   /var/cache/fontconfig/d0972c3d32f097851eb916381fc38920-le64.cache-4
7f0ce000f000-7f0ce001c000 r--s 00000000 08:01 12978751                   /var/cache/fontconfig/e13b20fdb08344e0e664864cc2ede53d-le64.cache-4
7f0ce001c000-7f0ce0020000 r--s 00000000 08:01 12979344                   /var/cache/fontconfig/7ef2298fde41cc6eeb7af42e48b7d293-le64.cache-4
7f0ce0020000-7f0ce002c000 r--s 00108000 08:01 13765658                   /home/robertsp/java/clarion2java/jclarion.netbeans.sf2/examples/execute.jar/itext-2.1.7.jar
7f0ce002c000-7f0ce0032000 r--s 00077000 08:01 13765656                   /home/robertsp/java/clarion2java/jclarion.netbeans.sf2/examples/execute.jar/postgresql-8.4-701.jdbc4.jar
7f0ce0032000-7f0ce00f7000 rw-p 00000000 00:00 0 
7f0ce00f7000-7f0ce00f8000 ---p 00000000 00:00 0 
7f0ce00f8000-7f0ce01f8000 rw-p 00000000 00:00 0                          [stack:15855]
7f0ce01f8000-7f0ce01f9000 ---p 00000000 00:00 0 
7f0ce01f9000-7f0ce02f9000 rw-p 00000000 00:00 0                          [stack:15854]
7f0ce02f9000-7f0ce02fa000 ---p 00000000 00:00 0 
7f0ce02fa000-7f0ce0418000 rw-p 00000000 00:00 0                          [stack:15853]
7f0ce0418000-7f0ce07ba000 ---p 00000000 00:00 0 
7f0ce07ba000-7f0ce07d4000 r-xp 00000000 08:01 24774350                   /opt/jdk1.8.0_60/jre/lib/amd64/libzip.so
7f0ce07d4000-7f0ce09d4000 ---p 0001a000 08:01 24774350                   /opt/jdk1.8.0_60/jre/lib/amd64/libzip.so
7f0ce09d4000-7f0ce09d5000 rw-p 0001a000 08:01 24774350                   /opt/jdk1.8.0_60/jre/lib/amd64/libzip.so
7f0ce09d5000-7f0ce09e1000 r-xp 00000000 08:01 14291606                   /lib/x86_64-linux-gnu/libnss_files-2.21.so
7f0ce09e1000-7f0ce0be0000 ---p 0000c000 08:01 14291606                   /lib/x86_64-linux-gnu/libnss_files-2.21.so
7f0ce0be0000-7f0ce0be1000 r--p 0000b000 08:01 14291606                   /lib/x86_64-linux-gnu/libnss_files-2.21.so
7f0ce0be1000-7f0ce0be2000 rw-p 0000c000 08:01 14291606                   /lib/x86_64-linux-gnu/libnss_files-2.21.so
7f0ce0be2000-7f0ce0bed000 r-xp 00000000 08:01 14291616                   /lib/x86_64-linux-gnu/libnss_nis-2.21.so
7f0ce0bed000-7f0ce0dec000 ---p 0000b000 08:01 14291616                   /lib/x86_64-linux-gnu/libnss_nis-2.21.so
7f0ce0dec000-7f0ce0ded000 r--p 0000a000 08:01 14291616                   /lib/x86_64-linux-gnu/libnss_nis-2.21.so
7f0ce0ded000-7f0ce0dee000 rw-p 0000b000 08:01 14291616                   /lib/x86_64-linux-gnu/libnss_nis-2.21.so
7f0ce0dee000-7f0ce0e05000 r-xp 00000000 08:01 14291600                   /lib/x86_64-linux-gnu/libnsl-2.21.so
7f0ce0e05000-7f0ce1004000 ---p 00017000 08:01 14291600                   /lib/x86_64-linux-gnu/libnsl-2.21.so
7f0ce1004000-7f0ce1005000 r--p 00016000 08:01 14291600                   /lib/x86_64-linux-gnu/libnsl-2.21.so
7f0ce1005000-7f0ce1006000 rw-p 00017000 08:01 14291600                   /lib/x86_64-linux-gnu/libnsl-2.21.so
7f0ce1006000-7f0ce1008000 rw-p 00000000 00:00 0 
7f0ce1008000-7f0ce1010000 r-xp 00000000 08:01 14291602                   /lib/x86_64-linux-gnu/libnss_compat-2.21.so
7f0ce1010000-7f0ce120f000 ---p 00008000 08:01 14291602                   /lib/x86_64-linux-gnu/libnss_compat-2.21.so
7f0ce120f000-7f0ce1210000 r--p 00007000 08:01 14291602                   /lib/x86_64-linux-gnu/libnss_compat-2.21.so
7f0ce1210000-7f0ce1211000 rw-p 00008000 08:01 14291602                   /lib/x86_64-linux-gnu/libnss_compat-2.21.so
7f0ce1211000-7f0ce123b000 r-xp 00000000 08:01 24774328                   /opt/jdk1.8.0_60/jre/lib/amd64/libjava.so
7f0ce123b000-7f0ce143b000 ---p 0002a000 08:01 24774328                   /opt/jdk1.8.0_60/jre/lib/amd64/libjava.so
7f0ce143b000-7f0ce143d000 rw-p 0002a000 08:01 24774328                   /opt/jdk1.8.0_60/jre/lib/amd64/libjava.so
7f0ce143d000-7f0ce144a000 r-xp 00000000 08:01 24774344                   /opt/jdk1.8.0_60/jre/lib/amd64/libverify.so
7f0ce144a000-7f0ce164a000 ---p 0000d000 08:01 24774344                   /opt/jdk1.8.0_60/jre/lib/amd64/libverify.so
7f0ce164a000-7f0ce164c000 rw-p 0000d000 08:01 24774344                   /opt/jdk1.8.0_60/jre/lib/amd64/libverify.so
7f0ce164c000-7f0ce1653000 r-xp 00000000 08:01 14291661                   /lib/x86_64-linux-gnu/librt-2.21.so
7f0ce1653000-7f0ce1852000 ---p 00007000 08:01 14291661                   /lib/x86_64-linux-gnu/librt-2.21.so
7f0ce1852000-7f0ce1853000 r--p 00006000 08:01 14291661                   /lib/x86_64-linux-gnu/librt-2.21.so
7f0ce1853000-7f0ce1854000 rw-p 00007000 08:01 14291661                   /lib/x86_64-linux-gnu/librt-2.21.so
7f0ce1854000-7f0ce195b000 r-xp 00000000 08:01 14291579                   /lib/x86_64-linux-gnu/libm-2.21.so
7f0ce195b000-7f0ce1b5a000 ---p 00107000 08:01 14291579                   /lib/x86_64-linux-gnu/libm-2.21.so
7f0ce1b5a000-7f0ce1b5b000 r--p 00106000 08:01 14291579                   /lib/x86_64-linux-gnu/libm-2.21.so
7f0ce1b5b000-7f0ce1b5c000 rw-p 00107000 08:01 14291579                   /lib/x86_64-linux-gnu/libm-2.21.so
7f0ce1b5c000-7f0ce281a000 r-xp 00000000 08:01 24774366                   /opt/jdk1.8.0_60/jre/lib/amd64/server/libjvm.so
7f0ce281a000-7f0ce2a19000 ---p 00cbe000 08:01 24774366                   /opt/jdk1.8.0_60/jre/lib/amd64/server/libjvm.so
7f0ce2a19000-7f0ce2af1000 rw-p 00cbd000 08:01 24774366                   /opt/jdk1.8.0_60/jre/lib/amd64/server/libjvm.so
7f0ce2af1000-7f0ce2b36000 rw-p 00000000 00:00 0 
7f0ce2b36000-7f0ce2cf6000 r-xp 00000000 08:01 14291517                   /lib/x86_64-linux-gnu/libc-2.21.so
7f0ce2cf6000-7f0ce2ef6000 ---p 001c0000 08:01 14291517                   /lib/x86_64-linux-gnu/libc-2.21.so
7f0ce2ef6000-7f0ce2efa000 r--p 001c0000 08:01 14291517                   /lib/x86_64-linux-gnu/libc-2.21.so
7f0ce2efa000-7f0ce2efc000 rw-p 001c4000 08:01 14291517                   /lib/x86_64-linux-gnu/libc-2.21.so
7f0ce2efc000-7f0ce2f00000 rw-p 00000000 00:00 0 
7f0ce2f00000-7f0ce2f03000 r-xp 00000000 08:01 14291536                   /lib/x86_64-linux-gnu/libdl-2.21.so
7f0ce2f03000-7f0ce3102000 ---p 00003000 08:01 14291536                   /lib/x86_64-linux-gnu/libdl-2.21.so
7f0ce3102000-7f0ce3103000 r--p 00002000 08:01 14291536                   /lib/x86_64-linux-gnu/libdl-2.21.so
7f0ce3103000-7f0ce3104000 rw-p 00003000 08:01 14291536                   /lib/x86_64-linux-gnu/libdl-2.21.so
7f0ce3104000-7f0ce3119000 r-xp 00000000 08:01 24773411                   /opt/jdk1.8.0_60/lib/amd64/jli/libjli.so
7f0ce3119000-7f0ce3319000 ---p 00015000 08:01 24773411                   /opt/jdk1.8.0_60/lib/amd64/jli/libjli.so
7f0ce3319000-7f0ce331a000 rw-p 00015000 08:01 24773411                   /opt/jdk1.8.0_60/lib/amd64/jli/libjli.so
7f0ce331a000-7f0ce3332000 r-xp 00000000 08:01 14291653                   /lib/x86_64-linux-gnu/libpthread-2.21.so
7f0ce3332000-7f0ce3532000 ---p 00018000 08:01 14291653                   /lib/x86_64-linux-gnu/libpthread-2.21.so
7f0ce3532000-7f0ce3533000 r--p 00018000 08:01 14291653                   /lib/x86_64-linux-gnu/libpthread-2.21.so
7f0ce3533000-7f0ce3534000 rw-p 00019000 08:01 14291653                   /lib/x86_64-linux-gnu/libpthread-2.21.so
7f0ce3534000-7f0ce3538000 rw-p 00000000 00:00 0 
7f0ce3538000-7f0ce355c000 r-xp 00000000 08:01 14291489                   /lib/x86_64-linux-gnu/ld-2.21.so
7f0ce355c000-7f0ce355e000 r--s 00005000 08:01 13765659                   /home/robertsp/java/clarion2java/jclarion.netbeans.sf2/examples/execute.jar/clarion-sysruntime-1.17.jar
7f0ce355e000-7f0ce3560000 r--s 0000e000 08:01 13765660                   /home/robertsp/java/clarion2java/jclarion.netbeans.sf2/examples/execute.jar/jazzy-0.5.2-rtext-1.4.1-2.jar
7f0ce3560000-7f0ce356a000 r--s 00116000 08:01 24774409                   /opt/jdk1.8.0_60/jre/lib/ext/localedata.jar
7f0ce356a000-7f0ce3586000 r--s 00393000 08:01 24774416                   /opt/jdk1.8.0_60/jre/lib/ext/cldrdata.jar
7f0ce3586000-7f0ce362f000 rw-p 00000000 00:00 0 
7f0ce362f000-7f0ce3632000 ---p 00000000 00:00 0 
7f0ce3632000-7f0ce3734000 rw-p 00000000 00:00 0                          [stack:15852]
7f0ce3734000-7f0ce3735000 r--s 00000000 08:01 12978774                   /var/cache/fontconfig/0c9eb80ebd1c36541ebe2852d3bb0c49-le64.cache-4
7f0ce3735000-7f0ce3736000 r--s 00007000 08:01 13765657                   /home/robertsp/java/clarion2java/jclarion.netbeans.sf2/examples/execute.jar/image4j-0.7.jar
7f0ce3736000-7f0ce3739000 r--s 0001b000 08:01 13765655                   /home/robertsp/java/clarion2java/jclarion.netbeans.sf2/examples/execute.jar/junit-3.8.1.jar
7f0ce3739000-7f0ce374a000 r--s 00105000 08:01 13765666                   /home/robertsp/java/clarion2java/jclarion.netbeans.sf2/examples/execute.jar/clarion-runtime-1.122-SNAPSHOT.jar
7f0ce374a000-7f0ce374f000 r--s 00058000 08:01 13766754                   /home/robertsp/java/clarion2java/jclarion.netbeans.sf2/examples/execute.jar/winlats55-1.0.jar
7f0ce374f000-7f0ce3757000 rw-s 00000000 08:01 30016244                   /tmp/hsperfdata_robertsp/15851
7f0ce3757000-7f0ce3758000 rw-p 00000000 00:00 0 
7f0ce3758000-7f0ce3759000 r--p 00000000 00:00 0 
7f0ce3759000-7f0ce375b000 rw-p 00000000 00:00 0 
7f0ce375b000-7f0ce375c000 r--p 00023000 08:01 14291489                   /lib/x86_64-linux-gnu/ld-2.21.so
7f0ce375c000-7f0ce375d000 rw-p 00024000 08:01 14291489                   /lib/x86_64-linux-gnu/ld-2.21.so
7f0ce375d000-7f0ce375e000 rw-p 00000000 00:00 0 
7ffe02196000-7ffe021b7000 rw-p 00000000 00:00 0                          [stack]
7ffe021c9000-7ffe021cb000 r--p 00000000 00:00 0                          [vvar]
7ffe021cb000-7ffe021cd000 r-xp 00000000 00:00 0                          [vdso]
ffffffffff600000-ffffffffff601000 r-xp 00000000 00:00 0                  [vsyscall]

VM Arguments:
jvm_args: -Dclarion.debug=true 
java_command: winlats55-1.0.jar
java_class_path (initial): winlats55-1.0.jar
Launcher Type: SUN_STANDARD

Environment Variables:
JAVA_HOME=/opt/jdk1.8.0_60
PATH=/opt/jdk1.8.0_60/bin:/opt/apache-ant-1.9.6/bin:/opt/jdk1.8.0_60/bin:/opt/apache-ant-1.9.6/bin:/usr/local/sbin:/usr/local/bin:/usr/sbin:/usr/bin:/sbin:/bin:/usr/games:/usr/local/games
SHELL=/bin/bash
DISPLAY=:0

Signal Handlers:
SIGSEGV: [libjvm.so+0xaba070], sa_mask[0]=11111111011111111101111111111110, sa_flags=SA_RESTART|SA_SIGINFO
SIGBUS: [libjvm.so+0xaba070], sa_mask[0]=11111111011111111101111111111110, sa_flags=SA_RESTART|SA_SIGINFO
SIGFPE: [libjvm.so+0x917630], sa_mask[0]=11111111011111111101111111111110, sa_flags=SA_RESTART|SA_SIGINFO
SIGPIPE: [libjvm.so+0x917630], sa_mask[0]=11111111011111111101111111111110, sa_flags=SA_RESTART|SA_SIGINFO
SIGXFSZ: [libjvm.so+0x917630], sa_mask[0]=11111111011111111101111111111110, sa_flags=SA_RESTART|SA_SIGINFO
SIGILL: [libjvm.so+0x917630], sa_mask[0]=11111111011111111101111111111110, sa_flags=SA_RESTART|SA_SIGINFO
SIGUSR1: SIG_DFL, sa_mask[0]=00000000000000000000000000000000, sa_flags=none
SIGUSR2: [libjvm.so+0x918c60], sa_mask[0]=00100000000000000000000000000000, sa_flags=SA_RESTART|SA_SIGINFO
SIGHUP: [libjvm.so+0x91a060], sa_mask[0]=11111111011111111101111111111110, sa_flags=SA_RESTART|SA_SIGINFO
SIGINT: [libjvm.so+0x91a060], sa_mask[0]=11111111011111111101111111111110, sa_flags=SA_RESTART|SA_SIGINFO
SIGTERM: [libjvm.so+0x91a060], sa_mask[0]=11111111011111111101111111111110, sa_flags=SA_RESTART|SA_SIGINFO
SIGQUIT: [libjvm.so+0x91a060], sa_mask[0]=11111111011111111101111111111110, sa_flags=SA_RESTART|SA_SIGINFO


---------------  S Y S T E M  ---------------

OS:DISTRIB_ID=Ubuntu
DISTRIB_RELEASE=15.10
DISTRIB_CODENAME=wily
DISTRIB_DESCRIPTION="Ubuntu 15.10"

uname:Linux 4.2.0-27-generic #32-Ubuntu SMP Fri Jan 22 04:49:08 UTC 2016 x86_64
libc:glibc 2.21 NPTL 2.21 
rlimit: STACK 8192k, CORE 0k, NPROC 63700, NOFILE 65536, AS infinity
load average:1,15 0,56 0,45

/proc/meminfo:
MemTotal:       16341916 kB
MemFree:         5653092 kB
MemAvailable:   13180968 kB
Buffers:          583204 kB
Cached:          7378320 kB
SwapCached:            0 kB
Active:          6222188 kB
Inactive:        3829616 kB
Active(anon):    2179536 kB
Inactive(anon):   750128 kB
Active(file):    4042652 kB
Inactive(file):  3079488 kB
Unevictable:         292 kB
Mlocked:             264 kB
SwapTotal:             0 kB
SwapFree:              0 kB
Dirty:               132 kB
Writeback:             0 kB
AnonPages:       2065920 kB
Mapped:           623240 kB
Shmem:            838936 kB
Slab:             519948 kB
SReclaimable:     466120 kB
SUnreclaim:        53828 kB
KernelStack:        7200 kB
PageTables:        26540 kB
NFS_Unstable:          0 kB
Bounce:                0 kB
WritebackTmp:          0 kB
CommitLimit:     8170956 kB
Committed_AS:    7416072 kB
VmallocTotal:   34359738367 kB
VmallocUsed:      401908 kB
VmallocChunk:   34358947836 kB
HardwareCorrupted:     0 kB
AnonHugePages:   1619968 kB
CmaTotal:              0 kB
CmaFree:               0 kB
HugePages_Total:       0
HugePages_Free:        0
HugePages_Rsvd:        0
HugePages_Surp:        0
Hugepagesize:       2048 kB
DirectMap4k:      211840 kB
DirectMap2M:    12279808 kB
DirectMap1G:     4194304 kB


CPU:total 4 (2 cores per cpu, 2 threads per core) family 6 model 61 stepping 4, cmov, cx8, fxsr, mmx, sse, sse2, sse3, ssse3, sse4.1, sse4.2, popcnt, avx, avx2, aes, clmul, erms, 3dnowpref, lzcnt, ht, tsc, tscinvbit, bmi1, bmi2, adx

/proc/cpuinfo:
processor	: 0
vendor_id	: GenuineIntel
cpu family	: 6
model		: 61
model name	: Intel(R) Core(TM) i7-5500U CPU @ 2.40GHz
stepping	: 4
microcode	: 0x21
cpu MHz		: 2899.968
cache size	: 4096 KB
physical id	: 0
siblings	: 4
core id		: 0
cpu cores	: 2
apicid		: 0
initial apicid	: 0
fpu		: yes
fpu_exception	: yes
cpuid level	: 20
wp		: yes
flags		: fpu vme de pse tsc msr pae mce cx8 apic sep mtrr pge mca cmov pat pse36 clflush dts acpi mmx fxsr sse sse2 ss ht tm pbe syscall nx pdpe1gb rdtscp lm constant_tsc arch_perfmon pebs bts rep_good nopl xtopology nonstop_tsc aperfmperf eagerfpu pni pclmulqdq dtes64 monitor ds_cpl vmx est tm2 ssse3 fma cx16 xtpr pdcm pcid sse4_1 sse4_2 x2apic movbe popcnt tsc_deadline_timer aes xsave avx f16c rdrand lahf_lm abm 3dnowprefetch ida arat epb pln pts dtherm intel_pt tpr_shadow vnmi flexpriority ept vpid fsgsbase tsc_adjust bmi1 avx2 smep bmi2 erms invpcid rdseed adx smap xsaveopt
bugs		:
bogomips	: 4788.85
clflush size	: 64
cache_alignment	: 64
address sizes	: 39 bits physical, 48 bits virtual
power management:

processor	: 1
vendor_id	: GenuineIntel
cpu family	: 6
model		: 61
model name	: Intel(R) Core(TM) i7-5500U CPU @ 2.40GHz
stepping	: 4
microcode	: 0x21
cpu MHz		: 2899.968
cache size	: 4096 KB
physical id	: 0
siblings	: 4
core id		: 1
cpu cores	: 2
apicid		: 2
initial apicid	: 2
fpu		: yes
fpu_exception	: yes
cpuid level	: 20
wp		: yes
flags		: fpu vme de pse tsc msr pae mce cx8 apic sep mtrr pge mca cmov pat pse36 clflush dts acpi mmx fxsr sse sse2 ss ht tm pbe syscall nx pdpe1gb rdtscp lm constant_tsc arch_perfmon pebs bts rep_good nopl xtopology nonstop_tsc aperfmperf eagerfpu pni pclmulqdq dtes64 monitor ds_cpl vmx est tm2 ssse3 fma cx16 xtpr pdcm pcid sse4_1 sse4_2 x2apic movbe popcnt tsc_deadline_timer aes xsave avx f16c rdrand lahf_lm abm 3dnowprefetch ida arat epb pln pts dtherm intel_pt tpr_shadow vnmi flexpriority ept vpid fsgsbase tsc_adjust bmi1 avx2 smep bmi2 erms invpcid rdseed adx smap xsaveopt
bugs		:
bogomips	: 4788.85
clflush size	: 64
cache_alignment	: 64
address sizes	: 39 bits physical, 48 bits virtual
power management:

processor	: 2
vendor_id	: GenuineIntel
cpu family	: 6
model		: 61
model name	: Intel(R) Core(TM) i7-5500U CPU @ 2.40GHz
stepping	: 4
microcode	: 0x21
cpu MHz		: 2899.968
cache size	: 4096 KB
physical id	: 0
siblings	: 4
core id		: 0
cpu cores	: 2
apicid		: 1
initial apicid	: 1
fpu		: yes
fpu_exception	: yes
cpuid level	: 20
wp		: yes
flags		: fpu vme de pse tsc msr pae mce cx8 apic sep mtrr pge mca cmov pat pse36 clflush dts acpi mmx fxsr sse sse2 ss ht tm pbe syscall nx pdpe1gb rdtscp lm constant_tsc arch_perfmon pebs bts rep_good nopl xtopology nonstop_tsc aperfmperf eagerfpu pni pclmulqdq dtes64 monitor ds_cpl vmx est tm2 ssse3 fma cx16 xtpr pdcm pcid sse4_1 sse4_2 x2apic movbe popcnt tsc_deadline_timer aes xsave avx f16c rdrand lahf_lm abm 3dnowprefetch ida arat epb pln pts dtherm intel_pt tpr_shadow vnmi flexpriority ept vpid fsgsbase tsc_adjust bmi1 avx2 smep bmi2 erms invpcid rdseed adx smap xsaveopt
bugs		:
bogomips	: 4788.85
clflush size	: 64
cache_alignment	: 64
address sizes	: 39 bits physical, 48 bits virtual
power management:

processor	: 3
vendor_id	: GenuineIntel
cpu family	: 6
model		: 61
model name	: Intel(R) Core(TM) i7-5500U CPU @ 2.40GHz
stepping	: 4
microcode	: 0x21
cpu MHz		: 2899.968
cache size	: 4096 KB
physical id	: 0
siblings	: 4
core id		: 1
cpu cores	: 2
apicid		: 3
initial apicid	: 3
fpu		: yes
fpu_exception	: yes
cpuid level	: 20
wp		: yes
flags		: fpu vme de pse tsc msr pae mce cx8 apic sep mtrr pge mca cmov pat pse36 clflush dts acpi mmx fxsr sse sse2 ss ht tm pbe syscall nx pdpe1gb rdtscp lm constant_tsc arch_perfmon pebs bts rep_good nopl xtopology nonstop_tsc aperfmperf eagerfpu pni pclmulqdq dtes64 monitor ds_cpl vmx est tm2 ssse3 fma cx16 xtpr pdcm pcid sse4_1 sse4_2 x2apic movbe popcnt tsc_deadline_timer aes xsave avx f16c rdrand lahf_lm abm 3dnowprefetch ida arat epb pln pts dtherm intel_pt tpr_shadow vnmi flexpriority ept vpid fsgsbase tsc_adjust bmi1 avx2 smep bmi2 erms invpcid rdseed adx smap xsaveopt
bugs		:
bogomips	: 4788.85
clflush size	: 64
cache_alignment	: 64
address sizes	: 39 bits physical, 48 bits virtual
power management:



Memory: 4k page, physical 16341916k(5656968k free), swap 0k(0k free)

vm_info: Java HotSpot(TM) 64-Bit Server VM (25.60-b23) for linux-amd64 JRE (1.8.0_60-b27), built on Aug  4 2015 12:19:40 by "java_re" with gcc 4.3.0 20080428 (Red Hat 4.3.0-8)

time: Fri Feb 19 18:28:40 2016
elapsed time: 4417 seconds (0d 1h 13m 37s)

