#
# A fatal error has been detected by the Java Runtime Environment:
#
#  SIGSEGV (0xb) at pc=0x00007f24350696ba, pid=17099, tid=139793351149312
#
# JRE version: Java(TM) SE Runtime Environment (8.0_60-b27) (build 1.8.0_60-b27)
# Java VM: Java HotSpot(TM) 64-Bit Server VM (25.60-b23 mixed mode linux-amd64 compressed oops)
# Problematic frame:
# v  ~BufferBlob::jni_fast_GetLongField
#
# Failed to write core dump. Core dumps have been disabled. To enable core dumping, try "ulimit -c unlimited" before starting Java again
#
# If you would like to submit a bug report, please visit:
#   http://bugreport.java.com/bugreport/crash.jsp
# The crash happened outside the Java Virtual Machine in native code.
# See problematic frame for where to report the bug.
#

---------------  T H R E A D  ---------------

Current thread (0x00007f2444418000):  JavaThread "AWT-XAWT" daemon [_thread_in_native, id=17115, stack(0x00007f242cf98000,0x00007f242d099000)]

siginfo: si_signo: 11 (SIGSEGV), si_code: 1 (SEGV_MAPERR), si_addr: 0x0000000000000000

Registers:
RAX=0x00007f244ce40da0, RBX=0x00007f24444181f8, RCX=0x00007f244d8a3340, RDX=0x0000000000000042
RSP=0x00007f242d0975b8, RBP=0x00007f242d0975e0, RSI=0x0000000000000000, RDI=0x00007f24444181f8
R8 =0x00000000000001f4, R9 =0x0000000000000000, R10=0x0000000000000090, R11=0x00007f24356a5f18
R12=0x00007f23d423f740, R13=0x0000000000000000, R14=0x00007f242f02a7e0, R15=0x00007f2444418000
RIP=0x00007f24350696ba, EFLAGS=0x0000000000010246, CSGSFS=0x0000000000000033, ERR=0x0000000000000004
  TRAPNO=0x000000000000000e

Top of Stack: (sp=0x00007f242d0975b8)
0x00007f242d0975b8:   00007f242ee08e61 00007f2448de5a30
0x00007f242d0975c8:   00007f23d423f740 00007f242d097690
0x00007f242d0975d8:   00007f242d097660 0000000000000000
0x00007f242d0975e8:   00007f242e8ea3c0 00007f2448de5a30
0x00007f242d0975f8:   00007f242d097620 0000000000000000
0x00007f242d097608:   00007f242e8e1f93 00007f242d097690
0x00007f242d097618:   00007f242ee0209f 00007f242d097670
0x00007f242d097628:   00007f24356a5fb6 0000000000000000
0x00007f242d097638:   00007f2435537276 00000006c6b73aa8
0x00007f242d097648:   00007f243514bb6c 00007f242d0976f0
0x00007f242d097658:   00000006c6e93b80 00000006c6b73e88
0x00007f242d097668:   00000006c6e93b80 00007f242d0976f0
0x00007f242d097678:   00007f2435007420 00007f242d0976f0
0x00007f242d097688:   00007f2435007420 0000000000000000
0x00007f242d097698:   00007f2435007760 00007f23e8000ea0
0x00007f242d0976a8:   00000006c6b73aa8 00007f242d0976b0
0x00007f242d0976b8:   00007f2448dc53bc 00007f242d097738
0x00007f242d0976c8:   00007f2448dce2e0 0000000000000000
0x00007f242d0976d8:   00007f2448dc54f8 00007f242d097690
0x00007f242d0976e8:   00007f242d097730 00007f242d097780
0x00007f242d0976f8:   00007f2435007c4d 0000000000000000
0x00007f242d097708:   00000006c6b963f8 0000000000000000
0x00007f242d097718:   0000000000000000 0000000000000000
0x00007f242d097728:   00000006c6b73aa8 0000000000000000
0x00007f242d097738:   00000006c6b73a50 00007f242d097740
0x00007f242d097748:   00007f2448dc51fd 00007f242d097790
0x00007f242d097758:   00007f2448dce2e0 0000000000000000
0x00007f242d097768:   00007f2448dc5208 00007f242d097730
0x00007f242d097778:   00007f242d097790 00007f242d0977d8
0x00007f242d097788:   00007f2435007c92 00000006c6b73a50
0x00007f242d097798:   00007f242d097798 00007f24486ca9cb
0x00007f242d0977a8:   00007f242d0977e8 00007f2448751480 

Instructions: (pc=0x00007f24350696ba)
0x00007f243506969a:   00 00 00 00 00 00 44 8b 15 81 1c e1 17 4c 8b ce
0x00007f24350696aa:   41 f6 c2 01 0f 85 2e 00 00 00 4d 33 ca 4d 33 ca
0x00007f24350696ba:   4d 8b 09 4c 8b da 49 c1 eb 02 4b 8b 04 19 49 bb
0x00007f24350696ca:   28 b3 e7 4c 24 7f 00 00 4c 33 d8 4c 33 d8 45 3b 

Register to memory mapping:

RAX=0x00007f244ce40da0: <offset 0xf74da0> in /opt/jdk1.8.0_60/jre/lib/amd64/server/libjvm.so at 0x00007f244becc000
RBX=0x00007f24444181f8 is an unknown value
RCX=0x00007f244d8a3340: <offset 0x219340> in /lib/x86_64-linux-gnu/libpthread.so.0 at 0x00007f244d68a000
RDX=0x0000000000000042 is an unknown value
RSP=0x00007f242d0975b8 is pointing into the stack for thread: 0x00007f2444418000
RBP=0x00007f242d0975e0 is pointing into the stack for thread: 0x00007f2444418000
RSI=0x0000000000000000 is an unknown value
RDI=0x00007f24444181f8 is an unknown value
R8 =0x00000000000001f4 is an unknown value
R9 =0x0000000000000000 is an unknown value
R10=0x0000000000000090 is an unknown value
R11=0x00007f24356a5f18 is at entry_point+24 in (nmethod*)0x00007f24356a5d90
R12=0x00007f23d423f740 is an unknown value
R13=0x0000000000000000 is an unknown value
R14=0x00007f242f02a7e0: <offset 0x2587e0> in /opt/jdk1.8.0_60/jre/lib/amd64/libawt_xawt.so at 0x00007f242edd2000
R15=0x00007f2444418000 is a thread


Stack: [0x00007f242cf98000,0x00007f242d099000],  sp=0x00007f242d0975b8,  free space=1021k
Native frames: (J=compiled Java code, j=interpreted, Vv=VM code, C=native code)
v  ~BufferBlob::jni_fast_GetLongField
C  [libX11.so.6+0x643c0]  _XimServerDestroy+0x70

Java frames: (J=compiled Java code, j=interpreted, Vv=VM code)
J 2327  sun.awt.X11.XlibWrapper.XFilterEvent(JJ)Z (0 bytes) @ 0x00007f24356a5f44 [0x00007f24356a5f00+0x44]
j  sun.awt.X11.XToolkit.run(Z)V+300
j  sun.awt.X11.XToolkit.run()V+5
j  java.lang.Thread.run()V+11
v  ~StubRoutines::call_stub

---------------  P R O C E S S  ---------------

Java Threads: ( => current thread )
  0x00007f23d4312800 JavaThread "XToolkt-Shutdown-Thread" [_thread_blocked, id=20273, stack(0x00007f242c102000,0x00007f242c203000)]
  0x00007f23fc003000 JavaThread "SIGTERM handler" daemon [_thread_blocked, id=20271, stack(0x00007f242798d000,0x00007f2427a8e000)]
  0x00007f23fc002000 JavaThread "SIGTERM handler" daemon [_thread_blocked, id=20270, stack(0x00007f242ce97000,0x00007f242cf98000)]
  0x00007f23fc001000 JavaThread "SIGHUP handler" daemon [_thread_blocked, id=20269, stack(0x00007f242c36c000,0x00007f242c46d000)]
  0x00007f2444009800 JavaThread "DestroyJavaVM" [_thread_blocked, id=17100, stack(0x00007f244d99f000,0x00007f244daa0000)]
  0x00007f23d4253800 JavaThread "TimerQueue" daemon [_thread_blocked, id=17121, stack(0x00007f242725f000,0x00007f2427360000)]
  0x00007f244441e000 JavaThread "AWT-EventQueue-0" [_thread_blocked, id=17117, stack(0x00007f242cd96000,0x00007f242ce97000)]
=>0x00007f2444418000 JavaThread "AWT-XAWT" daemon [_thread_in_native, id=17115, stack(0x00007f242cf98000,0x00007f242d099000)]
  0x00007f24443f9800 JavaThread "Java2D Disposer" daemon [_thread_blocked, id=17114, stack(0x00007f242d4a9000,0x00007f242d5aa000)]
  0x00007f24441a0800 JavaThread "Service Thread" daemon [_thread_blocked, id=17112, stack(0x00007f242f3fe000,0x00007f242f4ff000)]
  0x00007f2444183000 JavaThread "C1 CompilerThread2" daemon [_thread_blocked, id=17111, stack(0x00007f242f4ff000,0x00007f242f600000)]
  0x00007f2444181000 JavaThread "C2 CompilerThread1" daemon [_thread_blocked, id=17110, stack(0x00007f242f600000,0x00007f242f701000)]
  0x00007f244417e000 JavaThread "C2 CompilerThread0" daemon [_thread_blocked, id=17109, stack(0x00007f242f701000,0x00007f242f802000)]
  0x00007f244417c800 JavaThread "Signal Dispatcher" daemon [_thread_blocked, id=17108, stack(0x00007f242f802000,0x00007f242f903000)]
  0x00007f2444146000 JavaThread "Finalizer" daemon [_thread_blocked, id=17107, stack(0x00007f24340f1000,0x00007f24341f2000)]
  0x00007f2444144000 JavaThread "Reference Handler" daemon [_thread_blocked, id=17106, stack(0x00007f24341f2000,0x00007f24342f3000)]

Other Threads:
  0x00007f244413f000 VMThread [stack: 0x00007f24342f3000,0x00007f24343f4000] [id=17105]
  0x00007f24441a3000 WatcherThread [stack: 0x00007f242f2fd000,0x00007f242f3fe000] [id=17113]

VM state:not at safepoint (normal execution)

VM Mutex/Monitor currently owned by a thread: None

Heap:
 PSYoungGen      total 74752K, used 11613K [0x000000076ce00000, 0x0000000772100000, 0x00000007c0000000)
  eden space 64512K, 18% used [0x000000076ce00000,0x000000076d957680,0x0000000770d00000)
  from space 10240K, 0% used [0x0000000770d00000,0x0000000770d00000,0x0000000771700000)
  to   space 10240K, 0% used [0x0000000771700000,0x0000000771700000,0x0000000772100000)
 ParOldGen       total 77824K, used 11420K [0x00000006c6a00000, 0x00000006cb600000, 0x000000076ce00000)
  object space 77824K, 14% used [0x00000006c6a00000,0x00000006c7527300,0x00000006cb600000)
 Metaspace       used 21127K, capacity 21282K, committed 21760K, reserved 1069056K
  class space    used 2634K, capacity 2704K, committed 2816K, reserved 1048576K

Card table byte_map: [0x00007f2449f9e000,0x00007f244a76a000] byte_map_base: 0x00007f2446969000

Marking Bits: (ParMarkBitMap*) 0x00007f244ce7ade0
 Begin Bits: [0x00007f2410350000, 0x00007f24141a8000)
 End Bits:   [0x00007f24141a8000, 0x00007f2418000000)

Polling page: 0x00007f244dac8000

CodeCache: size=245760Kb used=7949Kb max_used=7949Kb free=237810Kb
 bounds [0x00007f2435000000, 0x00007f24357d0000, 0x00007f2444000000]
 total_blobs=3161 nmethods=2532 adapters=541
 compilation: enabled

Compilation events (10 events):
Event: 1724,727 Thread 0x00007f2444183000 2566       1       sun.awt.X11.XEvent::getPData (5 bytes)
Event: 1724,727 Thread 0x00007f2444183000 nmethod 2566 0x00007f24357c2010 code [0x00007f24357c2160, 0x00007f24357c2270]
Event: 1727,829 Thread 0x00007f244417e000 2567   !   4       sun.awt.X11.XToolkit::getNextTaskTime (55 bytes)
Event: 1727,832 Thread 0x00007f244417e000 nmethod 2567 0x00007f24357c1750 code [0x00007f24357c18e0, 0x00007f24357c1c08]
Event: 2135,603 Thread 0x00007f2444181000 2568       4       java.util.TreeMap::getEntry (84 bytes)
Event: 2135,605 Thread 0x00007f2444181000 nmethod 2568 0x00007f24357c3cd0 code [0x00007f24357c3e20, 0x00007f24357c3f98]
Event: 3093,283 Thread 0x00007f2444181000 2569       4       sun.awt.X11.XEvent::get_xany (22 bytes)
Event: 3093,292 Thread 0x00007f2444181000 nmethod 2569 0x00007f24357c8dd0 code [0x00007f24357c9000, 0x00007f24357c9830]
Event: 4227,896 Thread 0x00007f244417e000 2570   !   4       sun.awt.X11.XToolkit::windowToXWindow (27 bytes)
Event: 4227,902 Thread 0x00007f244417e000 nmethod 2570 0x00007f24357c0dd0 code [0x00007f24357c0f40, 0x00007f24357c1438]

GC Heap History (4 events):
Event: 65,548 GC heap before
{Heap before GC invocations=1 (full 0):
 PSYoungGen      total 74752K, used 51944K [0x000000076ce00000, 0x0000000772100000, 0x00000007c0000000)
  eden space 64512K, 80% used [0x000000076ce00000,0x00000007700ba248,0x0000000770d00000)
  from space 10240K, 0% used [0x0000000771700000,0x0000000771700000,0x0000000772100000)
  to   space 10240K, 0% used [0x0000000770d00000,0x0000000770d00000,0x0000000771700000)
 ParOldGen       total 171008K, used 0K [0x00000006c6a00000, 0x00000006d1100000, 0x000000076ce00000)
  object space 171008K, 0% used [0x00000006c6a00000,0x00000006c6a00000,0x00000006d1100000)
 Metaspace       used 20734K, capacity 20898K, committed 21248K, reserved 1067008K
  class space    used 2619K, capacity 2704K, committed 2816K, reserved 1048576K
Event: 65,562 GC heap after
Heap after GC invocations=1 (full 0):
 PSYoungGen      total 74752K, used 10235K [0x000000076ce00000, 0x0000000772100000, 0x00000007c0000000)
  eden space 64512K, 0% used [0x000000076ce00000,0x000000076ce00000,0x0000000770d00000)
  from space 10240K, 99% used [0x0000000770d00000,0x00000007716fedc0,0x0000000771700000)
  to   space 10240K, 0% used [0x0000000771700000,0x0000000771700000,0x0000000772100000)
 ParOldGen       total 171008K, used 1457K [0x00000006c6a00000, 0x00000006d1100000, 0x000000076ce00000)
  object space 171008K, 0% used [0x00000006c6a00000,0x00000006c6b6c7c8,0x00000006d1100000)
 Metaspace       used 20734K, capacity 20898K, committed 21248K, reserved 1067008K
  class space    used 2619K, capacity 2704K, committed 2816K, reserved 1048576K
}
Event: 65,562 GC heap before
{Heap before GC invocations=2 (full 1):
 PSYoungGen      total 74752K, used 10235K [0x000000076ce00000, 0x0000000772100000, 0x00000007c0000000)
  eden space 64512K, 0% used [0x000000076ce00000,0x000000076ce00000,0x0000000770d00000)
  from space 10240K, 99% used [0x0000000770d00000,0x00000007716fedc0,0x0000000771700000)
  to   space 10240K, 0% used [0x0000000771700000,0x0000000771700000,0x0000000772100000)
 ParOldGen       total 171008K, used 1457K [0x00000006c6a00000, 0x00000006d1100000, 0x000000076ce00000)
  object space 171008K, 0% used [0x00000006c6a00000,0x00000006c6b6c7c8,0x00000006d1100000)
 Metaspace       used 20734K, capacity 20898K, committed 21248K, reserved 1067008K
  class space    used 2619K, capacity 2704K, committed 2816K, reserved 1048576K
Event: 65,609 GC heap after
Heap after GC invocations=2 (full 1):
 PSYoungGen      total 74752K, used 0K [0x000000076ce00000, 0x0000000772100000, 0x00000007c0000000)
  eden space 64512K, 0% used [0x000000076ce00000,0x000000076ce00000,0x0000000770d00000)
  from space 10240K, 0% used [0x0000000770d00000,0x0000000770d00000,0x0000000771700000)
  to   space 10240K, 0% used [0x0000000771700000,0x0000000771700000,0x0000000772100000)
 ParOldGen       total 77824K, used 11420K [0x00000006c6a00000, 0x00000006cb600000, 0x000000076ce00000)
  object space 77824K, 14% used [0x00000006c6a00000,0x00000006c7527300,0x00000006cb600000)
 Metaspace       used 20734K, capacity 20898K, committed 21248K, reserved 1067008K
  class space    used 2619K, capacity 2704K, committed 2816K, reserved 1048576K
}

Deoptimization events (10 events):
Event: 6,029 Thread 0x00007f24444ac800 Uncommon trap: reason=bimorphic action=maybe_recompile pc=0x00007f243562b30c method=org.jclarion.clarion.ClarionString.charAt(I)C @ 4
Event: 6,029 Thread 0x00007f24444ac800 Uncommon trap: reason=bimorphic action=maybe_recompile pc=0x00007f243562b30c method=org.jclarion.clarion.ClarionString.charAt(I)C @ 4
Event: 6,031 Thread 0x00007f24444ac800 Uncommon trap: reason=bimorphic action=maybe_recompile pc=0x00007f2435632690 method=org.jclarion.clarion.ClarionString.getLength()I @ 4
Event: 6,075 Thread 0x00007f24444ac800 Uncommon trap: reason=bimorphic action=maybe_recompile pc=0x00007f2435632690 method=org.jclarion.clarion.ClarionString.getLength()I @ 4
Event: 6,083 Thread 0x00007f24444ac800 Uncommon trap: reason=bimorphic action=maybe_recompile pc=0x00007f2435632690 method=org.jclarion.clarion.ClarionString.getLength()I @ 4
Event: 295,111 Thread 0x00007f24444ac800 Uncommon trap: reason=unstable_if action=reinterpret pc=0x00007f243546d224 method=java.lang.ref.SoftReference.get()Ljava/lang/Object; @ 17
Event: 296,410 Thread 0x00007f2444009800 Uncommon trap: reason=class_check action=maybe_recompile pc=0x00007f24356bafac method=org.jclarion.clarion.ClarionString.setValue(Lorg/jclarion/clarion/ClarionObject;)V @ 18
Event: 296,410 Thread 0x00007f2444009800 Uncommon trap: reason=class_check action=maybe_recompile pc=0x00007f24356bafac method=org.jclarion.clarion.ClarionString.setValue(Lorg/jclarion/clarion/ClarionObject;)V @ 18
Event: 296,410 Thread 0x00007f2444009800 Uncommon trap: reason=class_check action=maybe_recompile pc=0x00007f24356bafac method=org.jclarion.clarion.ClarionString.setValue(Lorg/jclarion/clarion/ClarionObject;)V @ 18
Event: 296,410 Thread 0x00007f2444009800 Uncommon trap: reason=class_check action=maybe_recompile pc=0x00007f24356bafac method=org.jclarion.clarion.ClarionString.setValue(Lorg/jclarion/clarion/ClarionObject;)V @ 18

Internal exceptions (10 events):
Event: 0,548 Thread 0x00007f2444009800 Exception <a 'java/lang/ClassNotFoundException': javax/swing/JToolBarSeparator> (0x000000076e271820) thrown at [/HUDSON/workspace/8-2-build-linux-amd64/jdk8u60/4407/hotspot/src/share/vm/classfile/systemDictionary.cpp, line 210]
Event: 0,548 Thread 0x00007f2444009800 Exception <a 'java/lang/ClassNotFoundException': ToolBarSeparator> (0x000000076e271cb8) thrown at [/HUDSON/workspace/8-2-build-linux-amd64/jdk8u60/4407/hotspot/src/share/vm/classfile/systemDictionary.cpp, line 210]
Event: 0,548 Thread 0x00007f2444009800 Exception <a 'java/lang/ClassNotFoundException': ToolTip> (0x000000076e272438) thrown at [/HUDSON/workspace/8-2-build-linux-amd64/jdk8u60/4407/hotspot/src/share/vm/classfile/systemDictionary.cpp, line 210]
Event: 0,549 Thread 0x00007f2444009800 Exception <a 'java/lang/ClassNotFoundException': Tree> (0x000000076e273090) thrown at [/HUDSON/workspace/8-2-build-linux-amd64/jdk8u60/4407/hotspot/src/share/vm/classfile/systemDictionary.cpp, line 210]
Event: 0,549 Thread 0x00007f2444009800 Exception <a 'java/lang/ClassNotFoundException': Tree> (0x000000076e2737d0) thrown at [/HUDSON/workspace/8-2-build-linux-amd64/jdk8u60/4407/hotspot/src/share/vm/classfile/systemDictionary.cpp, line 210]
Event: 0,549 Thread 0x00007f2444009800 Exception <a 'java/lang/ClassNotFoundException': javax/swing/JTreeCell> (0x000000076e273b50) thrown at [/HUDSON/workspace/8-2-build-linux-amd64/jdk8u60/4407/hotspot/src/share/vm/classfile/systemDictionary.cpp, line 210]
Event: 0,549 Thread 0x00007f2444009800 Exception <a 'java/lang/ClassNotFoundException': TreeCell> (0x000000076e273fd8) thrown at [/HUDSON/workspace/8-2-build-linux-amd64/jdk8u60/4407/hotspot/src/share/vm/classfile/systemDictionary.cpp, line 210]
Event: 0,549 Thread 0x00007f2444009800 Exception <a 'java/lang/ClassNotFoundException': RootPane> (0x000000076e274990) thrown at [/HUDSON/workspace/8-2-build-linux-amd64/jdk8u60/4407/hotspot/src/share/vm/classfile/systemDictionary.cpp, line 210]
Event: 1,193 Thread 0x00007f24444ac800 Exception <a 'java/lang/UnsupportedOperationException': > (0x000000076f723188) thrown at [/HUDSON/workspace/8-2-build-linux-amd64/jdk8u60/4407/hotspot/src/share/vm/prims/jni.cpp, line 735]
Event: 5,998 Thread 0x00007f24444ac800 Exception <a 'java/lang/UnsupportedOperationException': > (0x000000076fbbbcd8) thrown at [/HUDSON/workspace/8-2-build-linux-amd64/jdk8u60/4407/hotspot/src/share/vm/prims/jni.cpp, line 735]

Events (10 events):
Event: 303,087 loading class sun/awt/AppContext$PostShutdownEventRunnable
Event: 303,087 loading class sun/awt/AppContext$PostShutdownEventRunnable done
Event: 303,087 loading class sun/awt/AWTAutoShutdown$1
Event: 303,087 loading class sun/awt/AWTAutoShutdown$1 done
Event: 303,087 Thread 0x00007f244441c000 Thread exited: 0x00007f244441c000
Event: 303,087 Thread 0x00007f24444ac800 Thread exited: 0x00007f24444ac800
Event: 4200,082 loading class sun/awt/X11/XkbEvent
Event: 4200,082 loading class sun/awt/X11/XkbEvent done
Event: 4200,083 loading class sun/awt/X11/XkbAnyEvent
Event: 4200,083 loading class sun/awt/X11/XkbAnyEvent done


Dynamic libraries:
00400000-00401000 r-xp 00000000 08:01 24774493                           /opt/jdk1.8.0_60/bin/java
00600000-00601000 rw-p 00000000 08:01 24774493                           /opt/jdk1.8.0_60/bin/java
01881000-018a2000 rw-p 00000000 00:00 0                                  [heap]
6c6a00000-6cb600000 rw-p 00000000 00:00 0 
6cb600000-76ce00000 ---p 00000000 00:00 0 
76ce00000-772100000 rw-p 00000000 00:00 0 
772100000-7c0000000 ---p 00000000 00:00 0 
7c0000000-7c02c0000 rw-p 00000000 00:00 0 
7c02c0000-800000000 ---p 00000000 00:00 0 
7f23cc000000-7f23cc021000 rw-p 00000000 00:00 0 
7f23cc021000-7f23d0000000 ---p 00000000 00:00 0 
7f23d0000000-7f23d0021000 rw-p 00000000 00:00 0 
7f23d0021000-7f23d4000000 ---p 00000000 00:00 0 
7f23d4000000-7f23d434d000 rw-p 00000000 00:00 0 
7f23d434d000-7f23d8000000 ---p 00000000 00:00 0 
7f23d8000000-7f23d8021000 rw-p 00000000 00:00 0 
7f23d8021000-7f23dc000000 ---p 00000000 00:00 0 
7f23dc000000-7f23dc021000 rw-p 00000000 00:00 0 
7f23dc021000-7f23e0000000 ---p 00000000 00:00 0 
7f23e0000000-7f23e0021000 rw-p 00000000 00:00 0 
7f23e0021000-7f23e4000000 ---p 00000000 00:00 0 
7f23e4000000-7f23e4021000 rw-p 00000000 00:00 0 
7f23e4021000-7f23e8000000 ---p 00000000 00:00 0 
7f23e8000000-7f23e8029000 rw-p 00000000 00:00 0 
7f23e8029000-7f23ec000000 ---p 00000000 00:00 0 
7f23ec000000-7f23ec021000 rw-p 00000000 00:00 0 
7f23ec021000-7f23f0000000 ---p 00000000 00:00 0 
7f23f0000000-7f23f0021000 rw-p 00000000 00:00 0 
7f23f0021000-7f23f4000000 ---p 00000000 00:00 0 
7f23f4000000-7f23f4433000 rw-p 00000000 00:00 0 
7f23f4433000-7f23f8000000 ---p 00000000 00:00 0 
7f23f8000000-7f23f8779000 rw-p 00000000 00:00 0 
7f23f8779000-7f23fc000000 ---p 00000000 00:00 0 
7f23fc000000-7f23fc021000 rw-p 00000000 00:00 0 
7f23fc021000-7f2400000000 ---p 00000000 00:00 0 
7f2400000000-7f2401132000 rw-p 00000000 00:00 0 
7f2401132000-7f2404000000 ---p 00000000 00:00 0 
7f2404000000-7f2404021000 rw-p 00000000 00:00 0 
7f2404021000-7f2408000000 ---p 00000000 00:00 0 
7f2408000000-7f2408021000 rw-p 00000000 00:00 0 
7f2408021000-7f240c000000 ---p 00000000 00:00 0 
7f240c000000-7f240c04b000 rw-p 00000000 00:00 0 
7f240c04b000-7f2410000000 ---p 00000000 00:00 0 
7f2410350000-7f2418000000 rw-p 00000000 00:00 0 
7f2418000000-7f2418021000 rw-p 00000000 00:00 0 
7f2418021000-7f241c000000 ---p 00000000 00:00 0 
7f2420000000-7f2420021000 rw-p 00000000 00:00 0 
7f2420021000-7f2424000000 ---p 00000000 00:00 0 
7f242705f000-7f24270df000 rw-p 00000000 00:00 0 
7f24270df000-7f242725f000 ---p 00000000 00:00 0 
7f242725f000-7f2427262000 ---p 00000000 00:00 0 
7f2427262000-7f2427560000 rw-p 00000000 00:00 0                          [stack:17121]
7f2427560000-7f242758a000 r-xp 00000000 08:01 24774351                   /opt/jdk1.8.0_60/jre/lib/amd64/libdcpr.so
7f242758a000-7f242778a000 ---p 0002a000 08:01 24774351                   /opt/jdk1.8.0_60/jre/lib/amd64/libdcpr.so
7f242778a000-7f242778d000 rw-p 0002a000 08:01 24774351                   /opt/jdk1.8.0_60/jre/lib/amd64/libdcpr.so
7f242778d000-7f242798d000 rw-p 00000000 00:00 0 
7f242798d000-7f2427990000 ---p 00000000 00:00 0 
7f2427990000-7f2427c8e000 rw-p 00000000 00:00 0                          [stack:20271]
7f2427c8e000-7f2427cf7000 r-xp 00000000 08:01 24774358                   /opt/jdk1.8.0_60/jre/lib/amd64/libt2k.so
7f2427cf7000-7f2427ef7000 ---p 00069000 08:01 24774358                   /opt/jdk1.8.0_60/jre/lib/amd64/libt2k.so
7f2427ef7000-7f2427efe000 rw-p 00069000 08:01 24774358                   /opt/jdk1.8.0_60/jre/lib/amd64/libt2k.so
7f2427efe000-7f2427f0e000 rw-p 00000000 00:00 0 
7f2428000000-7f2428021000 rw-p 00000000 00:00 0 
7f2428021000-7f242c000000 ---p 00000000 00:00 0 
7f242c002000-7f242c00d000 r--s 00000000 08:01 12978793                   /var/cache/fontconfig/945677eb7aeaf62f1d50efc3fb3ec7d8-le64.cache-4
7f242c00d000-7f242c00f000 r--s 00000000 08:01 12978748                   /var/cache/fontconfig/99e8ed0e538f840c565b6ed5dad60d56-le64.cache-4
7f242c00f000-7f242c018000 r--s 00000000 08:01 12978955                   /var/cache/fontconfig/a6d8cf8e4ec09cdbc8633c31745a07dd-le64.cache-4
7f242c018000-7f242c01e000 r--s 00000000 08:01 12978778                   /var/cache/fontconfig/2cd17615ca594fa2959ae173292e504c-le64.cache-4
7f242c01e000-7f242c01f000 r--s 00000000 08:01 12978775                   /var/cache/fontconfig/0d8c3b2ac0904cb8a57a757ad11a4a08-le64.cache-4
7f242c01f000-7f242c026000 r--s 00000000 08:01 12978797                   /var/cache/fontconfig/a755afe4a08bf5b97852ceb7400b47bc-le64.cache-4
7f242c026000-7f242c027000 r--s 00000000 08:01 12978796                   /var/cache/fontconfig/a6354e3ac43af67bd8d7b8e43c34e49f-le64.cache-4
7f242c027000-7f242c03d000 r--s 00000000 08:01 12978773                   /var/cache/fontconfig/04aabc0a78ac019cf9454389977116d2-le64.cache-4
7f242c03d000-7f242c03e000 r--s 00000000 08:01 12978777                   /var/cache/fontconfig/1ac9eb803944fde146138c791f5cc56a-le64.cache-4
7f242c03e000-7f242c042000 r--s 00000000 08:01 12978781                   /var/cache/fontconfig/385c0604a188198f04d133e54aba7fe7-le64.cache-4
7f242c042000-7f242c043000 r--s 00000000 08:01 12978807                   /var/cache/fontconfig/dc05db6664285cc2f12bf69c139ae4c3-le64.cache-4
7f242c043000-7f242c045000 r--s 00000000 08:01 12978790                   /var/cache/fontconfig/767a8244fc0220cfb567a839d0392e0b-le64.cache-4
7f242c045000-7f242c046000 r--s 00000000 08:01 12976978                   /var/cache/fontconfig/4794a0821666d79190d59a36cb4f44b5-le64.cache-4
7f242c046000-7f242c04b000 r--s 00000000 08:01 12978792                   /var/cache/fontconfig/8801497958630a81b71ace7c5f9b32a8-le64.cache-4
7f242c04b000-7f242c086000 r--s 00000000 08:01 12976989                   /var/cache/fontconfig/365b55f210c0a22e9a19e35191240f32-le64.cache-4
7f242c086000-7f242c087000 r--s 00000000 08:01 12978800                   /var/cache/fontconfig/bab58bb527bb656aaa9f116d68a48d89-le64.cache-4
7f242c087000-7f242c08e000 r--s 00000000 08:01 12978779                   /var/cache/fontconfig/3047814df9a2f067bd2d96a2b9c36e5a-le64.cache-4
7f242c08e000-7f242c08f000 r--s 00000000 08:01 12978786                   /var/cache/fontconfig/56cf4f4769d0f4abc89a4895d7bd3ae1-le64.cache-4
7f242c08f000-7f242c095000 r--s 00000000 08:01 12978798                   /var/cache/fontconfig/b47c4e1ecd0709278f4910c18777a504-le64.cache-4
7f242c095000-7f242c09e000 r--s 00000000 08:01 12978791                   /var/cache/fontconfig/52f7bdb7ce746bfd7eaa1985bd9cfa93-le64.cache-4
7f242c09e000-7f242c0b1000 r--s 00000000 08:01 12978804                   /var/cache/fontconfig/d52a8644073d54c13679302ca1180695-le64.cache-4
7f242c0b1000-7f242c0bb000 r--s 00000000 08:01 12978782                   /var/cache/fontconfig/3f7329c5293ffd510edef78f73874cfd-le64.cache-4
7f242c0bb000-7f242c0c6000 r--s 00000000 08:01 12978743                   /var/cache/fontconfig/d589a48862398ed80a3d6066f4f56f4c-le64.cache-4
7f242c0c8000-7f242c0cc000 r--s 00095000 08:01 24774403                   /opt/jdk1.8.0_60/jre/lib/jsse.jar
7f242c102000-7f242c105000 ---p 00000000 00:00 0 
7f242c105000-7f242c203000 rw-p 00000000 00:00 0                          [stack:20273]
7f242c203000-7f242c206000 ---p 00000000 00:00 0 
7f242c206000-7f242c304000 rw-p 00000000 00:00 0 
7f242c304000-7f242c305000 r--s 00000000 08:01 12978799                   /var/cache/fontconfig/b9d506c9ac06c20b433354fa67a72993-le64.cache-4
7f242c305000-7f242c308000 r--s 00000000 08:01 12978959                   /var/cache/fontconfig/75114ca45c98e8a441da0ff356701271-le64.cache-4
7f242c308000-7f242c313000 r--s 00000000 08:01 12978801                   /var/cache/fontconfig/83bf95040141907cd45bb53cf7c1c148-le64.cache-4
7f242c313000-7f242c31c000 r--s 00000000 08:01 12981218                   /var/cache/fontconfig/d0972c3d32f097851eb916381fc38920-le64.cache-4
7f242c31c000-7f242c329000 r--s 00000000 08:01 12978751                   /var/cache/fontconfig/e13b20fdb08344e0e664864cc2ede53d-le64.cache-4
7f242c36c000-7f242c36f000 ---p 00000000 00:00 0 
7f242c36f000-7f242c66d000 rw-p 00000000 00:00 0                          [stack:20269]
7f242c66d000-7f242c67e000 r-xp 00000000 08:01 24774382                   /opt/jdk1.8.0_60/jre/lib/amd64/libnio.so
7f242c67e000-7f242c87d000 ---p 00011000 08:01 24774382                   /opt/jdk1.8.0_60/jre/lib/amd64/libnio.so
7f242c87d000-7f242c87e000 rw-p 00010000 08:01 24774382                   /opt/jdk1.8.0_60/jre/lib/amd64/libnio.so
7f242c87e000-7f242cb7f000 rw-p 00000000 00:00 0 
7f242cb7f000-7f242cb95000 r-xp 00000000 08:01 24774355                   /opt/jdk1.8.0_60/jre/lib/amd64/libnet.so
7f242cb95000-7f242cd95000 ---p 00016000 08:01 24774355                   /opt/jdk1.8.0_60/jre/lib/amd64/libnet.so
7f242cd95000-7f242cd96000 rw-p 00016000 08:01 24774355                   /opt/jdk1.8.0_60/jre/lib/amd64/libnet.so
7f242cd96000-7f242cd99000 ---p 00000000 00:00 0 
7f242cd99000-7f242ce97000 rw-p 00000000 00:00 0                          [stack:17117]
7f242ce97000-7f242ce9a000 ---p 00000000 00:00 0 
7f242ce9a000-7f242cf98000 rw-p 00000000 00:00 0                          [stack:20270]
7f242cf98000-7f242cf9b000 ---p 00000000 00:00 0 
7f242cf9b000-7f242d099000 rw-p 00000000 00:00 0                          [stack:17115]
7f242d099000-7f242d09e000 r-xp 00000000 08:01 27928400                   /usr/lib/x86_64-linux-gnu/libXfixes.so.3.1.0
7f242d09e000-7f242d29d000 ---p 00005000 08:01 27928400                   /usr/lib/x86_64-linux-gnu/libXfixes.so.3.1.0
7f242d29d000-7f242d29e000 r--p 00004000 08:01 27928400                   /usr/lib/x86_64-linux-gnu/libXfixes.so.3.1.0
7f242d29e000-7f242d29f000 rw-p 00005000 08:01 27928400                   /usr/lib/x86_64-linux-gnu/libXfixes.so.3.1.0
7f242d29f000-7f242d2a8000 r-xp 00000000 08:01 27928392                   /usr/lib/x86_64-linux-gnu/libXcursor.so.1.0.2
7f242d2a8000-7f242d4a7000 ---p 00009000 08:01 27928392                   /usr/lib/x86_64-linux-gnu/libXcursor.so.1.0.2
7f242d4a7000-7f242d4a8000 r--p 00008000 08:01 27928392                   /usr/lib/x86_64-linux-gnu/libXcursor.so.1.0.2
7f242d4a8000-7f242d4a9000 rw-p 00009000 08:01 27928392                   /usr/lib/x86_64-linux-gnu/libXcursor.so.1.0.2
7f242d4a9000-7f242d4ac000 ---p 00000000 00:00 0 
7f242d4ac000-7f242d7aa000 rw-p 00000000 00:00 0                          [stack:17114]
7f242d7aa000-7f242d7c0000 r-xp 00000000 08:01 14291550                   /lib/x86_64-linux-gnu/libgcc_s.so.1
7f242d7c0000-7f242d9bf000 ---p 00016000 08:01 14291550                   /lib/x86_64-linux-gnu/libgcc_s.so.1
7f242d9bf000-7f242d9c0000 r--p 00015000 08:01 14291550                   /lib/x86_64-linux-gnu/libgcc_s.so.1
7f242d9c0000-7f242d9c1000 rw-p 00016000 08:01 14291550                   /lib/x86_64-linux-gnu/libgcc_s.so.1
7f242d9c1000-7f242da27000 r-xp 00000000 08:01 24774359                   /opt/jdk1.8.0_60/jre/lib/amd64/libfontmanager.so
7f242da27000-7f242dc26000 ---p 00066000 08:01 24774359                   /opt/jdk1.8.0_60/jre/lib/amd64/libfontmanager.so
7f242dc26000-7f242dc2a000 rw-p 00065000 08:01 24774359                   /opt/jdk1.8.0_60/jre/lib/amd64/libfontmanager.so
7f242dc2a000-7f242dc3b000 rw-p 00000000 00:00 0 
7f242dc3b000-7f242dc40000 r-xp 00000000 08:01 27928396                   /usr/lib/x86_64-linux-gnu/libXdmcp.so.6.0.0
7f242dc40000-7f242de3f000 ---p 00005000 08:01 27928396                   /usr/lib/x86_64-linux-gnu/libXdmcp.so.6.0.0
7f242de3f000-7f242de40000 r--p 00004000 08:01 27928396                   /usr/lib/x86_64-linux-gnu/libXdmcp.so.6.0.0
7f242de40000-7f242de41000 rw-p 00005000 08:01 27928396                   /usr/lib/x86_64-linux-gnu/libXdmcp.so.6.0.0
7f242de41000-7f242de43000 r-xp 00000000 08:01 27928385                   /usr/lib/x86_64-linux-gnu/libXau.so.6.0.0
7f242de43000-7f242e043000 ---p 00002000 08:01 27928385                   /usr/lib/x86_64-linux-gnu/libXau.so.6.0.0
7f242e043000-7f242e044000 r--p 00002000 08:01 27928385                   /usr/lib/x86_64-linux-gnu/libXau.so.6.0.0
7f242e044000-7f242e045000 rw-p 00003000 08:01 27928385                   /usr/lib/x86_64-linux-gnu/libXau.so.6.0.0
7f242e045000-7f242e065000 r-xp 00000000 08:01 27929579                   /usr/lib/x86_64-linux-gnu/libxcb.so.1.1.0
7f242e065000-7f242e264000 ---p 00020000 08:01 27929579                   /usr/lib/x86_64-linux-gnu/libxcb.so.1.1.0
7f242e264000-7f242e265000 r--p 0001f000 08:01 27929579                   /usr/lib/x86_64-linux-gnu/libxcb.so.1.1.0
7f242e265000-7f242e266000 rw-p 00020000 08:01 27929579                   /usr/lib/x86_64-linux-gnu/libxcb.so.1.1.0
7f242e266000-7f242e275000 r-xp 00000000 08:01 27928406                   /usr/lib/x86_64-linux-gnu/libXi.so.6.1.0
7f242e275000-7f242e474000 ---p 0000f000 08:01 27928406                   /usr/lib/x86_64-linux-gnu/libXi.so.6.1.0
7f242e474000-7f242e475000 r--p 0000e000 08:01 27928406                   /usr/lib/x86_64-linux-gnu/libXi.so.6.1.0
7f242e475000-7f242e476000 rw-p 0000f000 08:01 27928406                   /usr/lib/x86_64-linux-gnu/libXi.so.6.1.0
7f242e476000-7f242e47b000 r-xp 00000000 08:01 27928424                   /usr/lib/x86_64-linux-gnu/libXtst.so.6.1.0
7f242e47b000-7f242e67a000 ---p 00005000 08:01 27928424                   /usr/lib/x86_64-linux-gnu/libXtst.so.6.1.0
7f242e67a000-7f242e67b000 r--p 00004000 08:01 27928424                   /usr/lib/x86_64-linux-gnu/libXtst.so.6.1.0
7f242e67b000-7f242e67c000 rw-p 00005000 08:01 27928424                   /usr/lib/x86_64-linux-gnu/libXtst.so.6.1.0
7f242e67c000-7f242e685000 r-xp 00000000 08:01 27928418                   /usr/lib/x86_64-linux-gnu/libXrender.so.1.3.0
7f242e685000-7f242e884000 ---p 00009000 08:01 27928418                   /usr/lib/x86_64-linux-gnu/libXrender.so.1.3.0
7f242e884000-7f242e885000 r--p 00008000 08:01 27928418                   /usr/lib/x86_64-linux-gnu/libXrender.so.1.3.0
7f242e885000-7f242e886000 rw-p 00009000 08:01 27928418                   /usr/lib/x86_64-linux-gnu/libXrender.so.1.3.0
7f242e886000-7f242e9bb000 r-xp 00000000 08:01 27928381                   /usr/lib/x86_64-linux-gnu/libX11.so.6.3.0
7f242e9bb000-7f242ebbb000 ---p 00135000 08:01 27928381                   /usr/lib/x86_64-linux-gnu/libX11.so.6.3.0
7f242ebbb000-7f242ebbc000 r--p 00135000 08:01 27928381                   /usr/lib/x86_64-linux-gnu/libX11.so.6.3.0
7f242ebbc000-7f242ebc0000 rw-p 00136000 08:01 27928381                   /usr/lib/x86_64-linux-gnu/libX11.so.6.3.0
7f242ebc0000-7f242ebd1000 r-xp 00000000 08:01 27928398                   /usr/lib/x86_64-linux-gnu/libXext.so.6.4.0
7f242ebd1000-7f242edd0000 ---p 00011000 08:01 27928398                   /usr/lib/x86_64-linux-gnu/libXext.so.6.4.0
7f242edd0000-7f242edd1000 r--p 00010000 08:01 27928398                   /usr/lib/x86_64-linux-gnu/libXext.so.6.4.0
7f242edd1000-7f242edd2000 rw-p 00011000 08:01 27928398                   /usr/lib/x86_64-linux-gnu/libXext.so.6.4.0
7f242edd2000-7f242ee26000 r-xp 00000000 08:01 24774369                   /opt/jdk1.8.0_60/jre/lib/amd64/libawt_xawt.so
7f242ee26000-7f242f026000 ---p 00054000 08:01 24774369                   /opt/jdk1.8.0_60/jre/lib/amd64/libawt_xawt.so
7f242f026000-7f242f02a000 rw-p 00054000 08:01 24774369                   /opt/jdk1.8.0_60/jre/lib/amd64/libawt_xawt.so
7f242f02a000-7f242f02b000 rw-p 00000000 00:00 0 
7f242f02b000-7f242f0cd000 r-xp 00000000 08:01 24774376                   /opt/jdk1.8.0_60/jre/lib/amd64/libawt.so
7f242f0cd000-7f242f2cd000 ---p 000a2000 08:01 24774376                   /opt/jdk1.8.0_60/jre/lib/amd64/libawt.so
7f242f2cd000-7f242f2d9000 rw-p 000a2000 08:01 24774376                   /opt/jdk1.8.0_60/jre/lib/amd64/libawt.so
7f242f2d9000-7f242f2fd000 rw-p 00000000 00:00 0 
7f242f2fd000-7f242f2fe000 ---p 00000000 00:00 0 
7f242f2fe000-7f242f3fe000 rw-p 00000000 00:00 0                          [stack:17113]
7f242f3fe000-7f242f401000 ---p 00000000 00:00 0 
7f242f401000-7f242f4ff000 rw-p 00000000 00:00 0                          [stack:17112]
7f242f4ff000-7f242f502000 ---p 00000000 00:00 0 
7f242f502000-7f242f600000 rw-p 00000000 00:00 0                          [stack:17111]
7f242f600000-7f242f603000 ---p 00000000 00:00 0 
7f242f603000-7f242f701000 rw-p 00000000 00:00 0                          [stack:17110]
7f242f701000-7f242f704000 ---p 00000000 00:00 0 
7f242f704000-7f242f802000 rw-p 00000000 00:00 0                          [stack:17109]
7f242f802000-7f242f805000 ---p 00000000 00:00 0 
7f242f805000-7f242f903000 rw-p 00000000 00:00 0                          [stack:17108]
7f242f903000-7f2430000000 r--p 00000000 08:01 27927258                   /usr/lib/locale/locale-archive
7f2430000000-7f2430021000 rw-p 00000000 00:00 0 
7f2430021000-7f2434000000 ---p 00000000 00:00 0 
7f2434000000-7f2434001000 r--s 00000000 08:01 12978785                   /var/cache/fontconfig/551ecf3b0e8b0bca0f25c0944f561853-le64.cache-4
7f2434001000-7f2434002000 r--s 00000000 08:01 12978774                   /var/cache/fontconfig/0c9eb80ebd1c36541ebe2852d3bb0c49-le64.cache-4
7f2434002000-7f2434006000 r--s 00000000 08:01 12978958                   /var/cache/fontconfig/7ef2298fde41cc6eeb7af42e48b7d293-le64.cache-4
7f24340d0000-7f24340db000 r--s 00000000 08:01 12978793                   /var/cache/fontconfig/945677eb7aeaf62f1d50efc3fb3ec7d8-le64.cache-4
7f24340db000-7f24340e4000 r--s 00000000 08:01 12978955                   /var/cache/fontconfig/a6d8cf8e4ec09cdbc8633c31745a07dd-le64.cache-4
7f24340e4000-7f24340ea000 r--s 00000000 08:01 12978778                   /var/cache/fontconfig/2cd17615ca594fa2959ae173292e504c-le64.cache-4
7f24340ea000-7f24340f1000 r--s 00000000 08:01 12978797                   /var/cache/fontconfig/a755afe4a08bf5b97852ceb7400b47bc-le64.cache-4
7f24340f1000-7f24340f4000 ---p 00000000 00:00 0 
7f24340f4000-7f24341f2000 rw-p 00000000 00:00 0                          [stack:17107]
7f24341f2000-7f24341f5000 ---p 00000000 00:00 0 
7f24341f5000-7f24342f3000 rw-p 00000000 00:00 0                          [stack:17106]
7f24342f3000-7f24342f4000 ---p 00000000 00:00 0 
7f24342f4000-7f2435000000 rw-p 00000000 00:00 0                          [stack:17105]
7f2435000000-7f24357d0000 rwxp 00000000 00:00 0 
7f24357d0000-7f2444000000 ---p 00000000 00:00 0 
7f2444000000-7f2444591000 rw-p 00000000 00:00 0 
7f2444591000-7f2448000000 ---p 00000000 00:00 0 
7f2448000000-7f2448002000 r--s 00000000 08:01 12978748                   /var/cache/fontconfig/99e8ed0e538f840c565b6ed5dad60d56-le64.cache-4
7f2448002000-7f2448003000 r--s 00000000 08:01 12978775                   /var/cache/fontconfig/0d8c3b2ac0904cb8a57a757ad11a4a08-le64.cache-4
7f2448003000-7f2448004000 r--s 00000000 08:01 12978796                   /var/cache/fontconfig/a6354e3ac43af67bd8d7b8e43c34e49f-le64.cache-4
7f2448004000-7f244801a000 r--s 00000000 08:01 12978773                   /var/cache/fontconfig/04aabc0a78ac019cf9454389977116d2-le64.cache-4
7f244801a000-7f244801b000 r--s 00000000 08:01 12978777                   /var/cache/fontconfig/1ac9eb803944fde146138c791f5cc56a-le64.cache-4
7f244801b000-7f244801f000 r--s 00000000 08:01 12978781                   /var/cache/fontconfig/385c0604a188198f04d133e54aba7fe7-le64.cache-4
7f244801f000-7f2448020000 r--s 00000000 08:01 12978807                   /var/cache/fontconfig/dc05db6664285cc2f12bf69c139ae4c3-le64.cache-4
7f2448020000-7f2448022000 r--s 00000000 08:01 12978790                   /var/cache/fontconfig/767a8244fc0220cfb567a839d0392e0b-le64.cache-4
7f2448022000-7f2448023000 r--s 00000000 08:01 12976978                   /var/cache/fontconfig/4794a0821666d79190d59a36cb4f44b5-le64.cache-4
7f2448023000-7f2448028000 r--s 00000000 08:01 12978792                   /var/cache/fontconfig/8801497958630a81b71ace7c5f9b32a8-le64.cache-4
7f2448028000-7f2448063000 r--s 00000000 08:01 12976989                   /var/cache/fontconfig/365b55f210c0a22e9a19e35191240f32-le64.cache-4
7f2448063000-7f2448064000 r--s 00000000 08:01 12978800                   /var/cache/fontconfig/bab58bb527bb656aaa9f116d68a48d89-le64.cache-4
7f2448064000-7f244806b000 r--s 00000000 08:01 12978779                   /var/cache/fontconfig/3047814df9a2f067bd2d96a2b9c36e5a-le64.cache-4
7f244806b000-7f244806c000 r--s 00000000 08:01 12978786                   /var/cache/fontconfig/56cf4f4769d0f4abc89a4895d7bd3ae1-le64.cache-4
7f244806c000-7f244806d000 r--s 00000000 08:01 12978799                   /var/cache/fontconfig/b9d506c9ac06c20b433354fa67a72993-le64.cache-4
7f244806d000-7f2448073000 r--s 00000000 08:01 12978798                   /var/cache/fontconfig/b47c4e1ecd0709278f4910c18777a504-le64.cache-4
7f2448073000-7f244807c000 r--s 00000000 08:01 12978791                   /var/cache/fontconfig/52f7bdb7ce746bfd7eaa1985bd9cfa93-le64.cache-4
7f244807c000-7f244808f000 r--s 00000000 08:01 12978804                   /var/cache/fontconfig/d52a8644073d54c13679302ca1180695-le64.cache-4
7f244808f000-7f2448090000 r--s 00000000 08:01 12978785                   /var/cache/fontconfig/551ecf3b0e8b0bca0f25c0944f561853-le64.cache-4
7f2448090000-7f244809a000 r--s 00000000 08:01 12978782                   /var/cache/fontconfig/3f7329c5293ffd510edef78f73874cfd-le64.cache-4
7f244809a000-7f24480a5000 r--s 00000000 08:01 12978743                   /var/cache/fontconfig/d589a48862398ed80a3d6066f4f56f4c-le64.cache-4
7f24480a5000-7f24480a8000 r--s 00000000 08:01 12978959                   /var/cache/fontconfig/75114ca45c98e8a441da0ff356701271-le64.cache-4
7f24480a8000-7f24480b3000 r--s 00000000 08:01 12978801                   /var/cache/fontconfig/83bf95040141907cd45bb53cf7c1c148-le64.cache-4
7f24480b3000-7f24480bc000 r--s 00000000 08:01 12981218                   /var/cache/fontconfig/d0972c3d32f097851eb916381fc38920-le64.cache-4
7f24480bc000-7f24480c9000 r--s 00000000 08:01 12978751                   /var/cache/fontconfig/e13b20fdb08344e0e664864cc2ede53d-le64.cache-4
7f24480c9000-7f24480cd000 r--s 00000000 08:01 12978958                   /var/cache/fontconfig/7ef2298fde41cc6eeb7af42e48b7d293-le64.cache-4
7f24480cd000-7f24480cf000 r--s 00005000 08:01 13765659                   /home/robertsp/java/clarion2java/jclarion.netbeans.sf2/examples/execute.jar/clarion-sysruntime-1.17.jar
7f24480cf000-7f24480d3000 r--s 00032000 08:01 13766726                   /home/robertsp/java/clarion2java/jclarion.netbeans.sf2/examples/execute.jar/fontbox-1.8.11.jar
7f24480d3000-7f24480eb000 r--s 003cf000 08:01 13766720                   /home/robertsp/java/clarion2java/jclarion.netbeans.sf2/examples/execute.jar/pdfbox-1.8.11.jar
7f24480eb000-7f24480f7000 r--s 00108000 08:01 13765658                   /home/robertsp/java/clarion2java/jclarion.netbeans.sf2/examples/execute.jar/itext-2.1.7.jar
7f24480f7000-7f24480fd000 r--s 00077000 08:01 13765656                   /home/robertsp/java/clarion2java/jclarion.netbeans.sf2/examples/execute.jar/postgresql-8.4-701.jdbc4.jar
7f24480fd000-7f244844f000 rw-p 00000000 00:00 0 
7f244844f000-7f2448627000 r--s 03d17000 08:01 24774400                   /opt/jdk1.8.0_60/jre/lib/rt.jar
7f2448627000-7f2449668000 rw-p 00000000 00:00 0 
7f2449668000-7f2449669000 ---p 00000000 00:00 0 
7f2449669000-7f2449769000 rw-p 00000000 00:00 0                          [stack:17104]
7f2449769000-7f244976a000 ---p 00000000 00:00 0 
7f244976a000-7f244986a000 rw-p 00000000 00:00 0                          [stack:17103]
7f244986a000-7f244986b000 ---p 00000000 00:00 0 
7f244986b000-7f244996b000 rw-p 00000000 00:00 0                          [stack:17102]
7f244996b000-7f244996c000 ---p 00000000 00:00 0 
7f244996c000-7f2449a92000 rw-p 00000000 00:00 0                          [stack:17101]
7f2449a92000-7f2449f9e000 ---p 00000000 00:00 0 
7f2449f9e000-7f2449fc4000 rw-p 00000000 00:00 0 
7f2449fc4000-7f244a4d0000 ---p 00000000 00:00 0 
7f244a4d0000-7f244a4fa000 rw-p 00000000 00:00 0 
7f244a4fa000-7f244a769000 ---p 00000000 00:00 0 
7f244a769000-7f244a78a000 rw-p 00000000 00:00 0 
7f244a78a000-7f244ab2a000 ---p 00000000 00:00 0 
7f244ab2a000-7f244ab44000 r-xp 00000000 08:01 24774350                   /opt/jdk1.8.0_60/jre/lib/amd64/libzip.so
7f244ab44000-7f244ad44000 ---p 0001a000 08:01 24774350                   /opt/jdk1.8.0_60/jre/lib/amd64/libzip.so
7f244ad44000-7f244ad45000 rw-p 0001a000 08:01 24774350                   /opt/jdk1.8.0_60/jre/lib/amd64/libzip.so
7f244ad45000-7f244ad51000 r-xp 00000000 08:01 14292685                   /lib/x86_64-linux-gnu/libnss_files-2.21.so
7f244ad51000-7f244af50000 ---p 0000c000 08:01 14292685                   /lib/x86_64-linux-gnu/libnss_files-2.21.so
7f244af50000-7f244af51000 r--p 0000b000 08:01 14292685                   /lib/x86_64-linux-gnu/libnss_files-2.21.so
7f244af51000-7f244af52000 rw-p 0000c000 08:01 14292685                   /lib/x86_64-linux-gnu/libnss_files-2.21.so
7f244af52000-7f244af5d000 r-xp 00000000 08:01 14298672                   /lib/x86_64-linux-gnu/libnss_nis-2.21.so
7f244af5d000-7f244b15c000 ---p 0000b000 08:01 14298672                   /lib/x86_64-linux-gnu/libnss_nis-2.21.so
7f244b15c000-7f244b15d000 r--p 0000a000 08:01 14298672                   /lib/x86_64-linux-gnu/libnss_nis-2.21.so
7f244b15d000-7f244b15e000 rw-p 0000b000 08:01 14298672                   /lib/x86_64-linux-gnu/libnss_nis-2.21.so
7f244b15e000-7f244b175000 r-xp 00000000 08:01 14292699                   /lib/x86_64-linux-gnu/libnsl-2.21.so
7f244b175000-7f244b374000 ---p 00017000 08:01 14292699                   /lib/x86_64-linux-gnu/libnsl-2.21.so
7f244b374000-7f244b375000 r--p 00016000 08:01 14292699                   /lib/x86_64-linux-gnu/libnsl-2.21.so
7f244b375000-7f244b376000 rw-p 00017000 08:01 14292699                   /lib/x86_64-linux-gnu/libnsl-2.21.so
7f244b376000-7f244b378000 rw-p 00000000 00:00 0 
7f244b378000-7f244b380000 r-xp 00000000 08:01 14292687                   /lib/x86_64-linux-gnu/libnss_compat-2.21.so
7f244b380000-7f244b57f000 ---p 00008000 08:01 14292687                   /lib/x86_64-linux-gnu/libnss_compat-2.21.so
7f244b57f000-7f244b580000 r--p 00007000 08:01 14292687                   /lib/x86_64-linux-gnu/libnss_compat-2.21.so
7f244b580000-7f244b581000 rw-p 00008000 08:01 14292687                   /lib/x86_64-linux-gnu/libnss_compat-2.21.so
7f244b581000-7f244b5ab000 r-xp 00000000 08:01 24774328                   /opt/jdk1.8.0_60/jre/lib/amd64/libjava.so
7f244b5ab000-7f244b7ab000 ---p 0002a000 08:01 24774328                   /opt/jdk1.8.0_60/jre/lib/amd64/libjava.so
7f244b7ab000-7f244b7ad000 rw-p 0002a000 08:01 24774328                   /opt/jdk1.8.0_60/jre/lib/amd64/libjava.so
7f244b7ad000-7f244b7ba000 r-xp 00000000 08:01 24774344                   /opt/jdk1.8.0_60/jre/lib/amd64/libverify.so
7f244b7ba000-7f244b9ba000 ---p 0000d000 08:01 24774344                   /opt/jdk1.8.0_60/jre/lib/amd64/libverify.so
7f244b9ba000-7f244b9bc000 rw-p 0000d000 08:01 24774344                   /opt/jdk1.8.0_60/jre/lib/amd64/libverify.so
7f244b9bc000-7f244b9c3000 r-xp 00000000 08:01 14291565                   /lib/x86_64-linux-gnu/librt-2.21.so
7f244b9c3000-7f244bbc2000 ---p 00007000 08:01 14291565                   /lib/x86_64-linux-gnu/librt-2.21.so
7f244bbc2000-7f244bbc3000 r--p 00006000 08:01 14291565                   /lib/x86_64-linux-gnu/librt-2.21.so
7f244bbc3000-7f244bbc4000 rw-p 00007000 08:01 14291565                   /lib/x86_64-linux-gnu/librt-2.21.so
7f244bbc4000-7f244bccb000 r-xp 00000000 08:01 14298674                   /lib/x86_64-linux-gnu/libm-2.21.so
7f244bccb000-7f244beca000 ---p 00107000 08:01 14298674                   /lib/x86_64-linux-gnu/libm-2.21.so
7f244beca000-7f244becb000 r--p 00106000 08:01 14298674                   /lib/x86_64-linux-gnu/libm-2.21.so
7f244becb000-7f244becc000 rw-p 00107000 08:01 14298674                   /lib/x86_64-linux-gnu/libm-2.21.so
7f244becc000-7f244cb8a000 r-xp 00000000 08:01 24774366                   /opt/jdk1.8.0_60/jre/lib/amd64/server/libjvm.so
7f244cb8a000-7f244cd89000 ---p 00cbe000 08:01 24774366                   /opt/jdk1.8.0_60/jre/lib/amd64/server/libjvm.so
7f244cd89000-7f244ce61000 rw-p 00cbd000 08:01 24774366                   /opt/jdk1.8.0_60/jre/lib/amd64/server/libjvm.so
7f244ce61000-7f244cea6000 rw-p 00000000 00:00 0 
7f244cea6000-7f244d066000 r-xp 00000000 08:01 14298675                   /lib/x86_64-linux-gnu/libc-2.21.so
7f244d066000-7f244d266000 ---p 001c0000 08:01 14298675                   /lib/x86_64-linux-gnu/libc-2.21.so
7f244d266000-7f244d26a000 r--p 001c0000 08:01 14298675                   /lib/x86_64-linux-gnu/libc-2.21.so
7f244d26a000-7f244d26c000 rw-p 001c4000 08:01 14298675                   /lib/x86_64-linux-gnu/libc-2.21.so
7f244d26c000-7f244d270000 rw-p 00000000 00:00 0 
7f244d270000-7f244d273000 r-xp 00000000 08:01 14298671                   /lib/x86_64-linux-gnu/libdl-2.21.so
7f244d273000-7f244d472000 ---p 00003000 08:01 14298671                   /lib/x86_64-linux-gnu/libdl-2.21.so
7f244d472000-7f244d473000 r--p 00002000 08:01 14298671                   /lib/x86_64-linux-gnu/libdl-2.21.so
7f244d473000-7f244d474000 rw-p 00003000 08:01 14298671                   /lib/x86_64-linux-gnu/libdl-2.21.so
7f244d474000-7f244d489000 r-xp 00000000 08:01 24773411                   /opt/jdk1.8.0_60/lib/amd64/jli/libjli.so
7f244d489000-7f244d689000 ---p 00015000 08:01 24773411                   /opt/jdk1.8.0_60/lib/amd64/jli/libjli.so
7f244d689000-7f244d68a000 rw-p 00015000 08:01 24773411                   /opt/jdk1.8.0_60/lib/amd64/jli/libjli.so
7f244d68a000-7f244d6a2000 r-xp 00000000 08:01 14292683                   /lib/x86_64-linux-gnu/libpthread-2.21.so
7f244d6a2000-7f244d8a2000 ---p 00018000 08:01 14292683                   /lib/x86_64-linux-gnu/libpthread-2.21.so
7f244d8a2000-7f244d8a3000 r--p 00018000 08:01 14292683                   /lib/x86_64-linux-gnu/libpthread-2.21.so
7f244d8a3000-7f244d8a4000 rw-p 00019000 08:01 14292683                   /lib/x86_64-linux-gnu/libpthread-2.21.so
7f244d8a4000-7f244d8a8000 rw-p 00000000 00:00 0 
7f244d8a8000-7f244d8cc000 r-xp 00000000 08:01 14298646                   /lib/x86_64-linux-gnu/ld-2.21.so
7f244d8cc000-7f244d8ce000 r--s 0000d000 08:01 13766721                   /home/robertsp/java/clarion2java/jclarion.netbeans.sf2/examples/execute.jar/commons-logging-1.1.1.jar
7f244d8ce000-7f244d8d0000 r--s 0000e000 08:01 13765660                   /home/robertsp/java/clarion2java/jclarion.netbeans.sf2/examples/execute.jar/jazzy-0.5.2-rtext-1.4.1-2.jar
7f244d8d0000-7f244d8da000 r--s 00116000 08:01 24774409                   /opt/jdk1.8.0_60/jre/lib/ext/localedata.jar
7f244d8da000-7f244d8f6000 r--s 00393000 08:01 24774416                   /opt/jdk1.8.0_60/jre/lib/ext/cldrdata.jar
7f244d8f6000-7f244d99f000 rw-p 00000000 00:00 0 
7f244d99f000-7f244d9a2000 ---p 00000000 00:00 0 
7f244d9a2000-7f244daa4000 rw-p 00000000 00:00 0                          [stack:17100]
7f244daa4000-7f244daa5000 r--s 00000000 08:01 12978774                   /var/cache/fontconfig/0c9eb80ebd1c36541ebe2852d3bb0c49-le64.cache-4
7f244daa5000-7f244daa6000 r--s 00007000 08:01 13765657                   /home/robertsp/java/clarion2java/jclarion.netbeans.sf2/examples/execute.jar/image4j-0.7.jar
7f244daa6000-7f244daa9000 r--s 0001b000 08:01 13765655                   /home/robertsp/java/clarion2java/jclarion.netbeans.sf2/examples/execute.jar/junit-3.8.1.jar
7f244daa9000-7f244daba000 r--s 00105000 08:01 13765666                   /home/robertsp/java/clarion2java/jclarion.netbeans.sf2/examples/execute.jar/clarion-runtime-1.122-SNAPSHOT.jar
7f244daba000-7f244dabf000 r--s 00059000 08:01 13766754                   /home/robertsp/java/clarion2java/jclarion.netbeans.sf2/examples/execute.jar/winlats55-1.0.jar
7f244dabf000-7f244dac7000 rw-s 00000000 08:01 30016214                   /tmp/hsperfdata_robertsp/17099
7f244dac7000-7f244dac8000 rw-p 00000000 00:00 0 
7f244dac8000-7f244dac9000 r--p 00000000 00:00 0 
7f244dac9000-7f244dacb000 rw-p 00000000 00:00 0 
7f244dacb000-7f244dacc000 r--p 00023000 08:01 14298646                   /lib/x86_64-linux-gnu/ld-2.21.so
7f244dacc000-7f244dacd000 rw-p 00024000 08:01 14298646                   /lib/x86_64-linux-gnu/ld-2.21.so
7f244dacd000-7f244dace000 rw-p 00000000 00:00 0 
7ffca8960000-7ffca8981000 rw-p 00000000 00:00 0                          [stack]
7ffca89f5000-7ffca89f7000 r--p 00000000 00:00 0                          [vvar]
7ffca89f7000-7ffca89f9000 r-xp 00000000 00:00 0                          [vdso]
ffffffffff600000-ffffffffff601000 r-xp 00000000 00:00 0                  [vsyscall]

VM Arguments:
jvm_args: -Dclarion.debug=true 
java_command: winlats55-1.0.jar
java_class_path (initial): winlats55-1.0.jar
Launcher Type: SUN_STANDARD

Environment Variables:
JAVA_HOME=/opt/jdk1.8.0_60
PATH=/opt/jdk1.8.0_60/bin:/opt/apache-ant-1.9.6/bin:/opt/jdk1.8.0_60/bin:/opt/apache-ant-1.9.6/bin:/usr/local/sbin:/usr/local/bin:/usr/sbin:/usr/bin:/sbin:/bin:/usr/games:/usr/local/games
SHELL=/bin/bash
DISPLAY=:0

Signal Handlers:
SIGSEGV: [libjvm.so+0xaba070], sa_mask[0]=11111111011111111101111111111110, sa_flags=SA_RESTART|SA_SIGINFO
SIGBUS: [libjvm.so+0xaba070], sa_mask[0]=11111111011111111101111111111110, sa_flags=SA_RESTART|SA_SIGINFO
SIGFPE: [libjvm.so+0x917630], sa_mask[0]=11111111011111111101111111111110, sa_flags=SA_RESTART|SA_SIGINFO
SIGPIPE: [libjvm.so+0x917630], sa_mask[0]=11111111011111111101111111111110, sa_flags=SA_RESTART|SA_SIGINFO
SIGXFSZ: [libjvm.so+0x917630], sa_mask[0]=11111111011111111101111111111110, sa_flags=SA_RESTART|SA_SIGINFO
SIGILL: [libjvm.so+0x917630], sa_mask[0]=11111111011111111101111111111110, sa_flags=SA_RESTART|SA_SIGINFO
SIGUSR1: SIG_DFL, sa_mask[0]=00000000000000000000000000000000, sa_flags=none
SIGUSR2: [libjvm.so+0x918c60], sa_mask[0]=00100000000000000000000000000000, sa_flags=SA_RESTART|SA_SIGINFO
SIGHUP: [libjvm.so+0x91a060], sa_mask[0]=11111111011111111101111111111110, sa_flags=SA_RESTART|SA_SIGINFO
SIGINT: [libjvm.so+0x91a060], sa_mask[0]=11111111011111111101111111111110, sa_flags=SA_RESTART|SA_SIGINFO
SIGTERM: [libjvm.so+0x91a060], sa_mask[0]=11111111011111111101111111111110, sa_flags=SA_RESTART|SA_SIGINFO
SIGQUIT: [libjvm.so+0x91a060], sa_mask[0]=11111111011111111101111111111110, sa_flags=SA_RESTART|SA_SIGINFO


---------------  S Y S T E M  ---------------

OS:DISTRIB_ID=Ubuntu
DISTRIB_RELEASE=15.10
DISTRIB_CODENAME=wily
DISTRIB_DESCRIPTION="Ubuntu 15.10"

uname:Linux 4.2.0-27-generic #32-Ubuntu SMP Fri Jan 22 04:49:08 UTC 2016 x86_64
libc:glibc 2.21 NPTL 2.21 
rlimit: STACK 8192k, CORE 0k, NPROC 63700, NOFILE 65536, AS infinity
load average:0,82 0,77 0,81

/proc/meminfo:
MemTotal:       16341916 kB
MemFree:         6557956 kB
MemAvailable:   12065216 kB
Buffers:          613936 kB
Cached:          5423292 kB
SwapCached:            0 kB
Active:          5610316 kB
Inactive:        3578600 kB
Active(anon):    3168520 kB
Inactive(anon):   855820 kB
Active(file):    2441796 kB
Inactive(file):  2722780 kB
Unevictable:         220 kB
Mlocked:             220 kB
SwapTotal:             0 kB
SwapFree:              0 kB
Dirty:               612 kB
Writeback:           292 kB
AnonPages:       3141564 kB
Mapped:           546196 kB
Shmem:            872116 kB
Slab:             465544 kB
SReclaimable:     403068 kB
SUnreclaim:        62476 kB
KernelStack:        8064 kB
PageTables:        26528 kB
NFS_Unstable:          0 kB
Bounce:                0 kB
WritebackTmp:          0 kB
CommitLimit:     8170956 kB
Committed_AS:    9432016 kB
VmallocTotal:   34359738367 kB
VmallocUsed:      401904 kB
VmallocChunk:   34358947836 kB
HardwareCorrupted:     0 kB
AnonHugePages:   2801664 kB
CmaTotal:              0 kB
CmaFree:               0 kB
HugePages_Total:       0
HugePages_Free:        0
HugePages_Rsvd:        0
HugePages_Surp:        0
Hugepagesize:       2048 kB
DirectMap4k:      232320 kB
DirectMap2M:    12259328 kB
DirectMap1G:     4194304 kB


CPU:total 4 (2 cores per cpu, 2 threads per core) family 6 model 61 stepping 4, cmov, cx8, fxsr, mmx, sse, sse2, sse3, ssse3, sse4.1, sse4.2, popcnt, avx, avx2, aes, clmul, erms, 3dnowpref, lzcnt, ht, tsc, tscinvbit, bmi1, bmi2, adx

/proc/cpuinfo:
processor	: 0
vendor_id	: GenuineIntel
cpu family	: 6
model		: 61
model name	: Intel(R) Core(TM) i7-5500U CPU @ 2.40GHz
stepping	: 4
microcode	: 0x21
cpu MHz		: 2658.000
cache size	: 4096 KB
physical id	: 0
siblings	: 4
core id		: 0
cpu cores	: 2
apicid		: 0
initial apicid	: 0
fpu		: yes
fpu_exception	: yes
cpuid level	: 20
wp		: yes
flags		: fpu vme de pse tsc msr pae mce cx8 apic sep mtrr pge mca cmov pat pse36 clflush dts acpi mmx fxsr sse sse2 ss ht tm pbe syscall nx pdpe1gb rdtscp lm constant_tsc arch_perfmon pebs bts rep_good nopl xtopology nonstop_tsc aperfmperf eagerfpu pni pclmulqdq dtes64 monitor ds_cpl vmx est tm2 ssse3 fma cx16 xtpr pdcm pcid sse4_1 sse4_2 x2apic movbe popcnt tsc_deadline_timer aes xsave avx f16c rdrand lahf_lm abm 3dnowprefetch ida arat epb pln pts dtherm intel_pt tpr_shadow vnmi flexpriority ept vpid fsgsbase tsc_adjust bmi1 avx2 smep bmi2 erms invpcid rdseed adx smap xsaveopt
bugs		:
bogomips	: 4788.69
clflush size	: 64
cache_alignment	: 64
address sizes	: 39 bits physical, 48 bits virtual
power management:

processor	: 1
vendor_id	: GenuineIntel
cpu family	: 6
model		: 61
model name	: Intel(R) Core(TM) i7-5500U CPU @ 2.40GHz
stepping	: 4
microcode	: 0x21
cpu MHz		: 2658.000
cache size	: 4096 KB
physical id	: 0
siblings	: 4
core id		: 1
cpu cores	: 2
apicid		: 2
initial apicid	: 2
fpu		: yes
fpu_exception	: yes
cpuid level	: 20
wp		: yes
flags		: fpu vme de pse tsc msr pae mce cx8 apic sep mtrr pge mca cmov pat pse36 clflush dts acpi mmx fxsr sse sse2 ss ht tm pbe syscall nx pdpe1gb rdtscp lm constant_tsc arch_perfmon pebs bts rep_good nopl xtopology nonstop_tsc aperfmperf eagerfpu pni pclmulqdq dtes64 monitor ds_cpl vmx est tm2 ssse3 fma cx16 xtpr pdcm pcid sse4_1 sse4_2 x2apic movbe popcnt tsc_deadline_timer aes xsave avx f16c rdrand lahf_lm abm 3dnowprefetch ida arat epb pln pts dtherm intel_pt tpr_shadow vnmi flexpriority ept vpid fsgsbase tsc_adjust bmi1 avx2 smep bmi2 erms invpcid rdseed adx smap xsaveopt
bugs		:
bogomips	: 4788.69
clflush size	: 64
cache_alignment	: 64
address sizes	: 39 bits physical, 48 bits virtual
power management:

processor	: 2
vendor_id	: GenuineIntel
cpu family	: 6
model		: 61
model name	: Intel(R) Core(TM) i7-5500U CPU @ 2.40GHz
stepping	: 4
microcode	: 0x21
cpu MHz		: 2633.812
cache size	: 4096 KB
physical id	: 0
siblings	: 4
core id		: 0
cpu cores	: 2
apicid		: 1
initial apicid	: 1
fpu		: yes
fpu_exception	: yes
cpuid level	: 20
wp		: yes
flags		: fpu vme de pse tsc msr pae mce cx8 apic sep mtrr pge mca cmov pat pse36 clflush dts acpi mmx fxsr sse sse2 ss ht tm pbe syscall nx pdpe1gb rdtscp lm constant_tsc arch_perfmon pebs bts rep_good nopl xtopology nonstop_tsc aperfmperf eagerfpu pni pclmulqdq dtes64 monitor ds_cpl vmx est tm2 ssse3 fma cx16 xtpr pdcm pcid sse4_1 sse4_2 x2apic movbe popcnt tsc_deadline_timer aes xsave avx f16c rdrand lahf_lm abm 3dnowprefetch ida arat epb pln pts dtherm intel_pt tpr_shadow vnmi flexpriority ept vpid fsgsbase tsc_adjust bmi1 avx2 smep bmi2 erms invpcid rdseed adx smap xsaveopt
bugs		:
bogomips	: 4788.69
clflush size	: 64
cache_alignment	: 64
address sizes	: 39 bits physical, 48 bits virtual
power management:

processor	: 3
vendor_id	: GenuineIntel
cpu family	: 6
model		: 61
model name	: Intel(R) Core(TM) i7-5500U CPU @ 2.40GHz
stepping	: 4
microcode	: 0x21
cpu MHz		: 2666.812
cache size	: 4096 KB
physical id	: 0
siblings	: 4
core id		: 1
cpu cores	: 2
apicid		: 3
initial apicid	: 3
fpu		: yes
fpu_exception	: yes
cpuid level	: 20
wp		: yes
flags		: fpu vme de pse tsc msr pae mce cx8 apic sep mtrr pge mca cmov pat pse36 clflush dts acpi mmx fxsr sse sse2 ss ht tm pbe syscall nx pdpe1gb rdtscp lm constant_tsc arch_perfmon pebs bts rep_good nopl xtopology nonstop_tsc aperfmperf eagerfpu pni pclmulqdq dtes64 monitor ds_cpl vmx est tm2 ssse3 fma cx16 xtpr pdcm pcid sse4_1 sse4_2 x2apic movbe popcnt tsc_deadline_timer aes xsave avx f16c rdrand lahf_lm abm 3dnowprefetch ida arat epb pln pts dtherm intel_pt tpr_shadow vnmi flexpriority ept vpid fsgsbase tsc_adjust bmi1 avx2 smep bmi2 erms invpcid rdseed adx smap xsaveopt
bugs		:
bogomips	: 4788.69
clflush size	: 64
cache_alignment	: 64
address sizes	: 39 bits physical, 48 bits virtual
power management:



Memory: 4k page, physical 16341916k(6566784k free), swap 0k(0k free)

vm_info: Java HotSpot(TM) 64-Bit Server VM (25.60-b23) for linux-amd64 JRE (1.8.0_60-b27), built on Aug  4 2015 12:19:40 by "java_re" with gcc 4.3.0 20080428 (Red Hat 4.3.0-8)

time: Tue Feb 23 10:22:43 2016
elapsed time: 4824 seconds (0d 1h 20m 24s)

