#
# A fatal error has been detected by the Java Runtime Environment:
#
#  SIGSEGV (0xb) at pc=0x00007fef190696ba, pid=17301, tid=140664719394560
#
# JRE version: Java(TM) SE Runtime Environment (8.0_60-b27) (build 1.8.0_60-b27)
# Java VM: Java HotSpot(TM) 64-Bit Server VM (25.60-b23 mixed mode linux-amd64 compressed oops)
# Problematic frame:
# v  ~BufferBlob::jni_fast_GetLongField
#
# Failed to write core dump. Core dumps have been disabled. To enable core dumping, try "ulimit -c unlimited" before starting Java again
#
# If you would like to submit a bug report, please visit:
#   http://bugreport.java.com/bugreport/crash.jsp
# The crash happened outside the Java Virtual Machine in native code.
# See problematic frame for where to report the bug.
#

---------------  T H R E A D  ---------------

Current thread (0x00007fef28412800):  JavaThread "AWT-XAWT" daemon [_thread_in_native, id=17317, stack(0x00007fef0e91c000,0x00007fef0ea1d000)]

siginfo: si_signo: 11 (SIGSEGV), si_code: 1 (SEGV_MAPERR), si_addr: 0x0000000000000000

Registers:
RAX=0x00007fef2e697da0, RBX=0x00007fef284129f8, RCX=0x00007fef2f0fa340, RDX=0x0000000000000042
RSP=0x00007fef0ea1b6b8, RBP=0x00007fef0ea1b6e0, RSI=0x0000000000000000, RDI=0x00007fef284129f8
R8 =0x00000000000001f4, R9 =0x0000000000000000, R10=0x00000000000000a0, R11=0x00007fef19692d58
R12=0x00007feebc242180, R13=0x0000000000000000, R14=0x00007fef14a3f7e0, R15=0x00007fef28412800
RIP=0x00007fef190696ba, EFLAGS=0x0000000000010246, CSGSFS=0x0000000000000033, ERR=0x0000000000000004
  TRAPNO=0x000000000000000e

Top of Stack: (sp=0x00007fef0ea1b6b8)
0x00007fef0ea1b6b8:   00007fef1481de61 00007fef175bc118
0x00007fef0ea1b6c8:   00007feebc242180 00007fef0ea1b790
0x00007fef0ea1b6d8:   00007fef0ea1b760 0000000000000000
0x00007fef0ea1b6e8:   00007fef142da3c0 00007fef175bc118
0x00007fef0ea1b6f8:   00007fef0ea1b720 0000000000000000
0x00007fef0ea1b708:   00007fef142d1f93 00007fef0ea1b790
0x00007fef0ea1b718:   00007fef1481709f 00007fef0ea1b770
0x00007fef0ea1b728:   00007fef19692df6 0000000000000000
0x00007fef0ea1b738:   00007fef1950ec76 00000006c6b677d0
0x00007fef0ea1b748:   00007fef1914e1ec 00007fef0ea1b7f0
0x00007fef0ea1b758:   00000006c6b699f8 00000006c6b67b98
0x00007fef0ea1b768:   00000006c6b699f8 00007fef0ea1b7f0
0x00007fef0ea1b778:   00007fef19007420 00007fef0ea1b7f0
0x00007fef0ea1b788:   00007fef19007420 0000000000000000
0x00007fef0ea1b798:   00007fef19007760 00007feed0000ea0
0x00007fef0ea1b7a8:   00000006c6b677d0 00007fef0ea1b7b0
0x00007fef0ea1b7b8:   00007fef1759bcac 00007fef0ea1b838
0x00007fef0ea1b7c8:   00007fef175a4c20 0000000000000000
0x00007fef0ea1b7d8:   00007fef1759bde8 00007fef0ea1b790
0x00007fef0ea1b7e8:   00007fef0ea1b830 00007fef0ea1b880
0x00007fef0ea1b7f8:   00007fef19007c4d 0000000000000000
0x00007fef0ea1b808:   00000006c6b62350 0000000000000000
0x00007fef0ea1b818:   0000000000000000 0000000000000000
0x00007fef0ea1b828:   00000006c6b677d0 0000000000000000
0x00007fef0ea1b838:   00000006c6b67778 00007fef0ea1b840
0x00007fef0ea1b848:   00007fef1759baed 00007fef0ea1b890
0x00007fef0ea1b858:   00007fef175a4c20 0000000000000000
0x00007fef0ea1b868:   00007fef1759baf8 00007fef0ea1b830
0x00007fef0ea1b878:   00007fef0ea1b890 00007fef0ea1b8d8
0x00007fef0ea1b888:   00007fef19007c92 00000006c6b67778
0x00007fef0ea1b898:   00007fef0ea1b898 00007fef16ea39cb
0x00007fef0ea1b8a8:   00007fef0ea1b8e8 00007fef16f2a480 

Instructions: (pc=0x00007fef190696ba)
0x00007fef1906969a:   00 00 00 00 00 00 44 8b 15 81 8c 66 15 4c 8b ce
0x00007fef190696aa:   41 f6 c2 01 0f 85 2e 00 00 00 4d 33 ca 4d 33 ca
0x00007fef190696ba:   4d 8b 09 4c 8b da 49 c1 eb 02 4b 8b 04 19 49 bb
0x00007fef190696ca:   28 23 6d 2e ef 7f 00 00 4c 33 d8 4c 33 d8 45 3b 

Register to memory mapping:

RAX=0x00007fef2e697da0: <offset 0xf74da0> in /opt/jdk1.8.0_60/jre/lib/amd64/server/libjvm.so at 0x00007fef2d723000
RBX=0x00007fef284129f8 is an unknown value
RCX=0x00007fef2f0fa340: <offset 0x219340> in /lib/x86_64-linux-gnu/libpthread.so.0 at 0x00007fef2eee1000
RDX=0x0000000000000042 is an unknown value
RSP=0x00007fef0ea1b6b8 is pointing into the stack for thread: 0x00007fef28412800
RBP=0x00007fef0ea1b6e0 is pointing into the stack for thread: 0x00007fef28412800
RSI=0x0000000000000000 is an unknown value
RDI=0x00007fef284129f8 is an unknown value
R8 =0x00000000000001f4 is an unknown value
R9 =0x0000000000000000 is an unknown value
R10=0x00000000000000a0 is an unknown value
R11=0x00007fef19692d58 is at entry_point+24 in (nmethod*)0x00007fef19692bd0
R12=0x00007feebc242180 is an unknown value
R13=0x0000000000000000 is an unknown value
R14=0x00007fef14a3f7e0: <offset 0x2587e0> in /opt/jdk1.8.0_60/jre/lib/amd64/libawt_xawt.so at 0x00007fef147e7000
R15=0x00007fef28412800 is a thread


Stack: [0x00007fef0e91c000,0x00007fef0ea1d000],  sp=0x00007fef0ea1b6b8,  free space=1021k
Native frames: (J=compiled Java code, j=interpreted, Vv=VM code, C=native code)
v  ~BufferBlob::jni_fast_GetLongField
C  [libX11.so.6+0x643c0]  _XimServerDestroy+0x70

Java frames: (J=compiled Java code, j=interpreted, Vv=VM code)
J 2355  sun.awt.X11.XlibWrapper.XFilterEvent(JJ)Z (0 bytes) @ 0x00007fef19692d84 [0x00007fef19692d40+0x44]
j  sun.awt.X11.XToolkit.run(Z)V+300
j  sun.awt.X11.XToolkit.run()V+5
j  java.lang.Thread.run()V+11
v  ~StubRoutines::call_stub

---------------  P R O C E S S  ---------------

Java Threads: ( => current thread )
  0x00007fef28009800 JavaThread "DestroyJavaVM" [_thread_blocked, id=17302, stack(0x00007fef2f1f6000,0x00007fef2f2f7000)]
  0x00007feebc254000 JavaThread "TimerQueue" daemon [_thread_blocked, id=17324, stack(0x00007fef0d0d6000,0x00007fef0d1d7000)]
  0x00007fef28418000 JavaThread "AWT-EventQueue-0" [_thread_blocked, id=17319, stack(0x00007fef0e71a000,0x00007fef0e81b000)]
=>0x00007fef28412800 JavaThread "AWT-XAWT" daemon [_thread_in_native, id=17317, stack(0x00007fef0e91c000,0x00007fef0ea1d000)]
  0x00007fef283f4000 JavaThread "Java2D Disposer" daemon [_thread_blocked, id=17316, stack(0x00007fef0ee2d000,0x00007fef0ef2e000)]
  0x00007fef28192800 JavaThread "Service Thread" daemon [_thread_blocked, id=17314, stack(0x00007fef14e3b000,0x00007fef14f3c000)]
  0x00007fef28185000 JavaThread "C1 CompilerThread2" daemon [_thread_blocked, id=17313, stack(0x00007fef14f3c000,0x00007fef1503d000)]
  0x00007fef28183800 JavaThread "C2 CompilerThread1" daemon [_thread_blocked, id=17312, stack(0x00007fef1503d000,0x00007fef1513e000)]
  0x00007fef28180800 JavaThread "C2 CompilerThread0" daemon [_thread_blocked, id=17311, stack(0x00007fef1513e000,0x00007fef1523f000)]
  0x00007fef2817f000 JavaThread "Signal Dispatcher" daemon [_thread_blocked, id=17310, stack(0x00007fef1523f000,0x00007fef15340000)]
  0x00007fef28146000 JavaThread "Finalizer" daemon [_thread_blocked, id=17309, stack(0x00007fef15a3d000,0x00007fef15b3e000)]
  0x00007fef28144000 JavaThread "Reference Handler" daemon [_thread_blocked, id=17308, stack(0x00007fef15b3e000,0x00007fef15c3f000)]

Other Threads:
  0x00007fef2813f000 VMThread [stack: 0x00007fef15c3f000,0x00007fef15d40000] [id=17307]
  0x00007fef28195800 WatcherThread [stack: 0x00007fef14d3a000,0x00007fef14e3b000] [id=17315]

VM state:not at safepoint (normal execution)

VM Mutex/Monitor currently owned by a thread: None

Heap:
 PSYoungGen      total 74752K, used 9806K [0x000000076ce00000, 0x0000000772100000, 0x00000007c0000000)
  eden space 64512K, 15% used [0x000000076ce00000,0x000000076d793bc0,0x0000000770d00000)
  from space 10240K, 0% used [0x0000000770d00000,0x0000000770d00000,0x0000000771700000)
  to   space 10240K, 0% used [0x0000000771700000,0x0000000771700000,0x0000000772100000)
 ParOldGen       total 77824K, used 11426K [0x00000006c6a00000, 0x00000006cb600000, 0x000000076ce00000)
  object space 77824K, 14% used [0x00000006c6a00000,0x00000006c7528b70,0x00000006cb600000)
 Metaspace       used 21126K, capacity 21282K, committed 21760K, reserved 1069056K
  class space    used 2631K, capacity 2704K, committed 2816K, reserved 1048576K

Card table byte_map: [0x00007fef18474000,0x00007fef18c40000] byte_map_base: 0x00007fef14e3f000

Marking Bits: (ParMarkBitMap*) 0x00007fef2e6d1de0
 Begin Bits: [0x00007fef00350000, 0x00007fef041a8000)
 End Bits:   [0x00007fef041a8000, 0x00007fef08000000)

Polling page: 0x00007fef2f31f000

CodeCache: size=245760Kb used=7913Kb max_used=7928Kb free=237846Kb
 bounds [0x00007fef19000000, 0x00007fef197d0000, 0x00007fef28000000]
 total_blobs=3183 nmethods=2554 adapters=541
 compilation: enabled

Compilation events (10 events):
Event: 4138,155 Thread 0x00007fef28185000 2593       3       java.awt.KeyboardFocusManager::checkKFMSecurity (11 bytes)
Event: 4138,155 Thread 0x00007fef28185000 nmethod 2593 0x00007fef197b8010 code [0x00007fef197b81e0, 0x00007fef197b86f8]
Event: 4138,155 Thread 0x00007fef28185000 2594       1       org.jclarion.clarion.runtime.CWinImpl::isEditorMode (5 bytes)
Event: 4138,156 Thread 0x00007fef28183800 2592   !   4       org.jclarion.clarion.PropertyObject::getRawProperty (138 bytes)
Event: 4138,156 Thread 0x00007fef28185000 nmethod 2594 0x00007fef197b8910 code [0x00007fef197b8a60, 0x00007fef197b8b70]
Event: 4138,156 Thread 0x00007fef28185000 2590       3       javax.swing.plaf.nimbus.NimbusDefaults$LazyStyle::getStyle (131 bytes)
Event: 4138,156 Thread 0x00007fef28185000 nmethod 2590 0x00007fef197b8bd0 code [0x00007fef197b8e00, 0x00007fef197b9a08]
Event: 4138,156 Thread 0x00007fef28185000 2589       3       sun.awt.X11.XFramePeer::handlePropertyNotify (211 bytes)
Event: 4138,158 Thread 0x00007fef28185000 nmethod 2589 0x00007fef197b9e90 code [0x00007fef197ba300, 0x00007fef197bcac8]
Event: 4138,173 Thread 0x00007fef28183800 nmethod 2592 0x00007fef197c1810 code [0x00007fef197c1a00, 0x00007fef197c2838]

GC Heap History (4 events):
Event: 18,286 GC heap before
{Heap before GC invocations=1 (full 0):
 PSYoungGen      total 74752K, used 51937K [0x000000076ce00000, 0x0000000772100000, 0x00000007c0000000)
  eden space 64512K, 80% used [0x000000076ce00000,0x00000007700b8778,0x0000000770d00000)
  from space 10240K, 0% used [0x0000000771700000,0x0000000771700000,0x0000000772100000)
  to   space 10240K, 0% used [0x0000000770d00000,0x0000000770d00000,0x0000000771700000)
 ParOldGen       total 171008K, used 0K [0x00000006c6a00000, 0x00000006d1100000, 0x000000076ce00000)
  object space 171008K, 0% used [0x00000006c6a00000,0x00000006c6a00000,0x00000006d1100000)
 Metaspace       used 20734K, capacity 20898K, committed 21248K, reserved 1067008K
  class space    used 2619K, capacity 2704K, committed 2816K, reserved 1048576K
Event: 18,301 GC heap after
Heap after GC invocations=1 (full 0):
 PSYoungGen      total 74752K, used 10216K [0x000000076ce00000, 0x0000000772100000, 0x00000007c0000000)
  eden space 64512K, 0% used [0x000000076ce00000,0x000000076ce00000,0x0000000770d00000)
  from space 10240K, 99% used [0x0000000770d00000,0x00000007716fa060,0x0000000771700000)
  to   space 10240K, 0% used [0x0000000771700000,0x0000000771700000,0x0000000772100000)
 ParOldGen       total 171008K, used 1436K [0x00000006c6a00000, 0x00000006d1100000, 0x000000076ce00000)
  object space 171008K, 0% used [0x00000006c6a00000,0x00000006c6b67110,0x00000006d1100000)
 Metaspace       used 20734K, capacity 20898K, committed 21248K, reserved 1067008K
  class space    used 2619K, capacity 2704K, committed 2816K, reserved 1048576K
}
Event: 18,301 GC heap before
{Heap before GC invocations=2 (full 1):
 PSYoungGen      total 74752K, used 10216K [0x000000076ce00000, 0x0000000772100000, 0x00000007c0000000)
  eden space 64512K, 0% used [0x000000076ce00000,0x000000076ce00000,0x0000000770d00000)
  from space 10240K, 99% used [0x0000000770d00000,0x00000007716fa060,0x0000000771700000)
  to   space 10240K, 0% used [0x0000000771700000,0x0000000771700000,0x0000000772100000)
 ParOldGen       total 171008K, used 1436K [0x00000006c6a00000, 0x00000006d1100000, 0x000000076ce00000)
  object space 171008K, 0% used [0x00000006c6a00000,0x00000006c6b67110,0x00000006d1100000)
 Metaspace       used 20734K, capacity 20898K, committed 21248K, reserved 1067008K
  class space    used 2619K, capacity 2704K, committed 2816K, reserved 1048576K
Event: 18,348 GC heap after
Heap after GC invocations=2 (full 1):
 PSYoungGen      total 74752K, used 0K [0x000000076ce00000, 0x0000000772100000, 0x00000007c0000000)
  eden space 64512K, 0% used [0x000000076ce00000,0x000000076ce00000,0x0000000770d00000)
  from space 10240K, 0% used [0x0000000770d00000,0x0000000770d00000,0x0000000771700000)
  to   space 10240K, 0% used [0x0000000771700000,0x0000000771700000,0x0000000772100000)
 ParOldGen       total 77824K, used 11426K [0x00000006c6a00000, 0x00000006cb600000, 0x000000076ce00000)
  object space 77824K, 14% used [0x00000006c6a00000,0x00000006c7528b70,0x00000006cb600000)
 Metaspace       used 20734K, capacity 20898K, committed 21248K, reserved 1067008K
  class space    used 2619K, capacity 2704K, committed 2816K, reserved 1048576K
}

Deoptimization events (10 events):
Event: 6,586 Thread 0x00007fef284a7800 Uncommon trap: reason=bimorphic action=maybe_recompile pc=0x00007fef1960b1cc method=org.jclarion.clarion.ClarionString.charAt(I)C @ 4
Event: 6,586 Thread 0x00007fef284a7800 Uncommon trap: reason=bimorphic action=maybe_recompile pc=0x00007fef1960b1cc method=org.jclarion.clarion.ClarionString.charAt(I)C @ 4
Event: 6,586 Thread 0x00007fef284a7800 Uncommon trap: reason=bimorphic action=maybe_recompile pc=0x00007fef1960f610 method=org.jclarion.clarion.ClarionString.getLength()I @ 4
Event: 6,646 Thread 0x00007fef284a7800 Uncommon trap: reason=bimorphic action=maybe_recompile pc=0x00007fef1960f610 method=org.jclarion.clarion.ClarionString.getLength()I @ 4
Event: 6,646 Thread 0x00007fef284a7800 Uncommon trap: reason=bimorphic action=maybe_recompile pc=0x00007fef1960f610 method=org.jclarion.clarion.ClarionString.getLength()I @ 4
Event: 4131,887 Thread 0x00007fef284a7800 Uncommon trap: reason=unstable_if action=reinterpret pc=0x00007fef193993e4 method=java.lang.ref.SoftReference.get()Ljava/lang/Object; @ 17
Event: 4134,906 Thread 0x00007fef28009800 Uncommon trap: reason=class_check action=maybe_recompile pc=0x00007fef196a0c00 method=org.jclarion.clarion.ClarionString.setValue(Lorg/jclarion/clarion/ClarionObject;)V @ 18
Event: 4134,906 Thread 0x00007fef28009800 Uncommon trap: reason=class_check action=maybe_recompile pc=0x00007fef196a0c00 method=org.jclarion.clarion.ClarionString.setValue(Lorg/jclarion/clarion/ClarionObject;)V @ 18
Event: 4134,906 Thread 0x00007fef28009800 Uncommon trap: reason=class_check action=maybe_recompile pc=0x00007fef196a0c00 method=org.jclarion.clarion.ClarionString.setValue(Lorg/jclarion/clarion/ClarionObject;)V @ 18
Event: 4134,906 Thread 0x00007fef28009800 Uncommon trap: reason=class_check action=maybe_recompile pc=0x00007fef196a0c00 method=org.jclarion.clarion.ClarionString.setValue(Lorg/jclarion/clarion/ClarionObject;)V @ 18

Internal exceptions (10 events):
Event: 0,542 Thread 0x00007fef28009800 Exception <a 'java/lang/ClassNotFoundException': javax/swing/JToolBarSeparator> (0x000000076e271b78) thrown at [/HUDSON/workspace/8-2-build-linux-amd64/jdk8u60/4407/hotspot/src/share/vm/classfile/systemDictionary.cpp, line 210]
Event: 0,542 Thread 0x00007fef28009800 Exception <a 'java/lang/ClassNotFoundException': ToolBarSeparator> (0x000000076e272010) thrown at [/HUDSON/workspace/8-2-build-linux-amd64/jdk8u60/4407/hotspot/src/share/vm/classfile/systemDictionary.cpp, line 210]
Event: 0,542 Thread 0x00007fef28009800 Exception <a 'java/lang/ClassNotFoundException': ToolTip> (0x000000076e272790) thrown at [/HUDSON/workspace/8-2-build-linux-amd64/jdk8u60/4407/hotspot/src/share/vm/classfile/systemDictionary.cpp, line 210]
Event: 0,543 Thread 0x00007fef28009800 Exception <a 'java/lang/ClassNotFoundException': Tree> (0x000000076e2733e8) thrown at [/HUDSON/workspace/8-2-build-linux-amd64/jdk8u60/4407/hotspot/src/share/vm/classfile/systemDictionary.cpp, line 210]
Event: 0,543 Thread 0x00007fef28009800 Exception <a 'java/lang/ClassNotFoundException': Tree> (0x000000076e273b28) thrown at [/HUDSON/workspace/8-2-build-linux-amd64/jdk8u60/4407/hotspot/src/share/vm/classfile/systemDictionary.cpp, line 210]
Event: 0,543 Thread 0x00007fef28009800 Exception <a 'java/lang/ClassNotFoundException': javax/swing/JTreeCell> (0x000000076e273ea8) thrown at [/HUDSON/workspace/8-2-build-linux-amd64/jdk8u60/4407/hotspot/src/share/vm/classfile/systemDictionary.cpp, line 210]
Event: 0,543 Thread 0x00007fef28009800 Exception <a 'java/lang/ClassNotFoundException': TreeCell> (0x000000076e274330) thrown at [/HUDSON/workspace/8-2-build-linux-amd64/jdk8u60/4407/hotspot/src/share/vm/classfile/systemDictionary.cpp, line 210]
Event: 0,543 Thread 0x00007fef28009800 Exception <a 'java/lang/ClassNotFoundException': RootPane> (0x000000076e274ce8) thrown at [/HUDSON/workspace/8-2-build-linux-amd64/jdk8u60/4407/hotspot/src/share/vm/classfile/systemDictionary.cpp, line 210]
Event: 1,215 Thread 0x00007fef284a7800 Exception <a 'java/lang/UnsupportedOperationException': > (0x000000076f758410) thrown at [/HUDSON/workspace/8-2-build-linux-amd64/jdk8u60/4407/hotspot/src/share/vm/prims/jni.cpp, line 735]
Event: 6,499 Thread 0x00007fef284a7800 Exception <a 'java/lang/UnsupportedOperationException': > (0x000000076fbec658) thrown at [/HUDSON/workspace/8-2-build-linux-amd64/jdk8u60/4407/hotspot/src/share/vm/prims/jni.cpp, line 735]

Events (10 events):
Event: 4138,154 Executing VM operation: BulkRevokeBias
Event: 4138,154 Executing VM operation: BulkRevokeBias done
Event: 4138,155 Thread 0x00007fef28009800 Thread exited: 0x00007fef28009800
Event: 4138,155 Thread 0x00007fef28009800 Thread added: 0x00007fef28009800
Event: 4139,157 loading class sun/awt/AppContext$PostShutdownEventRunnable
Event: 4139,157 loading class sun/awt/AppContext$PostShutdownEventRunnable done
Event: 4139,157 loading class sun/awt/AWTAutoShutdown$1
Event: 4139,157 loading class sun/awt/AWTAutoShutdown$1 done
Event: 4139,157 Thread 0x00007fef28416800 Thread exited: 0x00007fef28416800
Event: 4139,157 Thread 0x00007fef284a7800 Thread exited: 0x00007fef284a7800


Dynamic libraries:
00400000-00401000 r-xp 00000000 08:01 24774493                           /opt/jdk1.8.0_60/bin/java
00600000-00601000 rw-p 00000000 08:01 24774493                           /opt/jdk1.8.0_60/bin/java
0179b000-017bc000 rw-p 00000000 00:00 0                                  [heap]
6c6a00000-6cb600000 rw-p 00000000 00:00 0 
6cb600000-76ce00000 ---p 00000000 00:00 0 
76ce00000-772100000 rw-p 00000000 00:00 0 
772100000-7c0000000 ---p 00000000 00:00 0 
7c0000000-7c02c0000 rw-p 00000000 00:00 0 
7c02c0000-800000000 ---p 00000000 00:00 0 
7feeb4000000-7feeb4021000 rw-p 00000000 00:00 0 
7feeb4021000-7feeb8000000 ---p 00000000 00:00 0 
7feebc000000-7feebc323000 rw-p 00000000 00:00 0 
7feebc323000-7feec0000000 ---p 00000000 00:00 0 
7feec0000000-7feec0021000 rw-p 00000000 00:00 0 
7feec0021000-7feec4000000 ---p 00000000 00:00 0 
7feec4000000-7feec4021000 rw-p 00000000 00:00 0 
7feec4021000-7feec8000000 ---p 00000000 00:00 0 
7feec8000000-7feec8021000 rw-p 00000000 00:00 0 
7feec8021000-7feecc000000 ---p 00000000 00:00 0 
7feecc000000-7feecc021000 rw-p 00000000 00:00 0 
7feecc021000-7feed0000000 ---p 00000000 00:00 0 
7feed0000000-7feed0024000 rw-p 00000000 00:00 0 
7feed0024000-7feed4000000 ---p 00000000 00:00 0 
7feed4000000-7feed4021000 rw-p 00000000 00:00 0 
7feed4021000-7feed8000000 ---p 00000000 00:00 0 
7feed8000000-7feed8021000 rw-p 00000000 00:00 0 
7feed8021000-7feedc000000 ---p 00000000 00:00 0 
7feedc000000-7feedc4af000 rw-p 00000000 00:00 0 
7feedc4af000-7feee0000000 ---p 00000000 00:00 0 
7feee0000000-7feee07f1000 rw-p 00000000 00:00 0 
7feee07f1000-7feee4000000 ---p 00000000 00:00 0 
7feee4000000-7feee4021000 rw-p 00000000 00:00 0 
7feee4021000-7feee8000000 ---p 00000000 00:00 0 
7feee8000000-7feee9280000 rw-p 00000000 00:00 0 
7feee9280000-7feeec000000 ---p 00000000 00:00 0 
7feeec000000-7feeec021000 rw-p 00000000 00:00 0 
7feeec021000-7feef0000000 ---p 00000000 00:00 0 
7feef0000000-7feef0021000 rw-p 00000000 00:00 0 
7feef0021000-7feef4000000 ---p 00000000 00:00 0 
7feef4000000-7feef4021000 rw-p 00000000 00:00 0 
7feef4021000-7feef8000000 ---p 00000000 00:00 0 
7feef8000000-7feef804b000 rw-p 00000000 00:00 0 
7feef804b000-7feefc000000 ---p 00000000 00:00 0 
7feefc000000-7feefc021000 rw-p 00000000 00:00 0 
7feefc021000-7fef00000000 ---p 00000000 00:00 0 
7fef00350000-7fef08000000 rw-p 00000000 00:00 0 
7fef08000000-7fef08021000 rw-p 00000000 00:00 0 
7fef08021000-7fef0c000000 ---p 00000000 00:00 0 
7fef0c91d000-7fef0cb1d000 rw-p 00000000 00:00 0 
7fef0cb1d000-7fef0cb47000 r-xp 00000000 08:01 24774351                   /opt/jdk1.8.0_60/jre/lib/amd64/libdcpr.so
7fef0cb47000-7fef0cd47000 ---p 0002a000 08:01 24774351                   /opt/jdk1.8.0_60/jre/lib/amd64/libdcpr.so
7fef0cd47000-7fef0cd4a000 rw-p 0002a000 08:01 24774351                   /opt/jdk1.8.0_60/jre/lib/amd64/libdcpr.so
7fef0cd4a000-7fef0cf4a000 rw-p 00000000 00:00 0 
7fef0cf4a000-7fef0cf55000 r--s 00000000 08:01 12978793                   /var/cache/fontconfig/945677eb7aeaf62f1d50efc3fb3ec7d8-le64.cache-4
7fef0cf55000-7fef0cf57000 r--s 00000000 08:01 12978748                   /var/cache/fontconfig/99e8ed0e538f840c565b6ed5dad60d56-le64.cache-4
7fef0cf57000-7fef0cf60000 r--s 00000000 08:01 12978955                   /var/cache/fontconfig/a6d8cf8e4ec09cdbc8633c31745a07dd-le64.cache-4
7fef0cf60000-7fef0cf66000 r--s 00000000 08:01 12978778                   /var/cache/fontconfig/2cd17615ca594fa2959ae173292e504c-le64.cache-4
7fef0cf66000-7fef0cf67000 r--s 00000000 08:01 12978775                   /var/cache/fontconfig/0d8c3b2ac0904cb8a57a757ad11a4a08-le64.cache-4
7fef0cf67000-7fef0cf6e000 r--s 00000000 08:01 12978797                   /var/cache/fontconfig/a755afe4a08bf5b97852ceb7400b47bc-le64.cache-4
7fef0cf6e000-7fef0cf6f000 r--s 00000000 08:01 12978796                   /var/cache/fontconfig/a6354e3ac43af67bd8d7b8e43c34e49f-le64.cache-4
7fef0cf6f000-7fef0cf85000 r--s 00000000 08:01 12978773                   /var/cache/fontconfig/04aabc0a78ac019cf9454389977116d2-le64.cache-4
7fef0cf85000-7fef0cf86000 r--s 00000000 08:01 12978777                   /var/cache/fontconfig/1ac9eb803944fde146138c791f5cc56a-le64.cache-4
7fef0cf86000-7fef0cf8a000 r--s 00000000 08:01 12978781                   /var/cache/fontconfig/385c0604a188198f04d133e54aba7fe7-le64.cache-4
7fef0cf8a000-7fef0cf8b000 r--s 00000000 08:01 12978807                   /var/cache/fontconfig/dc05db6664285cc2f12bf69c139ae4c3-le64.cache-4
7fef0cf8b000-7fef0cf8d000 r--s 00000000 08:01 12978790                   /var/cache/fontconfig/767a8244fc0220cfb567a839d0392e0b-le64.cache-4
7fef0cf8d000-7fef0cf8e000 r--s 00000000 08:01 12976978                   /var/cache/fontconfig/4794a0821666d79190d59a36cb4f44b5-le64.cache-4
7fef0cf8e000-7fef0cf93000 r--s 00000000 08:01 12978792                   /var/cache/fontconfig/8801497958630a81b71ace7c5f9b32a8-le64.cache-4
7fef0cf93000-7fef0cfce000 r--s 00000000 08:01 12976989                   /var/cache/fontconfig/365b55f210c0a22e9a19e35191240f32-le64.cache-4
7fef0cfce000-7fef0cfd5000 r--s 00000000 08:01 12978779                   /var/cache/fontconfig/3047814df9a2f067bd2d96a2b9c36e5a-le64.cache-4
7fef0cfd5000-7fef0cfdb000 r--s 00000000 08:01 12978798                   /var/cache/fontconfig/b47c4e1ecd0709278f4910c18777a504-le64.cache-4
7fef0cfdb000-7fef0cfee000 r--s 00000000 08:01 12978804                   /var/cache/fontconfig/d52a8644073d54c13679302ca1180695-le64.cache-4
7fef0d0d6000-7fef0d0d9000 ---p 00000000 00:00 0 
7fef0d0d9000-7fef0d3d7000 rw-p 00000000 00:00 0                          [stack:17324]
7fef0d3d7000-7fef0d440000 r-xp 00000000 08:01 24774358                   /opt/jdk1.8.0_60/jre/lib/amd64/libt2k.so
7fef0d440000-7fef0d640000 ---p 00069000 08:01 24774358                   /opt/jdk1.8.0_60/jre/lib/amd64/libt2k.so
7fef0d640000-7fef0d647000 rw-p 00069000 08:01 24774358                   /opt/jdk1.8.0_60/jre/lib/amd64/libt2k.so
7fef0d647000-7fef0d657000 rw-p 00000000 00:00 0 
7fef0d657000-7fef0d662000 r--s 00000000 08:01 12978793                   /var/cache/fontconfig/945677eb7aeaf62f1d50efc3fb3ec7d8-le64.cache-4
7fef0d662000-7fef0d664000 r--s 00000000 08:01 12978748                   /var/cache/fontconfig/99e8ed0e538f840c565b6ed5dad60d56-le64.cache-4
7fef0d664000-7fef0d66d000 r--s 00000000 08:01 12978955                   /var/cache/fontconfig/a6d8cf8e4ec09cdbc8633c31745a07dd-le64.cache-4
7fef0d66d000-7fef0d673000 r--s 00000000 08:01 12978778                   /var/cache/fontconfig/2cd17615ca594fa2959ae173292e504c-le64.cache-4
7fef0d673000-7fef0d67a000 r--s 00000000 08:01 12978797                   /var/cache/fontconfig/a755afe4a08bf5b97852ceb7400b47bc-le64.cache-4
7fef0d67a000-7fef0d6b5000 r--s 00000000 08:01 12976989                   /var/cache/fontconfig/365b55f210c0a22e9a19e35191240f32-le64.cache-4
7fef0d6b5000-7fef0d6b6000 r--s 00000000 08:01 12978800                   /var/cache/fontconfig/bab58bb527bb656aaa9f116d68a48d89-le64.cache-4
7fef0d6b6000-7fef0d6b7000 r--s 00000000 08:01 12978786                   /var/cache/fontconfig/56cf4f4769d0f4abc89a4895d7bd3ae1-le64.cache-4
7fef0d6b7000-7fef0d6b8000 r--s 00000000 08:01 12978799                   /var/cache/fontconfig/b9d506c9ac06c20b433354fa67a72993-le64.cache-4
7fef0d6b8000-7fef0d6c1000 r--s 00000000 08:01 12978791                   /var/cache/fontconfig/52f7bdb7ce746bfd7eaa1985bd9cfa93-le64.cache-4
7fef0d6c1000-7fef0d6c2000 r--s 00000000 08:01 12978785                   /var/cache/fontconfig/551ecf3b0e8b0bca0f25c0944f561853-le64.cache-4
7fef0d6c2000-7fef0d6cc000 r--s 00000000 08:01 12978782                   /var/cache/fontconfig/3f7329c5293ffd510edef78f73874cfd-le64.cache-4
7fef0d6cc000-7fef0d6d7000 r--s 00000000 08:01 12978743                   /var/cache/fontconfig/d589a48862398ed80a3d6066f4f56f4c-le64.cache-4
7fef0d6d7000-7fef0d6da000 r--s 00000000 08:01 12978959                   /var/cache/fontconfig/75114ca45c98e8a441da0ff356701271-le64.cache-4
7fef0d78f000-7fef0d793000 r--s 00095000 08:01 24774403                   /opt/jdk1.8.0_60/jre/lib/jsse.jar
7fef0d793000-7fef0d796000 ---p 00000000 00:00 0 
7fef0d796000-7fef0d894000 rw-p 00000000 00:00 0 
7fef0d9be000-7fef0da3e000 rw-p 00000000 00:00 0 
7fef0da3e000-7fef0dbbe000 ---p 00000000 00:00 0 
7fef0dbbe000-7fef0dbc9000 r--s 00000000 08:01 12978801                   /var/cache/fontconfig/83bf95040141907cd45bb53cf7c1c148-le64.cache-4
7fef0dbc9000-7fef0dbd2000 r--s 00000000 08:01 12981218                   /var/cache/fontconfig/d0972c3d32f097851eb916381fc38920-le64.cache-4
7fef0dbd2000-7fef0dbdf000 r--s 00000000 08:01 12978751                   /var/cache/fontconfig/e13b20fdb08344e0e664864cc2ede53d-le64.cache-4
7fef0dbdf000-7fef0dbe3000 r--s 00000000 08:01 12978958                   /var/cache/fontconfig/7ef2298fde41cc6eeb7af42e48b7d293-le64.cache-4
7fef0dcf0000-7fef0dcf3000 ---p 00000000 00:00 0 
7fef0dcf3000-7fef0dff1000 rw-p 00000000 00:00 0 
7fef0dff1000-7fef0e002000 r-xp 00000000 08:01 24774382                   /opt/jdk1.8.0_60/jre/lib/amd64/libnio.so
7fef0e002000-7fef0e201000 ---p 00011000 08:01 24774382                   /opt/jdk1.8.0_60/jre/lib/amd64/libnio.so
7fef0e201000-7fef0e202000 rw-p 00010000 08:01 24774382                   /opt/jdk1.8.0_60/jre/lib/amd64/libnio.so
7fef0e202000-7fef0e503000 rw-p 00000000 00:00 0 
7fef0e503000-7fef0e519000 r-xp 00000000 08:01 24774355                   /opt/jdk1.8.0_60/jre/lib/amd64/libnet.so
7fef0e519000-7fef0e719000 ---p 00016000 08:01 24774355                   /opt/jdk1.8.0_60/jre/lib/amd64/libnet.so
7fef0e719000-7fef0e71a000 rw-p 00016000 08:01 24774355                   /opt/jdk1.8.0_60/jre/lib/amd64/libnet.so
7fef0e71a000-7fef0e71d000 ---p 00000000 00:00 0 
7fef0e71d000-7fef0e81b000 rw-p 00000000 00:00 0                          [stack:17319]
7fef0e81b000-7fef0e81e000 ---p 00000000 00:00 0 
7fef0e81e000-7fef0e91c000 rw-p 00000000 00:00 0 
7fef0e91c000-7fef0e91f000 ---p 00000000 00:00 0 
7fef0e91f000-7fef0ea1d000 rw-p 00000000 00:00 0                          [stack:17317]
7fef0ea1d000-7fef0ea22000 r-xp 00000000 08:01 27928400                   /usr/lib/x86_64-linux-gnu/libXfixes.so.3.1.0
7fef0ea22000-7fef0ec21000 ---p 00005000 08:01 27928400                   /usr/lib/x86_64-linux-gnu/libXfixes.so.3.1.0
7fef0ec21000-7fef0ec22000 r--p 00004000 08:01 27928400                   /usr/lib/x86_64-linux-gnu/libXfixes.so.3.1.0
7fef0ec22000-7fef0ec23000 rw-p 00005000 08:01 27928400                   /usr/lib/x86_64-linux-gnu/libXfixes.so.3.1.0
7fef0ec23000-7fef0ec2c000 r-xp 00000000 08:01 27928392                   /usr/lib/x86_64-linux-gnu/libXcursor.so.1.0.2
7fef0ec2c000-7fef0ee2b000 ---p 00009000 08:01 27928392                   /usr/lib/x86_64-linux-gnu/libXcursor.so.1.0.2
7fef0ee2b000-7fef0ee2c000 r--p 00008000 08:01 27928392                   /usr/lib/x86_64-linux-gnu/libXcursor.so.1.0.2
7fef0ee2c000-7fef0ee2d000 rw-p 00009000 08:01 27928392                   /usr/lib/x86_64-linux-gnu/libXcursor.so.1.0.2
7fef0ee2d000-7fef0ee30000 ---p 00000000 00:00 0 
7fef0ee30000-7fef0f12e000 rw-p 00000000 00:00 0                          [stack:17316]
7fef0f12e000-7fef0f144000 r-xp 00000000 08:01 14291550                   /lib/x86_64-linux-gnu/libgcc_s.so.1
7fef0f144000-7fef0f343000 ---p 00016000 08:01 14291550                   /lib/x86_64-linux-gnu/libgcc_s.so.1
7fef0f343000-7fef0f344000 r--p 00015000 08:01 14291550                   /lib/x86_64-linux-gnu/libgcc_s.so.1
7fef0f344000-7fef0f345000 rw-p 00016000 08:01 14291550                   /lib/x86_64-linux-gnu/libgcc_s.so.1
7fef0f345000-7fef0f3ab000 r-xp 00000000 08:01 24774359                   /opt/jdk1.8.0_60/jre/lib/amd64/libfontmanager.so
7fef0f3ab000-7fef0f5aa000 ---p 00066000 08:01 24774359                   /opt/jdk1.8.0_60/jre/lib/amd64/libfontmanager.so
7fef0f5aa000-7fef0f5ae000 rw-p 00065000 08:01 24774359                   /opt/jdk1.8.0_60/jre/lib/amd64/libfontmanager.so
7fef0f5ae000-7fef0f5bf000 rw-p 00000000 00:00 0 
7fef0f5bf000-7fef0f5c4000 r-xp 00000000 08:01 27928396                   /usr/lib/x86_64-linux-gnu/libXdmcp.so.6.0.0
7fef0f5c4000-7fef0f7c3000 ---p 00005000 08:01 27928396                   /usr/lib/x86_64-linux-gnu/libXdmcp.so.6.0.0
7fef0f7c3000-7fef0f7c4000 r--p 00004000 08:01 27928396                   /usr/lib/x86_64-linux-gnu/libXdmcp.so.6.0.0
7fef0f7c4000-7fef0f7c5000 rw-p 00005000 08:01 27928396                   /usr/lib/x86_64-linux-gnu/libXdmcp.so.6.0.0
7fef0f7c5000-7fef0f7c7000 r-xp 00000000 08:01 27928385                   /usr/lib/x86_64-linux-gnu/libXau.so.6.0.0
7fef0f7c7000-7fef0f9c7000 ---p 00002000 08:01 27928385                   /usr/lib/x86_64-linux-gnu/libXau.so.6.0.0
7fef0f9c7000-7fef0f9c8000 r--p 00002000 08:01 27928385                   /usr/lib/x86_64-linux-gnu/libXau.so.6.0.0
7fef0f9c8000-7fef0f9c9000 rw-p 00003000 08:01 27928385                   /usr/lib/x86_64-linux-gnu/libXau.so.6.0.0
7fef0f9c9000-7fef0f9e9000 r-xp 00000000 08:01 27929579                   /usr/lib/x86_64-linux-gnu/libxcb.so.1.1.0
7fef0f9e9000-7fef0fbe8000 ---p 00020000 08:01 27929579                   /usr/lib/x86_64-linux-gnu/libxcb.so.1.1.0
7fef0fbe8000-7fef0fbe9000 r--p 0001f000 08:01 27929579                   /usr/lib/x86_64-linux-gnu/libxcb.so.1.1.0
7fef0fbe9000-7fef0fbea000 rw-p 00020000 08:01 27929579                   /usr/lib/x86_64-linux-gnu/libxcb.so.1.1.0
7fef0fbea000-7fef0fbf9000 r-xp 00000000 08:01 27928406                   /usr/lib/x86_64-linux-gnu/libXi.so.6.1.0
7fef0fbf9000-7fef0fdf8000 ---p 0000f000 08:01 27928406                   /usr/lib/x86_64-linux-gnu/libXi.so.6.1.0
7fef0fdf8000-7fef0fdf9000 r--p 0000e000 08:01 27928406                   /usr/lib/x86_64-linux-gnu/libXi.so.6.1.0
7fef0fdf9000-7fef0fdfa000 rw-p 0000f000 08:01 27928406                   /usr/lib/x86_64-linux-gnu/libXi.so.6.1.0
7fef0fdfa000-7fef0fdff000 r-xp 00000000 08:01 27928424                   /usr/lib/x86_64-linux-gnu/libXtst.so.6.1.0
7fef0fdff000-7fef0fffe000 ---p 00005000 08:01 27928424                   /usr/lib/x86_64-linux-gnu/libXtst.so.6.1.0
7fef0fffe000-7fef0ffff000 r--p 00004000 08:01 27928424                   /usr/lib/x86_64-linux-gnu/libXtst.so.6.1.0
7fef0ffff000-7fef10000000 rw-p 00005000 08:01 27928424                   /usr/lib/x86_64-linux-gnu/libXtst.so.6.1.0
7fef10000000-7fef10021000 rw-p 00000000 00:00 0 
7fef10021000-7fef14000000 ---p 00000000 00:00 0 
7fef14000000-7fef14001000 r--s 00000000 08:01 12978774                   /var/cache/fontconfig/0c9eb80ebd1c36541ebe2852d3bb0c49-le64.cache-4
7fef14001000-7fef14002000 r--s 00000000 08:01 12978775                   /var/cache/fontconfig/0d8c3b2ac0904cb8a57a757ad11a4a08-le64.cache-4
7fef14002000-7fef14003000 r--s 00000000 08:01 12978796                   /var/cache/fontconfig/a6354e3ac43af67bd8d7b8e43c34e49f-le64.cache-4
7fef14003000-7fef14019000 r--s 00000000 08:01 12978773                   /var/cache/fontconfig/04aabc0a78ac019cf9454389977116d2-le64.cache-4
7fef14019000-7fef1401a000 r--s 00000000 08:01 12978777                   /var/cache/fontconfig/1ac9eb803944fde146138c791f5cc56a-le64.cache-4
7fef1401a000-7fef1401e000 r--s 00000000 08:01 12978781                   /var/cache/fontconfig/385c0604a188198f04d133e54aba7fe7-le64.cache-4
7fef1401e000-7fef1401f000 r--s 00000000 08:01 12978807                   /var/cache/fontconfig/dc05db6664285cc2f12bf69c139ae4c3-le64.cache-4
7fef1401f000-7fef14021000 r--s 00000000 08:01 12978790                   /var/cache/fontconfig/767a8244fc0220cfb567a839d0392e0b-le64.cache-4
7fef14021000-7fef14022000 r--s 00000000 08:01 12976978                   /var/cache/fontconfig/4794a0821666d79190d59a36cb4f44b5-le64.cache-4
7fef14022000-7fef14027000 r--s 00000000 08:01 12978792                   /var/cache/fontconfig/8801497958630a81b71ace7c5f9b32a8-le64.cache-4
7fef14027000-7fef14028000 r--s 00000000 08:01 12978800                   /var/cache/fontconfig/bab58bb527bb656aaa9f116d68a48d89-le64.cache-4
7fef14028000-7fef1402f000 r--s 00000000 08:01 12978779                   /var/cache/fontconfig/3047814df9a2f067bd2d96a2b9c36e5a-le64.cache-4
7fef1402f000-7fef14030000 r--s 00000000 08:01 12978786                   /var/cache/fontconfig/56cf4f4769d0f4abc89a4895d7bd3ae1-le64.cache-4
7fef14030000-7fef14031000 r--s 00000000 08:01 12978799                   /var/cache/fontconfig/b9d506c9ac06c20b433354fa67a72993-le64.cache-4
7fef14031000-7fef14037000 r--s 00000000 08:01 12978798                   /var/cache/fontconfig/b47c4e1ecd0709278f4910c18777a504-le64.cache-4
7fef14037000-7fef14040000 r--s 00000000 08:01 12978791                   /var/cache/fontconfig/52f7bdb7ce746bfd7eaa1985bd9cfa93-le64.cache-4
7fef14040000-7fef14053000 r--s 00000000 08:01 12978804                   /var/cache/fontconfig/d52a8644073d54c13679302ca1180695-le64.cache-4
7fef14053000-7fef14054000 r--s 00000000 08:01 12978785                   /var/cache/fontconfig/551ecf3b0e8b0bca0f25c0944f561853-le64.cache-4
7fef14054000-7fef1405e000 r--s 00000000 08:01 12978782                   /var/cache/fontconfig/3f7329c5293ffd510edef78f73874cfd-le64.cache-4
7fef1405e000-7fef14069000 r--s 00000000 08:01 12978743                   /var/cache/fontconfig/d589a48862398ed80a3d6066f4f56f4c-le64.cache-4
7fef14069000-7fef1406c000 r--s 00000000 08:01 12978959                   /var/cache/fontconfig/75114ca45c98e8a441da0ff356701271-le64.cache-4
7fef1406c000-7fef14075000 r-xp 00000000 08:01 27928418                   /usr/lib/x86_64-linux-gnu/libXrender.so.1.3.0
7fef14075000-7fef14274000 ---p 00009000 08:01 27928418                   /usr/lib/x86_64-linux-gnu/libXrender.so.1.3.0
7fef14274000-7fef14275000 r--p 00008000 08:01 27928418                   /usr/lib/x86_64-linux-gnu/libXrender.so.1.3.0
7fef14275000-7fef14276000 rw-p 00009000 08:01 27928418                   /usr/lib/x86_64-linux-gnu/libXrender.so.1.3.0
7fef14276000-7fef143ab000 r-xp 00000000 08:01 27928381                   /usr/lib/x86_64-linux-gnu/libX11.so.6.3.0
7fef143ab000-7fef145ab000 ---p 00135000 08:01 27928381                   /usr/lib/x86_64-linux-gnu/libX11.so.6.3.0
7fef145ab000-7fef145ac000 r--p 00135000 08:01 27928381                   /usr/lib/x86_64-linux-gnu/libX11.so.6.3.0
7fef145ac000-7fef145b0000 rw-p 00136000 08:01 27928381                   /usr/lib/x86_64-linux-gnu/libX11.so.6.3.0
7fef145b0000-7fef145c1000 r-xp 00000000 08:01 27928398                   /usr/lib/x86_64-linux-gnu/libXext.so.6.4.0
7fef145c1000-7fef147c0000 ---p 00011000 08:01 27928398                   /usr/lib/x86_64-linux-gnu/libXext.so.6.4.0
7fef147c0000-7fef147c1000 r--p 00010000 08:01 27928398                   /usr/lib/x86_64-linux-gnu/libXext.so.6.4.0
7fef147c1000-7fef147c2000 rw-p 00011000 08:01 27928398                   /usr/lib/x86_64-linux-gnu/libXext.so.6.4.0
7fef147c2000-7fef147cd000 r--s 00000000 08:01 12978801                   /var/cache/fontconfig/83bf95040141907cd45bb53cf7c1c148-le64.cache-4
7fef147cd000-7fef147d6000 r--s 00000000 08:01 12981218                   /var/cache/fontconfig/d0972c3d32f097851eb916381fc38920-le64.cache-4
7fef147d6000-7fef147e3000 r--s 00000000 08:01 12978751                   /var/cache/fontconfig/e13b20fdb08344e0e664864cc2ede53d-le64.cache-4
7fef147e3000-7fef147e7000 r--s 00000000 08:01 12978958                   /var/cache/fontconfig/7ef2298fde41cc6eeb7af42e48b7d293-le64.cache-4
7fef147e7000-7fef1483b000 r-xp 00000000 08:01 24774369                   /opt/jdk1.8.0_60/jre/lib/amd64/libawt_xawt.so
7fef1483b000-7fef14a3b000 ---p 00054000 08:01 24774369                   /opt/jdk1.8.0_60/jre/lib/amd64/libawt_xawt.so
7fef14a3b000-7fef14a3f000 rw-p 00054000 08:01 24774369                   /opt/jdk1.8.0_60/jre/lib/amd64/libawt_xawt.so
7fef14a3f000-7fef14a40000 rw-p 00000000 00:00 0 
7fef14a40000-7fef14ae2000 r-xp 00000000 08:01 24774376                   /opt/jdk1.8.0_60/jre/lib/amd64/libawt.so
7fef14ae2000-7fef14ce2000 ---p 000a2000 08:01 24774376                   /opt/jdk1.8.0_60/jre/lib/amd64/libawt.so
7fef14ce2000-7fef14cee000 rw-p 000a2000 08:01 24774376                   /opt/jdk1.8.0_60/jre/lib/amd64/libawt.so
7fef14cee000-7fef14d12000 rw-p 00000000 00:00 0 
7fef14d12000-7fef14d16000 r--s 00032000 08:01 13766726                   /home/robertsp/java/clarion2java/jclarion.netbeans.sf2/examples/execute.jar/fontbox-1.8.11.jar
7fef14d16000-7fef14d2e000 r--s 003cf000 08:01 13766720                   /home/robertsp/java/clarion2java/jclarion.netbeans.sf2/examples/execute.jar/pdfbox-1.8.11.jar
7fef14d2e000-7fef14d3a000 r--s 00108000 08:01 13765658                   /home/robertsp/java/clarion2java/jclarion.netbeans.sf2/examples/execute.jar/itext-2.1.7.jar
7fef14d3a000-7fef14d3b000 ---p 00000000 00:00 0 
7fef14d3b000-7fef14e3b000 rw-p 00000000 00:00 0                          [stack:17315]
7fef14e3b000-7fef14e3e000 ---p 00000000 00:00 0 
7fef14e3e000-7fef14f3c000 rw-p 00000000 00:00 0                          [stack:17314]
7fef14f3c000-7fef14f3f000 ---p 00000000 00:00 0 
7fef14f3f000-7fef1503d000 rw-p 00000000 00:00 0                          [stack:17313]
7fef1503d000-7fef15040000 ---p 00000000 00:00 0 
7fef15040000-7fef1513e000 rw-p 00000000 00:00 0                          [stack:17312]
7fef1513e000-7fef15141000 ---p 00000000 00:00 0 
7fef15141000-7fef1523f000 rw-p 00000000 00:00 0                          [stack:17311]
7fef1523f000-7fef15242000 ---p 00000000 00:00 0 
7fef15242000-7fef15340000 rw-p 00000000 00:00 0                          [stack:17310]
7fef15340000-7fef15a3d000 r--p 00000000 08:01 27927258                   /usr/lib/locale/locale-archive
7fef15a3d000-7fef15a40000 ---p 00000000 00:00 0 
7fef15a40000-7fef15b3e000 rw-p 00000000 00:00 0                          [stack:17309]
7fef15b3e000-7fef15b41000 ---p 00000000 00:00 0 
7fef15b41000-7fef15c3f000 rw-p 00000000 00:00 0                          [stack:17308]
7fef15c3f000-7fef15c40000 ---p 00000000 00:00 0 
7fef15c40000-7fef16c9e000 rw-p 00000000 00:00 0                          [stack:17307]
7fef16c9e000-7fef16e76000 r--s 03d17000 08:01 24774400                   /opt/jdk1.8.0_60/jre/lib/rt.jar
7fef16e76000-7fef17e41000 rw-p 00000000 00:00 0 
7fef17e41000-7fef17e42000 ---p 00000000 00:00 0 
7fef17e42000-7fef17f68000 rw-p 00000000 00:00 0                          [stack:17306]
7fef17f68000-7fef18474000 ---p 00000000 00:00 0 
7fef18474000-7fef1849a000 rw-p 00000000 00:00 0 
7fef1849a000-7fef189a6000 ---p 00000000 00:00 0 
7fef189a6000-7fef189d0000 rw-p 00000000 00:00 0 
7fef189d0000-7fef18c3f000 ---p 00000000 00:00 0 
7fef18c3f000-7fef18c60000 rw-p 00000000 00:00 0 
7fef18c60000-7fef19000000 ---p 00000000 00:00 0 
7fef19000000-7fef197d0000 rwxp 00000000 00:00 0 
7fef197d0000-7fef28000000 ---p 00000000 00:00 0 
7fef28000000-7fef2858d000 rw-p 00000000 00:00 0 
7fef2858d000-7fef2c000000 ---p 00000000 00:00 0 
7fef2c000000-7fef2c002000 r--s 00005000 08:01 13765659                   /home/robertsp/java/clarion2java/jclarion.netbeans.sf2/examples/execute.jar/clarion-sysruntime-1.17.jar
7fef2c002000-7fef2c008000 r--s 00077000 08:01 13765656                   /home/robertsp/java/clarion2java/jclarion.netbeans.sf2/examples/execute.jar/postgresql-8.4-701.jdbc4.jar
7fef2c008000-7fef2c07e000 rw-p 00000000 00:00 0 
7fef2c07e000-7fef2c07f000 ---p 00000000 00:00 0 
7fef2c07f000-7fef2c17f000 rw-p 00000000 00:00 0                          [stack:17305]
7fef2c17f000-7fef2c180000 ---p 00000000 00:00 0 
7fef2c180000-7fef2c280000 rw-p 00000000 00:00 0                          [stack:17304]
7fef2c280000-7fef2c281000 ---p 00000000 00:00 0 
7fef2c281000-7fef2c381000 rw-p 00000000 00:00 0                          [stack:17303]
7fef2c381000-7fef2c39b000 r-xp 00000000 08:01 24774350                   /opt/jdk1.8.0_60/jre/lib/amd64/libzip.so
7fef2c39b000-7fef2c59b000 ---p 0001a000 08:01 24774350                   /opt/jdk1.8.0_60/jre/lib/amd64/libzip.so
7fef2c59b000-7fef2c59c000 rw-p 0001a000 08:01 24774350                   /opt/jdk1.8.0_60/jre/lib/amd64/libzip.so
7fef2c59c000-7fef2c5a8000 r-xp 00000000 08:01 14292685                   /lib/x86_64-linux-gnu/libnss_files-2.21.so
7fef2c5a8000-7fef2c7a7000 ---p 0000c000 08:01 14292685                   /lib/x86_64-linux-gnu/libnss_files-2.21.so
7fef2c7a7000-7fef2c7a8000 r--p 0000b000 08:01 14292685                   /lib/x86_64-linux-gnu/libnss_files-2.21.so
7fef2c7a8000-7fef2c7a9000 rw-p 0000c000 08:01 14292685                   /lib/x86_64-linux-gnu/libnss_files-2.21.so
7fef2c7a9000-7fef2c7b4000 r-xp 00000000 08:01 14298672                   /lib/x86_64-linux-gnu/libnss_nis-2.21.so
7fef2c7b4000-7fef2c9b3000 ---p 0000b000 08:01 14298672                   /lib/x86_64-linux-gnu/libnss_nis-2.21.so
7fef2c9b3000-7fef2c9b4000 r--p 0000a000 08:01 14298672                   /lib/x86_64-linux-gnu/libnss_nis-2.21.so
7fef2c9b4000-7fef2c9b5000 rw-p 0000b000 08:01 14298672                   /lib/x86_64-linux-gnu/libnss_nis-2.21.so
7fef2c9b5000-7fef2c9cc000 r-xp 00000000 08:01 14292699                   /lib/x86_64-linux-gnu/libnsl-2.21.so
7fef2c9cc000-7fef2cbcb000 ---p 00017000 08:01 14292699                   /lib/x86_64-linux-gnu/libnsl-2.21.so
7fef2cbcb000-7fef2cbcc000 r--p 00016000 08:01 14292699                   /lib/x86_64-linux-gnu/libnsl-2.21.so
7fef2cbcc000-7fef2cbcd000 rw-p 00017000 08:01 14292699                   /lib/x86_64-linux-gnu/libnsl-2.21.so
7fef2cbcd000-7fef2cbcf000 rw-p 00000000 00:00 0 
7fef2cbcf000-7fef2cbd7000 r-xp 00000000 08:01 14292687                   /lib/x86_64-linux-gnu/libnss_compat-2.21.so
7fef2cbd7000-7fef2cdd6000 ---p 00008000 08:01 14292687                   /lib/x86_64-linux-gnu/libnss_compat-2.21.so
7fef2cdd6000-7fef2cdd7000 r--p 00007000 08:01 14292687                   /lib/x86_64-linux-gnu/libnss_compat-2.21.so
7fef2cdd7000-7fef2cdd8000 rw-p 00008000 08:01 14292687                   /lib/x86_64-linux-gnu/libnss_compat-2.21.so
7fef2cdd8000-7fef2ce02000 r-xp 00000000 08:01 24774328                   /opt/jdk1.8.0_60/jre/lib/amd64/libjava.so
7fef2ce02000-7fef2d002000 ---p 0002a000 08:01 24774328                   /opt/jdk1.8.0_60/jre/lib/amd64/libjava.so
7fef2d002000-7fef2d004000 rw-p 0002a000 08:01 24774328                   /opt/jdk1.8.0_60/jre/lib/amd64/libjava.so
7fef2d004000-7fef2d011000 r-xp 00000000 08:01 24774344                   /opt/jdk1.8.0_60/jre/lib/amd64/libverify.so
7fef2d011000-7fef2d211000 ---p 0000d000 08:01 24774344                   /opt/jdk1.8.0_60/jre/lib/amd64/libverify.so
7fef2d211000-7fef2d213000 rw-p 0000d000 08:01 24774344                   /opt/jdk1.8.0_60/jre/lib/amd64/libverify.so
7fef2d213000-7fef2d21a000 r-xp 00000000 08:01 14291565                   /lib/x86_64-linux-gnu/librt-2.21.so
7fef2d21a000-7fef2d419000 ---p 00007000 08:01 14291565                   /lib/x86_64-linux-gnu/librt-2.21.so
7fef2d419000-7fef2d41a000 r--p 00006000 08:01 14291565                   /lib/x86_64-linux-gnu/librt-2.21.so
7fef2d41a000-7fef2d41b000 rw-p 00007000 08:01 14291565                   /lib/x86_64-linux-gnu/librt-2.21.so
7fef2d41b000-7fef2d522000 r-xp 00000000 08:01 14298674                   /lib/x86_64-linux-gnu/libm-2.21.so
7fef2d522000-7fef2d721000 ---p 00107000 08:01 14298674                   /lib/x86_64-linux-gnu/libm-2.21.so
7fef2d721000-7fef2d722000 r--p 00106000 08:01 14298674                   /lib/x86_64-linux-gnu/libm-2.21.so
7fef2d722000-7fef2d723000 rw-p 00107000 08:01 14298674                   /lib/x86_64-linux-gnu/libm-2.21.so
7fef2d723000-7fef2e3e1000 r-xp 00000000 08:01 24774366                   /opt/jdk1.8.0_60/jre/lib/amd64/server/libjvm.so
7fef2e3e1000-7fef2e5e0000 ---p 00cbe000 08:01 24774366                   /opt/jdk1.8.0_60/jre/lib/amd64/server/libjvm.so
7fef2e5e0000-7fef2e6b8000 rw-p 00cbd000 08:01 24774366                   /opt/jdk1.8.0_60/jre/lib/amd64/server/libjvm.so
7fef2e6b8000-7fef2e6fd000 rw-p 00000000 00:00 0 
7fef2e6fd000-7fef2e8bd000 r-xp 00000000 08:01 14298675                   /lib/x86_64-linux-gnu/libc-2.21.so
7fef2e8bd000-7fef2eabd000 ---p 001c0000 08:01 14298675                   /lib/x86_64-linux-gnu/libc-2.21.so
7fef2eabd000-7fef2eac1000 r--p 001c0000 08:01 14298675                   /lib/x86_64-linux-gnu/libc-2.21.so
7fef2eac1000-7fef2eac3000 rw-p 001c4000 08:01 14298675                   /lib/x86_64-linux-gnu/libc-2.21.so
7fef2eac3000-7fef2eac7000 rw-p 00000000 00:00 0 
7fef2eac7000-7fef2eaca000 r-xp 00000000 08:01 14298671                   /lib/x86_64-linux-gnu/libdl-2.21.so
7fef2eaca000-7fef2ecc9000 ---p 00003000 08:01 14298671                   /lib/x86_64-linux-gnu/libdl-2.21.so
7fef2ecc9000-7fef2ecca000 r--p 00002000 08:01 14298671                   /lib/x86_64-linux-gnu/libdl-2.21.so
7fef2ecca000-7fef2eccb000 rw-p 00003000 08:01 14298671                   /lib/x86_64-linux-gnu/libdl-2.21.so
7fef2eccb000-7fef2ece0000 r-xp 00000000 08:01 24773411                   /opt/jdk1.8.0_60/lib/amd64/jli/libjli.so
7fef2ece0000-7fef2eee0000 ---p 00015000 08:01 24773411                   /opt/jdk1.8.0_60/lib/amd64/jli/libjli.so
7fef2eee0000-7fef2eee1000 rw-p 00015000 08:01 24773411                   /opt/jdk1.8.0_60/lib/amd64/jli/libjli.so
7fef2eee1000-7fef2eef9000 r-xp 00000000 08:01 14292683                   /lib/x86_64-linux-gnu/libpthread-2.21.so
7fef2eef9000-7fef2f0f9000 ---p 00018000 08:01 14292683                   /lib/x86_64-linux-gnu/libpthread-2.21.so
7fef2f0f9000-7fef2f0fa000 r--p 00018000 08:01 14292683                   /lib/x86_64-linux-gnu/libpthread-2.21.so
7fef2f0fa000-7fef2f0fb000 rw-p 00019000 08:01 14292683                   /lib/x86_64-linux-gnu/libpthread-2.21.so
7fef2f0fb000-7fef2f0ff000 rw-p 00000000 00:00 0 
7fef2f0ff000-7fef2f123000 r-xp 00000000 08:01 14298646                   /lib/x86_64-linux-gnu/ld-2.21.so
7fef2f123000-7fef2f125000 r--s 0000d000 08:01 13766721                   /home/robertsp/java/clarion2java/jclarion.netbeans.sf2/examples/execute.jar/commons-logging-1.1.1.jar
7fef2f125000-7fef2f127000 r--s 0000e000 08:01 13765660                   /home/robertsp/java/clarion2java/jclarion.netbeans.sf2/examples/execute.jar/jazzy-0.5.2-rtext-1.4.1-2.jar
7fef2f127000-7fef2f131000 r--s 00116000 08:01 24774409                   /opt/jdk1.8.0_60/jre/lib/ext/localedata.jar
7fef2f131000-7fef2f14d000 r--s 00393000 08:01 24774416                   /opt/jdk1.8.0_60/jre/lib/ext/cldrdata.jar
7fef2f14d000-7fef2f1f6000 rw-p 00000000 00:00 0 
7fef2f1f6000-7fef2f1f9000 ---p 00000000 00:00 0 
7fef2f1f9000-7fef2f2fb000 rw-p 00000000 00:00 0                          [stack:17302]
7fef2f2fb000-7fef2f2fc000 r--s 00000000 08:01 12978774                   /var/cache/fontconfig/0c9eb80ebd1c36541ebe2852d3bb0c49-le64.cache-4
7fef2f2fc000-7fef2f2fd000 r--s 00007000 08:01 13765657                   /home/robertsp/java/clarion2java/jclarion.netbeans.sf2/examples/execute.jar/image4j-0.7.jar
7fef2f2fd000-7fef2f300000 r--s 0001b000 08:01 13765655                   /home/robertsp/java/clarion2java/jclarion.netbeans.sf2/examples/execute.jar/junit-3.8.1.jar
7fef2f300000-7fef2f311000 r--s 00105000 08:01 13765666                   /home/robertsp/java/clarion2java/jclarion.netbeans.sf2/examples/execute.jar/clarion-runtime-1.122-SNAPSHOT.jar
7fef2f311000-7fef2f316000 r--s 00059000 08:01 13766754                   /home/robertsp/java/clarion2java/jclarion.netbeans.sf2/examples/execute.jar/winlats55-1.0.jar
7fef2f316000-7fef2f31e000 rw-s 00000000 08:01 30016215                   /tmp/hsperfdata_robertsp/17301
7fef2f31e000-7fef2f31f000 rw-p 00000000 00:00 0 
7fef2f31f000-7fef2f320000 r--p 00000000 00:00 0 
7fef2f320000-7fef2f322000 rw-p 00000000 00:00 0 
7fef2f322000-7fef2f323000 r--p 00023000 08:01 14298646                   /lib/x86_64-linux-gnu/ld-2.21.so
7fef2f323000-7fef2f324000 rw-p 00024000 08:01 14298646                   /lib/x86_64-linux-gnu/ld-2.21.so
7fef2f324000-7fef2f325000 rw-p 00000000 00:00 0 
7fff72117000-7fff72138000 rw-p 00000000 00:00 0                          [stack]
7fff721b4000-7fff721b6000 r--p 00000000 00:00 0                          [vvar]
7fff721b6000-7fff721b8000 r-xp 00000000 00:00 0                          [vdso]
ffffffffff600000-ffffffffff601000 r-xp 00000000 00:00 0                  [vsyscall]

VM Arguments:
jvm_args: -Dclarion.debug=true 
java_command: winlats55-1.0.jar
java_class_path (initial): winlats55-1.0.jar
Launcher Type: SUN_STANDARD

Environment Variables:
JAVA_HOME=/opt/jdk1.8.0_60
PATH=/opt/jdk1.8.0_60/bin:/opt/apache-ant-1.9.6/bin:/opt/jdk1.8.0_60/bin:/opt/apache-ant-1.9.6/bin:/usr/local/sbin:/usr/local/bin:/usr/sbin:/usr/bin:/sbin:/bin:/usr/games:/usr/local/games
SHELL=/bin/bash
DISPLAY=:0

Signal Handlers:
SIGSEGV: [libjvm.so+0xaba070], sa_mask[0]=11111111011111111101111111111110, sa_flags=SA_RESTART|SA_SIGINFO
SIGBUS: [libjvm.so+0xaba070], sa_mask[0]=11111111011111111101111111111110, sa_flags=SA_RESTART|SA_SIGINFO
SIGFPE: [libjvm.so+0x917630], sa_mask[0]=11111111011111111101111111111110, sa_flags=SA_RESTART|SA_SIGINFO
SIGPIPE: [libjvm.so+0x917630], sa_mask[0]=11111111011111111101111111111110, sa_flags=SA_RESTART|SA_SIGINFO
SIGXFSZ: [libjvm.so+0x917630], sa_mask[0]=11111111011111111101111111111110, sa_flags=SA_RESTART|SA_SIGINFO
SIGILL: [libjvm.so+0x917630], sa_mask[0]=11111111011111111101111111111110, sa_flags=SA_RESTART|SA_SIGINFO
SIGUSR1: SIG_DFL, sa_mask[0]=00000000000000000000000000000000, sa_flags=none
SIGUSR2: [libjvm.so+0x918c60], sa_mask[0]=00100000000000000000000000000000, sa_flags=SA_RESTART|SA_SIGINFO
SIGHUP: [libjvm.so+0x91a060], sa_mask[0]=11111111011111111101111111111110, sa_flags=SA_RESTART|SA_SIGINFO
SIGINT: [libjvm.so+0x91a060], sa_mask[0]=11111111011111111101111111111110, sa_flags=SA_RESTART|SA_SIGINFO
SIGTERM: [libjvm.so+0x91a060], sa_mask[0]=11111111011111111101111111111110, sa_flags=SA_RESTART|SA_SIGINFO
SIGQUIT: [libjvm.so+0x91a060], sa_mask[0]=11111111011111111101111111111110, sa_flags=SA_RESTART|SA_SIGINFO


---------------  S Y S T E M  ---------------

OS:DISTRIB_ID=Ubuntu
DISTRIB_RELEASE=15.10
DISTRIB_CODENAME=wily
DISTRIB_DESCRIPTION="Ubuntu 15.10"

uname:Linux 4.2.0-27-generic #32-Ubuntu SMP Fri Jan 22 04:49:08 UTC 2016 x86_64
libc:glibc 2.21 NPTL 2.21 
rlimit: STACK 8192k, CORE 0k, NPROC 63700, NOFILE 65536, AS infinity
load average:0,82 0,77 0,81

/proc/meminfo:
MemTotal:       16341916 kB
MemFree:         4715324 kB
MemAvailable:   10225452 kB
Buffers:          614220 kB
Cached:          5504464 kB
SwapCached:            0 kB
Active:          7274848 kB
Inactive:        3699824 kB
Active(anon):    4864160 kB
Inactive(anon):   944024 kB
Active(file):    2410688 kB
Inactive(file):  2755800 kB
Unevictable:         220 kB
Mlocked:             220 kB
SwapTotal:             0 kB
SwapFree:              0 kB
Dirty:               320 kB
Writeback:           292 kB
AnonPages:       4826444 kB
Mapped:           811352 kB
Shmem:            951892 kB
Slab:             469412 kB
SReclaimable:     404024 kB
SUnreclaim:        65388 kB
KernelStack:       16704 kB
PageTables:        62920 kB
NFS_Unstable:          0 kB
Bounce:                0 kB
WritebackTmp:          0 kB
CommitLimit:     8170956 kB
Committed_AS:   14345228 kB
VmallocTotal:   34359738367 kB
VmallocUsed:      402656 kB
VmallocChunk:   34358947836 kB
HardwareCorrupted:     0 kB
AnonHugePages:   3475456 kB
CmaTotal:              0 kB
CmaFree:               0 kB
HugePages_Total:       0
HugePages_Free:        0
HugePages_Rsvd:        0
HugePages_Surp:        0
Hugepagesize:       2048 kB
DirectMap4k:      232320 kB
DirectMap2M:    12259328 kB
DirectMap1G:     4194304 kB


CPU:total 4 (2 cores per cpu, 2 threads per core) family 6 model 61 stepping 4, cmov, cx8, fxsr, mmx, sse, sse2, sse3, ssse3, sse4.1, sse4.2, popcnt, avx, avx2, aes, clmul, erms, 3dnowpref, lzcnt, ht, tsc, tscinvbit, bmi1, bmi2, adx

/proc/cpuinfo:
processor	: 0
vendor_id	: GenuineIntel
cpu family	: 6
model		: 61
model name	: Intel(R) Core(TM) i7-5500U CPU @ 2.40GHz
stepping	: 4
microcode	: 0x21
cpu MHz		: 2649.843
cache size	: 4096 KB
physical id	: 0
siblings	: 4
core id		: 0
cpu cores	: 2
apicid		: 0
initial apicid	: 0
fpu		: yes
fpu_exception	: yes
cpuid level	: 20
wp		: yes
flags		: fpu vme de pse tsc msr pae mce cx8 apic sep mtrr pge mca cmov pat pse36 clflush dts acpi mmx fxsr sse sse2 ss ht tm pbe syscall nx pdpe1gb rdtscp lm constant_tsc arch_perfmon pebs bts rep_good nopl xtopology nonstop_tsc aperfmperf eagerfpu pni pclmulqdq dtes64 monitor ds_cpl vmx est tm2 ssse3 fma cx16 xtpr pdcm pcid sse4_1 sse4_2 x2apic movbe popcnt tsc_deadline_timer aes xsave avx f16c rdrand lahf_lm abm 3dnowprefetch ida arat epb pln pts dtherm intel_pt tpr_shadow vnmi flexpriority ept vpid fsgsbase tsc_adjust bmi1 avx2 smep bmi2 erms invpcid rdseed adx smap xsaveopt
bugs		:
bogomips	: 4788.69
clflush size	: 64
cache_alignment	: 64
address sizes	: 39 bits physical, 48 bits virtual
power management:

processor	: 1
vendor_id	: GenuineIntel
cpu family	: 6
model		: 61
model name	: Intel(R) Core(TM) i7-5500U CPU @ 2.40GHz
stepping	: 4
microcode	: 0x21
cpu MHz		: 2649.843
cache size	: 4096 KB
physical id	: 0
siblings	: 4
core id		: 1
cpu cores	: 2
apicid		: 2
initial apicid	: 2
fpu		: yes
fpu_exception	: yes
cpuid level	: 20
wp		: yes
flags		: fpu vme de pse tsc msr pae mce cx8 apic sep mtrr pge mca cmov pat pse36 clflush dts acpi mmx fxsr sse sse2 ss ht tm pbe syscall nx pdpe1gb rdtscp lm constant_tsc arch_perfmon pebs bts rep_good nopl xtopology nonstop_tsc aperfmperf eagerfpu pni pclmulqdq dtes64 monitor ds_cpl vmx est tm2 ssse3 fma cx16 xtpr pdcm pcid sse4_1 sse4_2 x2apic movbe popcnt tsc_deadline_timer aes xsave avx f16c rdrand lahf_lm abm 3dnowprefetch ida arat epb pln pts dtherm intel_pt tpr_shadow vnmi flexpriority ept vpid fsgsbase tsc_adjust bmi1 avx2 smep bmi2 erms invpcid rdseed adx smap xsaveopt
bugs		:
bogomips	: 4788.69
clflush size	: 64
cache_alignment	: 64
address sizes	: 39 bits physical, 48 bits virtual
power management:

processor	: 2
vendor_id	: GenuineIntel
cpu family	: 6
model		: 61
model name	: Intel(R) Core(TM) i7-5500U CPU @ 2.40GHz
stepping	: 4
microcode	: 0x21
cpu MHz		: 2683.218
cache size	: 4096 KB
physical id	: 0
siblings	: 4
core id		: 0
cpu cores	: 2
apicid		: 1
initial apicid	: 1
fpu		: yes
fpu_exception	: yes
cpuid level	: 20
wp		: yes
flags		: fpu vme de pse tsc msr pae mce cx8 apic sep mtrr pge mca cmov pat pse36 clflush dts acpi mmx fxsr sse sse2 ss ht tm pbe syscall nx pdpe1gb rdtscp lm constant_tsc arch_perfmon pebs bts rep_good nopl xtopology nonstop_tsc aperfmperf eagerfpu pni pclmulqdq dtes64 monitor ds_cpl vmx est tm2 ssse3 fma cx16 xtpr pdcm pcid sse4_1 sse4_2 x2apic movbe popcnt tsc_deadline_timer aes xsave avx f16c rdrand lahf_lm abm 3dnowprefetch ida arat epb pln pts dtherm intel_pt tpr_shadow vnmi flexpriority ept vpid fsgsbase tsc_adjust bmi1 avx2 smep bmi2 erms invpcid rdseed adx smap xsaveopt
bugs		:
bogomips	: 4788.69
clflush size	: 64
cache_alignment	: 64
address sizes	: 39 bits physical, 48 bits virtual
power management:

processor	: 3
vendor_id	: GenuineIntel
cpu family	: 6
model		: 61
model name	: Intel(R) Core(TM) i7-5500U CPU @ 2.40GHz
stepping	: 4
microcode	: 0x21
cpu MHz		: 2670.281
cache size	: 4096 KB
physical id	: 0
siblings	: 4
core id		: 1
cpu cores	: 2
apicid		: 3
initial apicid	: 3
fpu		: yes
fpu_exception	: yes
cpuid level	: 20
wp		: yes
flags		: fpu vme de pse tsc msr pae mce cx8 apic sep mtrr pge mca cmov pat pse36 clflush dts acpi mmx fxsr sse sse2 ss ht tm pbe syscall nx pdpe1gb rdtscp lm constant_tsc arch_perfmon pebs bts rep_good nopl xtopology nonstop_tsc aperfmperf eagerfpu pni pclmulqdq dtes64 monitor ds_cpl vmx est tm2 ssse3 fma cx16 xtpr pdcm pcid sse4_1 sse4_2 x2apic movbe popcnt tsc_deadline_timer aes xsave avx f16c rdrand lahf_lm abm 3dnowprefetch ida arat epb pln pts dtherm intel_pt tpr_shadow vnmi flexpriority ept vpid fsgsbase tsc_adjust bmi1 avx2 smep bmi2 erms invpcid rdseed adx smap xsaveopt
bugs		:
bogomips	: 4788.69
clflush size	: 64
cache_alignment	: 64
address sizes	: 39 bits physical, 48 bits virtual
power management:



Memory: 4k page, physical 16341916k(4718904k free), swap 0k(0k free)

vm_info: Java HotSpot(TM) 64-Bit Server VM (25.60-b23) for linux-amd64 JRE (1.8.0_60-b27), built on Aug  4 2015 12:19:40 by "java_re" with gcc 4.3.0 20080428 (Red Hat 4.3.0-8)

time: Tue Feb 23 10:22:43 2016
elapsed time: 4150 seconds (0d 1h 9m 10s)

